2025-09-14 09:30:18+0800: Running with following config:
allowResignation = true
chosenMoveTemperatureEarly = 0.60
chosenMoveTemperatureHalflife = 19
lagBuffer = 1.0
logAllGTPCommunication = true
logDir = gtp_logs
logSearchInfo = true
logSearchInfoForChosenMove = false
logToStderr = false
maxTime = 1.00
maxTimePondering = 60.0
maxVisits = 600
numSearchThreads = 6
ponderingEnabled = false
resignConsecTurns = 3
resignThreshold = -0.90
rootPolicyTemperature = 0.60
rules = tromp-taylor
searchFactorAfterOnePass = 0.50
searchFactorAfterTwoPass = 0.25
searchFactorWhenWinning = 0.40
searchFactorWhenWinningThreshold = 0.95

2025-09-14 09:30:18+0800: GTP Engine starting...
2025-09-14 09:30:18+0800: KataGo v1.16.3
2025-09-14 09:30:18+0800: Using TrompTaylor rules initially, unless GTP/GUI overrides this
2025-09-14 09:30:18+0800: Using 6 CPU thread(s) for search
2025-09-14 09:30:18+0800: nnRandSeed0 = 12237782136703734595
2025-09-14 09:30:18+0800: After dedups: nnModelFile0 = ../katago-cuda/kata1-b18.bin.gz useFP16 auto useNHWC auto
2025-09-14 09:30:18+0800: Initializing neural net buffer to be size 19 * 19 exactly
2025-09-14 09:30:22+0800: Cuda backend thread 0: Found GPU NVIDIA GeForce RTX 3090 memory 25769279488 compute capability major 8 minor 6
2025-09-14 09:30:22+0800: Cuda backend thread 0: Model version 14 useFP16 = true useNHWC = true
2025-09-14 09:30:22+0800: Cuda backend thread 0: Model name: kata1-b18c384nbt-s9996604416-d4316597426
2025-09-14 09:30:22+0800: Loaded neural net with nnXLen 19 nnYLen 19
2025-09-14 09:30:22+0800: Initializing board with boardXSize 19 boardYSize 19
2025-09-14 09:30:22+0800: Loaded config ../katago-cuda/default_gtp.cfg and/or command-line and query overrides and/or command-line and query overrides and/or command-line and query overrides and/or command-line and query overrides and/or command-line and query overrides
2025-09-14 09:30:22+0800: Loaded model ../katago-cuda/kata1-b18.bin.gz
2025-09-14 09:30:22+0800: Config override: maxVisits = 600
2025-09-14 09:30:22+0800: Config override: maxTime = 1.00
2025-09-14 09:30:22+0800: Config override: rootPolicyTemperature = 0.60
2025-09-14 09:30:22+0800: Config override: chosenMoveTemperatureEarly = 0.60
2025-09-14 09:30:22+0800: Config override: chosenMoveTemperatureHalflife = 19
2025-09-14 09:30:22+0800: Model name: kata1-b18c384nbt-s9996604416-d4316597426
2025-09-14 09:30:22+0800: GTP ready, beginning main protocol loop
2025-09-14 09:30:22+0800: Controller: boardsize 19
2025-09-14 09:30:22+0800: = 
2025-09-14 09:30:22+0800: Controller: komi 6.5
2025-09-14 09:30:22+0800: = 
2025-09-14 09:30:22+0800: Controller: clear_board
2025-09-14 09:30:22+0800: = 
2025-09-14 09:30:27+0800: Controller: play B K10
2025-09-14 09:30:27+0800: = 
2025-09-14 09:30:27+0800: Controller: genmove W
2025-09-14 09:30:28+0800: MoveNum: 1 HASH: 7BC546600F28A10FEF906A96B1D6386D
   A B C D E F G H J K L M N O P Q R S T
19 . . . . . . . . . . . . . . . . . . .
18 . . . . . . . . . . . . . . . . . . .
17 . . . . . . . . . . . . . . . . . . .
16 . . . . . . . . . . . . . . . . . . .
15 . . . . . . . . . . . . . . . . . . .
14 . . . . . . . . . . . . . . . . . . .
13 . . . . . . . . . . . . . . . . . . .
12 . . . . . . . . . . . . . . . . . . .
11 . . . . . . . . . . . . . . . . . . .
10 . . . . . . . . . X1. . . . . . . . .
 9 . . . . . . . . . . . . . . . . . . .
 8 . . . . . . . . . . . . . . . . . . .
 7 . . . . . . . . . . . . . . . . . . .
 6 . . . . . . . . . . . . . . . . . . .
 5 . . . . . . . . . . . . . . . . . . .
 4 . . @ . . . . . . . . . . . . . . . .
 3 . . . . . . . . . . . . . . . . . . .
 2 . . . . . . . . . . . . . . . . . . .
 1 . . . . . . . . . . . . . . . . . . .

koPOSITIONALscoreAREAtaxNONEsui1komi6.5
Time taken: 0.69182
Root visits: 605
New playouts: 605
NN rows: 579
NN batches: 194
NN avg batch size: 2.98454
PV: C4 Q16 R4 C16 E16 E17 F17 D17 F16 D14
Tree:
: T  -1.64c W  -1.45c S   0.11c ( +0.3 L  +0.2) N     605  --  C4 Q16 R4 C16 E16 E17 F17
---White(^)---
C4  : T  -1.23c W  -1.02c S   0.11c ( +0.3 L  +0.3) LCB   -1.97c P  6.30% WF 584.4 PSV     723 N     239  --  C4 Q16 R4 C16 E16 E17 F17 D17
D4  : T  -1.72c W  -1.38c S   0.10c ( +0.3 L  +0.3) LCB   -2.58c P 14.77% WF 434.7 PSV     323 N     178  --  D4 Q16 R4 D16 O3 C3 C4 D3
D5  : T  -0.82c W  -0.93c S   0.20c ( +0.4 L  +0.3) LCB   -2.03c P  0.20% WF 283.2 PSV     282 N     120  --  D5 C3 E3 D4 E4 C5 C6 B6
C5  : T  -2.77c W  -2.53c S   0.05c ( +0.3 L  +0.2) LCB   -7.07c P  0.16% WF  36.9 PSV       1 N      16  --  C5 Q16 D3 C16
C3  : T  -4.54c W  -4.54c S  -0.01c ( +0.2 L  +0.3) LCB -354.54c P  0.29% WF   2.1 PSV       1 N       1  --  C3
C6  : T  -7.05c W  -6.87c S  -0.18c ( +0.0 L  +0.1) LCB -357.05c P  0.01% WF   1.7 PSV       0 N       1  --  C6
D6  : T -11.27c W -10.82c S  -0.46c ( -0.2 L  -0.1) LCB -361.27c P  0.00% WF   1.1 PSV       0 N       1  --  D6
D7  : T  -9.48c W  -9.28c S  -0.21c ( +0.0 L  -0.0) LCB -359.48c P  0.00% WF   1.3 PSV       0 N       1  --  D7
C8  : T  -7.53c W  -7.46c S  -0.07c ( +0.1 L  +0.0) LCB -357.53c P  0.00% WF   1.4 PSV       0 N       1  --  C8
C7  : T  -9.90c W  -9.59c S  -0.30c ( -0.1 L  -0.0) LCB -359.90c P  0.00% WF   1.2 PSV       0 N       1  --  C7

2025-09-14 09:30:28+0800: = C4
2025-09-14 09:30:31+0800: Controller: play B C5
2025-09-14 09:30:31+0800: = 
2025-09-14 09:30:31+0800: Controller: genmove W
2025-09-14 09:30:32+0800: MoveNum: 3 HASH: 3920D47C8E20CFFC69EFE7A4073AFC39
   A B C D E F G H J K L M N O P Q R S T
19 . . . . . . . . . . . . . . . . . . .
18 . . . . . . . . . . . . . . . . . . .
17 . . . . . . . . . . . . . . . . . . .
16 . . . . . . . . . . . . . . . . . . .
15 . . . . . . . . . . . . . . . . . . .
14 . . . . . . . . . . . . . . . . . . .
13 . . . . . . . . . . . . . . . . . . .
12 . . . . . . . . . . . . . . . . . . .
11 . . . . . . . . . . . . . . . . . . .
10 . . . . . . . . . X1. . . . . . . . .
 9 . . . . . . . . . . . . . . . . . . .
 8 . . . . . . . . . . . . . . . . . . .
 7 . . . . . . . . . . . . . . . . . . .
 6 . . . . . . . . . . . . . . . . . . .
 5 . . X3@ . . . . . . . . . . . . . . .
 4 . . O2. . . . . . . . . . . . . . . .
 3 . . . . . . . . . . . . . . . . . . .
 2 . . . . . . . . . . . . . . . . . . .
 1 . . . . . . . . . . . . . . . . . . .

koPOSITIONALscoreAREAtaxNONEsui1komi6.5
Time taken: 0.723295
Root visits: 605
New playouts: 605
NN rows: 509
NN batches: 171
NN avg batch size: 2.97661
PV: D5 R16 C6 B5 D4 D16 Q4 C8 B6 P16
Tree:
: T  51.92c W  48.73c S   2.83c ( +4.6 L  +3.1) N     605  --  D5 R16 C6 B5 D4 D16 Q4
---White(^)---
D5  : T  52.27c W  49.04c S   2.85c ( +4.7 L  +3.2) LCB   49.90c P 88.82% WF 897.9 PSV     896 N     580  --  D5 R16 C6 B5 D4 D16 Q4 C8
D4  : T  35.10c W  34.13c S   1.54c ( +3.3 L  +2.2) LCB   26.22c P 11.18% WF  14.9 PSV      10 N       9  --  D4 Q16 C16
D3  : T  -5.43c W  -3.96c S  -1.48c ( +0.3 L  +0.2) LCB -355.43c P  0.00% WF   0.0 PSV       0 N       1  --  D3
B5  : T  13.00c W  13.09c S  -0.09c ( +1.7 L  +1.2) LCB -337.00c P  0.00% WF   0.1 PSV       0 N       1  --  B5
E4  : T   0.92c W   1.91c S  -0.99c ( +0.8 L  +0.5) LCB -349.08c P  0.00% WF   0.1 PSV       0 N       1  --  E4
F3  : T   2.02c W   2.95c S  -0.93c ( +0.9 L  +0.6) LCB -347.98c P  0.00% WF   0.1 PSV       0 N       1  --  F3
Q16 : T -11.15c W  -9.08c S  -2.07c ( -0.3 L  -0.1) LCB -361.15c P  0.00% WF   0.0 PSV       0 N       1  --  Q16
Q4  : T  -8.86c W  -6.98c S  -1.88c ( -0.1 L  +0.0) LCB -358.86c P  0.00% WF   0.0 PSV       0 N       1  --  Q4
E3  : T  -4.58c W  -3.14c S  -1.44c ( +0.3 L  +0.3) LCB -354.58c P  0.00% WF   0.0 PSV       0 N       1  --  E3
D16 : T  -9.72c W  -7.72c S  -2.00c ( -0.2 L  -0.0) LCB -359.72c P  0.00% WF   0.0 PSV       0 N       1  --  D16

2025-09-14 09:30:32+0800: = D5
2025-09-14 09:30:37+0800: Controller: play B D6
2025-09-14 09:30:37+0800: = 
2025-09-14 09:30:37+0800: Controller: genmove W
2025-09-14 09:30:37+0800: MoveNum: 5 HASH: 7F07E1F13ECBED121D1BBAB56CB10459
   A B C D E F G H J K L M N O P Q R S T
19 . . . . . . . . . . . . . . . . . . .
18 . . . . . . . . . . . . . . . . . . .
17 . . . . . . . . . . . . . . . . . . .
16 . . . . . . . . . . . . . . . . . . .
15 . . . . . . . . . . . . . . . . . . .
14 . . . . . . . . . . . . . . . . . . .
13 . . . . . . . . . . . . . . . . . . .
12 . . . . . . . . . . . . . . . . . . .
11 . . . . . . . . . . . . . . . . . . .
10 . . . . . . . . . X . . . . . . . . .
 9 . . . . . . . . . . . . . . . . . . .
 8 . . . . . . . . . . . . . . . . . . .
 7 . . . . . . . . . . . . . . . . . . .
 6 . . . X3. . . . . . . . . . . . . . .
 5 . . X1O2. . . . . . . . . . . . . . .
 4 . . O @ . . . . . . . . . . . . . . .
 3 . . . . . . . . . . . . . . . . . . .
 2 . . . . . . . . . . . . . . . . . . .
 1 . . . . . . . . . . . . . . . . . . .

koPOSITIONALscoreAREAtaxNONEsui1komi6.5
Time taken: 0.798807
Root visits: 605
New playouts: 592
NN rows: 570
NN batches: 190
NN avg batch size: 3
PV: D4 B5 E6 D7 E7 D8 C16 Q4 Q16 G4 E3 R17 R16 Q17 P17 P18 O18 O17 P16 N18 Q18 O19 R18 E17
Tree:
: T  47.55c W  46.85c S   1.16c ( +4.4 L  +3.0) N     605  --  D4 B5 E6 D7 E7 D8 C16
---White(^)---
D4  : T  48.01c W  47.26c S   1.20c ( +4.5 L  +3.0) LCB   46.10c P 70.11% WF 909.0 PSV     907 N     579  --  D4 B5 E6 D7 E7 D8 C16 Q4
E6  : T  32.78c W  33.09c S  -0.15c ( +3.1 L  +2.2) LCB   17.93c P 17.53% WF  16.6 PSV      17 N      14  --  E6 D4 E5 C3 B4 B3 B5 C6
C6  : T  29.19c W  31.93c S  -0.23c ( +3.0 L  +2.1) LCB   15.42c P 12.28% WF   8.9 PSV       9 N       8  --  C6 B5 B4 B6 C7 D4
E5  : T  38.77c W  38.30c S   0.46c ( +3.7 L  +2.7) LCB -311.23c P  0.08% WF   1.5 PSV       0 N       1  --  E5
B5  : T   8.53c W  10.22c S  -1.69c ( +1.5 L  +1.2) LCB -341.47c P  0.00% WF   0.1 PSV       0 N       1  --  B5

2025-09-14 09:30:37+0800: = D4
2025-09-14 09:30:39+0800: Controller: play B E5
2025-09-14 09:30:39+0800: = 
2025-09-14 09:30:39+0800: Controller: genmove W
2025-09-14 09:30:40+0800: MoveNum: 7 HASH: 6F349788F26207AD21FA4F3741A535CC
   A B C D E F G H J K L M N O P Q R S T
19 . . . . . . . . . . . . . . . . . . .
18 . . . . . . . . . . . . . . . . . . .
17 . . . . . . . . . . . . . . . . . . .
16 . . . . . . . . . . . . . . . . . . .
15 . . . . . . . . . . . . . . . . . . .
14 . . . . . . . . . . . . . . . . . . .
13 . . . . . . . . . . . . . . . . . . .
12 . . . . . . . . . . . . . . . . . . .
11 . . . . . . . . . . . . . . . . . . .
10 . . . . . . . . . X . . . . . . . . .
 9 . . . . . . . . . . . . . . . . . . .
 8 . . . . . . . . . . . . . . . . . . .
 7 . . . . . . . . . . . . . . . . . . .
 6 . . . X1@ . . . . . . . . . . . . . .
 5 . . X O X3. . . . . . . . . . . . . .
 4 . . O O2. . . . . . . . . . . . . . .
 3 . . . . . . . . . . . . . . . . . . .
 2 . . . . . . . . . . . . . . . . . . .
 1 . . . . . . . . . . . . . . . . . . .

koPOSITIONALscoreAREAtaxNONEsui1komi6.5
Time taken: 0.768142
Root visits: 605
New playouts: 605
NN rows: 578
NN batches: 194
NN avg batch size: 2.97938
PV: E6 F5 D7 C6 E7 B4 B3 C8 E3 B5 G3 D16 G6 D10 Q4
Tree:
: T  87.09c W  83.60c S   4.22c (+10.2 L  +7.3) N     605  --  E6 F5 D7 C6 E7 B4 B3
---White(^)---
E6  : T  87.40c W  83.87c S   4.32c (+10.3 L  +7.4) LCB   84.98c P 88.79% WF 886.8 PSV     885 N     560  --  E6 F5 D7 C6 E7 B4 B3 C8
C6  : T  83.88c W  80.48c S   2.79c ( +8.6 L  +6.0) LCB   78.05c P 11.12% WF  41.7 PSV      37 N      26  --  C6 D7 D16 B5 B6 B7 B4
E4  : T  77.31c W  76.42c S   2.29c ( +8.2 L  +5.7) LCB   61.78c P  0.04% WF   6.2 PSV       0 N       8  --  E4 B5 E6 F5 D7
Q4  : T  76.08c W  74.88c S   1.92c ( +7.8 L  +5.5) LCB   48.12c P  0.00% WF   3.4 PSV       0 N       5  --  Q4 B5 E6
D16 : T  73.36c W  71.48c S   1.89c ( +7.7 L  +5.4) LCB -276.64c P  0.02% WF   0.8 PSV       0 N       1  --  D16
F3  : T  68.81c W  67.76c S   1.05c ( +6.9 L  +4.9) LCB -281.19c P  0.01% WF   0.6 PSV       0 N       1  --  F3
C16 : T  69.22c W  67.91c S   1.31c ( +7.2 L  +5.0) LCB -280.78c P  0.00% WF   0.5 PSV       0 N       1  --  C16
Q16 : T  72.54c W  70.68c S   1.86c ( +7.7 L  +5.4) LCB -277.46c P  0.00% WF   0.6 PSV       0 N       1  --  Q16

2025-09-14 09:30:40+0800: = E6
2025-09-14 09:30:42+0800: Controller: play B D7
2025-09-14 09:30:42+0800: = 
2025-09-14 09:30:42+0800: Controller: genmove W
2025-09-14 09:30:43+0800: MoveNum: 9 HASH: A2EAD951AA243DCB24CD02641B400F30
   A B C D E F G H J K L M N O P Q R S T
19 . . . . . . . . . . . . . . . . . . .
18 . . . . . . . . . . . . . . . . . . .
17 . . . . . . . . . . . . . . . . . . .
16 . . . . . . . . . . . . . . . . . . .
15 . . . . . . . . . . . . . . . . . . .
14 . . . . . . . . . . . . . . . . . . .
13 . . . . . . . . . . . . . . . . . . .
12 . . . . . . . . . . . . . . . . . . .
11 . . . . . . . . . . . . . . . . . . .
10 . . . . . . . . . X . . . . . . . . .
 9 . . . . . . . . . . . . . . . . . . .
 8 . . . . . . . . . . . . . . . . . . .
 7 . . . X3. . . . . . . . . . . . . . .
 6 . . . X O2. . . . . . . . . . . . . .
 5 . . X O X1@ . . . . . . . . . . . . .
 4 . . O O . . . . . . . . . . . . . . .
 3 . . . . . . . . . . . . . . . . . . .
 2 . . . . . . . . . . . . . . . . . . .
 1 . . . . . . . . . . . . . . . . . . .

koPOSITIONALscoreAREAtaxNONEsui1komi6.5
Time taken: 0.505225
Root visits: 605
New playouts: 432
NN rows: 337
NN batches: 113
NN avg batch size: 2.9823
PV: F5 E7 E4 D16 Q17 Q4 R14 B5 C9 C11
Tree:
: T  89.08c W  86.15c S   3.28c (+10.3 L  +7.4) N     605  --  F5 E7 E4 D16 Q17 Q4 R14
---White(^)---
F5  : T  88.46c W  85.75c S   2.78c ( +9.8 L  +6.9) LCB   87.56c P 78.55% WF 595.5 PSV     600 N     302  --  F5 E7 E4 D16 Q17 Q4 R14 B5
E7  : T  90.21c W  86.98c S   3.92c (+11.0 L  +8.0) LCB   87.04c P 10.25% WF 492.9 PSV     411 N     288  --  E7 F5 D8 C8 E8 B5 B4 B7
F6  : T  80.57c W  77.80c S   2.00c ( +9.1 L  +6.5) LCB   66.61c P  8.21% WF  14.6 PSV      13 N      11  --  F6 B5 B4 F5 G5 E3 F3
B5  : T  72.36c W  74.34c S   0.59c ( +7.6 L  +5.1) LCB   -2.10c P  2.97% WF   4.2 PSV       2 N       3  --  B5 F6 D16

2025-09-14 09:30:43+0800: = F5
2025-09-14 09:30:45+0800: Controller: play B F6
2025-09-14 09:30:45+0800: = 
2025-09-14 09:30:45+0800: Controller: genmove W
2025-09-14 09:30:46+0800: MoveNum: 11 HASH: 54A3F3A3DCEE9DC1F0AEEB34730CA414
   A B C D E F G H J K L M N O P Q R S T
19 . . . . . . . . . . . . . . . . . . .
18 . . . . . . . . . . . . . . . . . . .
17 . . . . . . . . . . . . . . . . . . .
16 . . . . . . . . . . . . . . . . . . .
15 . . . . . . . . . . . . . . . . . . .
14 . . . . . . . . . . . . . . . . . . .
13 . . . . . . . . . . . . . . . . . . .
12 . . . . . . . . . . . . . . . . . . .
11 . . . . . . . . . . . . . . . . . . .
10 . . . . . . . . . X . . . . . . . . .
 9 . . . . . . . . . . . . . . . . . . .
 8 . . . . . . . . . . . . . . . . . . .
 7 . . . X1. . . . . . . . . . . . . . .
 6 . . . X O X3. . . . . . . . . . . . .
 5 . . X O X O2. . . . . . . . . . . . .
 4 . . O O @ . . . . . . . . . . . . . .
 3 . . . . . . . . . . . . . . . . . . .
 2 . . . . . . . . . . . . . . . . . . .
 1 . . . . . . . . . . . . . . . . . . .

koPOSITIONALscoreAREAtaxNONEsui1komi6.5
Time taken: 0.715004
Root visits: 605
New playouts: 605
NN rows: 548
NN batches: 184
NN avg batch size: 2.97826
PV: E4 C16 F7 Q16 Q4 D9 E16 E17 F17
Tree:
: T 101.59c W  96.45c S   5.23c (+14.4 L +11.4) N     605  --  E4 C16 F7 Q16 Q4 D9 E16
---White(^)---
E4  : T 101.81c W  96.64c S   5.27c (+14.5 L +11.4) LCB  101.54c P 75.93% WF 1615.3 PSV    1613 N     553  --  E4 C16 F7 Q16 Q4 D9 E16 E17
E7  : T  94.70c W  90.53c S   4.08c (+13.4 L +10.1) LCB   89.27c P 24.06% WF  51.1 PSV      47 N      31  --  E7 E4 D8 C8 E8 C7 E3 F4
B5  : T   7.85c W  14.77c S  -6.91c ( +2.2 L  +1.2) LCB -342.15c P  0.00% WF   0.0 PSV       0 N       1  --  B5
G6  : T  11.84c W  18.11c S  -6.27c ( +2.7 L  +1.3) LCB -338.16c P  0.00% WF   0.0 PSV       0 N       1  --  G6
G5  : T  -3.50c W   3.98c S  -7.49c ( +1.6 L  +0.5) LCB -353.50c P  0.00% WF   0.0 PSV       0 N       1  --  G5
G4  : T -34.82c W -24.67c S -10.14c ( -1.2 L  -1.0) LCB -384.82c P  0.00% WF   0.0 PSV       0 N       1  --  G4
F4  : T  16.85c W  23.30c S  -6.45c ( +2.7 L  +1.7) LCB -333.15c P  0.00% WF   0.0 PSV       0 N       1  --  F4
C16 : T  10.95c W  17.90c S  -6.95c ( +2.2 L  +1.4) LCB -339.05c P  0.00% WF   0.0 PSV       0 N       1  --  C16
D16 : T   6.77c W  14.13c S  -7.36c ( +1.8 L  +1.2) LCB -343.23c P  0.00% WF   0.0 PSV       0 N       1  --  D16
C6  : T -27.59c W -17.85c S  -9.74c ( -0.7 L  -0.6) LCB -377.59c P  0.00% WF   0.0 PSV       0 N       1  --  C6

2025-09-14 09:30:46+0800: = E4
2025-09-14 09:30:48+0800: Controller: play B E8
2025-09-14 09:30:48+0800: = 
2025-09-14 09:30:48+0800: Controller: genmove W
2025-09-14 09:30:49+0800: MoveNum: 13 HASH: B33DD023C7FA9C37B4E9BD28CCBAE602
   A B C D E F G H J K L M N O P Q R S T
19 . . . . . . . . . . . . . . . . . . .
18 . . . . . . . . . . . . . . . . . . .
17 . . . . . . . . . . . . . . . . . . .
16 . . @ . . . . . . . . . . . . . . . .
15 . . . . . . . . . . . . . . . . . . .
14 . . . . . . . . . . . . . . . . . . .
13 . . . . . . . . . . . . . . . . . . .
12 . . . . . . . . . . . . . . . . . . .
11 . . . . . . . . . . . . . . . . . . .
10 . . . . . . . . . X . . . . . . . . .
 9 . . . . . . . . . . . . . . . . . . .
 8 . . . . X3. . . . . . . . . . . . . .
 7 . . . X . . . . . . . . . . . . . . .
 6 . . . X O X1. . . . . . . . . . . . .
 5 . . X O . O . . . . . . . . . . . . .
 4 . . O O O2. . . . . . . . . . . . . .
 3 . . . . . . . . . . . . . . . . . . .
 2 . . . . . . . . . . . . . . . . . . .
 1 . . . . . . . . . . . . . . . . . . .

koPOSITIONALscoreAREAtaxNONEsui1komi6.5
Time taken: 0.850592
Root visits: 605
New playouts: 605
NN rows: 559
NN batches: 187
NN avg batch size: 2.9893
PV: C16 Q17 Q4 R14 F17 R6 O3
Tree:
: T 103.85c W  98.14c S   5.82c (+16.7 L +13.8) N     605  --  C16 Q17 Q4 R14 F17 R6 O3
---White(^)---
C16 : T 104.02c W  98.20c S   5.93c (+16.8 L +13.9) LCB  103.89c P 59.33% WF 1118.5 PSV    1995 N     335  --  C16 Q17 Q4 R14 F17 R6 O3
D16 : T 103.73c W  98.11c S   5.72c (+16.6 L +13.7) LCB  103.50c P 35.08% WF 638.4 PSV     489 N     196  --  D16 Q16 Q4 C14 F17 G6 B5 R6
Q16 : T 103.21c W  97.85c S   5.42c (+16.3 L +13.5) LCB  101.36c P  1.01% WF  60.6 PSV       9 N      20  --  Q16 C16 R4 G6 E16
D17 : T 103.50c W  97.98c S   5.62c (+16.5 L +13.5) LCB  102.74c P  0.33% WF 106.6 PSV       3 N      35  --  D17 C15 Q16 E16 E17 F16
R4  : T 103.32c W  97.81c S   5.53c (+16.4 L +13.6) LCB   98.77c P  0.31% WF  36.3 PSV       3 N      12  --  R4 C16 Q16 G6 E16
Q4  : T 102.92c W  97.77c S   5.19c (+16.0 L +13.3) LCB   83.04c P  0.42% WF  17.5 PSV       3 N       6  --  Q4 C16 Q17

2025-09-14 09:30:49+0800: = C16
2025-09-14 09:30:52+0800: Controller: play B D16
2025-09-14 09:30:52+0800: = 
2025-09-14 09:30:52+0800: Controller: genmove W
2025-09-14 09:30:53+0800: MoveNum: 15 HASH: 5AA882F048C1FB71BA7AE16D79A239FD
   A B C D E F G H J K L M N O P Q R S T
19 . . . . . . . . . . . . . . . . . . .
18 . . . . . . . . . . . . . . . . . . .
17 . . @ . . . . . . . . . . . . . . . .
16 . . O2X3. . . . . . . . . . . . . . .
15 . . . . . . . . . . . . . . . . . . .
14 . . . . . . . . . . . . . . . . . . .
13 . . . . . . . . . . . . . . . . . . .
12 . . . . . . . . . . . . . . . . . . .
11 . . . . . . . . . . . . . . . . . . .
10 . . . . . . . . . X . . . . . . . . .
 9 . . . . . . . . . . . . . . . . . . .
 8 . . . . X1. . . . . . . . . . . . . .
 7 . . . X . . . . . . . . . . . . . . .
 6 . . . X O X . . . . . . . . . . . . .
 5 . . X O . O . . . . . . . . . . . . .
 4 . . O O O . . . . . . . . . . . . . .
 3 . . . . . . . . . . . . . . . . . . .
 2 . . . . . . . . . . . . . . . . . . .
 1 . . . . . . . . . . . . . . . . . . .

koPOSITIONALscoreAREAtaxNONEsui1komi6.5
Time taken: 0.700557
Root visits: 605
New playouts: 600
NN rows: 525
NN batches: 176
NN avg batch size: 2.98295
PV: C17 D15 D17 Q16 Q4 C15 F17 F15 H16
Tree:
: T 102.86c W  98.15c S   4.76c (+16.7 L +13.8) N     605  --  C17 D15 D17 Q16 Q4 C15 F17
---White(^)---
C17 : T 102.92c W  98.21c S   4.78c (+16.8 L +13.8) LCB  102.73c P 89.67% WF 1357.4 PSV    1357 N     431  --  C17 D15 D17 Q16 Q4 C15 F17 F15
C15 : T 102.32c W  97.97c S   4.30c (+16.3 L +13.5) LCB  101.81c P  8.09% WF 158.4 PSV      77 N      49  --  C15 D17 C17 R16 R4 O17 O3 G6
D17 : T 103.08c W  98.15c S   4.96c (+17.0 L +14.1) LCB  102.72c P  0.73% WF 323.2 PSV      13 N     101  --  D17 C15 C17 D15 F17 F15 Q16 Q4
D15 : T 102.22c W  97.63c S   4.50c (+16.5 L +13.3) LCB  100.09c P  0.27% WF  53.2 PSV       2 N      19  --  D15 C17 C15 D17 F15 G16 C11
Q16 : T 100.48c W  96.99c S   3.52c (+15.5 L +12.2) LCB   56.83c P  0.06% WF  10.0 PSV       0 N       4  --  Q16 C15 C17 D15

2025-09-14 09:30:53+0800: = C17
2025-09-14 09:30:58+0800: Controller: play B D18
2025-09-14 09:30:58+0800: = 
2025-09-14 09:30:58+0800: Controller: genmove W
2025-09-14 09:30:59+0800: MoveNum: 17 HASH: 795063B38383047B8A49FC96E8E5B3A1
   A B C D E F G H J K L M N O P Q R S T
19 . . . . . . . . . . . . . . . . . . .
18 . . . X3. . . . . . . . . . . . . . .
17 . . O2. . . . . . . . . . . . . . . .
16 . . O X1. . . . . . . . . . . . . . .
15 . . . @ . . . . . . . . . . . . . . .
14 . . . . . . . . . . . . . . . . . . .
13 . . . . . . . . . . . . . . . . . . .
12 . . . . . . . . . . . . . . . . . . .
11 . . . . . . . . . . . . . . . . . . .
10 . . . . . . . . . X . . . . . . . . .
 9 . . . . . . . . . . . . . . . . . . .
 8 . . . . X . . . . . . . . . . . . . .
 7 . . . X . . . . . . . . . . . . . . .
 6 . . . X O X . . . . . . . . . . . . .
 5 . . X O . O . . . . . . . . . . . . .
 4 . . O O O . . . . . . . . . . . . . .
 3 . . . . . . . . . . . . . . . . . . .
 2 . . . . . . . . . . . . . . . . . . .
 1 . . . . . . . . . . . . . . . . . . .

koPOSITIONALscoreAREAtaxNONEsui1komi6.5
Time taken: 0.651321
Root visits: 501
New playouts: 501
NN rows: 482
NN batches: 162
NN avg batch size: 2.97531
PV: D15 Q16 Q4 E16 C12 D13 C13 D14 C15
Tree:
: T 106.15c W  99.02c S   7.15c (+20.2 L +17.6) N     501  --  D15 Q16 Q4 E16 C12 D13 C13
---White(^)---
D15 : T 106.49c W  99.10c S   7.36c (+20.4 L +18.0) LCB  106.29c P 74.52% WF 1324.8 PSV    1321 N     353  --  D15 Q16 Q4 E16 C12 D13 C13 D14
D17 : T 105.18c W  98.72c S   6.65c (+19.7 L +16.8) LCB  104.14c P 21.57% WF 271.0 PSV     152 N      84  --  D17 E17 E16 D15 F17 E18 F16 C15
Q16 : T 104.84c W  98.87c S   6.24c (+19.2 L +16.4) LCB   98.83c P  1.27% WF  38.3 PSV       7 N      11  --  Q16 D15 C15 D14 C13 Q4
R16 : T 105.52c W  98.90c S   6.57c (+19.6 L +16.7) LCB  104.06c P  0.14% WF  88.0 PSV       1 N      27  --  R16 D15 C15 D14 C13 Q4 O17
Q17 : T 105.29c W  98.84c S   6.49c (+19.5 L +16.7) LCB  103.50c P  0.19% WF  73.6 PSV       1 N      23  --  Q17 D15 C15 D14 C13 R4
Q4  : T 104.68c W  98.85c S   6.18c (+19.1 L +16.3) LCB  -44.29c P  0.17% WF   7.0 PSV       0 N       2  --  Q4 D15

2025-09-14 09:30:59+0800: = D15
2025-09-14 09:31:04+0800: Controller: play B C15
2025-09-14 09:31:04+0800: = 
2025-09-14 09:31:04+0800: Controller: genmove W
2025-09-14 09:31:05+0800: MoveNum: 19 HASH: 67A828CE8D559F95B7C944C04C858B3A
   A B C D E F G H J K L M N O P Q R S T
19 . . . . . . . . . . . . . . . . . . .
18 . . . X1. . . . . . . . . . . . . . .
17 . . O . . . . . . . . . . . . . . . .
16 . . O X . . . . . . . . . . . . . . .
15 . . X3O2. . . . . . . . . . . . . . .
14 . . @ . . . . . . . . . . . . . . . .
13 . . . . . . . . . . . . . . . . . . .
12 . . . . . . . . . . . . . . . . . . .
11 . . . . . . . . . . . . . . . . . . .
10 . . . . . . . . . X . . . . . . . . .
 9 . . . . . . . . . . . . . . . . . . .
 8 . . . . X . . . . . . . . . . . . . .
 7 . . . X . . . . . . . . . . . . . . .
 6 . . . X O X . . . . . . . . . . . . .
 5 . . X O . O . . . . . . . . . . . . .
 4 . . O O O . . . . . . . . . . . . . .
 3 . . . . . . . . . . . . . . . . . . .
 2 . . . . . . . . . . . . . . . . . . .
 1 . . . . . . . . . . . . . . . . . . .

koPOSITIONALscoreAREAtaxNONEsui1komi6.5
Time taken: 0.628808
Root visits: 362
New playouts: 362
NN rows: 345
NN batches: 116
NN avg batch size: 2.97414
PV: D17 E16 E17 D14 E15 F16 F15 G15 C14 B15
Tree:
: T 107.09c W  99.53c S   7.59c (+23.6 L +21.2) N     362  --  D17 E16 E17 D14 E15 F16 F15
---White(^)---
D17 : T 107.34c W  99.54c S   7.82c (+23.9 L +21.4) LCB  106.86c P 43.25% WF 552.6 PSV     834 N     145  --  D17 E16 E17 D14 E15 F16 F15 G15
C14 : T 107.16c W  99.55c S   7.66c (+23.7 L +21.3) LCB  106.83c P 56.04% WF 720.4 PSV     720 N     172  --  C14 R16 Q4 B15 B14 E15 D14
D14 : T 106.43c W  99.51c S   6.96c (+23.0 L +20.5) LCB  105.02c P  0.50% WF  87.0 PSV       3 N      23  --  D14 D17 B15 H17 Q16 Q4
B15 : T 105.58c W  99.45c S   6.11c (+22.0 L +19.7) LCB   99.64c P  0.01% WF  35.2 PSV       0 N      11  --  B15 C14 D17 E16 E17
E15 : T 104.49c W  99.05c S   5.28c (+21.2 L +18.3) LCB   84.91c P  0.01% WF  16.0 PSV       0 N       6  --  E15 C14 D17
E16 : T 103.73c W  98.94c S   4.56c (+20.3 L +16.7) LCB   60.60c P  0.02% WF  10.3 PSV       0 N       4  --  E16 D17 C14

2025-09-14 09:31:05+0800: = C14
2025-09-14 09:31:10+0800: Controller: play B B16
2025-09-14 09:31:10+0800: = 
2025-09-14 09:31:10+0800: Controller: genmove W
2025-09-14 09:31:11+0800: MoveNum: 21 HASH: F1FAB52BCAEA0E1443637AFF6E073DB4
   A B C D E F G H J K L M N O P Q R S T
19 . . . . . . . . . . . . . . . . . . .
18 . . . X . . . . . . . . . . . . . . .
17 . . O . . . . . . . . . . . . . . . .
16 . X3O X . . . . . . . . . . . . . . .
15 . @ X1O . . . . . . . . . . . . . . .
14 . . O2. . . . . . . . . . . . . . . .
13 . . . . . . . . . . . . . . . . . . .
12 . . . . . . . . . . . . . . . . . . .
11 . . . . . . . . . . . . . . . . . . .
10 . . . . . . . . . X . . . . . . . . .
 9 . . . . . . . . . . . . . . . . . . .
 8 . . . . X . . . . . . . . . . . . . .
 7 . . . X . . . . . . . . . . . . . . .
 6 . . . X O X . . . . . . . . . . . . .
 5 . . X O . O . . . . . . . . . . . . .
 4 . . O O O . . . . . . . . . . . . . .
 3 . . . . . . . . . . . . . . . . . . .
 2 . . . . . . . . . . . . . . . . . . .
 1 . . . . . . . . . . . . . . . . . . .

koPOSITIONALscoreAREAtaxNONEsui1komi6.5
Time taken: 0.619008
Root visits: 378
New playouts: 378
NN rows: 330
NN batches: 110
NN avg batch size: 3
PV: B15 Q16 Q4 C18 D17 F17 R17
Tree:
: T 110.55c W  99.86c S  10.61c (+32.9 L +30.4) N     378  --  B15 Q16 Q4 C18 D17 F17 R17
---White(^)---
B15 : T 110.74c W  99.86c S  10.82c (+33.1 L +30.6) LCB  110.59c P 99.73% WF 1693.1 PSV    1691 N     337  --  B15 Q16 Q4 C18 D17 F17 R17
D17 : T 108.81c W  99.82c S   8.75c (+30.7 L +28.4) LCB  106.14c P  0.16% WF  59.5 PSV       0 N      17  --  D17 B15 E16 C13 B14 D14
E16 : T 108.44c W  99.79c S   8.33c (+30.2 L +28.0) LCB  103.29c P  0.04% WF  40.5 PSV       0 N      12  --  E16 B15 D17 C13 B14 D14
E14 : T 105.52c W  99.68c S   5.71c (+27.4 L +25.1) LCB   85.81c P  0.01% WF  14.8 PSV       0 N       6  --  E14 B15 D17 E16
D14 : T 104.75c W  99.72c S   5.04c (+26.6 L +24.3) LCB   30.00c P  0.01% WF   7.7 PSV       0 N       3  --  D14 Q4
B14 : T 103.28c W  99.76c S   3.52c (+25.0 L +21.8) LCB -246.72c P  0.01% WF   2.2 PSV       0 N       1  --  B14

2025-09-14 09:31:11+0800: = B15
2025-09-14 09:31:14+0800: Controller: play B E16
2025-09-14 09:31:14+0800: = 
2025-09-14 09:31:14+0800: Controller: genmove W
2025-09-14 09:31:14+0800: MoveNum: 23 HASH: 29C2688368A2B6DD88113C45AE7CE207
   A B C D E F G H J K L M N O P Q R S T
19 . . . . . . . . . . . . . . . . . . .
18 . . . X . . . . . . . . . . . . . . .
17 . . O . . . . . . . . . . . . . . . .
16 . X1O X X3. . . . . . . . . . @ . . .
15 . O2. O . . . . . . . . . . . . . . .
14 . . O . . . . . . . . . . . . . . . .
13 . . . . . . . . . . . . . . . . . . .
12 . . . . . . . . . . . . . . . . . . .
11 . . . . . . . . . . . . . . . . . . .
10 . . . . . . . . . X . . . . . . . . .
 9 . . . . . . . . . . . . . . . . . . .
 8 . . . . X . . . . . . . . . . . . . .
 7 . . . X . . . . . . . . . . . . . . .
 6 . . . X O X . . . . . . . . . . . . .
 5 . . X O . O . . . . . . . . . . . . .
 4 . . O O O . . . . . . . . . . . . . .
 3 . . . . . . . . . . . . . . . . . . .
 2 . . . . . . . . . . . . . . . . . . .
 1 . . . . . . . . . . . . . . . . . . .

koPOSITIONALscoreAREAtaxNONEsui1komi6.5
Time taken: 0.494724
Root visits: 316
New playouts: 316
NN rows: 303
NN batches: 102
NN avg batch size: 2.97059
PV: Q16 Q4 G17 E15 F18 D14 D13
Tree:
: T 110.62c W  99.88c S  10.72c (+34.6 L +32.0) N     316  --  Q16 Q4 G17 E15 F18 D14 D13
---White(^)---
Q16 : T 110.80c W  99.87c S  10.91c (+34.8 L +32.2) LCB  110.47c P 67.70% WF 728.8 PSV     728 N     145  --  Q16 Q4 G17 E15 F18 D14 D13
Q4  : T 110.46c W  99.87c S  10.54c (+34.4 L +31.8) LCB  109.99c P 11.22% WF 293.4 PSV      95 N      59  --  Q4 Q16 H17 E15 E14 F14
H17 : T 110.41c W  99.87c S  10.57c (+34.4 L +31.8) LCB  109.72c P  5.87% WF 179.5 PSV      48 N      37  --  H17 C18 B17 Q16 Q4 G18
Q17 : T 110.52c W  99.88c S  10.61c (+34.5 L +31.9) LCB  109.66c P  4.49% WF 164.7 PSV      39 N      33  --  Q17 Q4 H17 C18 B17
R4  : T 110.04c W  99.89c S  10.12c (+34.0 L +31.6) LCB   98.89c P  2.42% WF  39.1 PSV      16 N       8  --  R4 Q16 H17
R16 : T 110.70c W  99.89c S  10.70c (+34.6 L +32.0) LCB  109.37c P  1.43% WF 124.7 PSV      14 N      25  --  R16 Q4 H17 C18 B17
G17 : T 110.17c W  99.90c S  10.23c (+34.1 L +31.7) LCB   98.99c P  1.78% WF  35.9 PSV      12 N       8  --  G17 E15 F18

2025-09-14 09:31:14+0800: = Q16
2025-09-14 09:31:18+0800: Controller: play B P17
2025-09-14 09:31:18+0800: = 
2025-09-14 09:31:18+0800: Controller: genmove W
2025-09-14 09:31:19+0800: MoveNum: 25 HASH: 34BE1A6485B85A301E8D15C0C2472BC3
   A B C D E F G H J K L M N O P Q R S T
19 . . . . . . . . . . . . . . . . . . .
18 . . . X . . . . . . . . . . . . . . .
17 . . O . . . . . . . . . . . X3@ . . .
16 . X O X X1. . . . . . . . . . O2. . .
15 . O . O . . . . . . . . . . . . . . .
14 . . O . . . . . . . . . . . . . . . .
13 . . . . . . . . . . . . . . . . . . .
12 . . . . . . . . . . . . . . . . . . .
11 . . . . . . . . . . . . . . . . . . .
10 . . . . . . . . . X . . . . . . . . .
 9 . . . . . . . . . . . . . . . . . . .
 8 . . . . X . . . . . . . . . . . . . .
 7 . . . X . . . . . . . . . . . . . . .
 6 . . . X O X . . . . . . . . . . . . .
 5 . . X O . O . . . . . . . . . . . . .
 4 . . O O O . . . . . . . . . . . . . .
 3 . . . . . . . . . . . . . . . . . . .
 2 . . . . . . . . . . . . . . . . . . .
 1 . . . . . . . . . . . . . . . . . . .

koPOSITIONALscoreAREAtaxNONEsui1komi6.5
Time taken: 0.40779
Root visits: 279
New playouts: 279
NN rows: 276
NN batches: 93
NN avg batch size: 2.96774
PV: Q17 R4 H17 C18 B18 B17
Tree:
: T 110.55c W  99.89c S  10.63c (+36.7 L +34.0) N     279  --  Q17 R4 H17 C18 B18 B17
---White(^)---
Q17 : T 110.76c W  99.89c S  10.82c (+36.9 L +34.3) LCB  110.51c P 96.85% WF 1137.8 PSV    1136 N     222  --  Q17 R4 H17 C18 B18 B17
P16 : T 109.99c W  99.89c S  10.15c (+36.1 L +33.3) LCB  108.53c P  0.51% WF 111.5 PSV       3 N      24  --  P16 Q17 R17 R18 R16 N17 Q4
G17 : T 109.58c W  99.88c S   9.70c (+35.5 L +32.9) LCB  107.24c P  0.19% WF  80.8 PSV       1 N      18  --  G17 C18 Q17 B17
H17 : T 109.29c W  99.87c S   9.43c (+35.2 L +32.6) LCB  100.49c P  0.07% WF  40.3 PSV       0 N       9  --  H17 P16 Q15 Q17
Q4  : T 108.68c W  99.88c S   8.82c (+34.5 L +31.9) LCB   65.58c P  0.07% WF  17.3 PSV       0 N       4  --  Q4 P16 Q15
G15 : T 108.24c W  99.95c S   8.29c (+33.6 L +31.3) LCB -241.76c P  0.07% WF   4.1 PSV       0 N       1  --  G15

2025-09-14 09:31:19+0800: = Q17
2025-09-14 09:31:22+0800: Controller: play B Q18
2025-09-14 09:31:22+0800: = 
2025-09-14 09:31:22+0800: Controller: genmove W
2025-09-14 09:31:22+0800: MoveNum: 27 HASH: 7398A75B0F768B88ED3E5E9034DE3846
   A B C D E F G H J K L M N O P Q R S T
19 . . . . . . . . . . . . . . . . . . .
18 . . . X . . . . . . . . . . . X3@ . .
17 . . O . . . . . . . . . . . X1O2. . .
16 . X O X X . . . . . . . . . . O . . .
15 . O . O . . . . . . . . . . . . . . .
14 . . O . . . . . . . . . . . . . . . .
13 . . . . . . . . . . . . . . . . . . .
12 . . . . . . . . . . . . . . . . . . .
11 . . . . . . . . . . . . . . . . . . .
10 . . . . . . . . . X . . . . . . . . .
 9 . . . . . . . . . . . . . . . . . . .
 8 . . . . X . . . . . . . . . . . . . .
 7 . . . X . . . . . . . . . . . . . . .
 6 . . . X O X . . . . . . . . . . . . .
 5 . . X O . O . . . . . . . . . . . . .
 4 . . O O O . . . . . . . . . . . . . .
 3 . . . . . . . . . . . . . . . . . . .
 2 . . . . . . . . . . . . . . . . . . .
 1 . . . . . . . . . . . . . . . . . . .

koPOSITIONALscoreAREAtaxNONEsui1komi6.5
Time taken: 0.422284
Root visits: 245
New playouts: 245
NN rows: 237
NN batches: 80
NN avg batch size: 2.9625
PV: R18 Q4 G17 E15 E14 F14
Tree:
: T 110.14c W  99.90c S  10.25c (+37.4 L +34.8) N     245  --  R18 Q4 G17 E15 E14 F14
---White(^)---
R18 : T 110.37c W  99.90c S  10.44c (+37.6 L +35.0) LCB  109.97c P 50.45% WF 524.6 PSV     892 N     102  --  R18 Q4 G17 E15 E14 F14
P16 : T 110.20c W  99.91c S  10.34c (+37.6 L +34.9) LCB  109.65c P 48.74% WF 503.0 PSV     442 N     103  --  P16 P18 R18 O16 O15 N16 G17
G17 : T 109.53c W  99.88c S   9.70c (+36.8 L +34.1) LCB  107.25c P  0.03% WF  87.4 PSV       0 N      19  --  G17 R18 G15 C18 B18
H17 : T 109.09c W  99.88c S   9.22c (+36.2 L +33.6) LCB  103.94c P  0.02% WF  53.1 PSV       0 N      12  --  H17 R18 G15 C18
Q4  : T 108.81c W  99.89c S   8.93c (+35.8 L +33.1) LCB   65.22c P  0.02% WF  17.6 PSV       0 N       4  --  Q4 R18 H17
R4  : T 108.72c W  99.89c S   8.81c (+35.7 L +32.9) LCB   65.19c P  0.02% WF  17.6 PSV       0 N       4  --  R4 R18 H17

2025-09-14 09:31:22+0800: = R18
2025-09-14 09:31:27+0800: Controller: play B R17
2025-09-14 09:31:27+0800: = 
2025-09-14 09:31:27+0800: Controller: genmove W
2025-09-14 09:31:27+0800: MoveNum: 29 HASH: 5E549C64D468F7BF785CB32DE803F376
   A B C D E F G H J K L M N O P Q R S T
19 . . . . . . . . . . . . . . . . . . .
18 . . . X . . . . . . . . . . @ X1O2. .
17 . . O . . . . . . . . . . . X O X3. .
16 . X O X X . . . . . . . . . . O . . .
15 . O . O . . . . . . . . . . . . . . .
14 . . O . . . . . . . . . . . . . . . .
13 . . . . . . . . . . . . . . . . . . .
12 . . . . . . . . . . . . . . . . . . .
11 . . . . . . . . . . . . . . . . . . .
10 . . . . . . . . . X . . . . . . . . .
 9 . . . . . . . . . . . . . . . . . . .
 8 . . . . X . . . . . . . . . . . . . .
 7 . . . X . . . . . . . . . . . . . . .
 6 . . . X O X . . . . . . . . . . . . .
 5 . . X O . O . . . . . . . . . . . . .
 4 . . O O O . . . . . . . . . . . . . .
 3 . . . . . . . . . . . . . . . . . . .
 2 . . . . . . . . . . . . . . . . . . .
 1 . . . . . . . . . . . . . . . . . . .

koPOSITIONALscoreAREAtaxNONEsui1komi6.5
Time taken: 0.420306
Root visits: 194
New playouts: 194
NN rows: 193
NN batches: 65
NN avg batch size: 2.96923
PV: P18 R4 H17 C18 B17 G18
Tree:
: T 110.81c W  99.95c S  10.81c (+42.6 L +40.0) N     194  --  P18 R4 H17 C18 B17 G18
---White(^)---
P18 : T 111.22c W  99.96c S  11.21c (+43.1 L +40.4) LCB  110.93c P 99.73% WF 827.3 PSV     825 N     162  --  P18 R4 H17 C18 B17 G18
R16 : T 109.04c W  99.94c S   9.09c (+40.6 L +38.0) LCB  105.81c P  0.11% WF  62.4 PSV       0 N      15  --  R16 Q4 R3 Q3
S17 : T 107.82c W  99.92c S   7.79c (+39.1 L +36.5) LCB   98.96c P  0.03% WF  34.1 PSV       0 N       9  --  S17 Q4 R3
S18 : T 105.76c W  99.86c S   5.77c (+36.8 L +34.0) LCB   77.92c P  0.01% WF  16.9 PSV       0 N       5  --  S18 Q3
F7  : T 100.43c W  99.93c S   0.50c (+31.0 L +28.2) LCB -249.57c P  0.01% WF   2.1 PSV       0 N       1  --  F7
G17 : T 102.94c W  99.94c S   3.00c (+33.7 L +30.8) LCB -247.06c P  0.00% WF   2.4 PSV       0 N       1  --  G17

2025-09-14 09:31:27+0800: = P18
2025-09-14 09:31:41+0800: Controller: play B S18
2025-09-14 09:31:41+0800: = 
2025-09-14 09:31:41+0800: Controller: genmove W
2025-09-14 09:31:42+0800: MoveNum: 31 HASH: E2E5DB660972FFD057BE76BC0C7E8A94
   A B C D E F G H J K L M N O P Q R S T
19 . . . . . . . . . . . . . . . @ . . .
18 . . . X . . . . . . . . . . O2X O X3.
17 . . O . . . . . . . . . . . X O X1. .
16 . X O X X . . . . . . . . . . O . . .
15 . O . O . . . . . . . . . . . . . . .
14 . . O . . . . . . . . . . . . . . . .
13 . . . . . . . . . . . . . . . . . . .
12 . . . . . . . . . . . . . . . . . . .
11 . . . . . . . . . . . . . . . . . . .
10 . . . . . . . . . X . . . . . . . . .
 9 . . . . . . . . . . . . . . . . . . .
 8 . . . . X . . . . . . . . . . . . . .
 7 . . . X . . . . . . . . . . . . . . .
 6 . . . X O X . . . . . . . . . . . . .
 5 . . X O . O . . . . . . . . . . . . .
 4 . . O O O . . . . . . . . . . . . . .
 3 . . . . . . . . . . . . . . . . . . .
 2 . . . . . . . . . . . . . . . . . . .
 1 . . . . . . . . . . . . . . . . . . .

koPOSITIONALscoreAREAtaxNONEsui1komi6.5
Time taken: 0.419612
Root visits: 159
New playouts: 159
NN rows: 157
NN batches: 53
NN avg batch size: 2.96226
PV: Q19 R4 G17 E15 G15 D13
Tree:
: T 112.29c W  99.97c S  12.18c (+46.6 L +44.1) N     159  --  Q19 R4 G17 E15 G15 D13
---White(^)---
Q19 : T 112.71c W  99.97c S  12.60c (+47.1 L +44.6) LCB  112.42c P 99.98% WF 752.1 PSV     751 N     143  --  Q19 R4 G17 E15 G15 D13
R19 : T 105.57c W  99.92c S   5.64c (+38.9 L +36.3) LCB   85.83c P  0.00% WF  16.4 PSV       0 N       6  --  R19 Q4 H17
P16 : T 102.88c W  99.90c S   2.70c (+35.7 L +32.7) LCB   59.68c P  0.00% WF   9.2 PSV       0 N       4  --  P16 R19 O17 R15
O17 : T 102.62c W  99.92c S   1.86c (+34.7 L +31.6) LCB  -46.45c P  0.00% WF   4.4 PSV       0 N       2  --  O17 R19 P16 R15
N17 : T  99.17c W  99.88c S  -1.40c (+31.2 L +28.1) LCB  -49.85c P  0.00% WF   3.7 PSV       0 N       2  --  N17 R19
D17 : T  95.10c W  99.87c S  -4.77c (+27.5 L +24.3) LCB -254.90c P  0.00% WF   1.4 PSV       0 N       1  --  D17

2025-09-14 09:31:42+0800: = Q19
2025-09-14 09:31:47+0800: Controller: play B R19
2025-09-14 09:31:47+0800: = 
2025-09-14 09:31:47+0800: Controller: genmove W
2025-09-14 09:31:47+0800: MoveNum: 33 HASH: 635F7FAC24A57EDB44F6D6D7B170ABF1
   A B C D E F G H J K L M N O P Q R S T
19 . . . . . . . . . . . . . . . O2X3@ .
18 . . . X . . . . . . . . . . O . O X1.
17 . . O . . . . . . . . . . . X O X . .
16 . X O X X . . . . . . . . . . O . . .
15 . O . O . . . . . . . . . . . . . . .
14 . . O . . . . . . . . . . . . . . . .
13 . . . . . . . . . . . . . . . . . . .
12 . . . . . . . . . . . . . . . . . . .
11 . . . . . . . . . . . . . . . . . . .
10 . . . . . . . . . X . . . . . . . . .
 9 . . . . . . . . . . . . . . . . . . .
 8 . . . . X . . . . . . . . . . . . . .
 7 . . . X . . . . . . . . . . . . . . .
 6 . . . X O X . . . . . . . . . . . . .
 5 . . X O . O . . . . . . . . . . . . .
 4 . . O O O . . . . . . . . . . . . . .
 3 . . . . . . . . . . . . . . . . . . .
 2 . . . . . . . . . . . . . . . . . . .
 1 . . . . . . . . . . . . . . . . . . .

koPOSITIONALscoreAREAtaxNONEsui1komi6.5
Time taken: 0.415896
Root visits: 203
New playouts: 203
NN rows: 201
NN batches: 68
NN avg batch size: 2.95588
PV: S19 R4 G17 C18 B18 E15
Tree:
: T 112.90c W  99.98c S  12.81c (+51.1 L +48.6) N     203  --  S19 R4 G17 C18 B18 E15
---White(^)---
S19 : T 113.23c W  99.98c S  13.14c (+51.5 L +49.0) LCB  112.95c P 99.82% WF 940.7 PSV     939 N     178  --  S19 R4 G17 C18 B18 E15
Q18 : T 111.03c W  99.98c S  10.96c (+48.8 L +46.3) LCB  106.75c P  0.13% WF  57.1 PSV       0 N      13  --  Q18 C18 Q4 R14
Q4  : T 104.05c W  99.98c S   4.12c (+40.8 L +38.0) LCB   75.09c P  0.00% WF  10.5 PSV       0 N       5  --  Q4 Q18 G17
Q3  : T 103.80c W  99.98c S   3.76c (+40.4 L +37.6) LCB   26.06c P  0.00% WF   6.4 PSV       0 N       3  --  Q3 Q18 P16
R4  : T 103.71c W  99.96c S   3.61c (+40.3 L +37.3) LCB  -55.78c P  0.00% WF   4.2 PSV       0 N       2  --  R4 Q18
F7  : T 101.88c W 100.00c S   1.88c (+38.4 L +36.3) LCB -248.12c P  0.00% WF   1.6 PSV       0 N       1  --  F7

2025-09-14 09:31:47+0800: = S19
2025-09-14 09:32:06+0800: Controller: play B D17
2025-09-14 09:32:06+0800: = 
2025-09-14 09:32:06+0800: Controller: genmove W
2025-09-14 09:32:07+0800: MoveNum: 35 HASH: 981650A55AF55F6F95F44428EEABD117
   A B C D E F G H J K L M N O P Q R S T
19 . . . . . . . . . . . . . . . O .1O2.
18 . . . X . . . . . . . . . . O . O X .
17 . . O X3. . . . . . . . . . X O X . .
16 . X O X X . . . . . . . . . . O . . .
15 . O . O . . . . . . . . . . . . . . .
14 . . O . . . . . . . . . . . . . . . .
13 . . . . . . . . . . . . . . . . . . .
12 . . . . . . . . . . . . . . . . . . .
11 . . . . . . . . . . . . . . . . . . .
10 . . . . . . . . . X . . . . . . . . .
 9 . . . . . . . . . . . . . . . . . . .
 8 . . . . X . . . . . . . . . . . . . .
 7 . . . X . . . . . . . . . . . . . . .
 6 . . . X O X . . . . . . . . . . . . .
 5 . . X O . O . . . . . . . . . . . . .
 4 . . O O O . . . . . . . . . . @ . . .
 3 . . . . . . . . . . . . . . . . . . .
 2 . . . . . . . . . . . . . . . . . . .
 1 . . . . . . . . . . . . . . . . . . .

koPOSITIONALscoreAREAtaxNONEsui1komi6.5
Time taken: 0.403363
Root visits: 249
New playouts: 249
NN rows: 248
NN batches: 84
NN avg batch size: 2.95238
PV: Q4 J16 R11 G6 G5
Tree:
: T 115.72c W  99.99c S  15.66c (+57.2 L +54.6) N     249  --  Q4 J16 R11 G6 G5
---White(^)---
Q4  : T 115.72c W  99.99c S  15.69c (+57.2 L +54.6) LCB  115.38c P 61.18% WF 603.0 PSV     603 N     103  --  Q4 J16 R11 G6 G5
R4  : T 115.94c W  99.99c S  15.81c (+57.4 L +54.7) LCB  115.31c P 14.56% WF 244.4 PSV     171 N      42  --  R4 C18 B17 J16 O3
Q3  : T 115.75c W 100.00c S  15.64c (+57.1 L +54.5) LCB  115.18c P  8.15% WF 244.5 PSV      82 N      43  --  Q3 C18 B17 J16 L4
G17 : T 115.75c W  99.99c S  15.71c (+57.6 L +55.0) LCB  115.02c P  6.87% WF 223.8 PSV      69 N      41  --  G17 E15 G15 D14 D13 E14
H17 : T 115.33c W  99.99c S  15.36c (+56.9 L +54.5) LCB  112.44c P  5.77% WF  90.3 PSV      44 N      16  --  H17 Q4 R3 C18
R3  : T 114.36c W  99.99c S  14.58c (+55.9 L +53.3) LCB   40.03c P  1.00% WF  17.5 PSV       4 N       3  --  R3 C18

2025-09-14 09:32:07+0800: = Q4
2025-09-14 09:32:20+0800: Controller: play B C18
2025-09-14 09:32:20+0800: = 
2025-09-14 09:32:20+0800: Controller: genmove W
2025-09-14 09:32:21+0800: MoveNum: 37 HASH: 10676CF95CE61D0FBEFBA07D152E2FEC
   A B C D E F G H J K L M N O P Q R S T
19 . . . . . . . . . . . . . . . O . O .
18 . . X3X . . . . . . . . . . O . O X .
17 . . O X1. . . . . . . . . . X O X . .
16 . X O X X . . . . . . . . . . O . . .
15 . O . O . . . . . . . . . . . . . . .
14 . . O . . . . . . . . . . . . . . . .
13 . . . . . . . . . . . . . . . . . . .
12 . . . . . . . . . . . . . . . . . . .
11 . . . . . . . . . . . . . . . . . . .
10 . . . . . . . . . X . . . . . . . . .
 9 . . . . . . . . . . . . . . . . . . .
 8 . . . . X . . . . . . . . . . . . . .
 7 . . . X . @ . . . . . . . . . . . . .
 6 . . . X O X . . . . . . . . . . . . .
 5 . . X O . O . . . . . . . . . . . . .
 4 . . O O O . . . . . . . . . . O2. . .
 3 . . . . . . . . . . . . . . . . . . .
 2 . . . . . . . . . . . . . . . . . . .
 1 . . . . . . . . . . . . . . . . . . .

koPOSITIONALscoreAREAtaxNONEsui1komi6.5
Time taken: 0.408932
Root visits: 182
New playouts: 153
NN rows: 144
NN batches: 48
NN avg batch size: 3
PV: F7 C11 B17 J16 M3 R11
Tree:
: T 114.97c W  99.99c S  14.94c (+57.5 L +54.8) N     182  --  F7 C11 B17 J16 M3 R11
---White(^)---
F7  : T 115.58c W  99.99c S  15.56c (+58.4 L +55.7) LCB  114.91c P 16.22% WF 230.4 PSV    1569 N      40  --  F7 C11 B17 J16 M3 R11
B17 : T 114.85c W  99.99c S  14.82c (+57.3 L +54.6) LCB  114.59c P 69.92% WF 496.8 PSV     497 N      87  --  B17 J17 R11 G6 J4
C10 : T 114.16c W  99.99c S  14.16c (+56.5 L +53.9) LCB  112.35c P  7.28% WF 117.8 PSV      36 N      21  --  C10 G6 G5 H6 B17 J16
R11 : T 115.08c W  99.99c S  15.04c (+57.5 L +54.9) LCB  114.10c P  3.22% WF 189.7 PSV      26 N      33  --  R11 G6 B17 J17 J4

2025-09-14 09:32:21+0800: = F7
2025-09-14 09:32:49+0800: Controller: play B B17
2025-09-14 09:32:49+0800: = 
2025-09-14 09:32:49+0800: Controller: genmove W
2025-09-14 09:32:50+0800: MoveNum: 39 HASH: A0807E99B685F2C9844AB2DA302811DD
   A B C D E F G H J K L M N O P Q R S T
19 . . . . . . . . . . . . . . . O . O .
18 . . X1X . . . . . . . . . . O . O X .
17 . X3O X . . . . . . . . . . X O X . .
16 . X O X X . . . . . . . . . . O . . .
15 . O . O . . . . . . . . . . . . . . .
14 . . O . . . . . . . . . . . . . . . .
13 . . . . . . . . . . . . . . . . . . .
12 . . . . . . . . . . . . . . . . . . .
11 . . . . . . . . . . . . . . . . . . .
10 . . @ . . . . . . X . . . . . . . . .
 9 . . . . . . . . . . . . . . . . . . .
 8 . . . . X . . . . . . . . . . . . . .
 7 . . . X . O2. . . . . . . . . . . . .
 6 . . . X O X . . . . . . . . . . . . .
 5 . . X O . O . . . . . . . . . . . . .
 4 . . O O O . . . . . . . . . . O . . .
 3 . . . . . . . . . . . . . . . . . . .
 2 . . . . . . . . . . . . . . . . . . .
 1 . . . . . . . . . . . . . . . . . . .

koPOSITIONALscoreAREAtaxNONEsui1komi6.5
Time taken: 0.405264
Root visits: 111
New playouts: 111
NN rows: 110
NN batches: 38
NN avg batch size: 2.89474
PV: C10 F8 H7 G6 G7 E7
Tree:
: T 114.34c W  99.99c S  14.37c (+58.4 L +55.6) N     111  --  C10 F8 H7 G6 G7 E7
---White(^)---
C10 : T 114.68c W  99.99c S  14.70c (+59.0 L +56.1) LCB  114.12c P 92.93% WF 320.9 PSV     320 N      60  --  C10 F8 H7 G6 G7 E7
C11 : T 114.17c W  99.99c S  14.18c (+58.0 L +55.2) LCB  111.90c P  6.06% WF  94.9 PSV      17 N      18  --  C11 C10 B10 B9
B10 : T 114.25c W  99.99c S  14.26c (+58.2 L +55.4) LCB  111.96c P  0.56% WF  95.7 PSV       1 N      18  --  B10 C11 C10 D11
B11 : T 113.25c W  99.99c S  13.29c (+57.0 L +54.2) LCB   98.89c P  0.05% WF  36.3 PSV       0 N       7  --  B11 L3 N3 R11
D11 : T 113.06c W  99.99c S  13.29c (+56.8 L +54.0) LCB   85.08c P  0.04% WF  24.1 PSV       0 N       5  --  D11 C10 C11 B11
D10 : T 112.95c W  99.99c S  13.27c (+56.8 L +54.2) LCB  -37.83c P  0.04% WF   9.1 PSV       0 N       2  --  D10 B10

2025-09-14 09:32:50+0800: = C10
2025-09-14 09:33:05+0800: Controller: play B G7
2025-09-14 09:33:05+0800: = 
2025-09-14 09:33:05+0800: Controller: genmove W
2025-09-14 09:33:06+0800: MoveNum: 41 HASH: 7737EEEFBF5EE798A2AAABB0A114A202
   A B C D E F G H J K L M N O P Q R S T
19 . . . . . . . . . . . . . . . O . O .
18 . . X X . . . . . . . . . . O . O X .
17 . X1O X . . . . . . . . . . X O X . .
16 . X O X X . . . . . . . . . . O . . .
15 . O . O . . . . . . . . . . . . . . .
14 . . O . . . . . . . . . . . . . . . .
13 . . . . . . . . . . . . . . . . . . .
12 . . . . . . . . . . . . . . . . . . .
11 . . . . . . . . . . . . . . . . . . .
10 . . O2. . . . . . X . . . . . . . . .
 9 . . . . . . . . . . . . . . . . . . .
 8 . . . . X . . . . . . . . . . . . . .
 7 . . . X . O X3. . . . . . . . . . . .
 6 . . . X O X @ . . . . . . . . . . . .
 5 . . X O . O . . . . . . . . . . . . .
 4 . . O O O . . . . . . . . . . O . . .
 3 . . . . . . . . . . . . . . . . . . .
 2 . . . . . . . . . . . . . . . . . . .
 1 . . . . . . . . . . . . . . . . . . .

koPOSITIONALscoreAREAtaxNONEsui1komi6.5
Time taken: 0.406618
Root visits: 194
New playouts: 194
NN rows: 187
NN batches: 63
NN avg batch size: 2.96825
PV: G6 M3 O3 J3 E10 F8 G8
Tree:
: T 115.76c W  99.99c S  15.77c (+63.8 L +61.1) N     194  --  G6 M3 O3 J3 E10 F8 G8
---White(^)---
G6  : T 116.03c W  99.99c S  16.10c (+64.3 L +61.5) LCB  115.68c P 91.01% WF 814.3 PSV     813 N     144  --  G6 M3 O3 J3 E10 F8 G8
F8  : T 115.94c W  99.99c S  15.72c (+63.8 L +61.0) LCB  114.59c P  8.72% WF 168.5 PSV      72 N      31  --  F8 F9 G6 D11 C11
E7  : T 112.84c W  99.99c S  12.45c (+59.2 L +56.3) LCB  105.65c P  0.01% WF  40.4 PSV       0 N      10  --  E7 F8 G6 H7
G8  : T 110.72c W  99.99c S  10.91c (+57.3 L +54.3) LCB   81.97c P  0.01% WF  15.0 PSV       0 N       5  --  G8 G6 F8
F10 : T 110.23c W  99.99c S  10.57c (+56.7 L +53.7) LCB  -39.58c P  0.01% WF   6.3 PSV       0 N       2  --  F10 G6
G9  : T 110.46c W 100.00c S  10.46c (+56.2 L +53.2) LCB -239.54c P  0.01% WF   3.1 PSV       0 N       1  --  G9

2025-09-14 09:33:06+0800: = G6
2025-09-14 09:33:19+0800: Controller: play B P5
2025-09-14 09:33:19+0800: = 
2025-09-14 09:33:19+0800: Controller: genmove W
2025-09-14 09:33:19+0800: MoveNum: 43 HASH: EFE640D49E74BFFBA552459474C61C45
   A B C D E F G H J K L M N O P Q R S T
19 . . . . . . . . . . . . . . . O . O .
18 . . X X . . . . . . . . . . O . O X .
17 . X O X . . . . . . . . . . X O X . .
16 . X O X X . . . . . . . . . . O . . .
15 . O . O . . . . . . . . . . . . . . .
14 . . O . . . . . . . . . . . . . . . .
13 . . . . . . . . . . . . . . . . . . .
12 . . . . . . . . . . . . . . . . . . .
11 . . . . . . . . . . . . . . . . . . .
10 . . O . . . . . . X . . . . . . . . .
 9 . . . . . . . . . . . . . . . . . . .
 8 . . . . X . . . . . . . . . . . . . .
 7 . . . X . O X1. . . . . . . . . . . .
 6 . . . X O . O2. . . . . . . . . . . .
 5 . . X O . O . . . . . . . . X3. . . .
 4 . . O O O . . . . . . . . . . O . . .
 3 . . . . . . . . . . . . . @ . . . . .
 2 . . . . . . . . . . . . . . . . . . .
 1 . . . . . . . . . . . . . . . . . . .

koPOSITIONALscoreAREAtaxNONEsui1komi6.5
Time taken: 0.405686
Root visits: 129
New playouts: 129
NN rows: 129
NN batches: 44
NN avg batch size: 2.93182
PV: O3 M3 E10 F8 G8 G9
Tree:
: T 116.72c W 100.00c S  16.71c (+66.0 L +63.2) N     129  --  O3 M3 E10 F8 G8 G9
---White(^)---
O3  : T 117.01c W 100.00c S  16.97c (+66.4 L +63.6) LCB  116.35c P 78.86% WF 361.8 PSV     361 N      62  --  O3 M3 E10 F8 G8 G9
P4  : T 116.58c W 100.00c S  16.67c (+65.9 L +63.1) LCB  115.15c P 10.68% WF 135.4 PSV      40 N      24  --  P4 M3 E10 F8
E10 : T 116.60c W  99.99c S  16.61c (+65.5 L +62.6) LCB  114.97c P  7.36% WF 115.3 PSV      28 N      21  --  E10 P4 Q3 Q5
Q5  : T 115.64c W 100.00c S  15.80c (+64.8 L +62.1) LCB   87.75c P  0.82% WF  28.7 PSV       2 N       5  --  Q5 F8
N3  : T 116.41c W  99.99c S  16.32c (+65.6 L +62.7) LCB  112.70c P  0.13% WF  74.2 PSV       0 N      14  --  N3 O3 O4 P4 P3
F8  : T 115.48c W  99.99c S  15.87c (+64.1 L +61.4) LCB  -35.00c P  0.16% WF  10.5 PSV       0 N       2  --  F8 P4

2025-09-14 09:33:19+0800: = O3
2025-09-14 09:33:22+0800: Controller: play B P4
2025-09-14 09:33:22+0800: = 
2025-09-14 09:33:22+0800: Controller: genmove W
2025-09-14 09:33:23+0800: MoveNum: 45 HASH: 12470BB01225315CBE3730DAAD811052
   A B C D E F G H J K L M N O P Q R S T
19 . . . . . . . . . . . . . . . O . O .
18 . . X X . . . . . . . . . . O . O X .
17 . X O X . . . . . . . . . . X O X . .
16 . X O X X . . . . . . . . . . O . . .
15 . O . O . . . . . . . . . . . . . . .
14 . . O . . . . . . . . . . . . . . . .
13 . . . . . . . . . . . . . . . . . . .
12 . . . . . . . . . . . . . . . . . . .
11 . . . . . . . . . . . . . . . . . . .
10 . . O . . . . . . X . . . . . . . . .
 9 . . . . . . . . . . . . . . . . . . .
 8 . . . . X . . . . . . . . . . . . . .
 7 . . . X . O X . . . . . . . . . . . .
 6 . . . X O . O . . . . . . . . . . . .
 5 . . X O . O . . . . . . . . X1. . . .
 4 . . O O O . . . . . . . . . X3O . . .
 3 . . . . . . . . . . . . . O2@ . . . .
 2 . . . . . . . . . . . . . . . . . . .
 1 . . . . . . . . . . . . . . . . . . .

koPOSITIONALscoreAREAtaxNONEsui1komi6.5
Time taken: 0.384301
Root visits: 246
New playouts: 246
NN rows: 245
NN batches: 83
NN avg batch size: 2.95181
PV: P3 E10 Q5 C12 D11 D13 E13 E14
Tree:
: T 116.46c W  99.99c S  16.40c (+68.2 L +65.4) N     246  --  P3 E10 Q5 C12 D11 D13 E13
---White(^)---
P3  : T 116.74c W  99.99c S  16.68c (+68.6 L +65.8) LCB  116.36c P 99.87% WF 1249.7 PSV    1248 N     218  --  P3 E10 Q5 C12 D11 D13 E13 E14
Q3  : T 114.73c W  99.99c S  14.63c (+65.4 L +62.6) LCB  110.31c P  0.02% WF  57.3 PSV       0 N      13  --  Q3 P3 P2 Q2 N2
P2  : T 111.35c W  99.99c S  11.32c (+60.8 L +57.9) LCB   91.47c P  0.01% WF  19.7 PSV       0 N       6  --  P2 Q3 R3
E10 : T 111.84c W  99.99c S  11.58c (+61.2 L +58.2) LCB   83.71c P  0.01% WF  17.2 PSV       0 N       5  --  E10 P3 G9 D10
G9  : T 110.30c W  99.99c S   9.91c (+59.0 L +56.0) LCB  -39.31c P  0.01% WF   6.6 PSV       0 N       2  --  G9 P3 E10 D10
F8  : T 108.40c W 100.00c S   8.40c (+57.0 L +54.1) LCB -241.60c P  0.01% WF   2.7 PSV       0 N       1  --  F8

2025-09-14 09:33:23+0800: = P3
2025-09-14 09:33:27+0800: Controller: play B Q3
2025-09-14 09:33:27+0800: = 
2025-09-14 09:33:27+0800: Controller: genmove W
2025-09-14 09:33:28+0800: MoveNum: 47 HASH: F38ABF91A0EEA23617138F7895DCD870
   A B C D E F G H J K L M N O P Q R S T
19 . . . . . . . . . . . . . . . O . O .
18 . . X X . . . . . . . . . . O . O X .
17 . X O X . . . . . . . . . . X O X . .
16 . X O X X . . . . . . . . . . O . . .
15 . O . O . . . . . . . . . . . . . . .
14 . . O . . . . . . . . . . . . . . . .
13 . . . . . . . . . . . . . . . . . . .
12 . . . . . . . . . . . . . . . . . . .
11 . . . . . . . . . . . . . . . . . . .
10 . . O . . . . . . X . . . . . . . . .
 9 . . . . . . . . . . . . . . . . . . .
 8 . . . . X . . . . . . . . . . . . . .
 7 . . . X . O X . . . . . . . . . . . .
 6 . . . X O . O . . . . . . . . . . . .
 5 . . X O . O . . . . . . . . X . . . .
 4 . . O O O . . . . . . . . . X1O . . .
 3 . . . . . . . . . . . . . O O2X3@ . .
 2 . . . . . . . . . . . . . . . . . . .
 1 . . . . . . . . . . . . . . . . . . .

koPOSITIONALscoreAREAtaxNONEsui1komi6.5
Time taken: 0.405592
Root visits: 175
New playouts: 175
NN rows: 172
NN batches: 58
NN avg batch size: 2.96552
PV: R3 C12 D11 D13 E13 E14
Tree:
: T 116.91c W  99.99c S  16.88c (+69.5 L +66.8) N     175  --  R3 C12 D11 D13 E13 E14
---White(^)---
R3  : T 117.33c W  99.99c S  17.28c (+70.2 L +67.4) LCB  116.75c P 96.63% WF 742.3 PSV     740 N     133  --  R3 C12 D11 D13 E13 E14
R4  : T 115.81c W 100.00c S  15.95c (+68.1 L +65.5) LCB  113.55c P  3.13% WF  95.7 PSV      11 N      19  --  R4 N4 O4 O5 N5 R3
Q5  : T 115.15c W  99.99c S  15.17c (+67.0 L +64.3) LCB  109.96c P  0.05% WF  50.5 PSV       0 N      12  --  Q5 R3 Q6 P6 Q7 P7
R6  : T 114.60c W  99.99c S  14.42c (+65.7 L +62.7) LCB   95.02c P  0.02% WF  25.5 PSV       0 N       6  --  R6 Q5 R4
R5  : T 112.99c W  99.99c S  13.18c (+64.0 L +61.1) LCB   38.59c P  0.02% WF  10.9 PSV       0 N       3  --  R5 R3 R7
S4  : T 112.18c W 100.00c S  12.18c (+62.0 L +59.3) LCB -237.82c P  0.04% WF   3.5 PSV       0 N       1  --  S4

2025-09-14 09:33:28+0800: = R3
2025-09-14 09:33:31+0800: Controller: play B Q5
2025-09-14 09:33:31+0800: = 
2025-09-14 09:33:31+0800: Controller: genmove W
2025-09-14 09:33:31+0800: MoveNum: 49 HASH: D2F1C66A22ACE04F4E223CD851770BAB
   A B C D E F G H J K L M N O P Q R S T
19 . . . . . . . . . . . . . . . O . O .
18 . . X X . . . . . . . . . . O . O X .
17 . X O X . . . . . . . . . . X O X . .
16 . X O X X . . . . . . . . . . O . . .
15 . O . O . . . . . . . . . . . . . . .
14 . . O . . . . . . . . . . . . . . . .
13 . . . . . . . . . . . . . . . . . . .
12 . . . . . . . . . . . . . . . . . . .
11 . . . . . . . . . . . . . . . . . . .
10 . . O . . . . . . X . . . . . . . . .
 9 . . . . . . . . . . . . . . . . . . .
 8 . . . . X . . . . . . . . . . . . . .
 7 . . . X . O X . . . . . . . . . . . .
 6 . . . X O . O . . . . . . . . . . . .
 5 . . X O . O . . . . . . . . X X3. . .
 4 . . O O O . . . . . . . . . X O . . .
 3 . . . . . . . . . . . . . O O X1O2. .
 2 . . . . . . . . . . . . . . . @ . . .
 1 . . . . . . . . . . . . . . . . . . .

koPOSITIONALscoreAREAtaxNONEsui1komi6.5
Time taken: 0.404197
Root visits: 169
New playouts: 169
NN rows: 169
NN batches: 57
NN avg batch size: 2.96491
PV: Q2 N5 E10 F8 H7 G8 L4
Tree:
: T 117.34c W 100.00c S  17.26c (+70.6 L +67.9) N     169  --  Q2 N5 E10 F8 H7 G8 L4
---White(^)---
Q2  : T 117.86c W 100.00c S  17.82c (+71.4 L +68.7) LCB  117.34c P 62.43% WF 607.3 PSV     709 N     103  --  Q2 N5 E10 F8 H7 G8 L4
R4  : T 117.07c W 100.00c S  16.93c (+70.0 L +67.3) LCB  116.05c P 37.55% WF 296.3 PSV     217 N      54  --  R4 N4 O4 O5 N5 N3 Q2 O2
S4  : T 109.87c W  99.98c S   9.23c (+59.5 L +56.5) LCB   81.34c P  0.00% WF  12.4 PSV       0 N       5  --  S4 R4 Q2 C12 D11
M3  : T 107.80c W  99.99c S   7.70c (+57.6 L +54.5) LCB   32.81c P  0.00% WF   7.0 PSV       0 N       3  --  M3 R4 Q2
K16 : T 106.77c W  99.98c S   6.53c (+56.3 L +52.9) LCB  -46.21c P  0.00% WF   4.3 PSV       0 N       2  --  K16 R4
R2  : T 105.39c W  99.99c S   5.39c (+54.9 L +52.1) LCB -244.61c P  0.00% WF   2.0 PSV       0 N       1  --  R2

2025-09-14 09:33:31+0800: = Q2
2025-09-14 09:33:33+0800: Controller: play B R4
2025-09-14 09:33:33+0800: = 
2025-09-14 09:33:33+0800: Controller: genmove W
2025-09-14 09:33:34+0800: MoveNum: 51 HASH: 2CE3ADB676741AA8B510EC8E9B2817BF
   A B C D E F G H J K L M N O P Q R S T
19 . . . . . . . . . . . . . . . O . O .
18 . . X X . . . . . . . . . . O . O X .
17 . X O X . . . . . . . . . . X O X . .
16 . X O X X . . . . . . . . . . O . . .
15 . O . O . . . . . . . . . . . . . . .
14 . . O . . . . . . . . . . . . . . . .
13 . . . . . . . . . . . . . . . . . . .
12 . . . . . . . . . . . . . . . . . . .
11 . . . . . . . . . . . . . . . . . . .
10 . . O . . . . . . X . . . . . . . . .
 9 . . . . . . . . . . . . . . . . . . .
 8 . . . . X . . . . . . . . . . . . . .
 7 . . . X . O X . . . . . . . . . . . .
 6 . . . X O . O . . . . . . . . . . . .
 5 . . X O . O . . . . . . . . X X1. . .
 4 . . O O O . . . . . . . . . X O X3@ .
 3 . . . . . . . . . . . . . O O . O . .
 2 . . . . . . . . . . . . . . . O2. . .
 1 . . . . . . . . . . . . . . . . . . .

koPOSITIONALscoreAREAtaxNONEsui1komi6.5
Time taken: 0.40393
Root visits: 191
New playouts: 191
NN rows: 182
NN batches: 62
NN avg batch size: 2.93548
PV: S4 Q3 E10 F8 H7
Tree:
: T 118.09c W 100.00c S  18.09c (+74.2 L +71.6) N     191  --  S4 Q3 E10 F8 H7
---White(^)---
S4  : T 118.31c W 100.00c S  18.28c (+74.4 L +71.8) LCB  117.68c P 50.98% WF 359.9 PSV     486 N      63  --  S4 Q3 E10 F8 H7
N5  : T 117.60c W 100.00c S  17.79c (+74.0 L +71.4) LCB  116.68c P 33.56% WF 256.4 PSV     166 N      45  --  N5 S3 R8 M3 L4 L3
E10 : T 118.38c W 100.00c S  18.32c (+74.6 L +72.0) LCB  117.49c P 14.52% WF 227.3 PSV     106 N      39  --  E10 S3 M4 F8 G8
N4  : T 118.20c W 100.00c S  18.08c (+74.1 L +71.6) LCB  117.02c P  0.05% WF 160.5 PSV       0 N      27  --  N4 S3 E10 F10
F8  : T 117.95c W 100.00c S  17.92c (+73.7 L +71.2) LCB  112.84c P  0.03% WF  67.6 PSV       0 N      12  --  F8 S3 E10 M3
R8  : T 116.97c W 100.00c S  17.12c (+72.9 L +70.3) LCB   74.03c P  0.04% WF  21.9 PSV       0 N       4  --  R8 M5

2025-09-14 09:33:34+0800: = S4
2025-09-14 09:33:37+0800: Controller: play B R5
2025-09-14 09:33:37+0800: = 
2025-09-14 09:33:37+0800: Controller: genmove W
2025-09-14 09:33:38+0800: MoveNum: 53 HASH: 221B98F66DA1359AB0BE990A501CC010
   A B C D E F G H J K L M N O P Q R S T
19 . . . . . . . . . . . . . . . O . O .
18 . . X X . . . . . . . . . . O . O X .
17 . X O X . . . . . . . . . . X O X . .
16 . X O X X . . . . . . . . . . O . . .
15 . O . O . . . . . . . . . . . . . . .
14 . . O . . . . . . . . . . . . . . . .
13 . . . . . . . . . . . . . . . . . . .
12 . . . . . . . . . . . . . . . . . . .
11 . . . . . . . . . . . . . . . . . . .
10 . . O . . . . . . X . . . . . . . . .
 9 . . . . . . . . . . . . . . . . . . .
 8 . . . . X . . . . . . . . . . . . . .
 7 . . . X . O X . . . . . . . . . . . .
 6 . . . X O . O . . . . . . . . . . . .
 5 . . X O . O . . . . . . @ . X X X3. .
 4 . . O O O . . . . . . . . . X O X1O2.
 3 . . . . . . . . . . . . . O O . O . .
 2 . . . . . . . . . . . . . . . O . . .
 1 . . . . . . . . . . . . . . . . . . .

koPOSITIONALscoreAREAtaxNONEsui1komi6.5
Time taken: 0.404644
Root visits: 246
New playouts: 246
NN rows: 239
NN batches: 81
NN avg batch size: 2.95062
PV: N5 R9 E10 L5 G9 D10
Tree:
: T 118.38c W 100.00c S  18.19c (+77.7 L +75.1) N     246  --  N5 R9 E10 L5 G9 D10
---White(^)---
N5  : T 118.57c W 100.00c S  18.35c (+77.9 L +75.3) LCB  118.09c P 72.51% WF 726.9 PSV     726 N     124  --  N5 R9 E10 L5 G9 D10
E10 : T 118.48c W 100.00c S  18.33c (+78.0 L +75.4) LCB  117.75c P 26.09% WF 448.2 PSV     245 N      77  --  E10 F8 H7 G8 N5 R9 L6
F8  : T 118.02c W 100.00c S  17.81c (+76.8 L +74.3) LCB  115.98c P  0.11% WF 127.2 PSV       0 N      23  --  F8 E10 N5 R9 L6 L3
R8  : T 117.51c W 100.00c S  17.24c (+76.0 L +73.5) LCB  108.70c P  0.08% WF  47.1 PSV       0 N       9  --  R8 N5 E10 F8
R9  : T 117.32c W 100.00c S  17.04c (+75.7 L +73.1) LCB  108.48c P  0.06% WF  46.6 PSV       0 N       9  --  R9 N5 E10 F8
R10 : T 116.17c W 100.00c S  16.53c (+75.2 L +72.7) LCB   42.20c P  0.06% WF  15.0 PSV       0 N       3  --  R10 N5

2025-09-14 09:33:38+0800: = N5
2025-09-14 09:33:42+0800: Controller: play B N4
2025-09-14 09:33:42+0800: = 
2025-09-14 09:33:42+0800: Controller: genmove W
2025-09-14 09:33:42+0800: MoveNum: 55 HASH: D6EA55646EE7E8A36148D77B4C086924
   A B C D E F G H J K L M N O P Q R S T
19 . . . . . . . . . . . . . . . O . O .
18 . . X X . . . . . . . . . . O . O X .
17 . X O X . . . . . . . . . . X O X . .
16 . X O X X . . . . . . . . . . O . . .
15 . O . O . . . . . . . . . . . . . . .
14 . . O . . . . . . . . . . . . . . . .
13 . . . . . . . . . . . . . . . . . . .
12 . . . . . . . . . . . . . . . . . . .
11 . . . . . . . . . . . . . . . . . . .
10 . . O . . . . . . X . . . . . . . . .
 9 . . . . . . . . . . . . . . . . . . .
 8 . . . . X . . . . . . . . . . . . . .
 7 . . . X . O X . . . . . . . . . . . .
 6 . . . X O . O . . . . . . . . . . . .
 5 . . X O . O . . . . . . O2. X X X1. .
 4 . . O O O . . . . . . . X3@ X O X O .
 3 . . . . . . . . . . . . . O O . O . .
 2 . . . . . . . . . . . . . . . O . . .
 1 . . . . . . . . . . . . . . . . . . .

koPOSITIONALscoreAREAtaxNONEsui1komi6.5
Time taken: 0.404313
Root visits: 222
New playouts: 222
NN rows: 219
NN batches: 74
NN avg batch size: 2.95946
PV: O4 R9 E10 L6 G9 K3
Tree:
: T 117.72c W 100.00c S  17.44c (+78.9 L +76.4) N     222  --  O4 R9 E10 L6 G9 K3
---White(^)---
O4  : T 118.06c W 100.00c S  17.76c (+79.4 L +76.9) LCB  117.68c P 99.65% WF 1033.8 PSV    1031 N     180  --  O4 R9 E10 L6 G9 K3
M4  : T 117.01c W 100.00c S  16.73c (+77.6 L +75.1) LCB  114.53c P  0.15% WF  90.2 PSV       0 N      18  --  M4 R9 E10 F8
E10 : T 114.79c W 100.00c S  14.94c (+75.5 L +72.7) LCB  109.76c P  0.03% WF  49.2 PSV       0 N      12  --  E10 O4 G9 B6
F8  : T 114.63c W 100.00c S  14.62c (+74.6 L +71.8) LCB  100.15c P  0.02% WF  28.0 PSV       0 N       7  --  F8 O4 E10 B6
G9  : T 113.60c W 100.00c S  13.69c (+73.3 L +70.5) LCB  -35.84c P  0.02% WF   7.7 PSV       0 N       2  --  G9 O4 E10 B6
F10 : T 111.65c W 100.00c S  11.65c (+70.1 L +67.0) LCB -238.35c P  0.01% WF   3.2 PSV       0 N       1  --  F10

2025-09-14 09:33:42+0800: = O4
2025-09-14 09:33:45+0800: Controller: play B O5
2025-09-14 09:33:45+0800: = 
2025-09-14 09:33:45+0800: Controller: genmove W
2025-09-14 09:33:46+0800: MoveNum: 57 HASH: DE8C5C2AA1F99CFDE52841BAB239CC4B
   A B C D E F G H J K L M N O P Q R S T
19 . . . . . . . . . . . . . . . O . O .
18 . . X X . . . . . . . . . . O . O X .
17 . X O X . . . . . . . . . . X O X . .
16 . X O X X . . . . . . . . . . O . . .
15 . O . O . . . . . . . . . . . . . . .
14 . . O . . . . . . . . . . . . . . . .
13 . . . . . . . . . . . . . . . . . . .
12 . . . . . . . . . . . . . . . . . . .
11 . . . . . . . . . . . . . . . . . . .
10 . . O . . . . . . X . . . . . . . . .
 9 . . . . . . . . . . . . . . . . . . .
 8 . . . . X . . . . . . . . . . . . . .
 7 . . . X . O X . . . . . . . . . . . .
 6 . . . X O . O . . . . . . . . . . . .
 5 . . X O . O . . . . . @ O X3X X X . .
 4 . . O O O . . . . . . . X1O2X O X O .
 3 . . . . . . . . . . . . . O O . O . .
 2 . . . . . . . . . . . . . . . O . . .
 1 . . . . . . . . . . . . . . . . . . .

koPOSITIONALscoreAREAtaxNONEsui1komi6.5
Time taken: 0.405802
Root visits: 166
New playouts: 166
NN rows: 166
NN batches: 56
NN avg batch size: 2.96429
PV: M5 L3 K5 H2
Tree:
: T 117.33c W 100.00c S  17.25c (+80.7 L +78.1) N     166  --  M5 L3 K5 H2
---White(^)---
M5  : T 117.88c W 100.00c S  17.72c (+81.1 L +78.6) LCB  116.67c P 17.27% WF 166.8 PSV     734 N      29  --  M5 L3 K5 H2
N6  : T 117.07c W 100.00c S  17.12c (+80.4 L +77.9) LCB  116.29c P 81.91% WF 396.2 PSV     397 N      76  --  N6 N3 L5 N2 S2 K3
R9  : T 117.56c W 100.00c S  17.32c (+80.9 L +78.2) LCB  115.80c P  0.04% WF 150.8 PSV       0 N      27  --  R9 N3 M5 N2 S2
R8  : T 117.62c W 100.00c S  17.33c (+81.0 L +78.3) LCB  115.78c P  0.03% WF 138.7 PSV       0 N      25  --  R8 N3 M5 N2 S2
Q9  : T 116.18c W  99.99c S  16.35c (+80.0 L +76.9) LCB   88.27c P  0.05% WF  26.7 PSV       0 N       5  --  Q9 N3
E10 : T 115.84c W 100.00c S  16.27c (+79.3 L +76.6) LCB   41.77c P  0.10% WF  15.0 PSV       0 N       3  --  E10 N3

2025-09-14 09:33:46+0800: = M5
2025-09-14 09:33:51+0800: Controller: play B L5
2025-09-14 09:33:51+0800: = 
2025-09-14 09:33:51+0800: Controller: genmove W
2025-09-14 09:33:51+0800: MoveNum: 59 HASH: B69F1714E6C1330F81B4DECE6F9CD805
   A B C D E F G H J K L M N O P Q R S T
19 . . . . . . . . . . . . . . . O . O .
18 . . X X . . . . . . . . . . O . O X .
17 . X O X . . . . . . . . . . X O X . .
16 . X O X X . . . . . . . . . . O . . .
15 . O . O . . . . . . . . . . . . . . .
14 . . O . . . . . . . . . . . . . . . .
13 . . . . . . . . . . . . . . . . . . .
12 . . . . . . . . . . . . . . . . . . .
11 . . . . . . . . . . . . . . . . . . .
10 . . O . . . . . . X . . . . . . . . .
 9 . . . . . . . . . . . . . . . . . . .
 8 . . . . X . . . . . . . . . . . . . .
 7 . . . X . O X . . . . . . . . . . . .
 6 . . . X O . O . . . . . . . . . . . .
 5 . . X O . O . . . . X3O2O X1X X X . .
 4 . . O O O . . . . . @ . X O X O X O .
 3 . . . . . . . . . . . . . O O . O . .
 2 . . . . . . . . . . . . . . . O . . .
 1 . . . . . . . . . . . . . . . . . . .

koPOSITIONALscoreAREAtaxNONEsui1komi6.5
Time taken: 0.40528
Root visits: 182
New playouts: 182
NN rows: 181
NN batches: 61
NN avg batch size: 2.96721
PV: L4 K4 L6 K5 K6 J6
Tree:
: T 117.48c W 100.00c S  17.43c (+81.7 L +79.1) N     182  --  L4 K4 L6 K5 K6 J6
---White(^)---
L4  : T 117.76c W 100.00c S  17.74c (+81.8 L +79.3) LCB  116.90c P 25.39% WF 295.2 PSV     552 N      52  --  L4 K4 L6 K5 K6 J6
M7  : T 117.37c W 100.00c S  17.32c (+81.7 L +79.1) LCB  116.60c P 53.04% WF 330.9 PSV     331 N      59  --  M7 L3 L6 K5 M4
L6  : T 117.59c W 100.00c S  17.53c (+82.1 L +79.4) LCB  116.38c P 19.83% WF 208.7 PSV     141 N      38  --  L6 K6 L7 K7 L8 L4
N7  : T 117.46c W 100.00c S  17.36c (+81.6 L +79.0) LCB  115.57c P  0.79% WF 121.2 PSV       5 N      22  --  N7 L4 Q8 S5
R9  : T 116.78c W 100.00c S  16.59c (+80.9 L +77.9) LCB   97.32c P  0.13% WF  31.9 PSV       0 N       6  --  R9 M4 N7
M4  : T 115.59c W 100.00c S  15.83c (+79.1 L +76.7) LCB   72.71c P  0.27% WF  20.4 PSV       0 N       4  --  M4 S3

2025-09-14 09:33:51+0800: = L4
2025-09-14 09:33:55+0800: Controller: play B K4
2025-09-14 09:33:55+0800: = 
2025-09-14 09:33:55+0800: Controller: genmove W
2025-09-14 09:33:55+0800: MoveNum: 61 HASH: 6138460AA8C0DFEDC745A5FF67E1D8A9
   A B C D E F G H J K L M N O P Q R S T
19 . . . . . . . . . . . . . . . O . O .
18 . . X X . . . . . . . . . . O . O X .
17 . X O X . . . . . . . . . . X O X . .
16 . X O X X . . . . . . . . . . O . . .
15 . O . O . . . . . . . . . . . . . . .
14 . . O . . . . . . . . . . . . . . . .
13 . . . . . . . . . . . . . . . . . . .
12 . . . . . . . . . . . . . . . . . . .
11 . . . . . . . . . . . . . . . . . . .
10 . . O . . . . . . X . . . . . . . . .
 9 . . . . . . . . . . . . . . . . . . .
 8 . . . . X . . . . . . . . . . . . . .
 7 . . . X . O X . . . . . . . . . . . .
 6 . . . X O . O . . . @ . . . . . . . .
 5 . . X O . O . . . . X1O O X X X X . .
 4 . . O O O . . . . X3O2. X O X O X O .
 3 . . . . . . . . . . . . . O O . O . .
 2 . . . . . . . . . . . . . . . O . . .
 1 . . . . . . . . . . . . . . . . . . .

koPOSITIONALscoreAREAtaxNONEsui1komi6.5
Time taken: 0.406244
Root visits: 154
New playouts: 139
NN rows: 132
NN batches: 44
NN avg batch size: 3
PV: L6 K5 K6 J6 J7 M4 L3 M6
Tree:
: T 116.52c W 100.00c S  16.42c (+80.9 L +78.3) N     154  --  L6 K5 K6 J6 J7 M4 L3
---White(^)---
L6  : T 116.46c W 100.00c S  16.45c (+81.2 L +78.6) LCB  115.53c P 61.83% WF 301.0 PSV     301 N      59  --  L6 K5 K6 J6 J7 M4 L3 M6
M4  : T 116.43c W 100.00c S  16.36c (+80.4 L +77.9) LCB  115.11c P 27.41% WF 150.2 PSV     131 N      27  --  M4 R9 E10 L6
N7  : T 116.20c W 100.00c S  16.03c (+80.4 L +77.9) LCB  114.00c P  6.10% WF 100.5 PSV      26 N      19  --  N7 L3 M4 R9 J3
M7  : T 116.65c W 100.00c S  16.38c (+80.8 L +78.2) LCB  115.37c P  4.34% WF 145.0 PSV      23 N      27  --  M7 L3 M4 R9 J7
L3  : T 116.95c W 100.00c S  16.90c (+81.0 L +78.5) LCB  114.94c P  0.24% WF 112.9 PSV       1 N      21  --  L3 R9 E10 F8

2025-09-14 09:33:55+0800: = L6
2025-09-14 09:34:00+0800: Controller: play B M4
2025-09-14 09:34:00+0800: = 
2025-09-14 09:34:00+0800: Controller: genmove W
2025-09-14 09:34:01+0800: MoveNum: 63 HASH: FE9D215228D7CEFBC490171B2546E209
   A B C D E F G H J K L M N O P Q R S T
19 . . . . . . . . . . . . . . . O . O .
18 . . X X . . . . . . . . . . O . O X .
17 . X O X . . . . . . . . . . X O X . .
16 . X O X X . . . . . . . . . . O . . .
15 . O . O . . . . . . . . . . . . . . .
14 . . O . . . . . . . . . . . . . . . .
13 . . . . . . . . . . . . . . . . . . .
12 . . . . . . . . . . . . . . . . . . .
11 . . . . . . . . . . . . . . . . . . .
10 . . O . . . . . . X . . . . . . . . .
 9 . . . . . . . . . . . . . . . . . . .
 8 . . . . X . . . . . . . . . . . . . .
 7 . . . X . O X . . . . . . . . . . . .
 6 . . . X O . O . . . O2. . . . . . . .
 5 . . X O . O . . . @ X O O X X X X . .
 4 . . O O O . . . . X1O X3X O X O X O .
 3 . . . . . . . . . . . . . O O . O . .
 2 . . . . . . . . . . . . . . . O . . .
 1 . . . . . . . . . . . . . . . . . . .

koPOSITIONALscoreAREAtaxNONEsui1komi6.5
Time taken: 0.406107
Root visits: 221
New playouts: 221
NN rows: 205
NN batches: 69
NN avg batch size: 2.97101
PV: K5 L3 L5 N2 J2 K2 J3 N3 S2
Tree:
: T 116.75c W 100.00c S  16.59c (+88.1 L +85.8) N     221  --  K5 L3 L5 N2 J2 K2 J3
---White(^)---
K5  : T 117.09c W 100.00c S  16.93c (+88.5 L +86.2) LCB  116.54c P 99.95% WF 974.3 PSV     973 N     193  --  K5 L3 L5 N2 J2 K2 J3 N3
L3  : T 115.18c W 100.00c S  15.15c (+86.0 L +83.5) LCB  112.26c P  0.04% WF  77.1 PSV       0 N      18  --  L3 K5 M7 K6 M8
J3  : T 102.31c W  99.98c S   2.22c (+68.3 L +65.3) LCB  -49.46c P  0.00% WF   3.2 PSV       0 N       2  --  J3 L3
K6  : T 101.77c W 100.00c S   1.77c (+67.7 L +65.0) LCB -248.23c P  0.00% WF   1.5 PSV       0 N       1  --  K6
J5  : T 100.49c W 100.00c S   0.49c (+65.9 L +63.3) LCB -249.51c P  0.00% WF   1.3 PSV       0 N       1  --  J5
J6  : T  99.72c W 100.00c S  -0.28c (+64.8 L +62.1) LCB -250.28c P  0.00% WF   1.3 PSV       0 N       1  --  J6
M7  : T  98.84c W 100.00c S  -1.16c (+63.5 L +60.7) LCB -251.16c P  0.00% WF   1.3 PSV       0 N       1  --  M7
N3  : T 100.89c W 100.00c S   0.89c (+66.6 L +63.9) LCB -249.11c P  0.00% WF   1.3 PSV       0 N       1  --  N3
J4  : T  97.54c W 100.00c S  -2.46c (+61.7 L +59.0) LCB -252.46c P  0.00% WF   1.2 PSV       0 N       1  --  J4
K7  : T  98.45c W 100.00c S  -1.55c (+62.8 L +60.0) LCB -251.55c P  0.00% WF   1.3 PSV       0 N       1  --  K7

2025-09-14 09:34:01+0800: = K5
2025-09-14 09:34:03+0800: Controller: play B L3
2025-09-14 09:34:03+0800: = 
2025-09-14 09:34:03+0800: Controller: genmove W
2025-09-14 09:34:04+0800: MoveNum: 65 HASH: BA49685BE803E52E9220017F61A3A146
   A B C D E F G H J K L M N O P Q R S T
19 . . . . . . . . . . . . . . . O . O .
18 . . X X . . . . . . . . . . O . O X .
17 . X O X . . . . . . . . . . X O X . .
16 . X O X X . . . . . . . . . . O . . .
15 . O . O . . . . . . . . . . . . . . .
14 . . O . . . . . . . . . . . . . . . .
13 . . . . . . . . . . . . . . . . . . .
12 . . . . . . . . . . . . . . . . . . .
11 . . . . . . . . . . . . . . . . . . .
10 . . O . . . . . . X . . . . . . . . .
 9 . . . . . . . . . . . . . . . . . . .
 8 . . . . X . . . . . . . . . . . . . .
 7 . . . X . O X . . . . . . . . . . . .
 6 . . . X O . O . . . O . . . . . . . .
 5 . . X O . O . . . O2@ O O X X X X . .
 4 . . O O O . . . . X O X1X O X O X O .
 3 . . . . . . . . . . X3. . O O . O . .
 2 . . . . . . . . . . . . . . . O . . .
 1 . . . . . . . . . . . . . . . . . . .

koPOSITIONALscoreAREAtaxNONEsui1komi6.5
Time taken: 0.335098
Root visits: 246
New playouts: 115
NN rows: 108
NN batches: 36
NN avg batch size: 3
PV: L5 N2 K2 K3 J2 S5 S3 H3
Tree:
: T 117.00c W 100.00c S  16.97c (+88.1 L +85.9) N     246  --  L5 N2 K2 K3 J2 S5 S3
---White(^)---
L5  : T 117.11c W 100.00c S  17.08c (+88.3 L +86.1) LCB  116.51c P 99.78% WF 1150.6 PSV    1150 N     230  --  L5 N2 K2 K3 J2 S5 S3 H3
J5  : T 115.10c W 100.00c S  14.88c (+85.0 L +82.6) LCB  103.92c P  0.02% WF  32.2 PSV       0 N       8  --  J5 L5 E10
J4  : T 114.06c W 100.00c S  14.41c (+84.2 L +81.7) LCB   94.07c P  0.08% WF  20.3 PSV       0 N       6  --  J4 L5 E10 L4

2025-09-14 09:34:04+0800: = L5
2025-09-14 09:34:07+0800: Controller: play B J5
2025-09-14 09:34:07+0800: = 
2025-09-14 09:34:07+0800: Controller: genmove W
2025-09-14 09:34:07+0800: MoveNum: 67 HASH: C74D8027774DAE636F2844BB8B5F3830
   A B C D E F G H J K L M N O P Q R S T
19 . . . . . . . . . . . . . . . O . O .
18 . . X X . . . . . . . . . . O . O X .
17 . X O X . . . . . . . . . . X O X . .
16 . X O X X . . . . . . . . . . O . . .
15 . O . O . . . . . . . . . . . . . . .
14 . . O . . . . . . . . . . . . . . . .
13 . . . . . . . . . . . . . . . . . . .
12 . . . . . . . . . . . . . . . . . . .
11 . . . . . . . . . . . . . . . . . . .
10 . . O . . . . . . X . . . . . . . . .
 9 . . . . . . . . . . . . . . . . . . .
 8 . . . . X . . . . . . . . . . . @ . .
 7 . . . X . O X . . . . . . . . . . . .
 6 . . . X O . O . . . O . . . . . . . .
 5 . . X O . O . . X3O O2O O X X X X . .
 4 . . O O O . . . . X O X X O X O X O .
 3 . . . . . . . . . . X1. . O O . O . .
 2 . . . . . . . . . . . . . . . O . . .
 1 . . . . . . . . . . . . . . . . . . .

koPOSITIONALscoreAREAtaxNONEsui1komi6.5
Time taken: 0.392293
Root visits: 246
New playouts: 246
NN rows: 242
NN batches: 82
NN avg batch size: 2.95122
PV: R8 P8 Q10 J3 M3
Tree:
: T 118.68c W 100.00c S  18.43c (+92.0 L +89.7) N     246  --  R8 P8 Q10 J3 M3
---White(^)---
R8  : T 119.25c W 100.00c S  18.97c (+93.1 L +90.8) LCB  118.11c P 14.65% WF 275.6 PSV     590 N      49  --  R8 P8 Q10 J3 M3
K3  : T 118.70c W 100.00c S  18.38c (+91.5 L +89.2) LCB  117.99c P 52.95% WF 467.5 PSV     468 N      84  --  K3 R9 E10 J4 L2
R9  : T 118.88c W 100.00c S  18.67c (+92.6 L +90.3) LCB  117.52c P  9.44% WF 234.9 PSV      95 N      42  --  R9 P9 K3 J4 L2
J6  : T 117.54c W 100.00c S  17.61c (+90.8 L +88.6) LCB  115.51c P 12.13% WF 106.0 PSV      61 N      21  --  J6 N2 J2 K2
M3  : T 117.80c W 100.00c S  17.55c (+90.2 L +88.0) LCB  115.14c P  7.42% WF  88.1 PSV      41 N      16  --  M3 R9 E10 F8
Q9  : T 118.75c W 100.00c S  18.45c (+92.3 L +90.1) LCB  116.90c P  1.58% WF 170.0 PSV      14 N      31  --  Q9 J3 M3 M2 K2
E10 : T 117.29c W 100.00c S  17.90c (+91.6 L +89.0) LCB  -31.87c P  0.98% WF  10.5 PSV       4 N       2  --  E10 J3

2025-09-14 09:34:07+0800: = R8
2025-09-14 09:34:11+0800: Controller: play B J6
2025-09-14 09:34:11+0800: = 
2025-09-14 09:34:11+0800: Controller: genmove W
2025-09-14 09:34:11+0800: MoveNum: 69 HASH: 9813B9F09C6B2DB2461F65D31A76734C
   A B C D E F G H J K L M N O P Q R S T
19 . . . . . . . . . . . . . . . O . O .
18 . . X X . . . . . . . . . . O . O X .
17 . X O X . . . . . . . . . . X O X . .
16 . X O X X . . . . . . . . . . O . . .
15 . O . O . . . . . . . . . . . . . . .
14 . . O . . . . . . . . . . . . . . . .
13 . . . . . . . . . . . . . . . . . . .
12 . . . . . . . . . . . . . . . . . . .
11 . . . . . . . . . . . . . . . . . . .
10 . . O . . . . . . X . . . . . . . . .
 9 . . . . . . . . . . . . . . . . . . .
 8 . . . . X . . . . . . . . . @ . O2. .
 7 . . . X . O X . . . . . . . . . . . .
 6 . . . X O . O . X3. O . . . . . . . .
 5 . . X O . O . . X1O O O O X X X X . .
 4 . . O O O . . . . X O X X O X O X O .
 3 . . . . . . . . . . X . . O O . O . .
 2 . . . . . . . . . . . . . . . O . . .
 1 . . . . . . . . . . . . . . . . . . .

koPOSITIONALscoreAREAtaxNONEsui1komi6.5
Time taken: 0.390968
Root visits: 246
New playouts: 246
NN rows: 239
NN batches: 80
NN avg batch size: 2.9875
PV: O8 F8 J4 K3 J3 J2
Tree:
: T 119.07c W 100.00c S  18.89c (+96.6 L +94.4) N     246  --  O8 F8 J4 K3 J3 J2
---White(^)---
O8  : T 119.27c W 100.00c S  18.98c (+96.8 L +94.5) LCB  118.27c P 37.57% WF 389.5 PSV     490 N      70  --  O8 F8 J4 K3 J3 J2
P8  : T 119.26c W 100.00c S  19.12c (+97.1 L +94.9) LCB  118.21c P 43.90% WF 444.8 PSV     444 N      80  --  P8 F8 H7 G8 J4 K3 J3
M3  : T 118.12c W 100.00c S  18.28c (+95.5 L +93.3) LCB  116.38c P 12.12% WF 135.9 PSV      66 N      24  --  M3 S3 S2 F8
K3  : T 119.23c W 100.00c S  18.94c (+96.3 L +94.0) LCB  117.84c P  2.75% WF 186.4 PSV      27 N      33  --  K3 J4 L2 F8 H7 G8
J4  : T 117.16c W 100.00c S  17.07c (+93.2 L +90.9) LCB   97.53c P  2.46% WF  30.7 PSV       9 N       6  --  J4 K3 J3
F8  : T 119.16c W 100.00c S  18.96c (+97.0 L +94.7) LCB  117.81c P  0.17% WF 176.4 PSV       1 N      32  --  F8 M3 K3 J4 K2 L7

2025-09-14 09:34:11+0800: = P8
2025-09-14 09:34:15+0800: Controller: play B K7
2025-09-14 09:34:15+0800: = 
2025-09-14 09:34:15+0800: Controller: genmove W
2025-09-14 09:34:16+0800: MoveNum: 71 HASH: 3CBF8A2D52D39D16A42DA3BCF4885B8E
   A B C D E F G H J K L M N O P Q R S T
19 . . . . . . . . . . . . . . . O . O .
18 . . X X . . . . . . . . . . O . O X .
17 . X O X . . . . . . . . . . X O X . .
16 . X O X X . . . . . . . . . . O . . .
15 . O . O . . . . . . . . . . . . . . .
14 . . O . . . . . . . . . . . . . . . .
13 . . . . . . . . . . . . . . . . . . .
12 . . . . . . . . . . . . . . . . . . .
11 . . . . . . . . . . . . . . . . . . .
10 . . O . . . . . . X . . . . . . . . .
 9 . . . . . . . . . . . . . . . . . . .
 8 . . . . X . . . . . . @ . . O2. O . .
 7 . . . X . O X . . X3. . . . . . . . .
 6 . . . X O . O . X1. O . . . . . . . .
 5 . . X O . O . . X O O O O X X X X . .
 4 . . O O O . . . . X O X X O X O X O .
 3 . . . . . . . . . . X . . O O . O . .
 2 . . . . . . . . . . . . . . . O . . .
 1 . . . . . . . . . . . . . . . . . . .

koPOSITIONALscoreAREAtaxNONEsui1komi6.5
Time taken: 0.406105
Root visits: 124
New playouts: 124
NN rows: 124
NN batches: 42
NN avg batch size: 2.95238
PV: M8 J3 M3 F8 Q12
Tree:
: T 117.92c W 100.00c S  17.87c (+96.8 L +94.6) N     124  --  M8 J3 M3 F8 Q12
---White(^)---
M8  : T 119.35c W 100.00c S  19.20c (+98.9 L +96.8) LCB  117.79c P 33.70% WF 185.7 PSV     340 N      33  --  M8 J3 M3 F8 Q12
M3  : T 117.59c W 100.00c S  17.67c (+96.3 L +94.1) LCB  116.26c P 41.80% WF 171.6 PSV     111 N      32  --  M3 F8 H7 G8 H6 J3
J4  : T 116.31c W 100.00c S  16.17c (+94.2 L +92.0) LCB  114.06c P 20.22% WF 103.2 PSV      39 N      23  --  J4 K3 J3 N2 M8
K3  : T 117.36c W 100.00c S  17.45c (+95.9 L +93.6) LCB  108.49c P  3.33% WF  45.8 PSV       8 N       9  --  K3 J4 L2 F8
N8  : T 118.10c W 100.00c S  18.00c (+96.8 L +94.7) LCB  115.57c P  0.18% WF 100.8 PSV       0 N      19  --  N8 J3 M3 F8 H7
F8  : T 117.12c W 100.00c S  17.20c (+96.4 L +94.0) LCB  102.56c P  0.16% WF  33.9 PSV       0 N       7  --  F8 M3 K3

2025-09-14 09:34:16+0800: = M8
2025-09-14 09:34:21+0800: Controller: play B L7
2025-09-14 09:34:21+0800: = 
2025-09-14 09:34:21+0800: Controller: genmove W
2025-09-14 09:34:21+0800: MoveNum: 73 HASH: 821AB1C55A0BFC647D737612898622FC
   A B C D E F G H J K L M N O P Q R S T
19 . . . . . . . . . . . . . . . O . O .
18 . . X X . . . . . . . . . . O . O X .
17 . X O X . . . . . . . . . . X O X . .
16 . X O X X . . . . . . . . . . O . . .
15 . O . O . . . . . . . . . . . . . . .
14 . . O . . . . . . . . . . . . . . . .
13 . . . . . . . . . . . . . . . . . . .
12 . . . . . . . . . . . . . . . . . . .
11 . . . . . . . . . . . . . . . . . . .
10 . . O . . . . . . X . . . . . . . . .
 9 . . . . . . . . . . . . . . . . . . .
 8 . . . . X . . . . . . O2. . O . O . .
 7 . . . X . O X . . X1X3@ . . . . . . .
 6 . . . X O . O . X . O . . . . . . . .
 5 . . X O . O . . X O O O O X X X X . .
 4 . . O O O . . . . X O X X O X O X O .
 3 . . . . . . . . . . X . . O O . O . .
 2 . . . . . . . . . . . . . . . O . . .
 1 . . . . . . . . . . . . . . . . . . .

koPOSITIONALscoreAREAtaxNONEsui1komi6.5
Time taken: 0.405716
Root visits: 180
New playouts: 180
NN rows: 177
NN batches: 60
NN avg batch size: 2.95
PV: M7 J3 M3 F8 Q12 C12 D12
Tree:
: T 117.66c W 100.00c S  17.48c (+98.6 L +96.4) N     180  --  M7 J3 M3 F8 Q12 C12 D12
---White(^)---
M7  : T 118.04c W 100.00c S  17.84c (+99.1 L +96.9) LCB  117.35c P 99.19% WF 783.0 PSV     781 N     147  --  M7 J3 M3 F8 Q12 C12 D12
M3  : T 115.53c W 100.00c S  15.45c (+95.4 L +93.1) LCB  106.73c P  0.46% WF  38.4 PSV       1 N       9  --  M3 M7 O7 F8
K3  : T 116.17c W 100.00c S  16.06c (+96.3 L +94.1) LCB  111.68c P  0.03% WF  56.0 PSV       0 N      13  --  K3 J4 M7 K2
J4  : T 113.63c W 100.00c S  13.74c (+92.9 L +90.5) LCB   93.56c P  0.22% WF  18.3 PSV       0 N       6  --  J4 K3 H4
N7  : T 113.83c W 100.00c S  13.87c (+92.9 L +90.5) LCB  -36.85c P  0.02% WF   7.0 PSV       0 N       2  --  N7 J3
N6  : T 113.55c W 100.00c S  13.82c (+92.9 L +90.7) LCB  -36.64c P  0.02% WF   6.9 PSV       0 N       2  --  N6 J3

2025-09-14 09:34:21+0800: = M7
2025-09-14 09:34:30+0800: Controller: play B M6
2025-09-14 09:34:30+0800: = 
2025-09-14 09:34:30+0800: Controller: genmove W
2025-09-14 09:34:30+0800: MoveNum: 75 HASH: FCAC06BC9A27B04DD5C11A0A8713E9FC
   A B C D E F G H J K L M N O P Q R S T
19 . . . . . . . . . . . . . . . O . O .
18 . . X X . . . . . . . . . . O . O X .
17 . X O X . . . . . . . . . . X O X . .
16 . X O X X . . . . . . . . . . O . . .
15 . O . O . . . . . . . . . . . . . . .
14 . . O . . . . . . . . . . . . . . . .
13 . . . . . . . . . . . . . . . . . . .
12 . . . . . . . . . . . . . . . . . . .
11 . . . . . . . . . . . . . . . . . . .
10 . . O . . . . . . X . . . . . . . . .
 9 . . . . . . . . . . . . . . . . . . .
 8 . . . . X . . . . . . O . . O . O . .
 7 . . . X . O X . . X X1O2. . . . . . .
 6 . . . X O . O . X . O X3. . . . . . .
 5 . . X O . O . . X O O O O X X X X . .
 4 . . O O O . . . . X O X X O X O X O .
 3 . . . . . . . . . . X @ . O O . O . .
 2 . . . . . . . . . . . . . . . O . . .
 1 . . . . . . . . . . . . . . . . . . .

koPOSITIONALscoreAREAtaxNONEsui1komi6.5
Time taken: 0.4044
Root visits: 187
New playouts: 187
NN rows: 184
NN batches: 62
NN avg batch size: 2.96774
PV: M3 F8 R11 N6 N3 O8
Tree:
: T 118.13c W 100.00c S  18.13c (+103.0 L +100.8) N     187  --  M3 F8 R11 N6 N3 O8
---White(^)---
M3  : T 118.80c W 100.00c S  18.63c (+103.9 L +101.8) LCB  117.76c P 31.38% WF 299.3 PSV    1053 N      55  --  M3 F8 R11 N6 N3 O8
N6  : T 117.81c W 100.00c S  17.85c (+102.4 L +100.3) LCB  116.97c P 59.93% WF 395.3 PSV     397 N      74  --  N6 J3 M3 F8 H4 J4
K3  : T 118.64c W 100.00c S  18.81c (+104.0 L +102.0) LCB  117.38c P  7.67% WF 187.1 PSV      97 N      35  --  K3 J4 L2 F8 R11 C12
J4  : T 115.49c W 100.00c S  15.46c (+98.9 L +96.7) LCB   87.29c P  0.93% WF  20.8 PSV       2 N       5  --  J4 K3 M3
O6  : T 116.90c W 100.00c S  17.10c (+101.2 L +99.0) LCB  112.34c P  0.06% WF  63.9 PSV       0 N      13  --  O6 J3 M3 F8
N7  : T 116.11c W 100.00c S  15.96c (+99.2 L +96.7) LCB   73.18c P  0.02% WF  16.0 PSV       0 N       4  --  N7 J3 M3

2025-09-14 09:34:30+0800: = M3
2025-09-14 09:34:43+0800: Controller: play B N6
2025-09-14 09:34:43+0800: = 
2025-09-14 09:34:43+0800: Controller: genmove W
2025-09-14 09:34:43+0800: MoveNum: 77 HASH: A2DA23D263CC8ED05C29A84590C6AE80
   A B C D E F G H J K L M N O P Q R S T
19 . . . . . . . . . . . . . . . O . O .
18 . . X X . . . . . . . . . . O . O X .
17 . X O X . . . . . . . . . . X O X . .
16 . X O X X . . . . . . . . . . O . . .
15 . O . O . . . . . . . . . . . . . . .
14 . . O . . . . . . . . . . . . . . . .
13 . . . . . . . . . . . . . . . . . . .
12 . . . . . . . . . . . . . . . . . . .
11 . . . . . . . . . . . . . . . . . . .
10 . . O . . . . . . X . . . . . . . . .
 9 . . . . . . . . . . . . . . . . . . .
 8 . . . . X . . . . . . O . . O . O . .
 7 . . . X . O X . . X X O . . . . . . .
 6 . . . X O . O . X . O X1X3. . . . . .
 5 . . X O . O . . X O O O O X X X X . .
 4 . . O O O . . . . X O X X O X O X O .
 3 . . . . . . . . . . X O2@ O O . O . .
 2 . . . . . . . . . . . . . . . O . . .
 1 . . . . . . . . . . . . . . . . . . .

koPOSITIONALscoreAREAtaxNONEsui1komi6.5
Time taken: 0.404956
Root visits: 171
New playouts: 163
NN rows: 151
NN batches: 51
NN avg batch size: 2.96078
PV: N3 F8 H7 G8 H6 C12 D12 D13
Tree:
: T 117.22c W 100.00c S  16.98c (+105.7 L +103.6) N     171  --  N3 F8 H7 G8 H6 C12 D12
---White(^)---
N3  : T 117.30c W 100.00c S  17.11c (+105.8 L +103.7) LCB  116.57c P 100.00% WF 822.2 PSV     822 N     167  --  N3 F8 H7 G8 H6 C12 D12 D13
K3  : T  80.46c W  99.98c S -19.52c (+38.3 L +35.1) LCB -269.54c P  0.00% WF   0.5 PSV       0 N       1  --  K3
O6  : T  80.33c W  99.96c S -19.64c (+37.3 L +33.7) LCB -269.67c P  0.00% WF   0.4 PSV       0 N       1  --  O6
E10 : T  83.10c W  99.99c S -16.89c (+47.3 L +44.0) LCB -266.90c P  0.00% WF   0.6 PSV       0 N       1  --  E10

2025-09-14 09:34:43+0800: = N3
2025-09-14 09:34:51+0800: Controller: play B M2
2025-09-14 09:34:51+0800: = 
2025-09-14 09:34:51+0800: Controller: genmove W
2025-09-14 09:34:51+0800: MoveNum: 79 HASH: F235C660DBA433ADD16A526E9CA4CBB9
   A B C D E F G H J K L M N O P Q R S T
19 . . . . . . . . . . . . . . . O . O .
18 . . X X . . . . . . . . . . O . O X .
17 . X O X . . . . . . . . . . X O X . .
16 . X O X X . . . . . . . . . . O . . .
15 . O . O . . . . . . . . . . . . . . .
14 . . O . . . . . . . . . . . . . . . .
13 . . . . . . . . . . . . . . . . . . .
12 . . . . . . . . . . . . . . . . . . .
11 . . . . . . . . . . . . . . . . . . .
10 . . O . . . . . . X . . . . . . . . .
 9 . . . . . . . . . . . . . . . . . . .
 8 . . . . X . . . . . . O . . O . O . .
 7 . . . X . O X . . X X O . . . . . . .
 6 . . . X O . O . X . O X X1. . . . . .
 5 . . X O . O . . X O O O O X X X X . .
 4 . . O O O . . . @ X O . . O X O X O .
 3 . . . . . . . . . . X O O2O O . O . .
 2 . . . . . . . . . . . X3. . . O . . .
 1 . . . . . . . . . . . . . . . . . . .

koPOSITIONALscoreAREAtaxNONEsui1komi6.5
Time taken: 0.407729
Root visits: 153
New playouts: 153
NN rows: 151
NN batches: 51
NN avg batch size: 2.96078
PV: J4 F8 R11 O8 O7
Tree:
: T 118.06c W 100.00c S  17.87c (+115.3 L +113.2) N     153  --  J4 F8 R11 O8 O7
---White(^)---
J4  : T 118.31c W 100.00c S  18.09c (+115.5 L +113.5) LCB  117.55c P 82.95% WF 368.9 PSV     368 N      70  --  J4 F8 R11 O8 O7
K9  : T 118.14c W 100.00c S  18.06c (+116.0 L +113.9) LCB  116.29c P  6.28% WF 129.3 PSV      26 N      25  --  K9 J3 J10 K2
F8  : T 118.00c W 100.00c S  17.69c (+115.0 L +113.0) LCB  116.14c P  4.85% WF 139.6 PSV      19 N      27  --  F8 J3 E10 O8
R11 : T 116.76c W 100.00c S  16.71c (+113.5 L +111.4) LCB   97.33c P  2.08% WF  31.7 PSV       5 N       6  --  R11 J3 M10
M10 : T 117.92c W 100.00c S  17.72c (+114.6 L +112.5) LCB  115.72c P  1.02% WF 112.6 PSV       3 N      22  --  M10 J3 F8 E10
G8  : T 115.73c W 100.00c S  16.47c (+112.8 L +111.0) LCB  -33.23c P  0.62% WF   9.8 PSV       1 N       2  --  G8 J3

2025-09-14 09:34:51+0800: = J4
2025-09-14 09:34:55+0800: Controller: play B O2
2025-09-14 09:34:55+0800: = 
2025-09-14 09:34:55+0800: Controller: genmove W
2025-09-14 09:34:55+0800: MoveNum: 81 HASH: 0FCC2B92B933EE65093C53CFF2470C1D
   A B C D E F G H J K L M N O P Q R S T
19 . . . . . . . . . . . . . . . O . O .
18 . . X X . . . . . . . . . . O . O X .
17 . X O X . . . . . . . . . . X O X . .
16 . X O X X . . . . . . . . . . O . . .
15 . O . O . . . . . . . . . . . . . . .
14 . . O . . . . . . . . . . . . . . . .
13 . . . . . . . . . . . . . . . . . . .
12 . . . . . . . . . . . . . . . . . . .
11 . . . . . . . . . . . . . . . . . . .
10 . . O . . . . . . X . . . . . . . . .
 9 . . . . . . . . . . . . . . . . . . .
 8 . . . . X @ . . . . . O . . O . O . .
 7 . . . X . O X . . X X O . . . . . . .
 6 . . . X O . O . X . O X X . . . . . .
 5 . . X O . O . . X O O O O X X X X . .
 4 . . O O O . . . O2X O . . O X O X O .
 3 . . . . . . . . . . X O O O O . O . .
 2 . . . . . . . . . . . X1. X3. O . . .
 1 . . . . . . . . . . . . . . . . . . .

koPOSITIONALscoreAREAtaxNONEsui1komi6.5
Time taken: 0.406991
Root visits: 110
New playouts: 110
NN rows: 110
NN batches: 38
NN avg batch size: 2.89474
PV: F8 K3 J3 J2 H2 K2 E10
Tree:
: T 117.35c W 100.00c S  17.25c (+126.9 L +125.0) N     110  --  F8 K3 J3 J2 H2 K2 E10
---White(^)---
F8  : T 117.89c W 100.00c S  17.70c (+127.6 L +125.8) LCB  116.57c P 48.83% WF 159.3 PSV     159 N      31  --  F8 K3 J3 J2 H2 K2 E10
R11 : T 117.04c W 100.00c S  16.85c (+126.0 L +124.0) LCB  114.48c P 16.33% WF  85.9 PSV      40 N      18  --  R11 K3 J3 J2 H2 K2 G3
M10 : T 117.36c W 100.00c S  17.22c (+126.5 L +124.6) LCB  115.21c P 10.05% WF  97.4 PSV      27 N      20  --  M10 K3 J3 J2 H2 K2 F8
G9  : T 117.19c W 100.00c S  17.22c (+127.1 L +125.3) LCB  114.73c P  8.82% WF  92.3 PSV      22 N      18  --  G9 K3 J3 J2 H2 K2
K9  : T 116.99c W 100.00c S  16.95c (+126.7 L +124.6) LCB  112.34c P  7.18% WF  64.7 PSV      17 N      13  --  K9 K3 J3 J2
L10 : T 117.12c W 100.00c S  17.18c (+127.1 L +125.0) LCB  102.61c P  1.69% WF  35.3 PSV       4 N       7  --  L10 K3 J3 J2
G8  : T 116.68c W 100.00c S  16.79c (+126.0 L +123.8) LCB  -33.52c P  1.37% WF   9.8 PSV       3 N       2  --  G8 K3

2025-09-14 09:34:55+0800: = F8
2025-09-14 09:35:00+0800: Controller: play B P2
2025-09-14 09:35:00+0800: = 
2025-09-14 09:35:00+0800: Controller: genmove W
2025-09-14 09:35:00+0800: MoveNum: 83 HASH: 7B528E80CD8357339D58EBC5FA21219A
   A B C D E F G H J K L M N O P Q R S T
19 . . . . . . . . . . . . . . . O . O .
18 . . X X . . . . . . . . . . O . O X .
17 . X O X . . . . . . . . . . X O X . .
16 . X O X X . . . . . . . . . . O . . .
15 . O . O . . . . . . . . . . . . . . .
14 . . O . . . . . . . . . . . . . . . .
13 . . . . . . . . . . . . . . . . . . .
12 . . . . . . . . . . . . . . . . . . .
11 . . . . . . . . . . . . . . . . . . .
10 . . O . . . . . . X . . . . . . . . .
 9 . . . . . . . . . . . . . . . . . . .
 8 . . . . X O2. . . . . O . . O . O . .
 7 . . . X . O X . . X X O . . . . . . .
 6 . . . X O . O . X . O X X . . . . . .
 5 . . X O . O . . X O O O O X X X X . .
 4 . . O O O . . . O X O . . O X O X O .
 3 . . . . . . . . . @ X O O O O . O . .
 2 . . . . . . . . . . . X . X1X3O . . .
 1 . . . . . . . . . . . . . . . . . . .

koPOSITIONALscoreAREAtaxNONEsui1komi6.5
Time taken: 0.377484
Root visits: 246
New playouts: 246
NN rows: 239
NN batches: 81
NN avg batch size: 2.95062
PV: K3 S5 S3 O8 O7 P7 P9
Tree:
: T 118.99c W 100.00c S  18.82c (+137.4 L +135.8) N     246  --  K3 S5 S3 O8 O7 P7 P9
---White(^)---
K3  : T 119.35c W 100.00c S  19.19c (+138.0 L +136.4) LCB  118.85c P 94.88% WF 1033.7 PSV    1031 N     206  --  K3 S5 S3 O8 O7 P7 P9
O6  : T 115.68c W 100.00c S  15.83c (+132.7 L +131.0) LCB  101.19c P  2.44% WF  30.6 PSV       6 N       7  --  O6 K3 J3 J2
E10 : T 114.09c W 100.00c S  14.06c (+130.0 L +128.6) LCB   39.75c P  2.13% WF  10.3 PSV       4 N       3  --  E10 K3
H4  : T 117.73c W 100.00c S  17.45c (+134.9 L +133.4) LCB  114.76c P  0.03% WF  68.4 PSV       0 N      16  --  H4 S5 S2 N2 K3
N2  : T 116.91c W 100.00c S  16.43c (+133.4 L +131.6) LCB  111.85c P  0.03% WF  50.4 PSV       0 N      12  --  N2 D10 C11
M10 : T 113.79c W 100.00c S  13.79c (+129.5 L +127.5) LCB -236.21c P  0.28% WF   3.1 PSV       0 N       1  --  M10

2025-09-14 09:35:00+0800: = K3
2025-09-14 09:35:04+0800: Controller: play B H4
2025-09-14 09:35:04+0800: = 
2025-09-14 09:35:04+0800: Controller: genmove W
2025-09-14 09:35:04+0800: MoveNum: 85 HASH: 5F9EBD94F28C65BBF4E2F6B9D72A82BA
   A B C D E F G H J K L M N O P Q R S T
19 . . . . . . . . . . . . . . . O . O .
18 . . X X . . . . . . . . . . O . O X .
17 . X O X . . . . . . . . . . X O X . .
16 . X O X X . . . . . . . . . . O . . .
15 . O . O . . . . . . . . . . . . . . .
14 . . O . . . . . . . . . . . . . . . .
13 . . . . . . . . . . . . . . . . . . .
12 . . . . . . . . . . . . . . . . . . .
11 . . . . . . . . . . . . . . . . . . .
10 . . O . . . . . . X . @ . . . . . . .
 9 . . . . . . . . . . . . . . . . . . .
 8 . . . . X O . . . . . O . . O . O . .
 7 . . . X . O X . . X X O . . . . . . .
 6 . . . X O . O . X . O X X . . . . . .
 5 . . X O . O . . X O O O O X X X X . .
 4 . . O O O . . X3O . O . . O X O X O .
 3 . . . . . . . . . O2X O O O O . O . .
 2 . . . . . . . . . . . X . X X1O . . .
 1 . . . . . . . . . . . . . . . . . . .

koPOSITIONALscoreAREAtaxNONEsui1komi6.5
Time taken: 0.4054
Root visits: 141
New playouts: 141
NN rows: 139
NN batches: 47
NN avg batch size: 2.95745
PV: M10 S5 S2 R10
Tree:
: T 116.21c W 100.00c S  16.22c (+145.9 L +144.1) N     141  --  M10 S5 S2 R10
---White(^)---
M10 : T 116.49c W 100.00c S  16.45c (+146.3 L +144.6) LCB  115.72c P 38.31% WF 174.9 PSV     253 N      38  --  M10 S5 S2 R10
E10 : T 116.06c W 100.00c S  15.99c (+145.3 L +143.5) LCB  114.85c P 39.37% WF 111.1 PSV     112 N      26  --  E10 S5 S7 S3 S2
K9  : T 116.01c W 100.00c S  16.06c (+145.6 L +143.8) LCB  114.44c P 12.24% WF 105.2 PSV      44 N      24  --  K9 S5 S7 S3
L9  : T 115.79c W 100.00c S  16.02c (+145.4 L +143.8) LCB  113.55c P  6.42% WF  94.2 PSV      21 N      22  --  L9 S5 S7 S3
L10 : T 116.70c W 100.00c S  16.66c (+146.8 L +145.0) LCB  114.83c P  1.96% WF 100.3 PSV      10 N      22  --  L10 S5 S2 O8
M11 : T 115.45c W 100.00c S  15.51c (+144.6 L +142.8) LCB  104.23c P  0.24% WF  33.2 PSV       0 N       8  --  M11 J3 K4

2025-09-14 09:35:04+0800: = M10
2025-09-14 09:35:15+0800: Controller: play B J2
2025-09-14 09:35:15+0800: = 
2025-09-14 09:35:15+0800: Controller: genmove W
2025-09-14 09:35:15+0800: MoveNum: 87 HASH: AC530E0F47A8C5B5F2089F056C892CB0
   A B C D E F G H J K L M N O P Q R S T
19 . . . . . . . . . . . . . . . O . O .
18 . . X X . . . . . . . . . . O . O X .
17 . X O X . . . . . . . . . . X O X . .
16 . X O X X . . . . . . . . . . O . . .
15 . O . O . . . . . . . . . . . . . . .
14 . . O . . . . . . . . . . . . . . . .
13 . . . . . . . . . . . . . . . . . . .
12 . . . . . . . . . . . . . . . . . . .
11 . . . . . . . . . . . . . . . . . . .
10 . . O . . . . . . X . O2. . . . . . .
 9 . . . . . . . . . . . . . . . . . . .
 8 . . . . X O . . . . . O . . O . O . .
 7 . . . X . O X . . X X O . . . . . . .
 6 . . . X O . O . X . O X X . . . . . .
 5 . . X O . O . @ X O O O O X X X X . .
 4 . . O O O . . X1O . O . . O X O X O .
 3 . . . . . . . . . O X O O O O . O . .
 2 . . . . . . . . X3. . X . X X O . . .
 1 . . . . . . . . . . . . . . . . . . .

koPOSITIONALscoreAREAtaxNONEsui1komi6.5
Time taken: 0.405968
Root visits: 219
New playouts: 219
NN rows: 217
NN batches: 73
NN avg batch size: 2.9726
PV: H5 S5 S2 J3 K4
Tree:
: T 115.69c W 100.00c S  15.69c (+148.8 L +147.1) N     219  --  H5 S5 S2 J3 K4
---White(^)---
H5  : T 116.03c W 100.00c S  16.02c (+149.0 L +147.4) LCB  115.18c P 36.46% WF 287.4 PSV     287 N      64  --  H5 S5 S2 J3 K4
E10 : T 115.82c W 100.00c S  15.80c (+148.9 L +147.4) LCB  114.80c P 24.27% WF 181.4 PSV     166 N      42  --  E10 J3 K4 K2 L2 H6
R11 : T 115.81c W 100.00c S  15.73c (+148.9 L +147.3) LCB  114.44c P 15.12% WF 166.2 PSV     102 N      39  --  R11 J3 K4 K2 L2 L1
L12 : T 115.68c W 100.00c S  15.63c (+149.1 L +147.4) LCB  114.37c P 11.64% WF 155.4 PSV      73 N      37  --  L12 J3 K4 K2 L2 L1
R12 : T 114.99c W 100.00c S  15.14c (+147.8 L +146.1) LCB  113.47c P  5.84% WF 121.3 PSV      26 N      30  --  R12 J3 K4 K2 L2
K11 : T 113.12c W 100.00c S  13.80c (+145.8 L +144.2) LCB   91.90c P  2.72% WF  21.7 PSV       6 N       6  --  K11 J3 K4

2025-09-14 09:35:15+0800: = H5
2025-09-14 09:35:20+0800: Controller: play B H3
2025-09-14 09:35:20+0800: = 
2025-09-14 09:35:20+0800: Controller: genmove W
2025-09-14 09:35:21+0800: MoveNum: 89 HASH: CFE84729EA61FA374BE7F24E61EA0ABD
   A B C D E F G H J K L M N O P Q R S T
19 . . . . . . . . . . . . . . . O . O .
18 . . X X . . . . . . . . . . O . O X .
17 . X O X . . . . . . . . . . X O X . .
16 . X O X X . . . . . . . . . . O . . .
15 . O . O . . . . . . . . . . . . . . .
14 . . O . . . . . . . . . . . . . . . .
13 . . . . . . . . . . . . . . . . . . .
12 . . . . . . . . . . . . . . . . . . .
11 . . . . . . . . . . . . . . . . . . .
10 . . O . @ . . . . X . O . . . . . . .
 9 . . . . . . . . . . . . . . . . . . .
 8 . . . . X O . . . . . O . . O . O . .
 7 . . . X . O X . . X X O . . . . . . .
 6 . . . X O . O . X . O X X . . . . . .
 5 . . X O . O . O2X O O O O X X X X . .
 4 . . O O O . . X O . O . . O X O X O .
 3 . . . . . . . X3. O X O O O O . O . .
 2 . . . . . . . . X1. . X . X X O . . .
 1 . . . . . . . . . . . . . . . . . . .

koPOSITIONALscoreAREAtaxNONEsui1komi6.5
Time taken: 0.405195
Root visits: 202
New playouts: 202
NN rows: 199
NN batches: 67
NN avg batch size: 2.97015
PV: E10 J3 K4 K2 L2 Q3
Tree:
: T 115.59c W 100.00c S  15.47c (+155.7 L +154.3) N     202  --  E10 J3 K4 K2 L2 Q3
---White(^)---
E10 : T 116.02c W 100.00c S  15.83c (+156.3 L +154.9) LCB  115.15c P 51.13% WF 330.2 PSV     334 N      77  --  E10 J3 K4 K2 L2 Q3
R11 : T 115.76c W 100.00c S  15.69c (+156.2 L +154.7) LCB  114.47c P 31.49% WF 210.3 PSV     174 N      51  --  R11 J3 K4 K2 L2 Q3
R12 : T 115.42c W 100.00c S  15.33c (+155.6 L +154.0) LCB  113.50c P  5.18% WF 134.4 PSV      24 N      34  --  R12 J3 K4 K2 L2 Q3
R10 : T 114.45c W 100.00c S  14.34c (+153.6 L +152.2) LCB  110.51c P  3.73% WF  57.5 PSV      12 N      15  --  R10 K2 L2 L1
K2  : T 113.91c W 100.00c S  13.96c (+152.1 L +150.5) LCB  102.68c P  3.30% WF  32.0 PSV       9 N       8  --  K2 S5 S3
L12 : T 114.90c W 100.00c S  14.85c (+155.1 L +153.4) LCB  110.87c P  1.64% WF  61.2 PSV       6 N      16  --  L12 J3 K4 K2

2025-09-14 09:35:21+0800: = E10
