2025-09-14 09:04:03+0800: Running with following config:
allowResignation = true
chosenMoveTemperatureEarly = 0.60
chosenMoveTemperatureHalflife = 19
lagBuffer = 1.0
logAllGTPCommunication = true
logDir = gtp_logs
logSearchInfo = true
logSearchInfoForChosenMove = false
logToStderr = false
maxTime = 1.00
maxTimePondering = 60.0
maxVisits = 600
numSearchThreads = 6
ponderingEnabled = false
resignConsecTurns = 3
resignThreshold = -0.90
rootPolicyTemperature = 0.60
rules = tromp-taylor
searchFactorAfterOnePass = 0.50
searchFactorAfterTwoPass = 0.25
searchFactorWhenWinning = 0.40
searchFactorWhenWinningThreshold = 0.95

2025-09-14 09:04:03+0800: GTP Engine starting...
2025-09-14 09:04:03+0800: KataGo v1.16.3
2025-09-14 09:04:03+0800: Using TrompTaylor rules initially, unless GTP/GUI overrides this
2025-09-14 09:04:03+0800: Using 6 CPU thread(s) for search
2025-09-14 09:04:03+0800: nnRandSeed0 = 13586708741137773387
2025-09-14 09:04:03+0800: After dedups: nnModelFile0 = ../katago-cuda/kata1-b18.bin.gz useFP16 auto useNHWC auto
2025-09-14 09:04:03+0800: Initializing neural net buffer to be size 19 * 19 exactly
2025-09-14 09:04:04+0800: Cuda backend thread 0: Found GPU NVIDIA GeForce RTX 3090 memory 25769279488 compute capability major 8 minor 6
2025-09-14 09:04:04+0800: Cuda backend thread 0: Model version 14 useFP16 = true useNHWC = true
2025-09-14 09:04:04+0800: Cuda backend thread 0: Model name: kata1-b18c384nbt-s9996604416-d4316597426
2025-09-14 09:04:05+0800: Loaded neural net with nnXLen 19 nnYLen 19
2025-09-14 09:04:05+0800: Initializing board with boardXSize 19 boardYSize 19
2025-09-14 09:04:05+0800: Loaded config ../katago-cuda/default_gtp.cfg and/or command-line and query overrides and/or command-line and query overrides and/or command-line and query overrides and/or command-line and query overrides and/or command-line and query overrides
2025-09-14 09:04:05+0800: Loaded model ../katago-cuda/kata1-b18.bin.gz
2025-09-14 09:04:05+0800: Config override: maxVisits = 600
2025-09-14 09:04:05+0800: Config override: maxTime = 1.00
2025-09-14 09:04:05+0800: Config override: rootPolicyTemperature = 0.60
2025-09-14 09:04:05+0800: Config override: chosenMoveTemperatureEarly = 0.60
2025-09-14 09:04:05+0800: Config override: chosenMoveTemperatureHalflife = 19
2025-09-14 09:04:05+0800: Model name: kata1-b18c384nbt-s9996604416-d4316597426
2025-09-14 09:04:05+0800: GTP ready, beginning main protocol loop
2025-09-14 09:04:05+0800: Controller: boardsize 19
2025-09-14 09:04:05+0800: = 
2025-09-14 09:04:05+0800: Controller: komi 6.5
2025-09-14 09:04:05+0800: = 
2025-09-14 09:04:05+0800: Controller: clear_board
2025-09-14 09:04:05+0800: = 
2025-09-14 09:04:09+0800: Controller: play B K10
2025-09-14 09:04:09+0800: = 
2025-09-14 09:04:09+0800: Controller: genmove W
2025-09-14 09:04:10+0800: MoveNum: 1 HASH: 7BC546600F28A10FEF906A96B1D6386D
   A B C D E F G H J K L M N O P Q R S T
19 . . . . . . . . . . . . . . . . . . .
18 . . . . . . . . . . . . . . . . . . .
17 . . . . . . . . . . . . . . . . . . .
16 . . . . . . . . . . . . . . . . . . .
15 . . . . . . . . . . . . . . . . . . .
14 . . . . . . . . . . . . . . . . . . .
13 . . . . . . . . . . . . . . . . . . .
12 . . . . . . . . . . . . . . . . . . .
11 . . . . . . . . . . . . . . . . . . .
10 . . . . . . . . . X1. . . . . . . . .
 9 . . . . . . . . . . . . . . . . . . .
 8 . . . . . . . . . . . . . . . . . . .
 7 . . . . . . . . . . . . . . . . . . .
 6 . . . . . . . . . . . . . . . . . . .
 5 . . . . . . . . . . . . . . . . . . .
 4 . . . @ . . . . . . . . . . . . . . .
 3 . . . . . . . . . . . . . . . . . . .
 2 . . . . . . . . . . . . . . . . . . .
 1 . . . . . . . . . . . . . . . . . . .

koPOSITIONALscoreAREAtaxNONEsui1komi6.5
Time taken: 0.750239
Root visits: 605
New playouts: 605
NN rows: 576
NN batches: 193
NN avg batch size: 2.98446
PV: C4 Q16 R4 C16 E16 E17 F17
Tree:
: T  -1.45c W  -1.36c S   0.12c ( +0.3 L  +0.3) N     605  --  C4 Q16 R4 C16 E16 E17 F17
---White(^)---
C4  : T  -0.96c W  -0.74c S   0.14c ( +0.4 L  +0.3) LCB   -1.70c P  6.30% WF 558.5 PSV    1207 N     228  --  C4 Q16 R4 C16 E16 E17 F17
D4  : T  -1.40c W  -1.32c S   0.10c ( +0.3 L  +0.3) LCB   -2.31c P 14.77% WF 558.0 PSV     559 N     229  --  D4 Q16 C16 Q4 F17 C3 C4 D3
D5  : T  -0.80c W  -1.14c S   0.18c ( +0.4 L  +0.3) LCB   -2.10c P  0.20% WF 201.0 PSV     201 N      87  --  D5 C3 E3 D4 E4 C5 D6 C6
C5  : T  -2.97c W  -2.70c S   0.08c ( +0.3 L  +0.2) LCB  -11.74c P  0.16% WF  21.2 PSV       1 N       9  --  C5 Q16 D3 R4
C3  : T  -4.52c W  -4.51c S  -0.01c ( +0.2 L  +0.3) LCB -354.52c P  0.29% WF   2.1 PSV       1 N       1  --  C3
C6  : T  -7.04c W  -6.87c S  -0.18c ( +0.0 L  +0.1) LCB -357.04c P  0.01% WF   1.7 PSV       0 N       1  --  C6
D6  : T -11.57c W -11.10c S  -0.48c ( -0.3 L  -0.2) LCB -361.57c P  0.00% WF   1.1 PSV       0 N       1  --  D6
D7  : T  -9.78c W  -9.54c S  -0.24c ( -0.0 L  -0.0) LCB -359.78c P  0.00% WF   1.2 PSV       0 N       1  --  D7
C8  : T  -7.52c W  -7.44c S  -0.08c ( +0.1 L  +0.0) LCB -357.52c P  0.00% WF   1.4 PSV       0 N       1  --  C8
C7  : T  -9.91c W  -9.60c S  -0.31c ( -0.1 L  -0.0) LCB -359.91c P  0.00% WF   1.2 PSV       0 N       1  --  C7

2025-09-14 09:04:10+0800: = D4
2025-09-14 09:04:21+0800: Controller: play B D3
2025-09-14 09:04:21+0800: = 
2025-09-14 09:04:21+0800: Controller: genmove W
2025-09-14 09:04:22+0800: MoveNum: 3 HASH: EA50EF2022FFD8FD0CB8359B2CB33B18
   A B C D E F G H J K L M N O P Q R S T
19 . . . . . . . . . . . . . . . . . . .
18 . . . . . . . . . . . . . . . . . . .
17 . . . . . . . . . . . . . . . . . . .
16 . . . . . . . . . . . . . . . . . . .
15 . . . . . . . . . . . . . . . . . . .
14 . . . . . . . . . . . . . . . . . . .
13 . . . . . . . . . . . . . . . . . . .
12 . . . . . . . . . . . . . . . . . . .
11 . . . . . . . . . . . . . . . . . . .
10 . . . . . . . . . X1. . . . . . . . .
 9 . . . . . . . . . . . . . . . . . . .
 8 . . . . . . . . . . . . . . . . . . .
 7 . . . . . . . . . . . . . . . . . . .
 6 . . . . . . . . . . . . . . . . . . .
 5 . . . . . . . . . . . . . . . . . . .
 4 . . . O2. . . . . . . . . . . . . . .
 3 . . @ X3. . . . . . . . . . . . . . .
 2 . . . . . . . . . . . . . . . . . . .
 1 . . . . . . . . . . . . . . . . . . .

koPOSITIONALscoreAREAtaxNONEsui1komi6.5
Time taken: 0.803772
Root visits: 605
New playouts: 605
NN rows: 558
NN batches: 187
NN avg batch size: 2.98396
PV: C3 E3 E4 C2 C4 G3 Q3 D16 Q17 Q15 R15 R14 R16 Q14 O17 Q5
Tree:
: T  28.73c W  27.68c S   1.03c ( +2.7 L  +1.8) N     605  --  C3 E3 E4 C2 C4 G3 Q3
---White(^)---
C3  : T  28.89c W  27.83c S   1.05c ( +2.7 L  +1.8) LCB   27.78c P 99.97% WF 1042.7 PSV    1042 N     584  --  C3 E3 E4 C2 C4 G3 Q3 D16
C4  : T   7.32c W   9.31c S  -0.42c ( +1.2 L  +0.8) LCB   -9.79c P  0.02% WF   2.5 PSV       0 N       6  --  C4 C3 F3 F2 E4
E4  : T   9.51c W  10.75c S  -0.28c ( +1.4 L  +0.8) LCB  -10.91c P  0.01% WF   3.5 PSV       0 N       6  --  E4 C3 C4 F2 Q4
E3  : T   4.62c W   5.26c S  -0.64c ( +1.0 L  +0.7) LCB -345.38c P  0.01% WF   0.5 PSV       0 N       1  --  E3
Q4  : T -10.72c W  -8.81c S  -1.91c ( -0.2 L  -0.0) LCB -360.72c P  0.00% WF   0.1 PSV       0 N       1  --  Q4
D16 : T -11.08c W  -9.17c S  -1.91c ( -0.2 L  -0.0) LCB -361.08c P  0.00% WF   0.1 PSV       0 N       1  --  D16
Q16 : T -10.52c W  -8.65c S  -1.86c ( -0.2 L  +0.0) LCB -360.52c P  0.00% WF   0.1 PSV       0 N       1  --  Q16
Q3  : T -15.64c W -13.41c S  -2.24c ( -0.6 L  -0.3) LCB -365.64c P  0.00% WF   0.1 PSV       0 N       1  --  Q3
C16 : T -12.94c W -10.92c S  -2.02c ( -0.3 L  -0.1) LCB -362.94c P  0.00% WF   0.1 PSV       0 N       1  --  C16
D17 : T -13.93c W -11.83c S  -2.10c ( -0.4 L  -0.1) LCB -363.93c P  0.00% WF   0.1 PSV       0 N       1  --  D17

2025-09-14 09:04:22+0800: = C3
2025-09-14 09:05:50+0800: Controller: play B D2
2025-09-14 09:05:50+0800: = 
2025-09-14 09:05:50+0800: Controller: genmove W
2025-09-14 09:05:51+0800: MoveNum: 5 HASH: 6E5B4C6F1E0D073E451635810BBB3B7C
   A B C D E F G H J K L M N O P Q R S T
19 . . . . . . . . . . . . . . . . . . .
18 . . . . . . . . . . . . . . . . . . .
17 . . . . . . . . . . . . . . . . . . .
16 . . . . . . . . . . . . . . . . . . .
15 . . . . . . . . . . . . . . . . . . .
14 . . . . . . . . . . . . . . . . . . .
13 . . . . . . . . . . . . . . . . . . .
12 . . . . . . . . . . . . . . . . . . .
11 . . . . . . . . . . . . . . . . . . .
10 . . . . . . . . . X . . . . . . . . .
 9 . . . . . . . . . . . . . . . . . . .
 8 . . . . . . . . . . . . . . . . . . .
 7 . . . . . . . . . . . . . . . . . . .
 6 . . . . . . . . . . . . . . . . . . .
 5 . . . . . . . . . . . . . . . . . . .
 4 . . . O . . . . . . . . . . . . . . .
 3 . . O2X1. . . . . . . . . . . . . . .
 2 . . @ X3. . . . . . . . . . . . . . .
 1 . . . . . . . . . . . . . . . . . . .

koPOSITIONALscoreAREAtaxNONEsui1komi6.5
Time taken: 0.706301
Root visits: 605
New playouts: 605
NN rows: 535
NN batches: 179
NN avg batch size: 2.98883
PV: C5 Q4 G4 D16 Q16 C2 B3 E4 E5 F4 F5 G3 H3 H4 G5 H2 F3 J3
Tree:
: T  35.88c W  35.74c S   0.59c ( +3.4 L  +2.3) N     605  --  C5 Q4 G4 D16 Q16 C2 B3
---White(^)---
C5  : T  37.68c W  36.25c S   0.64c ( +3.4 L  +2.3) LCB   34.16c P  0.57% WF 207.1 PSV    1012 N     145  --  C5 Q4 G4 D16 Q16 C2 B3 E4
C2  : T  35.50c W  35.75c S   0.59c ( +3.4 L  +2.3) LCB   33.36c P 87.53% WF 616.6 PSV     619 N     402  --  C2 Q4 D16 Q16 G4 C17 D17 C16
C4  : T  35.07c W  35.32c S   0.55c ( +3.3 L  +2.3) LCB   29.91c P  8.12% WF  68.7 PSV      47 N      42  --  C4 F3 Q4 D16 Q16 C7 F4
E4  : T  33.63c W  33.08c S   0.34c ( +3.1 L  +2.1) LCB    2.73c P  3.75% WF   6.7 PSV       7 N       5  --  E4 C4 C2 B2
E3  : T   9.42c W  15.68c S  -0.96c ( +1.8 L  +1.3) LCB -143.23c P  0.02% WF   0.8 PSV       0 N       2  --  E3 E2
D5  : T  19.96c W  20.48c S  -0.52c ( +2.3 L  +1.7) LCB -330.04c P  0.00% WF   0.6 PSV       0 N       1  --  D5
Q4  : T  20.08c W  20.64c S  -0.56c ( +2.2 L  +1.6) LCB -329.92c P  0.00% WF   0.6 PSV       0 N       1  --  Q4
D16 : T  19.54c W  20.12c S  -0.57c ( +2.2 L  +1.6) LCB -330.46c P  0.00% WF   0.5 PSV       0 N       1  --  D16
Q16 : T  18.15c W  18.85c S  -0.70c ( +2.1 L  +1.5) LCB -331.85c P  0.00% WF   0.5 PSV       0 N       1  --  Q16
D17 : T  16.87c W  17.69c S  -0.81c ( +2.0 L  +1.4) LCB -333.13c P  0.00% WF   0.4 PSV       0 N       1  --  D17

2025-09-14 09:05:51+0800: = C2
2025-09-14 09:06:03+0800: Controller: play B B2
2025-09-14 09:06:03+0800: = 
2025-09-14 09:06:03+0800: Controller: genmove W
2025-09-14 09:06:04+0800: MoveNum: 7 HASH: 7E63B7857022C65486D1D54FF0FE8BC0
   A B C D E F G H J K L M N O P Q R S T
19 . . . . . . . . . . . . . . . . . . .
18 . . . . . . . . . . . . . . . . . . .
17 . . . . . . . . . . . . . . . . . . .
16 . . . . . . . . . . . . . . . . . . .
15 . . . . . . . . . . . . . . . . . . .
14 . . . . . . . . . . . . . . . . . . .
13 . . . . . . . . . . . . . . . . . . .
12 . . . . . . . . . . . . . . . . . . .
11 . . . . . . . . . . . . . . . . . . .
10 . . . . . . . . . X . . . . . . . . .
 9 . . . . . . . . . . . . . . . . . . .
 8 . . . . . . . . . . . . . . . . . . .
 7 . . . . . . . . . . . . . . . . . . .
 6 . . . . . . . . . . . . . . . . . . .
 5 . . @ . . . . . . . . . . . . . . . .
 4 . . . O . . . . . . . . . . . . . . .
 3 . . O X . . . . . . . . . . . . . . .
 2 . X3O2X1. . . . . . . . . . . . . . .
 1 . . . . . . . . . . . . . . . . . . .

koPOSITIONALscoreAREAtaxNONEsui1komi6.5
Time taken: 0.872289
Root visits: 605
New playouts: 605
NN rows: 550
NN batches: 184
NN avg batch size: 2.98913
PV: C5 F3 F4 G4 E4 G3 E3 E2 D1 Q4 R16 D16
Tree:
: T  91.99c W  89.33c S   3.09c (+11.4 L  +8.2) N     605  --  C5 F3 F4 G4 E4 G3 E3
---White(^)---
C5  : T  92.18c W  89.44c S   3.21c (+11.6 L  +8.3) LCB   90.57c P 98.16% WF 995.2 PSV     994 N     505  --  C5 F3 F4 G4 E4 G3 E3 E2
C4  : T  91.73c W  89.27c S   2.43c (+10.8 L  +7.6) LCB   90.20c P  1.83% WF 145.6 PSV      14 N      75  --  C4 F3 Q4 D16 Q16 C7 F5
E3  : T  84.94c W  85.06c S   1.91c (+10.3 L  +7.3) LCB   75.19c P  0.01% WF  12.2 PSV       0 N      12  --  E3 E2 C5 F3 E4 C1 B3 F4
C6  : T  83.72c W  82.62c S   1.17c ( +9.5 L  +6.6) LCB   65.77c P  0.00% WF   6.4 PSV       0 N       7  --  C6 E4 C4 F3
B4  : T  64.89c W  66.54c S  -1.65c ( +6.6 L  +4.8) LCB -285.11c P  0.00% WF   0.2 PSV       0 N       1  --  B4
D5  : T  64.43c W  66.00c S  -1.56c ( +6.7 L  +4.9) LCB -285.57c P  0.00% WF   0.2 PSV       0 N       1  --  D5
D1  : T  79.49c W  79.07c S   0.42c ( +8.8 L  +6.0) LCB -270.51c P  0.00% WF   0.6 PSV       0 N       1  --  D1
E4  : T  59.92c W  61.65c S  -1.73c ( +6.5 L  +4.6) LCB -290.08c P  0.00% WF   0.1 PSV       0 N       1  --  E4

2025-09-14 09:06:04+0800: = C5
2025-09-14 09:06:26+0800: Controller: play B B3
2025-09-14 09:06:26+0800: = 
2025-09-14 09:06:26+0800: Controller: genmove W
2025-09-14 09:06:27+0800: MoveNum: 9 HASH: 838B2D0A230F64DC46F0A16D6F74D9A3
   A B C D E F G H J K L M N O P Q R S T
19 . . . . . . . . . . . . . . . . . . .
18 . . . . . . . . . . . . . . . . . . .
17 . . . . . . . . . . . . . . . . . . .
16 . . . . . . . . . . . . . . . . . . .
15 . . . . . . . . . . . . . . . . . . .
14 . . . . . . . . . . . . . . . . . . .
13 . . . . . . . . . . . . . . . . . . .
12 . . . . . . . . . . . . . . . . . . .
11 . . . . . . . . . . . . . . . . . . .
10 . . . . . . . . . X . . . . . . . . .
 9 . . . . . . . . . . . . . . . . . . .
 8 . . . . . . . . . . . . . . . . . . .
 7 . . . . . . . . . . . . . . . . . . .
 6 . . . . . . . . . . . . . . . . . . .
 5 . . O2. . . . . . . . . . . . . . . .
 4 . . . O . . . . . . . . . . . . . . .
 3 . X3O X . . . . . . . . . . . . . . .
 2 . X1O X . . . . . . . . . . . . . . .
 1 . . . @ . . . . . . . . . . . . . . .

koPOSITIONALscoreAREAtaxNONEsui1komi6.5
Time taken: 0.751144
Root visits: 605
New playouts: 605
NN rows: 510
NN batches: 171
NN avg batch size: 2.98246
PV: D1 F3 G4 B1 G3 C1 C4 F4 F2
Tree:
: T  97.93c W  94.60c S   3.69c (+14.1 L +10.8) N     605  --  D1 F3 G4 B1 G3 C1 C4
---White(^)---
D1  : T  98.13c W  94.83c S   3.87c (+14.3 L +10.9) LCB   96.23c P 92.00% WF 906.3 PSV     905 N     389  --  D1 F3 G4 B1 G3 C1 C4 F4
C1  : T  99.48c W  95.83c S   3.66c (+14.0 L +10.8) LCB   98.58c P  1.07% WF 246.5 PSV      37 N      95  --  C1 C7 C6 B7 D16 Q4 Q16
E3  : T  89.22c W  88.10c S   1.44c (+11.8 L  +8.5) LCB   82.18c P  6.45% WF  35.1 PSV      11 N      22  --  E3 C1 C4 E2 F3 G2 G3 H2
G3  : T  94.89c W  90.88c S   3.62c (+14.1 L +10.7) LCB   86.77c P  0.16% WF  77.7 PSV       0 N      53  --  G3 C1 C4 E3 F5 G2 H2 F2
B1  : T  98.10c W  94.90c S   3.11c (+13.4 L +10.3) LCB   97.18c P  0.03% WF 104.2 PSV       0 N      43  --  B1 C7 D16 B4 C4 B5
F3  : T  83.66c W  85.95c S   0.73c (+11.1 L  +7.8) LCB  -76.58c P  0.27% WF   2.9 PSV       0 N       2  --  F3 C1

2025-09-14 09:06:27+0800: = D1
2025-09-14 09:06:42+0800: Controller: play B C1
2025-09-14 09:06:42+0800: = 
2025-09-14 09:06:42+0800: Controller: genmove W
2025-09-14 09:06:42+0800: MoveNum: 11 HASH: 88CCB58F7C37D0B93F0044E60E3DBCF6
   A B C D E F G H J K L M N O P Q R S T
19 . . . . . . . . . . . . . . . . . . .
18 . . . . . . . . . . . . . . . . . . .
17 . . . . . . . . . . . . . . . . . . .
16 . . . . . . . . . . . . . . . . . . .
15 . . . . . . . . . . . . . . . . . . .
14 . . . . . . . . . . . . . . . . . . .
13 . . . . . . . . . . . . . . . . . . .
12 . . . . . . . . . . . . . . . . . . .
11 . . . . . . . . . . . . . . . . . . .
10 . . . . . . . . . X . . . . . . . . .
 9 . . . . . . . . . . . . . . . . . . .
 8 . . . . . . . . . . . . . . . . . . .
 7 . . . . . . . . . . . . . . . . . . .
 6 . . . . . . . . . . . . . . . . . . .
 5 . . O . . . . . . . . . . . . . . . .
 4 . . . O . . . . . . . . . . . . . . .
 3 . X1O X . . . . . . . . . . . . . . .
 2 . X O X . . . . . . . . . . . . . . .
 1 . @ X3O2. . . . . . . . . . . . . . .

koPOSITIONALscoreAREAtaxNONEsui1komi6.5
Time taken: 0.609331
Root visits: 605
New playouts: 605
NN rows: 457
NN batches: 153
NN avg batch size: 2.98693
PV: B1 Q16 D16 Q4 O17 C7 C9 E7 E9
Tree:
: T 105.30c W  98.68c S   6.53c (+19.3 L +16.8) N     605  --  B1 Q16 D16 Q4 O17 C7 C9
---White(^)---
B1  : T 105.30c W  98.69c S   6.53c (+19.3 L +16.8) LCB  105.14c P 100.00% WF 1981.7 PSV    1982 N     584  --  B1 Q16 D16 Q4 O17 C7 C9 E7
C4  : T  25.80c W  33.59c S  -7.79c ( +4.1 L  +2.4) LCB -324.20c P  0.00% WF   0.0 PSV       0 N       1  --  C4
D9  : T -112.96c W -92.98c S -19.98c (-11.6 L  -9.7) LCB -462.96c P  0.00% WF   0.0 PSV       0 N       1  --  D9
D10 : T -112.92c W -93.04c S -19.87c (-11.5 L  -9.6) LCB -462.92c P  0.00% WF   0.0 PSV       0 N       1  --  D10
C9  : T -113.53c W -93.46c S -20.07c (-11.9 L  -9.9) LCB -463.53c P  0.00% WF   0.0 PSV       0 N       1  --  C9
C11 : T -114.60c W -94.21c S -20.39c (-12.5 L -10.4) LCB -464.60c P  0.00% WF   0.0 PSV       0 N       1  --  C11
D11 : T -114.64c W -94.24c S -20.40c (-12.5 L -10.5) LCB -464.64c P  0.00% WF   0.0 PSV       0 N       1  --  D11
C10 : T -112.97c W -93.07c S -19.89c (-11.6 L  -9.6) LCB -462.97c P  0.00% WF   0.0 PSV       0 N       1  --  C10
D8  : T -113.00c W -93.03c S -19.97c (-11.6 L  -9.8) LCB -463.00c P  0.00% WF   0.0 PSV       0 N       1  --  D8
C12 : T -114.32c W -94.11c S -20.21c (-12.3 L -10.4) LCB -464.32c P  0.00% WF   0.0 PSV       0 N       1  --  C12

2025-09-14 09:06:42+0800: = B1
2025-09-14 09:06:54+0800: Controller: play B E1
2025-09-14 09:06:54+0800: = 
2025-09-14 09:06:54+0800: Controller: genmove W
2025-09-14 09:06:55+0800: MoveNum: 13 HASH: 1EC1A89D0BE4BF75D23D533822013E8D
   A B C D E F G H J K L M N O P Q R S T
19 . . . . . . . . . . . . . . . . . . .
18 . . . . . . . . . . . . . . . . . . .
17 . . . . . . . . . . . . . . . . . . .
16 . . . . . . . . . . . . . . . . . . .
15 . . . . . . . . . . . . . . . . . . .
14 . . . . . . . . . . . . . . . . . . .
13 . . . . . . . . . . . . . . . . . . .
12 . . . . . . . . . . . . . . . . . . .
11 . . . . . . . . . . . . . . . . . . .
10 . . . . . . . . . X . . . . . . . . .
 9 . . . . . . . . . . . . . . . . . . .
 8 . . . . . . . . . . . . . . . . . . .
 7 . . . . . . . . . . . . . . . . . . .
 6 . . . . . . . . . . . . . . . . . . .
 5 . . O . . . . . . . . . . . . . . . .
 4 . . . O . . . . . . . . . . . . . . .
 3 . X O X . . . . . . . . . . . . . . .
 2 . X O X . . . . . . . . . . . . . . .
 1 . O2@1O X3. . . . . . . . . . . . . .

koPOSITIONALscoreAREAtaxNONEsui1komi6.5
Time taken: 0.704059
Root visits: 605
New playouts: 542
NN rows: 448
NN batches: 150
NN avg batch size: 2.98667
PV: C1 Q16 D16 Q4 O17 C7 C9 F17
Tree:
: T 104.68c W  98.65c S   5.98c (+19.5 L +16.9) N     605  --  C1 Q16 D16 Q4 O17 C7 C9
---White(^)---
C1  : T 104.84c W  98.75c S   6.04c (+19.5 L +17.1) LCB  104.69c P 61.88% WF 1383.8 PSV    1685 N     398  --  C1 Q16 D16 Q4 O17 C7 C9 F17
E3  : T 104.34c W  98.44c S   5.86c (+19.4 L +16.6) LCB  103.40c P 36.40% WF 565.3 PSV     484 N     196  --  E3 C1 C4 F2 G3 G2 H3 H2
G3  : T 103.46c W  98.07c S   5.45c (+18.9 L +15.8) LCB   96.34c P  1.05% WF  25.0 PSV       8 N      10  --  G3 C1 C4 E4 F4

2025-09-14 09:06:55+0800: = C1
2025-09-14 09:07:22+0800: Controller: play B A1
2025-09-14 09:07:22+0800: = 
2025-09-14 09:07:22+0800: Controller: genmove W
2025-09-14 09:07:22+0800: MoveNum: 15 HASH: 9645847A1CE6DF102740ABBAF4FE3C57
   A B C D E F G H J K L M N O P Q R S T
19 . . . . . . . . . . . . . . . . . . .
18 . . . . . . . . . . . . . . . . . . .
17 . . . . . . . . . . . . . . . . . . .
16 . . . . . . . . . . . . . . . . . . .
15 . . . . . . . . . . . . . . . . . . .
14 . . . . . . . . . . . . . . . . . . .
13 . . . . . . . . . . . . . . . . . . .
12 . . . . . . . . . . . . . . . . . . .
11 . . . . . . . . . . . . . . . . . . .
10 . . . . . . . . . X . . . . . . . . .
 9 . . . . . . . . . . . . . . . . . . .
 8 . . . . . . . . . . . . . . . . . . .
 7 . . . . . . . . . . . . . . . . . . .
 6 . . . . . . . . . . . . . . . . . . .
 5 . . O . . . . . . . . . . . . . . . .
 4 . . @ O . . . . . . . . . . . . . . .
 3 . X O X . . . . . . . . . . . . . . .
 2 . X O X . . . . . . . . . . . . . . .
 1 X3O O2O X1. . . . . . . . . . . . . .

koPOSITIONALscoreAREAtaxNONEsui1komi6.5
Time taken: 0.772237
Root visits: 605
New playouts: 605
NN rows: 540
NN batches: 181
NN avg batch size: 2.98343
PV: C4 Q16 Q4 D16 R14 R6 Q10 O3
Tree:
: T 106.32c W  99.57c S   6.69c (+24.4 L +22.3) N     605  --  C4 Q16 Q4 D16 R14 R6 Q10
---White(^)---
C4  : T 106.37c W  99.58c S   6.74c (+24.4 L +22.3) LCB  106.29c P 99.62% WF 2583.2 PSV    2582 N     579  --  C4 Q16 Q4 D16 R14 R6 Q10 O3
A2  : T 103.21c W  99.24c S   3.86c (+21.4 L +19.3) LCB   99.50c P  0.38% WF  43.8 PSV       1 N      14  --  A2 Q16 Q4 D16
B4  : T -118.86c W -95.89c S -22.98c (-13.8 L -12.0) LCB -468.86c P  0.00% WF   0.0 PSV       0 N       1  --  B4
E2  : T -123.21c W -98.12c S -25.10c (-19.9 L -18.8) LCB -473.21c P  0.00% WF   0.0 PSV       0 N       1  --  E2
Q14 : T -117.24c W -94.49c S -22.74c (-13.4 L -11.5) LCB -467.24c P  0.00% WF   0.0 PSV       0 N       1  --  Q14
D11 : T -117.87c W -94.99c S -22.88c (-13.6 L -11.5) LCB -467.87c P  0.00% WF   0.0 PSV       0 N       1  --  D11
D12 : T -118.09c W -95.15c S -22.94c (-13.8 L -11.7) LCB -468.09c P  0.00% WF   0.0 PSV       0 N       1  --  D12
F16 : T -116.83c W -94.27c S -22.56c (-13.1 L -11.2) LCB -466.83c P  0.00% WF   0.0 PSV       0 N       1  --  F16
K16 : T -117.77c W -94.98c S -22.79c (-13.4 L -11.4) LCB -467.77c P  0.00% WF   0.0 PSV       0 N       1  --  K16
Q10 : T -117.83c W -95.03c S -22.80c (-13.5 L -11.4) LCB -467.83c P  0.00% WF   0.0 PSV       0 N       1  --  Q10

2025-09-14 09:07:22+0800: = C4
2025-09-14 09:07:35+0800: Controller: play B E5
2025-09-14 09:07:35+0800: = 
2025-09-14 09:07:35+0800: Controller: genmove W
2025-09-14 09:07:36+0800: MoveNum: 17 HASH: D7001BE27F82F64C77D1EAEADE4B0E51
   A B C D E F G H J K L M N O P Q R S T
19 . . . . . . . . . . . . . . . . . . .
18 . . . . . . . . . . . . . . . . . . .
17 . . . . . . . . . . . . . . . . . . .
16 . . . . . . . . . . . . . . . . . . .
15 . . . . . . . . . . . . . . . . . . .
14 . . . . . . . . . . . . . . . . . . .
13 . . . . . . . . . . . . . . . . . . .
12 . . . . . . . . . . . . . . . . . . .
11 . . . . . . . . . . . . . . . . . . .
10 . . . . . . . . . X . . . . . . . . .
 9 . . . . . . . . . . . . . . . . . . .
 8 . . . . . . . . . . . . . . . . . . .
 7 . . . . . . . . . . . . . . . . . . .
 6 . . . . . . . . . . . . . . . . . . .
 5 . . O . X3. . . . . . . . . . . . . .
 4 . . O2O . . . . . . . . . . . @ . . .
 3 . X O X . . . . . . . . . . . . . . .
 2 . X O X . . . . . . . . . . . . . . .
 1 X1O O O X . . . . . . . . . . . . . .

koPOSITIONALscoreAREAtaxNONEsui1komi6.5
Time taken: 0.436178
Root visits: 343
New playouts: 343
NN rows: 258
NN batches: 87
NN avg batch size: 2.96552
PV: Q16 Q4 D16 R14 O3 E4
Tree:
: T 109.12c W  99.70c S   9.33c (+28.0 L +25.8) N     343  --  Q16 Q4 D16 R14 O3 E4
---White(^)---
Q16 : T 109.25c W  99.70c S   9.43c (+28.1 L +25.9) LCB  108.95c P 37.09% WF 532.9 PSV     655 N     108  --  Q16 Q4 D16 R14 O3 E4
Q4  : T 109.21c W  99.71c S   9.46c (+28.1 L +25.9) LCB  108.87c P 36.57% WF 473.0 PSV     473 N      96  --  Q4 D16 Q16 E4 E3
D16 : T 109.15c W  99.70c S   9.36c (+28.0 L +25.8) LCB  108.83c P 18.78% WF 418.1 PSV     246 N      85  --  D16 Q4 Q16 R14 O3 E4
D17 : T 108.73c W  99.70c S   8.94c (+27.6 L +25.3) LCB  107.44c P  0.89% WF 116.8 PSV       8 N      25  --  D17 Q4 Q16 C15 E16
R4  : T 108.74c W  99.70c S   8.95c (+27.6 L +25.3) LCB  106.80c P  0.79% WF  93.7 PSV       7 N      20  --  R4 Q16 D16 P4
Q17 : T 108.05c W  99.71c S   8.31c (+26.8 L +24.7) LCB   97.12c P  0.68% WF  36.6 PSV       4 N       8  --  Q17 Q4 D16 Q15

2025-09-14 09:07:36+0800: = Q4
2025-09-14 09:07:47+0800: Controller: play B D5
2025-09-14 09:07:47+0800: = 
2025-09-14 09:07:47+0800: Controller: genmove W
2025-09-14 09:07:47+0800: MoveNum: 19 HASH: 8916FCE130F04EDC816BDA59B02EB3EE
   A B C D E F G H J K L M N O P Q R S T
19 . . . . . . . . . . . . . . . . . . .
18 . . . . . . . . . . . . . . . . . . .
17 . . . . . . . . . . . . . . . . . . .
16 . . . . . . . . . . . . . . . @ . . .
15 . . . . . . . . . . . . . . . . . . .
14 . . . . . . . . . . . . . . . . . . .
13 . . . . . . . . . . . . . . . . . . .
12 . . . . . . . . . . . . . . . . . . .
11 . . . . . . . . . . . . . . . . . . .
10 . . . . . . . . . X . . . . . . . . .
 9 . . . . . . . . . . . . . . . . . . .
 8 . . . . . . . . . . . . . . . . . . .
 7 . . . . . . . . . . . . . . . . . . .
 6 . . . . . . . . . . . . . . . . . . .
 5 . . O X3X1. . . . . . . . . . . . . .
 4 . . O O . . . . . . . . . . . O2. . .
 3 . X O X . . . . . . . . . . . . . . .
 2 . X O X . . . . . . . . . . . . . . .
 1 X O O O X . . . . . . . . . . . . . .

koPOSITIONALscoreAREAtaxNONEsui1komi6.5
Time taken: 0.566824
Root visits: 287
New playouts: 287
NN rows: 260
NN batches: 88
NN avg batch size: 2.95455
PV: Q16 E4 C6 D16 C14 F2 E3
Tree:
: T 110.95c W  99.84c S  11.05c (+35.6 L +33.3) N     287  --  Q16 E4 C6 D16 C14 F2 E3
---White(^)---
Q16 : T 111.13c W  99.84c S  11.24c (+35.8 L +33.5) LCB  110.84c P 45.07% WF 502.9 PSV     587 N      97  --  Q16 E4 C6 D16 C14 F2 E3
D16 : T 111.05c W  99.84c S  11.12c (+35.7 L +33.4) LCB  110.73c P 35.30% WF 423.6 PSV     369 N      83  --  D16 Q16 E4 R6 O3 F17
E4  : T 110.95c W  99.83c S  11.06c (+35.6 L +33.3) LCB  110.63c P  9.82% WF 326.6 PSV      95 N      60  --  E4 Q17 D16 R14 R7 F17
Q17 : T 110.60c W  99.85c S  10.72c (+35.2 L +32.9) LCB  109.06c P  2.31% WF 113.1 PSV      17 N      23  --  Q17 D16 E4 Q15 R15
D17 : T 110.34c W  99.85c S  10.37c (+34.8 L +32.6) LCB  103.14c P  1.24% WF  48.9 PSV       8 N      10  --  D17 E4 C6 Q16
C16 : T 109.78c W  99.85c S  10.01c (+34.5 L +32.1) LCB   98.73c P  1.45% WF  38.8 PSV       7 N       8  --  C16 E4 C6
R16 : T 110.23c W  99.87c S  10.31c (+34.7 L +32.5) LCB   82.41c P  1.18% WF  24.4 PSV       7 N       5  --  R16 D16 E4

2025-09-14 09:07:47+0800: = Q16
2025-09-14 09:07:53+0800: Controller: play B E4
2025-09-14 09:07:53+0800: = 
2025-09-14 09:07:53+0800: Controller: genmove W
2025-09-14 09:07:53+0800: MoveNum: 21 HASH: 6D02F13CFE1C8B7EEA3B006DC3912EF5
   A B C D E F G H J K L M N O P Q R S T
19 . . . . . . . . . . . . . . . . . . .
18 . . . . . . . . . . . . . . . . . . .
17 . . . . . . . . . . . . . . . . . . .
16 . . . . . . . . . . . . . . . O2. . .
15 . . . . . . . . . . . . . . . . . . .
14 . . . . . . . . . . . . . . . . . . .
13 . . . . . . . . . . . . . . . . . . .
12 . . . . . . . . . . . . . . . . . . .
11 . . . . . . . . . . . . . . . . . . .
10 . . . . . . . . . X . . . . . . . . .
 9 . . . . . . . . . . . . . . . . . . .
 8 . . . . . . . . . . . . . . . . . . .
 7 . . . . . . . . . . . . . . . . . . .
 6 . . @ . . . . . . . . . . . . . . . .
 5 . . O X1X . . . . . . . . . . . . . .
 4 . . O O X3. . . . . . . . . . O . . .
 3 . X O X . . . . . . . . . . . . . . .
 2 . X O X . . . . . . . . . . . . . . .
 1 X O O O X . . . . . . . . . . . . . .

koPOSITIONALscoreAREAtaxNONEsui1komi6.5
Time taken: 0.456214
Root visits: 262
New playouts: 220
NN rows: 210
NN batches: 70
NN avg batch size: 3
PV: C6 D16 E7 J3 C14 C12
Tree:
: T 109.97c W  99.86c S  10.14c (+35.8 L +33.5) N     262  --  C6 D16 E7 J3 C14 C12
---White(^)---
C6  : T 110.08c W  99.87c S  10.27c (+36.0 L +33.6) LCB  109.83c P 84.95% WF 1022.7 PSV    1022 N     202  --  C6 D16 E7 J3 C14 C12
E3  : T 109.79c W  99.84c S   9.85c (+35.6 L +33.1) LCB  108.88c P 10.32% WF 244.1 PSV      97 N      52  --  E3 C6 E2 D16 C7 B6 E7
C7  : T 107.47c W  99.75c S   7.78c (+33.3 L +30.5) LCB   92.05c P  4.47% WF  25.5 PSV      15 N       7  --  C7 C6 B6 D6

2025-09-14 09:07:53+0800: = C6
2025-09-14 09:07:57+0800: Controller: play B C7
2025-09-14 09:07:57+0800: = 
2025-09-14 09:07:57+0800: Controller: genmove W
2025-09-14 09:07:57+0800: MoveNum: 23 HASH: 24B91B4E623A3374A16C61567A30E61A
   A B C D E F G H J K L M N O P Q R S T
19 . . . . . . . . . . . . . . . . . . .
18 . . . . . . . . . . . . . . . . . . .
17 . . . . . . . . . . . . . . . . . . .
16 . . . @ . . . . . . . . . . . O . . .
15 . . . . . . . . . . . . . . . . . . .
14 . . . . . . . . . . . . . . . . . . .
13 . . . . . . . . . . . . . . . . . . .
12 . . . . . . . . . . . . . . . . . . .
11 . . . . . . . . . . . . . . . . . . .
10 . . . . . . . . . X . . . . . . . . .
 9 . . . . . . . . . . . . . . . . . . .
 8 . . . . . . . . . . . . . . . . . . .
 7 . . X3. . . . . . . . . . . . . . . .
 6 . . O2. . . . . . . . . . . . . . . .
 5 . . O X X . . . . . . . . . . . . . .
 4 . . O O X1. . . . . . . . . . O . . .
 3 . X O X . . . . . . . . . . . . . . .
 2 . X O X . . . . . . . . . . . . . . .
 1 X O O O X . . . . . . . . . . . . . .

koPOSITIONALscoreAREAtaxNONEsui1komi6.5
Time taken: 0.415969
Root visits: 267
New playouts: 267
NN rows: 264
NN batches: 89
NN avg batch size: 2.96629
PV: D16 D7 E3 F8 C14 F3 E2 R14
Tree:
: T 111.42c W  99.90c S  11.47c (+39.9 L +37.3) N     267  --  D16 D7 E3 F8 C14 F3 E2
---White(^)---
D16 : T 111.76c W  99.90c S  11.77c (+40.2 L +37.6) LCB  111.26c P 48.66% WF 543.0 PSV     998 N     108  --  D16 D7 E3 F8 C14 F3 E2 R14
D7  : T 111.22c W  99.90c S  11.32c (+39.7 L +37.3) LCB  110.86c P 44.21% WF 402.6 PSV     336 N      81  --  D7 D16 J4 F2 E3
C16 : T 111.39c W  99.92c S  11.42c (+39.8 L +37.1) LCB  110.50c P  1.33% WF 202.8 PSV      11 N      42  --  C16 D7 E3 F8 E16
D6  : T 110.42c W  99.89c S  10.59c (+38.8 L +36.5) LCB   95.98c P  2.11% WF  36.9 PSV      10 N       7  --  D6 D16 C17
E3  : T 110.16c W  99.85c S  10.37c (+38.6 L +36.1) LCB   90.49c P  1.85% WF  31.2 PSV       8 N       6  --  E3 D16 D7
D17 : T 111.26c W  99.90c S  11.30c (+39.7 L +37.0) LCB  109.70c P  0.36% WF 102.7 PSV       2 N      22  --  D17 D7 E3 C15 D6

2025-09-14 09:07:57+0800: = D16
2025-09-14 09:08:14+0800: Controller: play B D7
2025-09-14 09:08:14+0800: = 
2025-09-14 09:08:14+0800: Controller: genmove W
2025-09-14 09:08:14+0800: MoveNum: 25 HASH: 29B63F3F405DB8F36687A8055A4AAB89
   A B C D E F G H J K L M N O P Q R S T
19 . . . . . . . . . . . . . . . . . . .
18 . . . . . . . . . . . . . . . . . . .
17 . . . . . . . . . . . . . . . . . . .
16 . . . O2. . . . . . . . . . . O . . .
15 . . . . . . . . . . . . . . . . . . .
14 . . . . . . . . . . . . . . . . . . .
13 . . . . . . . . . . . . . . . . . . .
12 . . . . . . . . . . . . . . . . . . .
11 . . . . . . . . . . . . . . . . . . .
10 . . . . . . . . . X . . . . . . . . .
 9 . . . . . . . . . . . . . . . . . . .
 8 . . . . . . . . . . . . . . . . . . .
 7 . . X1X3. . . . . . . . . . . . . . .
 6 . . O . . . . . . . . . . . . . . . .
 5 . . O X X . . . . . . . . . . . . . .
 4 . . O O X . . . . . . . . . . O . . .
 3 . X O X @ . . . . . . . . . . . . . .
 2 . X O X . . . . . . . . . . . . . . .
 1 X O O O X . . . . . . . . . . . . . .

koPOSITIONALscoreAREAtaxNONEsui1komi6.5
Time taken: 0.395269
Root visits: 257
New playouts: 184
NN rows: 179
NN batches: 60
NN avg batch size: 2.98333
PV: E3 G7 C14 R14 R15
Tree:
: T 110.98c W  99.92c S  11.06c (+39.8 L +37.2) N     257  --  E3 G7 C14 R14 R15
---White(^)---
E3  : T 111.30c W  99.93c S  11.35c (+40.1 L +37.5) LCB  111.05c P 63.17% WF 930.2 PSV    1088 N     180  --  E3 G7 C14 R14 R15
D6  : T 110.13c W  99.90c S  10.30c (+39.0 L +36.3) LCB  109.29c P 36.56% WF 354.5 PSV     229 N      76  --  D6 E6 E3 F8 C14 R14 R12

2025-09-14 09:08:14+0800: = E3
2025-09-14 09:08:22+0800: Controller: play B F4
2025-09-14 09:08:22+0800: = 
2025-09-14 09:08:22+0800: Controller: genmove W
2025-09-14 09:08:23+0800: MoveNum: 27 HASH: 966B9668E0EC153F4D916AC3E63C2DE2
   A B C D E F G H J K L M N O P Q R S T
19 . . . . . . . . . . . . . . . . . . .
18 . . . . . . . . . . . . . . . . . . .
17 . . . . . . . . . . . . . . . . . . .
16 . . . O . . . . . . . . . . . O . . .
15 . . . . . . . . . . . . . . . . . . .
14 . . . . . . . . . . . . . . . . . . .
13 . . . . . . . . . . . . . . . . . . .
12 . . . . . . . . . . . . . . . . . . .
11 . . . . . . . . . . . . . . . . . . .
10 . . . . . . . . . X . . . . . . . . .
 9 . . . . . . . . . . . . . . . . . . .
 8 . . . . . . . . . . . . . . . . . . .
 7 . . X X1. . . . . . . . . . . . . . .
 6 . . O @ . . . . . . . . . . . . . . .
 5 . . O X X . . . . . . . . . . . . . .
 4 . . O O X X3. . . . . . . . . O . . .
 3 . X O X O2. . . . . . . . . . . . . .
 2 . X O X . . . . . . . . . . . . . . .
 1 X O O O X . . . . . . . . . . . . . .

koPOSITIONALscoreAREAtaxNONEsui1komi6.5
Time taken: 0.422241
Root visits: 200
New playouts: 200
NN rows: 189
NN batches: 64
NN avg batch size: 2.95312
PV: D6 E6 E7 D9 E8 G8 E9 D10
Tree:
: T 112.82c W  99.95c S  12.77c (+44.5 L +41.9) N     200  --  D6 E6 E7 D9 E8 G8 E9
---White(^)---
D6  : T 113.27c W  99.95c S  13.24c (+45.3 L +42.7) LCB  112.40c P 75.92% WF 537.1 PSV     535 N     111  --  D6 E6 E7 D9 E8 G8 E9 D10
C13 : T 112.40c W  99.95c S  12.25c (+43.7 L +41.1) LCB  111.51c P 11.71% WF 161.5 PSV      53 N      32  --  C13 G3 E2 F9 D6
F3  : T 112.23c W  99.95c S  12.19c (+43.5 L +41.0) LCB  110.74c P  4.62% WF 125.1 PSV      19 N      25  --  F3 F8 C14 R17
C14 : T 112.43c W  99.95c S  12.33c (+43.8 L +41.2) LCB  110.67c P  3.46% WF 106.6 PSV      16 N      21  --  C14 G3 E2 O3
D13 : T 111.73c W  99.97c S  11.71c (+42.7 L +40.3) LCB  100.61c P  0.37% WF  36.6 PSV       1 N       8  --  D13 G3 E2
O3  : T 111.32c W  99.97c S  11.46c (+42.5 L +40.1) LCB  -37.80c P  0.14% WF   9.4 PSV       0 N       2  --  O3 G3

2025-09-14 09:08:23+0800: = D6
2025-09-14 09:08:44+0800: Controller: play B F3
2025-09-14 09:08:44+0800: = 
2025-09-14 09:08:44+0800: Controller: genmove W
2025-09-14 09:08:45+0800: MoveNum: 29 HASH: ACA26C4A156F85524BD22FE7E301F929
   A B C D E F G H J K L M N O P Q R S T
19 . . . . . . . . . . . . . . . . . . .
18 . . . . . . . . . . . . . . . . . . .
17 . . . . . . . . . . . . . . . . . . .
16 . . . O . . . . . . . . . . . O . . .
15 . . . . . . . . . . . . . . . . . . .
14 . . . . . . . . . . . . . . . . . . .
13 . . . . . . . . . . . . . . . . . . .
12 . . . . . . . . . . . . . . . . . . .
11 . . . . . . . . . . . . . . . . . . .
10 . . . . . . . . . X . . . . . . . . .
 9 . . . . . . . . . . . . . . . . . . .
 8 . . . . . . . . . . . . . . . . . . .
 7 . . X X . . . . . . . . . . . . . . .
 6 . . O O2. . . . . . . . . . . . . . .
 5 . . O X X . . . . . . . . . . . . . .
 4 . . O O X X1. . . . . . . . . O . . .
 3 . X O X O X3. . . . . . . . . . . . .
 2 . X O X @ . . . . . . . . . . . . . .
 1 X O O O X . . . . . . . . . . . . . .

koPOSITIONALscoreAREAtaxNONEsui1komi6.5
Time taken: 0.415357
Root visits: 160
New playouts: 160
NN rows: 149
NN batches: 50
NN avg batch size: 2.98
PV: E2 E6 E7 D9 E8 G8 G7 H7
Tree:
: T 113.46c W  99.97c S  13.46c (+47.0 L +44.5) N     160  --  E2 E6 E7 D9 E8 G8 G7
---White(^)---
E2  : T 113.99c W  99.97c S  13.99c (+47.7 L +45.2) LCB  113.49c P 94.80% WF 563.1 PSV     561 N     108  --  E2 E6 E7 D9 E8 G8 G7 H7
E6  : T 112.27c W  99.97c S  12.28c (+45.4 L +42.9) LCB  110.38c P  4.47% WF 100.3 PSV      13 N      21  --  E6 E2 J3 F8 F7
E7  : T 112.53c W  99.96c S  12.55c (+45.9 L +43.3) LCB  110.55c P  0.04% WF  87.5 PSV       0 N      19  --  E7 E2 E6 O3 J3 L3
D11 : T 111.70c W  99.94c S  11.68c (+44.7 L +41.8) LCB   92.01c P  0.01% WF  26.5 PSV       0 N       6  --  D11 E2 E6 O3
C13 : T 111.24c W  99.94c S  11.33c (+44.4 L +41.5) LCB   68.00c P  0.01% WF  16.4 PSV       0 N       4  --  C13 E2 E6
C11 : T 110.34c W  99.98c S  10.35c (+42.7 L +39.7) LCB -239.66c P  0.01% WF   3.4 PSV       0 N       1  --  C11

2025-09-14 09:08:45+0800: = E2
