2025-09-13 23:37:36+0800: Running with following config:
allowResignation = true
lagBuffer = 1.0
logAllGTPCommunication = true
logDir = gtp_logs
logSearchInfo = true
logSearchInfoForChosenMove = false
logToStderr = false
maxTime = 1.00
maxTimePondering = 60.0
maxVisits = 600
numSearchThreads = 6
openingRandomness = 0.05
ponderingEnabled = false
resignConsecTurns = 3
resignThreshold = -0.90
rootPolicyTemperature = 0.60
rules = tromp-taylor
searchFactorAfterOnePass = 0.50
searchFactorAfterTwoPass = 0.25
searchFactorWhenWinning = 0.40
searchFactorWhenWinningThreshold = 0.95

2025-09-13 23:37:36+0800: GTP Engine starting...
2025-09-13 23:37:36+0800: KataGo v1.16.3
2025-09-13 23:37:36+0800: Using TrompTaylor rules initially, unless GTP/GUI overrides this
2025-09-13 23:37:36+0800: Using 6 CPU thread(s) for search
2025-09-13 23:37:36+0800: nnRandSeed0 = 623642377844848163
2025-09-13 23:37:36+0800: After dedups: nnModelFile0 = ../katago-cuda/kata1-b18.bin.gz useFP16 auto useNHWC auto
2025-09-13 23:37:36+0800: Initializing neural net buffer to be size 19 * 19 exactly
2025-09-13 23:37:37+0800: Cuda backend thread 0: Found GPU NVIDIA GeForce RTX 3090 memory 25769279488 compute capability major 8 minor 6
2025-09-13 23:37:37+0800: Cuda backend thread 0: Model version 14 useFP16 = true useNHWC = true
2025-09-13 23:37:37+0800: Cuda backend thread 0: Model name: kata1-b18c384nbt-s9996604416-d4316597426
2025-09-13 23:37:37+0800: Loaded neural net with nnXLen 19 nnYLen 19
2025-09-13 23:37:37+0800: Initializing board with boardXSize 19 boardYSize 19
2025-09-13 23:37:37+0800: --------------
2025-09-13 23:37:37+0800: WARNING: Config had unused keys! You may have a typo, an option you specified is being unused from ../katago-cuda/default_gtp.cfg and/or command-line and query overrides and/or command-line and query overrides and/or command-line and query overrides and/or command-line and query overrides
2025-09-13 23:37:37+0800: WARNING: Unused key 'openingRandomness' in ../katago-cuda/default_gtp.cfg and/or command-line and query overrides and/or command-line and query overrides and/or command-line and query overrides and/or command-line and query overrides
2025-09-13 23:37:37+0800: --------------
2025-09-13 23:37:37+0800: Loaded config ../katago-cuda/default_gtp.cfg and/or command-line and query overrides and/or command-line and query overrides and/or command-line and query overrides and/or command-line and query overrides
2025-09-13 23:37:37+0800: Loaded model ../katago-cuda/kata1-b18.bin.gz
2025-09-13 23:37:37+0800: Config override: maxVisits = 600
2025-09-13 23:37:37+0800: Config override: maxTime = 1.00
2025-09-13 23:37:37+0800: Config override: rootPolicyTemperature = 0.60
2025-09-13 23:37:37+0800: Config override: openingRandomness = 0.05
2025-09-13 23:37:37+0800: Model name: kata1-b18c384nbt-s9996604416-d4316597426
2025-09-13 23:37:37+0800: GTP ready, beginning main protocol loop
2025-09-13 23:37:37+0800: Controller: boardsize 19
2025-09-13 23:37:37+0800: = 
2025-09-13 23:37:37+0800: Controller: komi 6.5
2025-09-13 23:37:37+0800: = 
2025-09-13 23:37:37+0800: Controller: clear_board
2025-09-13 23:37:37+0800: = 
2025-09-13 23:37:42+0800: Controller: play B K13
2025-09-13 23:37:42+0800: = 
2025-09-13 23:37:42+0800: Controller: genmove W
2025-09-13 23:37:42+0800: MoveNum: 1 HASH: 1F5B8D3F86C128026963AEE36F0492B2
   A B C D E F G H J K L M N O P Q R S T
19 . . . . . . . . . . . . . . . . . . .
18 . . . . . . . . . . . . . . . . . . .
17 . . . . . . . . . . . . . . . . . . .
16 . . . @ . . . . . . . . . . . . . . .
15 . . . . . . . . . . . . . . . . . . .
14 . . . . . . . . . . . . . . . . . . .
13 . . . . . . . . . X1. . . . . . . . .
12 . . . . . . . . . . . . . . . . . . .
11 . . . . . . . . . . . . . . . . . . .
10 . . . . . . . . . . . . . . . . . . .
 9 . . . . . . . . . . . . . . . . . . .
 8 . . . . . . . . . . . . . . . . . . .
 7 . . . . . . . . . . . . . . . . . . .
 6 . . . . . . . . . . . . . . . . . . .
 5 . . . . . . . . . . . . . . . . . . .
 4 . . . . . . . . . . . . . . . . . . .
 3 . . . . . . . . . . . . . . . . . . .
 2 . . . . . . . . . . . . . . . . . . .
 1 . . . . . . . . . . . . . . . . . . .

koPOSITIONALscoreAREAtaxNONEsui1komi6.5
Time taken: 0.803884
Root visits: 605
New playouts: 605
NN rows: 563
NN batches: 189
NN avg batch size: 2.97884
PV: D16 Q4 Q16 D4 R3 R4 Q3 O3 P3 P4 O2 R17 R16
Tree:
: T   0.87c W   0.63c S   0.17c ( +0.5 L  +0.4) N     605  --  D16 Q4 Q16 D4 R3 R4 Q3
---White(^)---
D16 : T   1.48c W   0.97c S   0.20c ( +0.5 L  +0.4) LCB    0.82c P 28.54% WF 853.3 PSV     848 N     364  --  D16 Q4 Q16 D4 R3 R4 Q3 O3
C16 : T   0.06c W   0.29c S   0.17c ( +0.5 L  +0.4) LCB   -1.02c P  3.51% WF 175.9 PSV      24 N      73  --  C16 Q16 Q4 D4 F17 R3 R4 Q3
D17 : T   0.22c W   0.18c S   0.15c ( +0.5 L  +0.4) LCB   -0.74c P  3.01% WF 217.0 PSV      22 N      92  --  D17 Q16 Q4 D4 C14 R3 R4 Q3
D4  : T  -0.89c W  -0.34c S   0.10c ( +0.4 L  +0.3) LCB   -3.43c P  3.59% WF  57.7 PSV      16 N      24  --  D4 Q16 D16 Q4 R3 Q3 R4 R6
C4  : T  -1.04c W  -0.29c S   0.01c ( +0.3 L  +0.3) LCB   -7.36c P  2.59% WF  28.9 PSV      11 N      12  --  C4 Q16 D16 Q4 F3 F17
D3  : T  -0.16c W   0.01c S   0.11c ( +0.4 L  +0.3) LCB   -1.81c P  1.46% WF  93.8 PSV       9 N      39  --  D3 Q16 D16 Q4 C6 F17 C14

2025-09-13 23:37:42+0800: = D16
2025-09-13 23:37:44+0800: Controller: play B J13
2025-09-13 23:37:44+0800: = 
2025-09-13 23:37:44+0800: Controller: genmove W
2025-09-13 23:37:45+0800: MoveNum: 3 HASH: 760D3C156F10A8143488412C7B880474
   A B C D E F G H J K L M N O P Q R S T
19 . . . . . . . . . . . . . . . . . . .
18 . . . . . . . . . . . . . . . . . . .
17 . . . . . . . . . . . . . . . @ . . .
16 . . . O2. . . . . . . . . . . . . . .
15 . . . . . . . . . . . . . . . . . . .
14 . . . . . . . . . . . . . . . . . . .
13 . . . . . . . . X3X1. . . . . . . . .
12 . . . . . . . . . . . . . . . . . . .
11 . . . . . . . . . . . . . . . . . . .
10 . . . . . . . . . . . . . . . . . . .
 9 . . . . . . . . . . . . . . . . . . .
 8 . . . . . . . . . . . . . . . . . . .
 7 . . . . . . . . . . . . . . . . . . .
 6 . . . . . . . . . . . . . . . . . . .
 5 . . . . . . . . . . . . . . . . . . .
 4 . . . . . . . . . . . . . . . . . . .
 3 . . . . . . . . . . . . . . . . . . .
 2 . . . . . . . . . . . . . . . . . . .
 1 . . . . . . . . . . . . . . . . . . .

koPOSITIONALscoreAREAtaxNONEsui1komi6.5
Time taken: 0.766846
Root visits: 605
New playouts: 605
NN rows: 565
NN batches: 189
NN avg batch size: 2.98942
PV: Q17 D4 Q3 C14 R6 C17 C16
Tree:
: T  80.03c W  77.79c S   2.64c ( +8.3 L  +5.6) N     605  --  Q17 D4 Q3 C14 R6 C17 C16
---White(^)---
Q17 : T  81.28c W  78.91c S   2.79c ( +8.4 L  +5.7) LCB   79.68c P 19.83% WF 287.5 PSV    1874 N     158  --  Q17 D4 Q3 C14 R6 C17 C16
Q16 : T  79.79c W  77.62c S   2.62c ( +8.2 L  +5.5) LCB   78.41c P 76.12% WF 709.5 PSV     712 N     404  --  Q16 C17 C16 D17 E17 E18 F18 F17
R16 : T  78.98c W  76.15c S   2.35c ( +8.0 L  +5.4) LCB   74.48c P  1.19% WF  44.1 PSV       7 N      26  --  R16 D4 Q4 P16 P17 O17
Q4  : T  75.46c W  73.67c S   1.94c ( +7.6 L  +5.2) LCB   65.55c P  0.81% WF  17.2 PSV       1 N      10  --  Q4 Q17 C4 Q15
D4  : T  72.97c W  72.20c S   1.78c ( +7.4 L  +5.1) LCB   43.66c P  0.60% WF   8.4 PSV       1 N       5  --  D4 Q17 R4
R4  : T  71.48c W  69.73c S   1.75c ( +7.4 L  +4.9) LCB -278.52c P  0.30% WF   1.7 PSV       0 N       1  --  R4

2025-09-13 23:37:45+0800: = Q17
2025-09-13 23:37:47+0800: Controller: play B L13
2025-09-13 23:37:47+0800: = 
2025-09-13 23:37:47+0800: Controller: genmove W
2025-09-13 23:37:48+0800: MoveNum: 5 HASH: 558D0452B11ED7F673552409845F2F97
   A B C D E F G H J K L M N O P Q R S T
19 . . . . . . . . . . . . . . . . . . .
18 . . . . . . . . . . . . . . . . . . .
17 . . . . . . . . . . . . . . . O2. . .
16 . . . O . . . . . . . . . . . . . . .
15 . . . . . . . . . . . . . . . . . . .
14 . . . . . . . . . . . . . . . . . . .
13 . . . . . . . . X1X X3. . . . . . . .
12 . . . . . . . . . . . . . . . . . . .
11 . . . . . . . . . . . . . . . . . . .
10 . . . . . . . . . . . . . . . . . . .
 9 . . . . . . . . . . . . . . . . . . .
 8 . . . . . . . . . . . . . . . . . . .
 7 . . . . . . . . . . . . . . . . . . .
 6 . . . . . . . . . . . . . . . . . . .
 5 . . . . . . . . . . . . . . . . . . .
 4 . . . @ . . . . . . . . . . . . . . .
 3 . . . . . . . . . . . . . . . . . . .
 2 . . . . . . . . . . . . . . . . . . .
 1 . . . . . . . . . . . . . . . . . . .

koPOSITIONALscoreAREAtaxNONEsui1komi6.5
Time taken: 0.761068
Root visits: 605
New playouts: 605
NN rows: 593
NN batches: 199
NN avg batch size: 2.9799
PV: R4 D4 O3 C14 F17 R15 C3 C4 D3
Tree:
: T 101.11c W  96.19c S   4.98c (+14.2 L +10.8) N     605  --  R4 D4 O3 C14 F17 R15 C3
---White(^)---
R4  : T 101.25c W  96.23c S   5.06c (+14.3 L +10.9) LCB  100.90c P 21.85% WF 325.3 PSV     463 N     107  --  R4 D4 O3 C14 F17 R15 C3 C4
C4  : T 101.01c W  96.19c S   4.89c (+14.1 L +10.7) LCB  100.66c P 17.35% WF 309.4 PSV     209 N     104  --  C4 Q4 F3 R15 O16 C14 O3
D4  : T 101.14c W  96.17c S   5.00c (+14.2 L +10.8) LCB  100.68c P 14.72% WF 306.5 PSV     197 N     104  --  D4 Q4 R14 C3 D3 C4 C5 B5
Q3  : T 101.20c W  96.24c S   5.03c (+14.3 L +10.8) LCB  100.83c P 13.61% WF 294.0 PSV     193 N      97  --  Q3 D4 R6 C14 F17 R15 C3 C4
Q4  : T 101.17c W  96.20c S   5.05c (+14.3 L +10.8) LCB  100.75c P 13.85% WF 306.6 PSV     190 N     103  --  Q4 D4 C3 D3 C4 C6 C5 D5
D3  : T 100.90c W  96.11c S   4.85c (+14.1 L +10.7) LCB  100.44c P 10.57% WF 240.7 PSV     117 N      81  --  D3 Q4 R14 D5 C5 C6 C4 D6
R14 : T 100.67c W  95.95c S   4.67c (+13.9 L +10.4) LCB   92.11c P  1.30% WF  22.6 PSV      12 N       8  --  R14 D4 Q4 C14 F17 O3 C3

2025-09-13 23:37:48+0800: = D4
2025-09-13 23:37:50+0800: Controller: play B D15
2025-09-13 23:37:50+0800: = 
2025-09-13 23:37:50+0800: Controller: genmove W
2025-09-13 23:37:51+0800: MoveNum: 7 HASH: 35C013459AF81C03A199C102AE6A3A41
   A B C D E F G H J K L M N O P Q R S T
19 . . . . . . . . . . . . . . . . . . .
18 . . . . . . . . . . . . . . . . . . .
17 . . . . . . . . . . . . . . . O . . .
16 . . . O . . . . . . . . . . . . . . .
15 . . @ X3. . . . . . . . . . . . . . .
14 . . . . . . . . . . . . . . . . . . .
13 . . . . . . . . X X X1. . . . . . . .
12 . . . . . . . . . . . . . . . . . . .
11 . . . . . . . . . . . . . . . . . . .
10 . . . . . . . . . . . . . . . . . . .
 9 . . . . . . . . . . . . . . . . . . .
 8 . . . . . . . . . . . . . . . . . . .
 7 . . . . . . . . . . . . . . . . . . .
 6 . . . . . . . . . . . . . . . . . . .
 5 . . . . . . . . . . . . . . . . . . .
 4 . . . O2. . . . . . . . . . . . . . .
 3 . . . . . . . . . . . . . . . . . . .
 2 . . . . . . . . . . . . . . . . . . .
 1 . . . . . . . . . . . . . . . . . . .

koPOSITIONALscoreAREAtaxNONEsui1komi6.5
Time taken: 0.731699
Root visits: 605
New playouts: 605
NN rows: 577
NN batches: 193
NN avg batch size: 2.98964
PV: C15 Q4 R3 Q3 R4 R6 R5 Q5 S6 R2 S2 S5
Tree:
: T 102.67c W  97.23c S   5.50c (+16.1 L +12.8) N     605  --  C15 Q4 R3 Q3 R4 R6 R5
---White(^)---
C15 : T 102.94c W  97.37c S   5.61c (+16.3 L +12.9) LCB  102.73c P 79.33% WF 1364.8 PSV    1362 N     439  --  C15 Q4 R3 Q3 R4 R6 R5 Q5
C16 : T 102.12c W  96.95c S   5.29c (+15.9 L +12.6) LCB  101.47c P 19.57% WF 295.0 PSV     175 N     103  --  C16 E16 E15 C15 B15 B14 B16 E17
E15 : T 101.83c W  96.60c S   5.24c (+15.9 L +12.4) LCB  100.60c P  0.21% WF  75.6 PSV       1 N      29  --  E15 C16 C17 C15 D17 E14 F15
E16 : T 101.61c W  96.83c S   4.92c (+15.5 L +12.2) LCB   99.99c P  0.25% WF  65.4 PSV       1 N      24  --  E16 C16 C17 B17 C15 B16 C14
Q4  : T 100.01c W  95.86c S   4.04c (+14.6 L +11.1) LCB   80.28c P  0.05% WF  13.9 PSV       0 N       6  --  Q4 C15 C17 E16
R4  : T  98.28c W  95.03c S   3.60c (+14.1 L +10.6) LCB   23.39c P  0.03% WF   6.5 PSV       0 N       3  --  R4 C15 E16

2025-09-13 23:37:51+0800: = C15
2025-09-13 23:37:55+0800: Controller: play B B15
2025-09-13 23:37:55+0800: = 
2025-09-13 23:37:55+0800: Controller: genmove W
2025-09-13 23:37:55+0800: MoveNum: 9 HASH: 1B4E6B6F5AC7E603C7C7FC4308AFDEF6
   A B C D E F G H J K L M N O P Q R S T
19 . . . . . . . . . . . . . . . . . . .
18 . . . . . . . . . . . . . . . . . . .
17 . . . . . . . . . . . . . . . O . . .
16 . . . O . . . . . . . . . . . . . . .
15 . X3O2X1. . . . . . . . . . . . . . .
14 . . @ . . . . . . . . . . . . . . . .
13 . . . . . . . . X X X . . . . . . . .
12 . . . . . . . . . . . . . . . . . . .
11 . . . . . . . . . . . . . . . . . . .
10 . . . . . . . . . . . . . . . . . . .
 9 . . . . . . . . . . . . . . . . . . .
 8 . . . . . . . . . . . . . . . . . . .
 7 . . . . . . . . . . . . . . . . . . .
 6 . . . . . . . . . . . . . . . . . . .
 5 . . . . . . . . . . . . . . . . . . .
 4 . . . O . . . . . . . . . . . . . . .
 3 . . . . . . . . . . . . . . . . . . .
 2 . . . . . . . . . . . . . . . . . . .
 1 . . . . . . . . . . . . . . . . . . .

koPOSITIONALscoreAREAtaxNONEsui1komi6.5
Time taken: 0.789575
Root visits: 605
New playouts: 605
NN rows: 572
NN batches: 192
NN avg batch size: 2.97917
PV: C14 Q4 R14 C3 D3 C4 C5 B5
Tree:
: T 105.02c W  98.72c S   6.29c (+19.7 L +16.7) N     605  --  C14 Q4 R14 C3 D3 C4 C5
---White(^)---
C14 : T 105.14c W  98.89c S   6.18c (+19.5 L +16.6) LCB  104.75c P 40.42% WF 703.6 PSV    1377 N     204  --  C14 Q4 R14 C3 D3 C4 C5 B5
E15 : T 105.21c W  98.70c S   6.52c (+19.9 L +17.1) LCB  104.43c P 38.46% WF 807.9 PSV     807 N     249  --  E15 Q4 D14 Q15 R15 R14 R16 Q14
D14 : T 104.86c W  98.55c S   6.31c (+19.7 L +16.6) LCB  104.17c P 16.48% WF 325.8 PSV     240 N     106  --  D14 E15 C16 C14 B14 C13 B13 C12
C16 : T 104.24c W  98.52c S   5.74c (+19.1 L +16.1) LCB  103.16c P  4.54% WF 104.1 PSV      43 N      33  --  C16 C14 D14 E15 B14 C13 B13 C12
B16 : T 101.84c W  97.94c S   3.93c (+17.1 L +14.0) LCB   87.21c P  0.04% WF  16.8 PSV       0 N       7  --  B16 C14 C16 Q3
Q4  : T  99.88c W  96.66c S   2.90c (+16.1 L +12.6) LCB   71.98c P  0.00% WF   9.0 PSV       0 N       5  --  Q4 C16 C14 C17 E15

2025-09-13 23:37:55+0800: = C14
2025-09-13 23:37:58+0800: Controller: play B C13
2025-09-13 23:37:58+0800: = 
2025-09-13 23:37:58+0800: Controller: genmove W
2025-09-13 23:37:59+0800: MoveNum: 11 HASH: 0C1E8AF842927B3FAB707F20A5608BE8
   A B C D E F G H J K L M N O P Q R S T
19 . . . . . . . . . . . . . . . . . . .
18 . . . . . . . . . . . . . . . . . . .
17 . . . . . . . . . . . . . . . O . . .
16 . . . O . . . . . . . . . . . . . . .
15 . X1O X . . . . . . . . . . . . . . .
14 . @ O2. . . . . . . . . . . . . . . .
13 . . X3. . . . . X X X . . . . . . . .
12 . . . . . . . . . . . . . . . . . . .
11 . . . . . . . . . . . . . . . . . . .
10 . . . . . . . . . . . . . . . . . . .
 9 . . . . . . . . . . . . . . . . . . .
 8 . . . . . . . . . . . . . . . . . . .
 7 . . . . . . . . . . . . . . . . . . .
 6 . . . . . . . . . . . . . . . . . . .
 5 . . . . . . . . . . . . . . . . . . .
 4 . . . O . . . . . . . . . . . . . . .
 3 . . . . . . . . . . . . . . . . . . .
 2 . . . . . . . . . . . . . . . . . . .
 1 . . . . . . . . . . . . . . . . . . .

koPOSITIONALscoreAREAtaxNONEsui1komi6.5
Time taken: 0.544797
Root visits: 520
New playouts: 520
NN rows: 503
NN batches: 169
NN avg batch size: 2.97633
PV: B14 Q4 R14 C3 D3 C4 C5 B5 B6 C6 D5 B7 B4 A6
Tree:
: T 105.40c W  99.22c S   6.17c (+21.2 L +18.4) N     520  --  B14 Q4 R14 C3 D3 C4 C5
---White(^)---
B14 : T 105.37c W  99.27c S   6.13c (+21.1 L +18.4) LCB  105.20c P 85.95% WF 1326.8 PSV    1328 N     343  --  B14 Q4 R14 C3 D3 C4 C5 B5
D13 : T 105.89c W  99.17c S   6.64c (+21.7 L +18.8) LCB  105.12c P 13.18% WF 423.6 PSV     408 N     125  --  D13 Q16 R17 C16 B14 P16
D14 : T 104.70c W  99.13c S   5.50c (+20.5 L +17.7) LCB  103.70c P  0.20% WF  99.8 PSV       1 N      30  --  D14 Q4 B14 Q15 R15 R14 R16
B16 : T 103.85c W  98.90c S   4.87c (+19.8 L +16.9) LCB   97.89c P  0.06% WF  33.5 PSV       0 N      11  --  B16 Q4 R14 D13
Q4  : T 103.50c W  98.71c S   4.96c (+19.9 L +16.6) LCB   89.00c P  0.04% WF  19.8 PSV       0 N       7  --  Q4 C16 D14 E15
C16 : T 103.32c W  98.86c S   4.65c (+19.5 L +16.8) LCB   27.36c P  0.11% WF   8.4 PSV       0 N       3  --  C16 Q4

2025-09-13 23:37:59+0800: = B14
2025-09-13 23:38:01+0800: Controller: play B D14
2025-09-13 23:38:01+0800: = 
2025-09-13 23:38:01+0800: Controller: genmove W
2025-09-13 23:38:02+0800: MoveNum: 13 HASH: 2CEBC853EB71C4649198C2D927B6C4A2
   A B C D E F G H J K L M N O P Q R S T
19 . . . . . . . . . . . . . . . . . . .
18 . . . . . . . . . . . . . . . . . . .
17 . . . . . . . . . . . . . . . O . . .
16 . . . O . . . . . . . . . . . . . . .
15 . X O X . . . . . . . . . . . . . . .
14 . O2O X3. . . . . . . . . . . . . . .
13 . . X1@ . . . . X X X . . . . . . . .
12 . . . . . . . . . . . . . . . . . . .
11 . . . . . . . . . . . . . . . . . . .
10 . . . . . . . . . . . . . . . . . . .
 9 . . . . . . . . . . . . . . . . . . .
 8 . . . . . . . . . . . . . . . . . . .
 7 . . . . . . . . . . . . . . . . . . .
 6 . . . . . . . . . . . . . . . . . . .
 5 . . . . . . . . . . . . . . . . . . .
 4 . . . O . . . . . . . . . . . . . . .
 3 . . . . . . . . . . . . . . . . . . .
 2 . . . . . . . . . . . . . . . . . . .
 1 . . . . . . . . . . . . . . . . . . .

koPOSITIONALscoreAREAtaxNONEsui1komi6.5
Time taken: 0.634586
Root visits: 445
New playouts: 445
NN rows: 414
NN batches: 139
NN avg batch size: 2.97842
PV: D13 C16 B13 C17 D17 F15 C12 E16 E17
Tree:
: T 105.77c W  99.28c S   6.51c (+21.8 L +19.1) N     445  --  D13 C16 B13 C17 D17 F15 C12
---White(^)---
D13 : T 106.23c W  99.25c S   7.00c (+22.4 L +19.5) LCB  105.82c P 50.09% WF 775.5 PSV    2143 N     229  --  D13 C16 B13 C17 D17 F15 C12 E16
C16 : T 105.21c W  99.33c S   5.90c (+21.1 L +18.6) LCB  105.00c P 39.22% WF 424.7 PSV     288 N     108  --  C16 Q4 R14 F3 C6 N3 D13
E16 : T 105.06c W  99.20c S   5.91c (+21.2 L +18.5) LCB  104.38c P  8.62% WF 139.3 PSV      58 N      38  --  E16 Q4 R14 B13 C16
C17 : T 105.88c W  99.36c S   6.52c (+21.8 L +19.2) LCB  105.22c P  1.03% WF 187.6 PSV      11 N      50  --  C17 Q4 R14 B13 D13 A14
B13 : T 105.52c W  99.36c S   6.20c (+21.5 L +18.8) LCB  102.71c P  0.91% WF  58.5 PSV       7 N      16  --  B13 Q4 R14 E16
D17 : T 102.41c W  98.71c S   3.87c (+19.0 L +15.7) LCB   28.48c P  0.01% WF   8.7 PSV       0 N       3  --  D17 B13 B16

2025-09-13 23:38:02+0800: = D13
2025-09-13 23:38:05+0800: Controller: play B B16
2025-09-13 23:38:05+0800: = 
2025-09-13 23:38:05+0800: Controller: genmove W
2025-09-13 23:38:06+0800: MoveNum: 15 HASH: F35D5871621426A1B2ECAD7F82D04658
   A B C D E F G H J K L M N O P Q R S T
19 . . . . . . . . . . . . . . . . . . .
18 . . . . . . . . . . . . . . . . . . .
17 . . . . . . . . . . . . . . . O . . .
16 . X3. O . . . . . . . . . . . . . . .
15 . X O X . . . . . . . . . . . . . . .
14 . O O X1@ . . . . . . . . . . . . . .
13 . . X O2. . . . X X X . . . . . . . .
12 . . . . . . . . . . . . . . . . . . .
11 . . . . . . . . . . . . . . . . . . .
10 . . . . . . . . . . . . . . . . . . .
 9 . . . . . . . . . . . . . . . . . . .
 8 . . . . . . . . . . . . . . . . . . .
 7 . . . . . . . . . . . . . . . . . . .
 6 . . . . . . . . . . . . . . . . . . .
 5 . . . . . . . . . . . . . . . . . . .
 4 . . . O . . . . . . . . . . . . . . .
 3 . . . . . . . . . . . . . . . . . . .
 2 . . . . . . . . . . . . . . . . . . .
 1 . . . . . . . . . . . . . . . . . . .

koPOSITIONALscoreAREAtaxNONEsui1komi6.5
Time taken: 0.551158
Root visits: 338
New playouts: 338
NN rows: 335
NN batches: 113
NN avg batch size: 2.9646
PV: E14 Q4 R3 Q3 R4 R6 R5 Q5
Tree:
: T 108.87c W  99.81c S   9.08c (+30.1 L +27.4) N     338  --  E14 Q4 R3 Q3 R4 R6 R5
---White(^)---
E14 : T 109.16c W  99.82c S   9.36c (+30.4 L +27.7) LCB  108.87c P 94.70% WF 1373.1 PSV    1370 N     296  --  E14 Q4 R3 Q3 R4 R6 R5 Q5
C16 : T 107.00c W  99.78c S   7.10c (+27.8 L +25.2) LCB  104.76c P  5.19% WF  80.0 PSV      23 N      18  --  C16 Q4 R14 C6 F3
E15 : T 105.61c W  99.66c S   5.95c (+26.6 L +24.1) LCB   99.29c P  0.05% WF  33.1 PSV       0 N      11  --  E15 E14 C16 Q4 R14
E16 : T 104.85c W  99.70c S   5.36c (+25.9 L +23.3) LCB   85.37c P  0.01% WF  18.4 PSV       0 N       6  --  E16 Q4 R14
E13 : T 104.91c W  99.66c S   5.35c (+26.0 L +22.5) LCB   77.11c P  0.01% WF  12.8 PSV       0 N       5  --  E13 D17 C16
D17 : T 103.73c W  99.42c S   4.31c (+24.8 L +21.3) LCB -246.27c P  0.01% WF   2.2 PSV       0 N       1  --  D17

2025-09-13 23:38:06+0800: = E14
2025-09-13 23:38:08+0800: Controller: play B E15
2025-09-13 23:38:08+0800: = 
2025-09-13 23:38:08+0800: Controller: genmove W
2025-09-13 23:38:09+0800: MoveNum: 17 HASH: 5735C209BDB829E5D1C2F7B13809BA3D
   A B C D E F G H J K L M N O P Q R S T
19 . . . . . . . . . . . . . . . . . . .
18 . . . . . . . . . . . . . . . . . . .
17 . . . . . . . . . . . . . . . O . . .
16 . X1. O . . . . . . . . . . . . . . .
15 . X O X X3@ . . . . . . . . . . . . .
14 . O O X O2. . . . . . . . . . . . . .
13 . . X O . . . . X X X . . . . . . . .
12 . . . . . . . . . . . . . . . . . . .
11 . . . . . . . . . . . . . . . . . . .
10 . . . . . . . . . . . . . . . . . . .
 9 . . . . . . . . . . . . . . . . . . .
 8 . . . . . . . . . . . . . . . . . . .
 7 . . . . . . . . . . . . . . . . . . .
 6 . . . . . . . . . . . . . . . . . . .
 5 . . . . . . . . . . . . . . . . . . .
 4 . . . O . . . . . . . . . . . . . . .
 3 . . . . . . . . . . . . . . . . . . .
 2 . . . . . . . . . . . . . . . . . . .
 1 . . . . . . . . . . . . . . . . . . .

koPOSITIONALscoreAREAtaxNONEsui1komi6.5
Time taken: 0.481898
Root visits: 301
New playouts: 301
NN rows: 292
NN batches: 99
NN avg batch size: 2.94949
PV: F15 Q3 E16 Q15 Q5 R7
Tree:
: T 113.83c W  99.88c S  13.96c (+38.0 L +35.3) N     301  --  F15 Q3 E16 Q15 Q5 R7
---White(^)---
F15 : T 113.96c W  99.90c S  14.09c (+38.2 L +35.4) LCB  113.74c P 99.99% WF 1480.7 PSV    1480 N     284  --  F15 Q3 E16 Q15 Q5 R7
C16 : T 102.88c W  99.67c S   3.46c (+25.8 L +23.3) LCB   74.19c P  0.00% WF   7.7 PSV       0 N       5  --  C16 E16 C12
B13 : T  96.86c W  98.39c S  -1.48c (+20.4 L +17.2) LCB  -53.20c P  0.00% WF   1.7 PSV       0 N       2  --  B13 C16
E13 : T  33.23c W  42.54c S  -9.31c (+10.7 L  -0.3) LCB -316.77c P  0.00% WF   0.0 PSV       0 N       1  --  E13
C12 : T  92.56c W  95.34c S  -2.78c (+18.8 L +13.3) LCB -257.44c P  0.00% WF   0.5 PSV       0 N       1  --  C12
D12 : T  69.67c W  77.95c S  -8.28c (+12.1 L  +5.4) LCB -280.33c P  0.00% WF   0.1 PSV       0 N       1  --  D12
E16 : T  98.77c W  98.62c S   0.15c (+22.2 L +17.7) LCB -251.23c P  0.00% WF   1.0 PSV       0 N       1  --  E16
C17 : T  72.68c W  79.59c S  -6.91c (+14.1 L  +5.9) LCB -277.32c P  0.00% WF   0.1 PSV       0 N       1  --  C17
E17 : T  95.26c W  97.01c S  -1.75c (+20.1 L +15.4) LCB -254.74c P  0.00% WF   0.6 PSV       0 N       1  --  E17
D17 : T  94.69c W  96.94c S  -2.25c (+19.6 L +15.2) LCB -255.31c P  0.00% WF   0.6 PSV       0 N       1  --  D17

2025-09-13 23:38:09+0800: = F15
2025-09-13 23:38:10+0800: Controller: play B F16
2025-09-13 23:38:10+0800: = 
2025-09-13 23:38:10+0800: Controller: genmove W
2025-09-13 23:38:11+0800: MoveNum: 19 HASH: 1DB15697515E29723512111DB6770FA8
   A B C D E F G H J K L M N O P Q R S T
19 . . . . . . . . . . . . . . . . . . .
18 . . . . . . . . . . . . . . . . . . .
17 . . . . . . . . . . . . . . . O . . .
16 . X . O @ X3. . . . . . . . . . . . .
15 . X O X X1O2. . . . . . . . . . . . .
14 . O O X O . . . . . . . . . . . . . .
13 . . X O . . . . X X X . . . . . . . .
12 . . . . . . . . . . . . . . . . . . .
11 . . . . . . . . . . . . . . . . . . .
10 . . . . . . . . . . . . . . . . . . .
 9 . . . . . . . . . . . . . . . . . . .
 8 . . . . . . . . . . . . . . . . . . .
 7 . . . . . . . . . . . . . . . . . . .
 6 . . . . . . . . . . . . . . . . . . .
 5 . . . . . . . . . . . . . . . . . . .
 4 . . . O . . . . . . . . . . . . . . .
 3 . . . . . . . . . . . . . . . . . . .
 2 . . . . . . . . . . . . . . . . . . .
 1 . . . . . . . . . . . . . . . . . . .

koPOSITIONALscoreAREAtaxNONEsui1komi6.5
Time taken: 0.472215
Root visits: 297
New playouts: 297
NN rows: 292
NN batches: 99
NN avg batch size: 2.94949
PV: E16 Q4 R14 C6 C5 D6 F4 H3
Tree:
: T 114.56c W  99.96c S  14.60c (+46.5 L +43.7) N     297  --  E16 Q4 R14 C6 C5 D6 F4
---White(^)---
E16 : T 114.74c W  99.96c S  14.78c (+46.7 L +43.9) LCB  114.63c P 99.90% WF 1580.1 PSV    1579 N     270  --  E16 Q4 R14 C6 C5 D6 F4 H3
G16 : T 112.75c W  99.94c S  12.76c (+44.2 L +41.6) LCB  108.41c P  0.09% WF  53.8 PSV       0 N      13  --  G16 R4 E16
E17 : T 110.96c W  99.88c S  11.05c (+42.1 L +39.2) LCB   96.00c P  0.00% WF  24.6 PSV       0 N       7  --  E17 Q16 R17
F17 : T  88.89c W  97.43c S  -8.54c (+19.2 L +14.8) LCB -261.11c P  0.00% WF   0.5 PSV       0 N       1  --  F17
C16 : T  93.18c W  99.05c S  -5.87c (+22.7 L +19.1) LCB -256.82c P  0.00% WF   0.9 PSV       0 N       1  --  C16
D17 : T  88.98c W  97.46c S  -8.48c (+19.4 L +15.2) LCB -261.02c P  0.00% WF   0.5 PSV       0 N       1  --  D17
C12 : T  91.06c W  98.46c S  -7.40c (+21.0 L +16.8) LCB -258.94c P  0.00% WF   0.6 PSV       0 N       1  --  C12
D12 : T  92.68c W  98.91c S  -6.24c (+22.4 L +18.3) LCB -257.32c P  0.00% WF   0.8 PSV       0 N       1  --  D12
B13 : T  85.48c W  95.76c S -10.29c (+16.9 L +12.3) LCB -264.52c P  0.00% WF   0.4 PSV       0 N       1  --  B13

2025-09-13 23:38:11+0800: = E16
2025-09-13 23:38:30+0800: Controller: play B G17
2025-09-13 23:38:30+0800: = 
2025-09-13 23:38:30+0800: Controller: genmove W
2025-09-13 23:38:33+0800: MoveNum: 21 HASH: B2B27F41F9224E5BE620ADBB9477D6DB
   A B C D E F G H J K L M N O P Q R S T
19 . . . . . . . . . . . . . . . . . . .
18 . . . . . . . . . . . . . . . . . . .
17 . . . . . . X3. . . . . . . . O . . .
16 . X . O O2X1. . . . . . . . . . . . .
15 . X O . . O . . . . . . . . . . . . .
14 . O O . O . . . . . . . . . . . . . .
13 . . X O . . . . X X X . . . . . . . .
12 . . . . . . . . . . . . . . . . . . .
11 . . . . . . . . . . . . . . . . . . .
10 . . . . . . . . . . . . . . . . . . .
 9 . . . . . . . . . . . . . . . . . . .
 8 . . . . . . . . . . . . . . . . . . .
 7 . . . . . . . . . . . . . . . . . . .
 6 . . . . . . . . . . . . . . . . . . .
 5 . . . . . . . . . . . . . . . . . . .
 4 . . . O . . . . . . . . . . . @ . . .
 3 . . . . . . . . . . . . . . . . . . .
 2 . . . . . . . . . . . . . . . . . . .
 1 . . . . . . . . . . . . . . . . . . .

koPOSITIONALscoreAREAtaxNONEsui1komi6.5
Time taken: 0.429186
Root visits: 153
New playouts: 153
NN rows: 152
NN batches: 52
NN avg batch size: 2.92308
PV: Q4 C6 C5 D6 F4 R15 R16
Tree:
: T 113.85c W  99.98c S  13.81c (+50.8 L +48.0) N     153  --  Q4 C6 C5 D6 F4 R15 R16
---White(^)---
Q4  : T 114.09c W  99.98c S  14.06c (+51.1 L +48.3) LCB  113.81c P 77.38% WF 426.0 PSV     425 N      74  --  Q4 C6 C5 D6 F4 R15 R16
Q3  : T 113.76c W  99.98c S  13.71c (+50.7 L +47.8) LCB  112.58c P  9.23% WF 139.8 PSV      43 N      25  --  Q3 Q5 R7 R3 R4
R4  : T 113.81c W  99.99c S  13.72c (+50.6 L +47.8) LCB  112.61c P  6.58% WF 140.7 PSV      31 N      25  --  R4 R15 P4 C6
R3  : T 113.52c W  99.98c S  13.50c (+50.3 L +47.5) LCB  111.48c P  4.27% WF 105.1 PSV      18 N      19  --  R3 C6 C5 D6 F4
P3  : T 113.12c W  99.98c S  13.05c (+50.1 L +47.2) LCB   98.75c P  0.09% WF  39.0 PSV       0 N       7  --  P3 R3 Q5
R5  : T 112.60c W  99.99c S  12.79c (+49.5 L +46.9) LCB  -37.11c P  0.09% WF  10.6 PSV       0 N       2  --  R5 Q3

2025-09-13 23:38:33+0800: = Q4
2025-09-13 23:38:38+0800: Controller: play B D12
2025-09-13 23:38:38+0800: = 
2025-09-13 23:38:38+0800: Controller: genmove W
2025-09-13 23:38:38+0800: MoveNum: 23 HASH: F3C6EDECAE4249057F0B156D79BDE226
   A B C D E F G H J K L M N O P Q R S T
19 . . . . . . . . . . . . . . . . . . .
18 . . . . . . . . . . . . . . . . . . .
17 . . . . . . X1. . . . . . . . O . . .
16 . X . O O X . . . . . . . . . . . . .
15 . X O . . O . . . . . . . . . . . . .
14 . O O . O . . . . . . . . . . . . . .
13 . . X O . . . . X X X . . . . . . . .
12 . . . X3@ . . . . . . . . . . . . . .
11 . . . . . . . . . . . . . . . . . . .
10 . . . . . . . . . . . . . . . . . . .
 9 . . . . . . . . . . . . . . . . . . .
 8 . . . . . . . . . . . . . . . . . . .
 7 . . . . . . . . . . . . . . . . . . .
 6 . . . . . . . . . . . . . . . . . . .
 5 . . . . . . . . . . . . . . . . . . .
 4 . . . O . . . . . . . . . . . O2. . .
 3 . . . . . . . . . . . . . . . . . . .
 2 . . . . . . . . . . . . . . . . . . .
 1 . . . . . . . . . . . . . . . . . . .

koPOSITIONALscoreAREAtaxNONEsui1komi6.5
Time taken: 0.418968
Root visits: 182
New playouts: 182
NN rows: 175
NN batches: 59
NN avg batch size: 2.9661
PV: E12 R15 C6 R6 R8
Tree:
: T 114.13c W  99.98c S  14.09c (+52.2 L +49.5) N     182  --  E12 R15 C6 R6 R8
---White(^)---
E12 : T 114.31c W  99.98c S  14.30c (+52.4 L +49.6) LCB  114.00c P 56.10% WF 363.8 PSV     363 N      63  --  E12 R15 C6 R6 R8
C7  : T 113.87c W  99.98c S  13.84c (+51.9 L +49.2) LCB  112.99c P 13.56% WF 176.1 PSV      70 N      31  --  C7 F13 E13 R15 R16
C6  : T 114.04c W  99.98c S  13.96c (+52.0 L +49.3) LCB  113.25c P 12.10% WF 174.3 PSV      67 N      31  --  C6 F13 E13 R15 R16
R14 : T 114.26c W  99.99c S  14.19c (+52.2 L +49.5) LCB  113.37c P  7.21% WF 177.7 PSV      45 N      32  --  R14 F13 H16 D18 E18
H16 : T 113.91c W  99.99c S  13.92c (+52.0 L +49.5) LCB  111.33c P  4.18% WF  90.9 PSV      22 N      16  --  H16 Q15 R13 R17
Q15 : T 114.10c W  99.98c S  14.04c (+52.0 L +49.4) LCB  103.07c P  1.18% WF  46.1 PSV       6 N       8  --  Q15 F13 H16

2025-09-13 23:38:38+0800: = E12
2025-09-13 23:38:39+0800: Controller: play B E13
2025-09-13 23:38:39+0800: = 
2025-09-13 23:38:39+0800: Controller: genmove W
2025-09-13 23:38:39+0800: MoveNum: 25 HASH: 761C154BB0583A803AE21ED4B6F5FD54
   A B C D E F G H J K L M N O P Q R S T
19 . . . . . . . . . . . . . . . . . . .
18 . . . . . . . . . . . . . . . . . . .
17 . . . . . . X . . . . . . . . O . . .
16 . X . O O X . . . . . . . . . . . . .
15 . X O . . O . . . . . . . . . . . . .
14 . O O . O . . . . . . . . . . . . . .
13 . . X O X3@ . . X X X . . . . . . . .
12 . . . X1O2. . . . . . . . . . . . . .
11 . . . . . . . . . . . . . . . . . . .
10 . . . . . . . . . . . . . . . . . . .
 9 . . . . . . . . . . . . . . . . . . .
 8 . . . . . . . . . . . . . . . . . . .
 7 . . . . . . . . . . . . . . . . . . .
 6 . . . . . . . . . . . . . . . . . . .
 5 . . . . . . . . . . . . . . . . . . .
 4 . . . O . . . . . . . . . . . O . . .
 3 . . . . . . . . . . . . . . . . . . .
 2 . . . . . . . . . . . . . . . . . . .
 1 . . . . . . . . . . . . . . . . . . .

koPOSITIONALscoreAREAtaxNONEsui1komi6.5
Time taken: 0.228798
Root visits: 249
New playouts: 249
NN rows: 234
NN batches: 79
NN avg batch size: 2.96203
PV: F13 C6 C5 D6 F4 R15 O16 R6
Tree:
: T 114.76c W  99.99c S  14.72c (+59.0 L +56.3) N     249  --  F13 C6 C5 D6 F4 R15 O16
---White(^)---
F13 : T 115.04c W  99.99c S  15.00c (+59.4 L +56.7) LCB  114.84c P 99.94% WF 1309.2 PSV    1307 N     228  --  F13 C6 C5 D6 F4 R15 O16 R6
D11 : T 109.21c W  99.97c S   8.78c (+51.5 L +48.6) LCB   94.09c P  0.00% WF  22.2 PSV       0 N       7  --  D11 D14 F13 C6
E11 : T 108.80c W  99.97c S   8.68c (+51.4 L +48.7) LCB   88.93c P  0.00% WF  18.2 PSV       0 N       6  --  E11 F13 D14 C6
H16 : T 108.32c W  99.97c S   8.33c (+51.0 L +48.1) LCB   64.66c P  0.00% WF  11.0 PSV       0 N       4  --  H16 F13 D14
F12 : T 106.50c W  99.96c S   6.51c (+48.9 L +45.9) LCB  -44.32c P  0.01% WF   4.9 PSV       0 N       2  --  F12 D14
D14 : T 105.59c W 100.00c S   5.59c (+47.7 L +45.6) LCB -244.41c P  0.00% WF   2.5 PSV       0 N       1  --  D14

2025-09-13 23:38:39+0800: = F13
2025-09-13 23:38:40+0800: Controller: play B F12
2025-09-13 23:38:40+0800: = 
2025-09-13 23:38:40+0800: Controller: genmove W
2025-09-13 23:38:41+0800: MoveNum: 27 HASH: B844BAC00F99F1638D52CC398BA3F44E
   A B C D E F G H J K L M N O P Q R S T
19 . . . . . . . . . . . . . . . . . . .
18 . . . . . . . . . . . . . . . . . . .
17 . . . . . . X . . . . . . . . O . . .
16 . X . O O X . . . . . . . . . . . . .
15 . X O . . O . . . . . . . . . . . . .
14 . O O . O . . . . . . . . . . . . . .
13 . . X O .1O2. . X X X . . . . . . . .
12 . . . X O X3. . . . . . . . . . . . .
11 . . . . . @ . . . . . . . . . . . . .
10 . . . . . . . . . . . . . . . . . . .
 9 . . . . . . . . . . . . . . . . . . .
 8 . . . . . . . . . . . . . . . . . . .
 7 . . . . . . . . . . . . . . . . . . .
 6 . . . . . . . . . . . . . . . . . . .
 5 . . . . . . . . . . . . . . . . . . .
 4 . . . O . . . . . . . . . . . O . . .
 3 . . . . . . . . . . . . . . . . . . .
 2 . . . . . . . . . . . . . . . . . . .
 1 . . . . . . . . . . . . . . . . . . .

koPOSITIONALscoreAREAtaxNONEsui1komi6.5
Time taken: 0.2826
Root visits: 247
New playouts: 247
NN rows: 243
NN batches: 82
NN avg batch size: 2.96341
PV: F11 C6 C5 D6 F4 R15 O16 L17
Tree:
: T 115.82c W 100.00c S  15.74c (+63.9 L +61.2) N     247  --  F11 C6 C5 D6 F4 R15 O16
---White(^)---
F11 : T 115.99c W 100.00c S  15.92c (+64.1 L +61.4) LCB  115.60c P 63.63% WF 682.9 PSV     682 N     118  --  F11 C6 C5 D6 F4 R15 O16 L17
E11 : T 115.93c W  99.99c S  15.87c (+64.1 L +61.4) LCB  115.51c P 34.46% WF 467.5 PSV     353 N      80  --  E11 Q15 R15 R14 R16 Q14 O17 R6
G12 : T 115.71c W 100.00c S  15.62c (+63.7 L +61.1) LCB  114.73c P  1.68% WF 183.3 PSV      14 N      32  --  G12 C6 C5 D6 F4 R15 O16
D11 : T 114.92c W 100.00c S  14.55c (+62.1 L +59.5) LCB  106.10c P  0.08% WF  47.0 PSV       0 N       9  --  D11 R15 R16
C12 : T 112.28c W  99.99c S  12.42c (+59.6 L +57.0) LCB   69.19c P  0.01% WF  17.8 PSV       0 N       4  --  C12 Q15
Q14 : T 111.40c W  99.99c S  11.79c (+58.4 L +55.4) LCB   35.09c P  0.01% WF   9.4 PSV       0 N       3  --  Q14 E11 C12

2025-09-13 23:38:41+0800: = F11
2025-09-13 23:38:41+0800: Controller: play B E11
2025-09-13 23:38:41+0800: = 
2025-09-13 23:38:41+0800: Controller: genmove W
2025-09-13 23:38:41+0800: MoveNum: 29 HASH: FD0949FDB889D29887FFB6B29E227A53
   A B C D E F G H J K L M N O P Q R S T
19 . . . . . . . . . . . . . . . . . . .
18 . . . . . . . . . . . . . . . . . . .
17 . . . . . . X . . . . . . . . O . . .
16 . X . O O X . . . . . . . . . . . . .
15 . X O . . O . . . . . . . . . . . . .
14 . O O . O . . . . . . . . . . . . . .
13 . . X O . O . . X X X . . . . . . . .
12 . . . X O X1@ . . . . . . . . . . . .
11 . . . . X3O2. . . . . . . . . . . . .
10 . . . . . . . . . . . . . . . . . . .
 9 . . . . . . . . . . . . . . . . . . .
 8 . . . . . . . . . . . . . . . . . . .
 7 . . . . . . . . . . . . . . . . . . .
 6 . . . . . . . . . . . . . . . . . . .
 5 . . . . . . . . . . . . . . . . . . .
 4 . . . O . . . . . . . . . . . O . . .
 3 . . . . . . . . . . . . . . . . . . .
 2 . . . . . . . . . . . . . . . . . . .
 1 . . . . . . . . . . . . . . . . . . .

koPOSITIONALscoreAREAtaxNONEsui1komi6.5
Time taken: 0.279191
Root visits: 247
New playouts: 247
NN rows: 245
NN batches: 83
NN avg batch size: 2.95181
PV: G12 C6 C5 D6 F4 R15 O16 L17 D8
Tree:
: T 115.89c W 100.00c S  15.82c (+67.5 L +64.9) N     247  --  G12 C6 C5 D6 F4 R15 O16
---White(^)---
G12 : T 116.16c W 100.00c S  16.09c (+67.9 L +65.3) LCB  115.91c P 99.97% WF 1280.3 PSV    1279 N     223  --  G12 C6 C5 D6 F4 R15 O16 L17
E10 : T 112.04c W  99.99c S  12.26c (+63.0 L +59.9) LCB  101.10c P  0.00% WF  26.7 PSV       0 N       9  --  E10 E13 G12 D14 D11 C6
F10 : T 109.92c W  99.98c S   9.63c (+59.5 L +56.4) LCB   89.88c P  0.00% WF  16.8 PSV       0 N       6  --  F10 E13 G12 D14
H16 : T 108.98c W  99.99c S   9.22c (+59.1 L +55.6) LCB   63.45c P  0.00% WF   9.7 PSV       0 N       4  --  H16 E13 G12
J17 : T 109.19c W  99.98c S   8.95c (+58.8 L +55.1) LCB   32.82c P  0.00% WF   7.9 PSV       0 N       3  --  J17 G12
G16 : T 106.54c W 100.00c S   6.54c (+55.6 L +52.9) LCB -243.46c P  0.00% WF   1.9 PSV       0 N       1  --  G16

2025-09-13 23:38:41+0800: = G12
2025-09-13 23:38:42+0800: Controller: play B C11
2025-09-13 23:38:42+0800: = 
2025-09-13 23:38:42+0800: Controller: genmove W
2025-09-13 23:38:42+0800: MoveNum: 31 HASH: CAFB5F9A4BC79E93A6D6CB966459AAAE
   A B C D E F G H J K L M N O P Q R S T
19 . . . . . . . . . . . . . . . . . . .
18 . . . . . . . . . . . . . . . . . . .
17 . . . . . . X . . . . . . . . O . . .
16 . X . O O X . . . . . . . . . . . . .
15 . X O . . O . . . . . . . . . . . . .
14 . O O . O . . . . . . . . . . . . . .
13 . . X O . O . . X X X . . . . . . . .
12 . . . X O . O2. . . . . . . . . . . .
11 . . X3. X1O . . . . . . . . . . . . .
10 . . . . . . . . . . . . . . . . . . .
 9 . . . . . . . . . . . . . . . . . . .
 8 . . . . . . . . . . . . . . . . . . .
 7 . . @ . . . . . . . . . . . . . . . .
 6 . . . . . . . . . . . . . . . . . . .
 5 . . . . . . . . . . . . . . . . . . .
 4 . . . O . . . . . . . . . . . O . . .
 3 . . . . . . . . . . . . . . . . . . .
 2 . . . . . . . . . . . . . . . . . . .
 1 . . . . . . . . . . . . . . . . . . .

koPOSITIONALscoreAREAtaxNONEsui1komi6.5
Time taken: 0.248107
Root visits: 246
New playouts: 246
NN rows: 230
NN batches: 78
NN avg batch size: 2.94872
PV: C7 R15 O16 L17 R13 R6
Tree:
: T 117.25c W 100.00c S  17.20c (+70.7 L +68.2) N     246  --  C7 R15 O16 L17 R13 R6
---White(^)---
C7  : T 117.35c W 100.00c S  17.32c (+70.8 L +68.2) LCB  116.93c P 41.38% WF 462.8 PSV     469 N      78  --  C7 R15 O16 L17 R13 R6
C8  : T 117.27c W 100.00c S  17.22c (+70.7 L +68.2) LCB  116.90c P 42.44% WF 415.4 PSV     416 N      69  --  C8 R15 O16 L17 R13 E9
K17 : T 117.15c W 100.00c S  17.06c (+70.6 L +68.2) LCB  116.67c P 10.56% WF 273.2 PSV     101 N      46  --  K17 C7 Q14 D18 E18
K16 : T 117.14c W 100.00c S  17.12c (+70.4 L +67.9) LCB  115.48c P  1.10% WF 123.4 PSV      10 N      21  --  K16 C7 Q14 R6
Q14 : T 117.25c W 100.00c S  17.19c (+70.6 L +68.2) LCB  115.79c P  0.58% WF 137.3 PSV       6 N      23  --  Q14 C7 K17 D18 E18
Q15 : T 117.10c W 100.00c S  17.06c (+70.4 L +67.8) LCB  102.73c P  0.44% WF  42.6 PSV       4 N       7  --  Q15 C7 K16

2025-09-13 23:38:42+0800: = C7
2025-09-13 23:38:42+0800: Controller: play B G9
2025-09-13 23:38:42+0800: = 
2025-09-13 23:38:42+0800: Controller: genmove W
2025-09-13 23:38:43+0800: MoveNum: 33 HASH: 6280E6E8A305F5128B585602A21C6A47
   A B C D E F G H J K L M N O P Q R S T
19 . . . . . . . . . . . . . . . . . . .
18 . . . . . . . . . . . . . . . . . . .
17 . . . . . . X . . . . . . . . O . . .
16 . X . O O X . . . . . . . . . . . . .
15 . X O . . O . . . . . . . . . . . . .
14 . O O . O . . . . . . . . . . @ . . .
13 . . X O . O . . X X X . . . . . . . .
12 . . . X O . O . . . . . . . . . . . .
11 . . X1. X O . . . . . . . . . . . . .
10 . . . . . . . . . . . . . . . . . . .
 9 . . . . . . X3. . . . . . . . . . . .
 8 . . . . . . . . . . . . . . . . . . .
 7 . . O2. . . . . . . . . . . . . . . .
 6 . . . . . . . . . . . . . . . . . . .
 5 . . . . . . . . . . . . . . . . . . .
 4 . . . O . . . . . . . . . . . O . . .
 3 . . . . . . . . . . . . . . . . . . .
 2 . . . . . . . . . . . . . . . . . . .
 1 . . . . . . . . . . . . . . . . . . .

koPOSITIONALscoreAREAtaxNONEsui1komi6.5
Time taken: 0.22994
Root visits: 246
New playouts: 246
NN rows: 228
NN batches: 77
NN avg batch size: 2.96104
PV: Q14 E10 F10 F9 E9
Tree:
: T 117.63c W 100.00c S  17.47c (+72.2 L +69.7) N     246  --  Q14 E10 F10 F9 E9
---White(^)---
Q14 : T 117.86c W 100.00c S  17.62c (+72.4 L +70.0) LCB  117.27c P 10.75% WF 272.7 PSV     884 N      45  --  Q14 E10 F10 F9 E9
E10 : T 117.46c W 100.00c S  17.38c (+72.0 L +69.5) LCB  116.93c P 50.24% WF 420.2 PSV     421 N      73  --  E10 R15 O16 L17 R13
K17 : T 117.63c W 100.00c S  17.45c (+72.3 L +69.9) LCB  117.24c P 30.34% WF 384.4 PSV     283 N      64  --  K17 R15 O16 E9 R11
Q15 : T 117.67c W 100.00c S  17.52c (+72.1 L +69.6) LCB  116.99c P  3.82% WF 236.0 PSV      36 N      39  --  Q15 L17 E10 R13 R11
R14 : T 117.74c W 100.00c S  17.54c (+72.2 L +69.8) LCB  115.83c P  0.44% WF 121.8 PSV       4 N      20  --  R14 P15 Q16 R6
K16 : T 117.04c W 100.00c S  17.16c (+72.2 L +69.8) LCB   74.08c P  0.32% WF  24.3 PSV       2 N       4  --  K16 R15

2025-09-13 23:38:43+0800: = Q14
2025-09-13 23:38:43+0800: Controller: play B L9
2025-09-13 23:38:43+0800: = 
2025-09-13 23:38:43+0800: Controller: genmove W
2025-09-13 23:38:43+0800: MoveNum: 35 HASH: C93642E70602C2FEBA348EB40F5F4A74
   A B C D E F G H J K L M N O P Q R S T
19 . . . . . . . . . . . . . . . . . . .
18 . . . . . . . . . . . . . . . . . . .
17 . . . . . . X . . . . . . . . O . . .
16 . X . O O X . . . . . . . . . . . . .
15 . X O . . O . . . . . . . . . . . . .
14 . O O . O . . . . . . . . . . O2. . .
13 . . X O . O . . X X X . . . . . . . .
12 . . . X O . O . . . . . . . . . . . .
11 . . X . X O . . . . . . . . . . . . .
10 . . . . @ . . . . . . . . . . . . . .
 9 . . . . . . X1. . . X3. . . . . . . .
 8 . . . . . . . . . . . . . . . . . . .
 7 . . O . . . . . . . . . . . . . . . .
 6 . . . . . . . . . . . . . . . . . . .
 5 . . . . . . . . . . . . . . . . . . .
 4 . . . O . . . . . . . . . . . O . . .
 3 . . . . . . . . . . . . . . . . . . .
 2 . . . . . . . . . . . . . . . . . . .
 1 . . . . . . . . . . . . . . . . . . .

koPOSITIONALscoreAREAtaxNONEsui1komi6.5
Time taken: 0.238041
Root visits: 246
New playouts: 246
NN rows: 225
NN batches: 76
NN avg batch size: 2.96053
PV: E10 E9 D9 D10 D11 Q16 P16
Tree:
: T 117.22c W 100.00c S  17.15c (+73.0 L +70.5) N     246  --  E10 E9 D9 D10 D11 Q16 P16
---White(^)---
E10 : T 117.44c W 100.00c S  17.39c (+73.3 L +70.8) LCB  116.97c P 50.07% WF 583.3 PSV     980 N     100  --  E10 E9 D9 D10 D11 Q16 P16
K17 : T 117.01c W 100.00c S  16.99c (+72.8 L +70.4) LCB  116.61c P 44.08% WF 486.5 PSV     375 N      82  --  K17 D18 E10 E9 D9
L8  : T 117.41c W 100.00c S  17.25c (+73.1 L +70.5) LCB  116.47c P  0.50% WF 208.6 PSV       5 N      35  --  L8 E10 K17 M9
K3  : T 117.13c W 100.00c S  16.85c (+72.4 L +69.8) LCB  113.45c P  0.54% WF  83.6 PSV       4 N      14  --  K3 R3 Q3 R4 R5
L17 : T 116.71c W 100.00c S  16.60c (+72.3 L +70.0) LCB  105.66c P  0.58% WF  47.9 PSV       4 N       8  --  L17 E10 J16
K16 : T 116.54c W 100.00c S  16.58c (+72.6 L +70.4) LCB   97.14c P  0.26% WF  36.3 PSV       1 N       6  --  K16 E10

2025-09-13 23:38:43+0800: = E10
2025-09-13 23:38:48+0800: Controller: play B K10
2025-09-13 23:38:48+0800: = 
2025-09-13 23:38:48+0800: Controller: genmove W
2025-09-13 23:38:49+0800: MoveNum: 37 HASH: 7EC845D8A8439A36B34F42B6E2B89ADB
   A B C D E F G H J K L M N O P Q R S T
19 . . . . . . . . . . . . . . . . . . .
18 . . . . . . . . . . . . . . . . . . .
17 . . . . . . X . . . . . . . . O . . .
16 . X . O O X . . . . . . . . . . . . .
15 . X O . . O . . . . . . . . . . . . .
14 . O O . O . . . . . . . . . . O . . .
13 . . X O . O . . X X X . . . . . . . .
12 . . . X O . O . . . . . . . . . . . .
11 . . X . X O . . . . . . . . . . . . .
10 . . . . O2. . . . X3. . . . . . . . .
 9 . . . . . . X . . . X1. . . . . . . .
 8 . . . . . @ . . . . . . . . . . . . .
 7 . . O . . . . . . . . . . . . . . . .
 6 . . . . . . . . . . . . . . . . . . .
 5 . . . . . . . . . . . . . . . . . . .
 4 . . . O . . . . . . . . . . . O . . .
 3 . . . . . . . . . . . . . . . . . . .
 2 . . . . . . . . . . . . . . . . . . .
 1 . . . . . . . . . . . . . . . . . . .

koPOSITIONALscoreAREAtaxNONEsui1komi6.5
Time taken: 0.404937
Root visits: 134
New playouts: 134
NN rows: 133
NN batches: 45
NN avg batch size: 2.95556
PV: D8 D18 E18 R3
Tree:
: T 118.24c W 100.00c S  18.12c (+76.4 L +73.8) N     134  --  D8 D18 E18 R3
---White(^)---
D8  : T 118.47c W 100.00c S  18.45c (+76.7 L +74.2) LCB  117.55c P 35.74% WF 210.6 PSV     210 N      35  --  D8 D18 E18 R3
E8  : T 118.71c W 100.00c S  18.47c (+76.8 L +74.2) LCB  116.98c P 17.40% WF 129.1 PSV     119 N      22  --  E8 C6 C5 D6
F8  : T 118.51c W 100.00c S  18.40c (+77.0 L +74.3) LCB  117.22c P 19.14% WF 151.6 PSV     115 N      26  --  F8 E9 F9 D10 F10 B8
O3  : T 118.22c W 100.00c S  17.97c (+76.0 L +73.3) LCB  116.14c P  6.39% WF 114.9 PSV      32 N      20  --  O3 E9 D9 D10 D11
K17 : T 117.65c W 100.00c S  17.38c (+75.4 L +73.0) LCB  114.27c P  6.51% WF  87.7 PSV      25 N      15  --  K17 D18 E18 R3
K3  : T 117.36c W 100.00c S  17.38c (+75.5 L +73.0) LCB  106.29c P  4.52% WF  47.8 PSV      16 N       8  --  K3 R3 Q3 R4
R6  : T 116.99c W 100.00c S  17.19c (+75.4 L +73.1) LCB   73.92c P  2.92% WF  24.9 PSV       9 N       4  --  R6 E9
D18 : T 117.48c W 100.00c S  17.82c (+76.0 L +73.7) LCB   43.32c P  1.58% WF  18.4 PSV       5 N       3  --  D18 E9

2025-09-13 23:38:49+0800: = F8
2025-09-13 23:38:49+0800: Controller: play B N9
2025-09-13 23:38:49+0800: = 
2025-09-13 23:38:49+0800: Controller: genmove W
2025-09-13 23:38:49+0800: MoveNum: 39 HASH: 084503E63AE6D5FEE9FBF6A164EFCA84
   A B C D E F G H J K L M N O P Q R S T
19 . . . . . . . . . . . . . . . . . . .
18 . . . @ . . . . . . . . . . . . . . .
17 . . . . . . X . . . . . . . . O . . .
16 . X . O O X . . . . . . . . . . . . .
15 . X O . . O . . . . . . . . . . . . .
14 . O O . O . . . . . . . . . . O . . .
13 . . X O . O . . X X X . . . . . . . .
12 . . . X O . O . . . . . . . . . . . .
11 . . X . X O . . . . . . . . . . . . .
10 . . . . O . . . . X1. . . . . . . . .
 9 . . . . . . X . . . X . X3. . . . . .
 8 . . . . . O2. . . . . . . . . . . . .
 7 . . O . . . . . . . . . . . . . . . .
 6 . . . . . . . . . . . . . . . . . . .
 5 . . . . . . . . . . . . . . . . . . .
 4 . . . O . . . . . . . . . . . O . . .
 3 . . . . . . . . . . . . . . . . . . .
 2 . . . . . . . . . . . . . . . . . . .
 1 . . . . . . . . . . . . . . . . . . .

koPOSITIONALscoreAREAtaxNONEsui1komi6.5
Time taken: 0.245648
Root visits: 246
New playouts: 246
NN rows: 240
NN batches: 81
NN avg batch size: 2.96296
PV: D18 O3 P3 O4 R6 E9
Tree:
: T 118.14c W 100.00c S  17.95c (+80.0 L +77.4) N     246  --  D18 O3 P3 O4 R6 E9
---White(^)---
D18 : T 118.42c W 100.00c S  18.25c (+80.4 L +77.8) LCB  117.93c P 75.17% WF 832.1 PSV     830 N     144  --  D18 O3 P3 O4 R6 E9
E3  : T 117.77c W 100.00c S  17.58c (+79.6 L +77.0) LCB  116.77c P  8.02% WF 217.0 PSV      58 N      38  --  E3 C5 C4 C8 B7
F3  : T 117.91c W 100.00c S  17.62c (+79.7 L +77.1) LCB  116.91c P  7.31% WF 215.0 PSV      57 N      37  --  F3 D18 C17 E9
O3  : T 117.88c W 100.00c S  17.57c (+79.4 L +76.8) LCB  115.22c P  2.02% WF  98.0 PSV      15 N      17  --  O3 E9 F9 D18
K3  : T 116.98c W 100.00c S  17.16c (+79.1 L +76.6) LCB   97.46c P  1.58% WF  35.3 PSV       8 N       6  --  K3 E9 F9
R6  : T 116.45c W 100.00c S  16.67c (+78.2 L +75.8) LCB   41.98c P  0.84% WF  17.8 PSV       3 N       3  --  R6 D18

2025-09-13 23:38:49+0800: = D18
2025-09-13 23:38:49+0800: Controller: play B O8
2025-09-13 23:38:49+0800: = 
2025-09-13 23:38:49+0800: Controller: genmove W
2025-09-13 23:38:49+0800: MoveNum: 41 HASH: 7FF027453BCADA6763704E60A96CD601
   A B C D E F G H J K L M N O P Q R S T
19 . . . . . . . . . . . . . . . . . . .
18 . . . O2. . . . . . . . . . . . . . .
17 . . . . . . X . . . . . . . . O . . .
16 . X . O O X . . . . . . . . . . . . .
15 . X O . . O . . . . . . . . . . . . .
14 . O O . O . . . . . . . . . . O . . .
13 . . X O . O . . X X X . . . . . . . .
12 . . . X O . O . . . . . . . . . . . .
11 . . X . X O . . . . . . . . . . . . .
10 . . . . O . . . . X . . . . . . . . .
 9 . . . . . . X . . . X . X1. . . . . .
 8 . . . . . O . . . . . . . X3. . . . .
 7 . . O . . . . . . . . . . . . . . . .
 6 . . . . . . . . . . . . . . . . . . .
 5 . . . . . . . . . . . . . . . . . . .
 4 . . . O . . . . . . . . . . . O . . .
 3 . . . . . @ . . . . . . . . . . . . .
 2 . . . . . . . . . . . . . . . . . . .
 1 . . . . . . . . . . . . . . . . . . .

koPOSITIONALscoreAREAtaxNONEsui1komi6.5
Time taken: 0.299827
Root visits: 245
New playouts: 245
NN rows: 242
NN batches: 82
NN avg batch size: 2.95122
PV: F3 B7 B6 C8 B8 D7 C6
Tree:
: T 118.35c W 100.00c S  18.08c (+83.7 L +81.1) N     245  --  F3 B7 B6 C8 B8 D7 C6
---White(^)---
F3  : T 118.76c W 100.00c S  18.46c (+84.2 L +81.6) LCB  118.01c P 34.33% WF 404.3 PSV     480 N      71  --  F3 B7 B6 C8 B8 D7 C6
E3  : T 118.57c W 100.00c S  18.16c (+83.8 L +81.2) LCB  117.73c P 34.60% WF 307.0 PSV     307 N      55  --  E3 C5 C4 E9 F9 D10
K17 : T 118.22c W 100.00c S  18.02c (+83.7 L +81.2) LCB  117.35c P  7.59% WF 237.3 PSV      60 N      42  --  K17 E9 F9 D10 F10 B8 B7
L17 : T 118.05c W 100.00c S  17.80c (+83.5 L +80.9) LCB  116.62c P  5.52% WF 143.0 PSV      40 N      25  --  L17 E9 F9 D10 F10 B8
O3  : T 118.14c W 100.00c S  17.89c (+83.4 L +80.7) LCB  117.00c P  4.86% WF 161.5 PSV      36 N      29  --  O3 E9 F9 D10 F10 D7
D3  : T 117.49c W 100.00c S  17.40c (+82.7 L +80.1) LCB  112.37c P  3.65% WF  65.9 PSV      20 N      12  --  D3 C8 D8 B7
C5  : T 117.17c W 100.00c S  17.16c (+82.4 L +79.9) LCB   43.28c P  1.57% WF  17.9 PSV       7 N       3  --  C5 C8
F4  : T 117.56c W 100.00c S  17.65c (+83.5 L +80.7) LCB   43.61c P  1.21% WF  17.7 PSV       6 N       3  --  F4 E9
C3  : T 116.81c W 100.00c S  16.97c (+82.0 L +79.3) LCB  -32.72c P  1.08% WF  11.3 PSV       4 N       2  --  C3 E9
G3  : T 117.18c W 100.00c S  17.54c (+82.8 L +80.2) LCB  -32.21c P  0.84% WF  11.5 PSV       4 N       2  --  G3 E9

2025-09-13 23:38:49+0800: = F3
2025-09-13 23:38:49+0800: Controller: play B N6
2025-09-13 23:38:49+0800: = 
2025-09-13 23:38:49+0800: Controller: genmove W
2025-09-13 23:38:50+0800: MoveNum: 43 HASH: 698FFCA0382CD359BFDF6E3441DEE9CB
   A B C D E F G H J K L M N O P Q R S T
19 . . . . . . . . . . . . . . . . . . .
18 . . . O . . . . . . . . . . . . . . .
17 . . . . . . X . . @ . . . . . O . . .
16 . X . O O X . . . . . . . . . . . . .
15 . X O . . O . . . . . . . . . . . . .
14 . O O . O . . . . . . . . . . O . . .
13 . . X O . O . . X X X . . . . . . . .
12 . . . X O . O . . . . . . . . . . . .
11 . . X . X O . . . . . . . . . . . . .
10 . . . . O . . . . X . . . . . . . . .
 9 . . . . . . X . . . X . X . . . . . .
 8 . . . . . O . . . . . . . X1. . . . .
 7 . . O . . . . . . . . . . . . . . . .
 6 . . . . . . . . . . . . X3. . . . . .
 5 . . . . . . . . . . . . . . . . . . .
 4 . . . O . . . . . . . . . . . O . . .
 3 . . . . . O2. . . . . . . . . . . . .
 2 . . . . . . . . . . . . . . . . . . .
 1 . . . . . . . . . . . . . . . . . . .

koPOSITIONALscoreAREAtaxNONEsui1komi6.5
Time taken: 0.247303
Root visits: 246
New playouts: 246
NN rows: 245
NN batches: 81
NN avg batch size: 3.02469
PV: K17 B7 B6 C8 B8 D7
Tree:
: T 118.31c W 100.00c S  18.02c (+86.9 L +84.4) N     246  --  K17 B7 B6 C8 B8 D7
---White(^)---
K17 : T 118.48c W 100.00c S  18.25c (+87.2 L +84.8) LCB  117.64c P 26.70% WF 376.8 PSV     507 N      67  --  K17 B7 B6 C8 B8 D7
O3  : T 118.34c W 100.00c S  18.04c (+86.9 L +84.4) LCB  117.52c P 35.56% WF 406.8 PSV     407 N      74  --  O3 B7 B6 E9 F9
R6  : T 118.55c W 100.00c S  18.09c (+86.9 L +84.3) LCB  117.48c P 16.99% WF 232.8 PSV     233 N      42  --  R6 B7 B6 C8 B8
L17 : T 118.19c W 100.00c S  17.88c (+86.8 L +84.3) LCB  117.25c P 11.05% WF 235.4 PSV     112 N      42  --  L17 B7 B6 C8 B8
G6  : T 117.33c W 100.00c S  17.52c (+86.3 L +83.8) LCB  110.20c P  2.78% WF  55.4 PSV      17 N      10  --  G6 B7 B6 E9
R12 : T 117.51c W 100.00c S  17.31c (+86.0 L +83.4) LCB  110.13c P  0.70% WF  54.6 PSV       4 N      10  --  R12 E9 F9 D10

2025-09-13 23:38:50+0800: = K17
2025-09-13 23:38:50+0800: Controller: play B L5
2025-09-13 23:38:50+0800: = 
2025-09-13 23:38:50+0800: Controller: genmove W
2025-09-13 23:38:50+0800: MoveNum: 45 HASH: 7B8DD2BB867B18586998666712D2B78E
   A B C D E F G H J K L M N O P Q R S T
19 . . . . . . . . . . . . . . . . . . .
18 . . . O . . . . . . . . . . . . . . .
17 . . . . . . X . . O2. . . . . O . . .
16 . X . O O X . . . . . . . . . . . . .
15 . X O . . O . . . . . . . . . . . . .
14 . O O . O . . . . . . . . . . O . . .
13 . . X O . O . . X X X . . . . . . . .
12 . . . X O . O . . . . . . . . . . . .
11 . . X . X O . . . . . . . . . . . . .
10 . . . . O . . . . X . . . . . . . . .
 9 . . . . . . X . . . X . X . . . . . .
 8 . . . . . O . . . . . . . X . . . . .
 7 . . O . . . . . . . . . . . . . . . .
 6 . . . . . . . . . . . . X1. . . @ . .
 5 . . . . . . . . . . X3. . . . . . . .
 4 . . . O . . . . . . . . . . . O . . .
 3 . . . . . O . . . . . . . . . . . . .
 2 . . . . . . . . . . . . . . . . . . .
 1 . . . . . . . . . . . . . . . . . . .

koPOSITIONALscoreAREAtaxNONEsui1komi6.5
Time taken: 0.290846
Root visits: 246
New playouts: 246
NN rows: 244
NN batches: 82
NN avg batch size: 2.97561
PV: R6 C18 F18 E9 F9
Tree:
: T 118.26c W 100.00c S  17.90c (+89.6 L +87.2) N     246  --  R6 C18 F18 E9 F9
---White(^)---
R6  : T 118.78c W 100.00c S  18.31c (+90.2 L +87.8) LCB  117.85c P 33.63% WF 447.3 PSV    1237 N      80  --  R6 C18 F18 E9 F9
J16 : T 118.02c W 100.00c S  17.69c (+89.2 L +86.8) LCB  117.14c P 53.97% WF 507.4 PSV     509 N      91  --  J16 E18 E17 C18 F18
O3  : T 118.21c W 100.00c S  17.81c (+89.5 L +87.1) LCB  117.15c P  7.16% WF 231.6 PSV      77 N      42  --  O3 B7 B6 E9 F9
G6  : T 117.96c W 100.00c S  17.71c (+89.5 L +87.0) LCB  114.83c P  0.74% WF  87.6 PSV       6 N      16  --  G6 B7 B6 E9
C5  : T 117.80c W 100.00c S  17.80c (+88.8 L +86.3) LCB  112.71c P  0.61% WF  67.5 PSV       5 N      12  --  C5 R3 R4 Q3
R5  : T 116.82c W 100.00c S  16.94c (+88.6 L +86.2) LCB   73.85c P  0.60% WF  22.6 PSV       3 N       4  --  R5 E9

2025-09-13 23:38:50+0800: = R6
2025-09-13 23:38:55+0800: Controller: play B P12
2025-09-13 23:38:55+0800: = 
2025-09-13 23:38:55+0800: Controller: genmove W
2025-09-13 23:38:56+0800: MoveNum: 47 HASH: F4E0DEB62BCA2B9B9FFA47E2AA63B352
   A B C D E F G H J K L M N O P Q R S T
19 . . . . . . . . . . . . . . . . . . .
18 . . . O . . . . . . . . . . . . . . .
17 . . . . . . X . . O . . . . . O . . .
16 . X . O O X . . @ . . . . . . . . . .
15 . X O . . O . . . . . . . . . . . . .
14 . O O . O . . . . . . . . . . O . . .
13 . . X O . O . . X X X . . . . . . . .
12 . . . X O . O . . . . . . . X3. . . .
11 . . X . X O . . . . . . . . . . . . .
10 . . . . O . . . . X . . . . . . . . .
 9 . . . . . . X . . . X . X . . . . . .
 8 . . . . . O . . . . . . . X . . . . .
 7 . . O . . . . . . . . . . . . . . . .
 6 . . . . . . . . . . . . X . . . O2. .
 5 . . . . . . . . . . X1. . . . . . . .
 4 . . . O . . . . . . . . . . . O . . .
 3 . . . . . O . . . . . . . . . . . . .
 2 . . . . . . . . . . . . . . . . . . .
 1 . . . . . . . . . . . . . . . . . . .

koPOSITIONALscoreAREAtaxNONEsui1komi6.5
Time taken: 0.405765
Root visits: 185
New playouts: 185
NN rows: 183
NN batches: 62
NN avg batch size: 2.95161
PV: J16 B7 B8 B6 C8
Tree:
: T 118.94c W 100.00c S  18.64c (+92.7 L +90.4) N     185  --  J16 B7 B8 B6 C8
---White(^)---
J16 : T 119.39c W 100.00c S  18.86c (+93.1 L +90.7) LCB  118.41c P 72.98% WF 454.8 PSV     453 N      81  --  J16 B7 B8 B6 C8
G6  : T 118.77c W 100.00c S  18.56c (+92.9 L +90.5) LCB  117.03c P 12.55% WF 170.4 PSV      59 N      31  --  G6 B7 B8 C6 C8
C5  : T 118.53c W 100.00c S  18.49c (+92.2 L +90.0) LCB  116.93c P  5.97% WF 165.5 PSV      25 N      29  --  C5 C18 C17 E18 F18
G5  : T 118.23c W 100.00c S  18.10c (+92.3 L +90.0) LCB  113.10c P  1.92% WF  65.0 PSV       7 N      12  --  G5 B7 B6 E9
F6  : T 117.43c W 100.00c S  17.61c (+91.8 L +89.5) LCB   74.58c P  2.44% WF  23.3 PSV       7 N       4  --  F6 E9
B6  : T 118.83c W 100.00c S  18.68c (+92.3 L +90.1) LCB  117.33c P  0.45% WF 157.3 PSV       2 N      27  --  B6 C18 E18 B8

2025-09-13 23:38:56+0800: = J16
2025-09-13 23:38:56+0800: Controller: play B N12
2025-09-13 23:38:56+0800: = 
2025-09-13 23:38:56+0800: Controller: genmove W
2025-09-13 23:38:56+0800: MoveNum: 49 HASH: 1D9D0B1486A3640FDCF5EDD46C1D7370
   A B C D E F G H J K L M N O P Q R S T
19 . . . . . . . . . . . . . . . . . . .
18 . . . O . . . . . . . . . . . . . . .
17 . . . . . . X . . O . . . . . O . . .
16 . X . O O X . . O2. . . . . . . . . .
15 . X O . . O . . . . . . . . . . . . .
14 . O O . O . . . . . . . . . . O . . .
13 . . X O . O . . X X X . . . . . . . .
12 . . . X O . O . . . . . X3. X1. . . .
11 . . X . X O . . . . . . . . . . . . .
10 . . . . O . . . . X . . . . . . . . .
 9 . . . . . . X . . . X . X . . . . . .
 8 . . . . . O . . . . . . . X . . . . .
 7 . . O . . . . . . . . . . . . . . . .
 6 . . . . . . . . . . . . X . . . O . .
 5 . . @ . . . . . . . X . . . . . . . .
 4 . . . O . . . . . . . . . . . O . . .
 3 . . . . . O . . . . . . . . . . . . .
 2 . . . . . . . . . . . . . . . . . . .
 1 . . . . . . . . . . . . . . . . . . .

koPOSITIONALscoreAREAtaxNONEsui1komi6.5
Time taken: 0.244795
Root visits: 246
New playouts: 246
NN rows: 246
NN batches: 83
NN avg batch size: 2.96386
PV: B6 C18 C17 E18 J18
Tree:
: T 118.67c W 100.00c S  18.47c (+98.7 L +96.5) N     246  --  B6 C18 C17 E18 J18
---White(^)---
B6  : T 118.80c W 100.00c S  18.64c (+98.4 L +96.1) LCB  117.73c P 15.82% WF 247.8 PSV     495 N      43  --  B6 C18 C17 E18 J18
C5  : T 118.51c W 100.00c S  18.48c (+98.4 L +96.2) LCB  117.47c P 39.45% WF 350.6 PSV     351 N      61  --  C5 E18 E17 C18 F18 C8
G6  : T 119.02c W 100.00c S  18.64c (+99.4 L +97.1) LCB  117.56c P 15.55% WF 284.7 PSV     207 N      51  --  G6 C18 C17 E18 D19
F6  : T 118.76c W 100.00c S  18.44c (+98.8 L +96.6) LCB  117.44c P 10.98% WF 238.9 PSV     116 N      42  --  F6 C18 C17 E18 D19
G5  : T 118.80c W 100.00c S  18.46c (+99.1 L +96.8) LCB  117.11c P  4.12% WF 196.7 PSV      45 N      35  --  G5 C18 C17 E18 D19
P2  : T 116.67c W 100.00c S  16.85c (+97.0 L +94.6) LCB   73.86c P  3.08% WF  22.4 PSV      12 N       4  --  P2 E9
P3  : T 117.00c W 100.00c S  17.30c (+97.5 L +94.9) LCB   43.15c P  2.40% WF  17.0 PSV      10 N       3  --  P3 E9
N16 : T 117.41c W 100.00c S  17.90c (+98.4 L +96.0) LCB   43.50c P  1.87% WF  16.9 PSV       9 N       3  --  N16 E9
F5  : T 117.79c W 100.00c S  18.01c (+98.7 L +96.1) LCB   43.96c P  1.48% WF  17.6 PSV       9 N       3  --  F5 B7

2025-09-13 23:38:56+0800: = C5
2025-09-13 23:38:56+0800: Controller: play B K11
2025-09-13 23:38:56+0800: = 
2025-09-13 23:38:56+0800: Controller: genmove W
2025-09-13 23:38:56+0800: MoveNum: 51 HASH: 3F54B0A2FC34FCC20C5351498E39ABBB
   A B C D E F G H J K L M N O P Q R S T
19 . . . . . . . . . . . . . . . . . . .
18 . . . O . . . . . . . . . . . . . . .
17 . . . . . . X . . O . . . . . O . . .
16 . X . O O X . . O . . . @ . . . . . .
15 . X O . . O . . . . . . . . . . . . .
14 . O O . O . . . . . . . . . . O . . .
13 . . X O . O . . X X X . . . . . . . .
12 . . . X O . O . . . . . X1. X . . . .
11 . . X . X O . . . X3. . . . . . . . .
10 . . . . O . . . . X . . . . . . . . .
 9 . . . . . . X . . . X . X . . . . . .
 8 . . . . . O . . . . . . . X . . . . .
 7 . . O . . . . . . . . . . . . . . . .
 6 . . . . . . . . . . . . X . . . O . .
 5 . . O2. . . . . . . X . . . . . . . .
 4 . . . O . . . . . . . . . . . O . . .
 3 . . . . . O . . . . . . . . . . . . .
 2 . . . . . . . . . . . . . . . . . . .
 1 . . . . . . . . . . . . . . . . . . .

koPOSITIONALscoreAREAtaxNONEsui1komi6.5
Time taken: 0.248367
Root visits: 246
New playouts: 246
NN rows: 239
NN batches: 81
NN avg batch size: 2.95062
PV: N16 E18 F18 C18 D17 D19
Tree:
: T 119.51c W 100.00c S  19.15c (+108.8 L +106.6) N     246  --  N16 E18 F18 C18 D17 D19
---White(^)---
N16 : T 119.82c W 100.00c S  19.46c (+109.2 L +106.9) LCB  118.73c P 41.89% WF 506.5 PSV     607 N      89  --  N16 E18 F18 C18 D17 D19
P2  : T 119.37c W 100.00c S  19.07c (+108.7 L +106.5) LCB  118.33c P 42.27% WF 438.8 PSV     367 N      76  --  P2 E18 F18 C18 E17
P3  : T 119.37c W 100.00c S  19.01c (+108.7 L +106.4) LCB  118.26c P  9.47% WF 222.9 PSV      82 N      38  --  P3 C8 B7 S5
M16 : T 119.67c W 100.00c S  19.07c (+108.7 L +106.5) LCB  118.08c P  1.13% WF 184.6 PSV      12 N      32  --  M16 C8 B7 E3 F4
J3  : T 117.81c W 100.00c S  17.99c (+107.7 L +105.9) LCB   89.94c P  0.86% WF  28.8 PSV       3 N       5  --  J3 C18
Q2  : T 117.91c W 100.00c S  18.13c (+107.7 L +106.0) LCB   90.06c P  0.62% WF  28.1 PSV       2 N       5  --  Q2 C18

2025-09-13 23:38:56+0800: = N16
2025-09-13 23:38:57+0800: Controller: play B H12
2025-09-13 23:38:57+0800: = 
2025-09-13 23:38:57+0800: Controller: genmove W
2025-09-13 23:38:57+0800: MoveNum: 53 HASH: E27D4DDB1D2625A5061D7CFB51770BA2
   A B C D E F G H J K L M N O P Q R S T
19 . . . . . . . . . . . . . . . . . . .
18 . . . O . . . . . . . . . . . . . . .
17 . . . . . . X . . O . . . . . O . . .
16 . X . O O X . . O . . . O2. . . . . .
15 . X O . . O . . . . . . . . . . . . .
14 . O O . O . . . . . . . . . . O . . .
13 . . X O . O . . X X X . . . . . . . .
12 . . . X O . O X3. . . . X . X . . . .
11 . . X . X O . . . X1. . . . . . . . .
10 . . . . O . . . . X . . . . . . . . .
 9 . . . . . . X . . . X . X . . . . . .
 8 . . . . . O . . . . . . . X . . . . .
 7 . . O . . . . . . . . . . . . . . . .
 6 . . . . . . . . . . . . X . . . O . .
 5 . . O . . . . . . . X . . . . . . . .
 4 . . . O . . . . . . . . . . . O . . .
 3 . . . . . O . . . . . . . . @ . . . .
 2 . . . . . . . . . . . . . . . . . . .
 1 . . . . . . . . . . . . . . . . . . .

koPOSITIONALscoreAREAtaxNONEsui1komi6.5
Time taken: 0.299867
Root visits: 246
New playouts: 246
NN rows: 245
NN batches: 83
NN avg batch size: 2.95181
PV: P3 C18 C17 E18 D17
Tree:
: T 119.57c W 100.00c S  19.26c (+114.7 L +112.7) N     246  --  P3 C18 C17 E18 D17
---White(^)---
P3  : T 119.95c W 100.00c S  19.56c (+115.2 L +113.0) LCB  118.92c P 26.12% WF 362.3 PSV     778 N      65  --  P3 C18 C17 E18 D17
P2  : T 119.53c W 100.00c S  19.27c (+114.7 L +112.6) LCB  118.51c P 60.52% WF 462.7 PSV     463 N      86  --  P2 E18 F18 C18 E17
J3  : T 119.52c W 100.00c S  19.13c (+114.7 L +112.7) LCB  118.04c P  2.44% WF 205.0 PSV      18 N      37  --  J3 H16 J15 E18 F18
Q3  : T 119.34c W 100.00c S  19.03c (+114.3 L +112.2) LCB  117.43c P  2.70% WF 128.1 PSV      18 N      23  --  Q3 C8 B7 C18
O3  : T 119.49c W 100.00c S  19.21c (+114.8 L +112.8) LCB  117.69c P  1.43% WF 148.5 PSV      10 N      27  --  O3 C8 B7 E9
Q2  : T 117.97c W 100.00c S  18.00c (+113.2 L +111.6) LCB   90.21c P  2.10% WF  28.0 PSV       8 N       5  --  Q2 C18
H4  : T 118.36c W 100.00c S  18.80c (+113.5 L +111.2) LCB  -30.59c P  1.26% WF  11.9 PSV       5 N       2  --  H4 H16

2025-09-13 23:38:57+0800: = P3
2025-09-13 23:38:57+0800: Controller: play B J9
2025-09-13 23:38:57+0800: = 
2025-09-13 23:38:57+0800: Controller: genmove W
2025-09-13 23:38:57+0800: MoveNum: 55 HASH: 5E2705AF79B3AB5045D5D63F1F904931
   A B C D E F G H J K L M N O P Q R S T
19 . . . . . . . . . . . . . . . . . . .
18 . . . O . . . . . . . . . . . . . . .
17 . . . . . . X . . O . . . . . O . . .
16 . X . O O X . . O . . . O . . . . . .
15 . X O . . O . . . . . . . . . . . . .
14 . O O . O . . . . . . . . . . O . . .
13 . . X O . O . . X X X . . . . . @ . .
12 . . . X O . O X1. . . . X . X . . . .
11 . . X . X O . . . X . . . . . . . . .
10 . . . . O . . . . X . . . . . . . . .
 9 . . . . . . X . X3. X . X . . . . . .
 8 . . . . . O . . . . . . . X . . . . .
 7 . . O . . . . . . . . . . . . . . . .
 6 . . . . . . . . . . . . X . . . O . .
 5 . . O . . . . . . . X . . . . . . . .
 4 . . . O . . . . . . . . . . . O . . .
 3 . . . . . O . . . . . . . . O2. . . .
 2 . . . . . . . . . . . . . . . . . . .
 1 . . . . . . . . . . . . . . . . . . .

koPOSITIONALscoreAREAtaxNONEsui1komi6.5
Time taken: 0.261302
Root visits: 246
New playouts: 246
NN rows: 245
NN batches: 83
NN avg batch size: 2.95181
PV: R13 R17 R16 H16 J15 H15
Tree:
: T 119.77c W 100.00c S  19.38c (+121.5 L +119.5) N     246  --  R13 R17 R16 H16 J15 H15
---White(^)---
R13 : T 119.97c W 100.00c S  19.56c (+121.8 L +119.7) LCB  119.08c P 40.57% WF 415.7 PSV     441 N      74  --  R13 R17 R16 H16 J15 H15
R16 : T 120.03c W 100.00c S  19.66c (+121.6 L +119.6) LCB  118.64c P 26.76% WF 318.0 PSV     287 N      58  --  R16 C18 C17 E18 H16 D19
H4  : T 119.18c W 100.00c S  18.74c (+120.5 L +118.6) LCB  117.38c P  8.71% WF 139.3 PSV      56 N      25  --  H4 H16 J15 J17
M3  : T 120.45c W 100.00c S  19.59c (+121.9 L +119.9) LCB  118.81c P  3.45% WF 153.3 PSV      55 N      27  --  M3 H16 J15 C18 E18
R12 : T 119.43c W 100.00c S  19.11c (+121.4 L +119.5) LCB  117.50c P  6.03% WF 145.1 PSV      44 N      26  --  R12 H16 J15 H15
R8  : T 119.65c W 100.00c S  19.37c (+121.4 L +119.4) LCB  117.89c P  2.99% WF 137.0 PSV      24 N      24  --  R8 R3 Q2 C18
H3  : T 118.40c W 100.00c S  18.75c (+121.0 L +118.9) LCB   44.44c P  1.53% WF  17.3 PSV       7 N       3  --  H3 H16
R9  : T 117.89c W 100.00c S  18.27c (+119.6 L +117.3) LCB  -31.15c P  1.63% WF  11.6 PSV       6 N       2  --  R9 H16
H14 : T 117.59c W 100.00c S  17.97c (+119.0 L +116.5) LCB  -31.52c P  1.43% WF  11.1 PSV       5 N       2  --  H14 C8
R15 : T 117.88c W 100.00c S  18.34c (+119.9 L +117.4) LCB  -31.32c P  1.33% WF  11.7 PSV       5 N       2  --  R15 H16

2025-09-13 23:38:57+0800: = R13
2025-09-13 23:38:57+0800: Controller: play B J7
2025-09-13 23:38:57+0800: = 
2025-09-13 23:38:57+0800: Controller: genmove W
2025-09-13 23:38:58+0800: MoveNum: 57 HASH: 6EEFA87B0A55C011774B1B0AABF041C6
   A B C D E F G H J K L M N O P Q R S T
19 . . . . . . . . . . . . . . . . . . .
18 . . . O . . . . . . . . . . . . . . .
17 . . . . . . X . . O . . . . . O . . .
16 . X . O O X . . O . . . O . . . . . .
15 . X O . . O . . . . . . . @ . . . . .
14 . O O . O . . . . . . . . . . O . . .
13 . . X O . O . . X X X . . . . . O2. .
12 . . . X O . O X . . . . X . X . . . .
11 . . X . X O . . . X . . . . . . . . .
10 . . . . O . . . . X . . . . . . . . .
 9 . . . . . . X . X1. X . X . . . . . .
 8 . . . . . O . . . . . . . X . . . . .
 7 . . O . . . . . X3. . . . . . . . . .
 6 . . . . . . . . . . . . X . . . O . .
 5 . . O . . . . . . . X . . . . . . . .
 4 . . . O . . . . . . . . . . . O . . .
 3 . . . . . O . . . . . . . . O . . . .
 2 . . . . . . . . . . . . . . . . . . .
 1 . . . . . . . . . . . . . . . . . . .

koPOSITIONALscoreAREAtaxNONEsui1komi6.5
Time taken: 0.259507
Root visits: 246
New playouts: 246
NN rows: 245
NN batches: 83
NN avg batch size: 2.95181
PV: O15 R17 Q18 H16 J15
Tree:
: T 119.61c W 100.00c S  19.11c (+126.6 L +124.8) N     246  --  O15 R17 Q18 H16 J15
---White(^)---
O15 : T 120.12c W 100.00c S  19.59c (+127.3 L +125.5) LCB  119.00c P 37.76% WF 471.3 PSV     654 N      84  --  O15 R17 Q18 H16 J15
P15 : T 119.59c W 100.00c S  19.14c (+126.6 L +124.7) LCB  118.53c P 43.94% WF 458.5 PSV     372 N      84  --  P15 C18 C17 E18 H16 D19
M3  : T 119.41c W 100.00c S  18.64c (+126.2 L +124.3) LCB  118.03c P  4.50% WF 205.5 PSV      34 N      38  --  M3 H16 J15 R17
P16 : T 119.00c W 100.00c S  18.55c (+125.6 L +123.8) LCB  116.05c P  2.82% WF  98.6 PSV      17 N      18  --  P16 H16 J15 J17
H3  : T 118.62c W 100.00c S  18.44c (+125.7 L +123.9) LCB  112.46c P  2.05% WF  60.9 PSV      10 N      11  --  H3 R17 R16 Q16
O14 : T 120.57c W 100.00c S  20.57c (+127.3 L +123.9) LCB -229.43c P  0.73% WF   6.1 PSV       7 N       1  --  O14
R9  : T 118.32c W 100.00c S  18.25c (+126.0 L +124.0) LCB   98.86c P  1.17% WF  33.9 PSV       5 N       6  --  R9 R17 R16
R10 : T 118.11c W 100.00c S  18.47c (+126.0 L +123.5) LCB  -30.85c P  0.77% WF  11.5 PSV       3 N       2  --  R10 R17
G5  : T 117.62c W 100.00c S  17.62c (+123.2 L +119.6) LCB -232.38c P  0.89% WF   5.6 PSV       3 N       1  --  G5

2025-09-13 23:38:58+0800: = O15
2025-09-13 23:38:58+0800: Controller: play B J5
2025-09-13 23:38:58+0800: = 
2025-09-13 23:38:58+0800: Controller: genmove W
2025-09-13 23:38:58+0800: MoveNum: 59 HASH: 9FC2BC16F472D01FADA7806EB64BE799
   A B C D E F G H J K L M N O P Q R S T
19 . . . . . . . . . . . . . . . . . . .
18 . . . O . . . . . . . . . . . . . . .
17 . . . . . . X . . O . . . . . O . . .
16 . X . O O X . . O . . . O . . . . . .
15 . X O . . O . . . . . . . O2. . . . .
14 . O O . O . . . . . . . . . . O . . .
13 . . X O . O . . X X X . . . . . O . .
12 . . . X O . O X . . . . X . X . . . .
11 . . X . X O . . . X . . . . . . . . .
10 . . . . O . . . . X . . . . . . @ . .
 9 . . . . . . X . X . X . X . . . . . .
 8 . . . . . O . . . . . . . X . . . . .
 7 . . O . . . . . X1. . . . . . . . . .
 6 . . . . . . . . . . . . X . . . O . .
 5 . . O . . . . . X3. X . . . . . . . .
 4 . . . O . . . . . . . . . . . O . . .
 3 . . . . . O . . . . . . . . O . . . .
 2 . . . . . . . . . . . . . . . . . . .
 1 . . . . . . . . . . . . . . . . . . .

koPOSITIONALscoreAREAtaxNONEsui1komi6.5
Time taken: 0.249236
Root visits: 246
New playouts: 246
NN rows: 245
NN batches: 83
NN avg batch size: 2.95181
PV: R10 E18 F18 C18
Tree:
: T 120.25c W 100.00c S  19.65c (+131.0 L +129.1) N     246  --  R10 E18 F18 C18
---White(^)---
R10 : T 120.77c W 100.00c S  20.04c (+131.6 L +129.7) LCB  119.43c P 31.97% WF 393.1 PSV     780 N      71  --  R10 E18 F18 C18
R11 : T 120.10c W 100.00c S  19.62c (+130.8 L +129.0) LCB  118.68c P 43.89% WF 407.0 PSV     408 N      76  --  R11 E18 F18 C18 E17
R8  : T 120.84c W 100.00c S  19.96c (+131.5 L +129.6) LCB  119.23c P  3.24% WF 228.9 PSV      58 N      40  --  R8 H16 J15 L16 L17
H14 : T 118.76c W 100.00c S  18.58c (+128.9 L +127.2) LCB  114.44c P  6.18% WF  77.8 PSV      30 N      14  --  H14 C8 B7 E9
M3  : T 120.31c W 100.00c S  19.38c (+130.7 L +128.8) LCB  118.49c P  2.70% WF 166.6 PSV      29 N      30  --  M3 H16 J15 J17 J18
F6  : T 118.86c W 100.00c S  18.50c (+129.2 L +127.9) LCB   99.24c P  2.99% WF  33.6 PSV      15 N       6  --  F6 H16 J15
Q11 : T 117.39c W 100.00c S  17.97c (+128.5 L +126.3) LCB  -31.89c P  1.95% WF  11.4 PSV       6 N       2  --  Q11 H16
R9  : T 118.58c W 100.00c S  19.85c (+131.5 L +129.3) LCB  -31.03c P  1.50% WF  11.5 PSV       6 N       2  --  R9 H16
H3  : T 117.90c W 100.00c S  18.88c (+129.7 L +127.6) LCB  -31.69c P  0.97% WF  11.5 PSV       3 N       2  --  H3 H16
G6  : T 117.27c W 100.00c S  18.17c (+128.5 L +126.4) LCB  -32.17c P  0.78% WF  11.0 PSV       2 N       2  --  G6 H16

2025-09-13 23:38:58+0800: = R10
