2025-09-13 22:43:03+0800: Running with following config:
allowResignation = true
lagBuffer = 1.0
logAllGTPCommunication = true
logDir = gtp_logs
logSearchInfo = true
logSearchInfoForChosenMove = false
logToStderr = false
maxTimePondering = 60.0
maxVisits = 500
numSearchThreads = 6
ponderingEnabled = false
resignConsecTurns = 3
resignThreshold = -0.90
rules = tromp-taylor
searchFactorAfterOnePass = 0.50
searchFactorAfterTwoPass = 0.25
searchFactorWhenWinning = 0.40
searchFactorWhenWinningThreshold = 0.95

2025-09-13 22:43:03+0800: GTP Engine starting...
2025-09-13 22:43:03+0800: KataGo v1.16.3
2025-09-13 22:43:03+0800: Using TrompTaylor rules initially, unless GTP/GUI overrides this
2025-09-13 22:43:03+0800: Using 6 CPU thread(s) for search
2025-09-13 22:43:03+0800: nnRandSeed0 = 2906823824033925203
2025-09-13 22:43:03+0800: After dedups: nnModelFile0 = ../katago-cuda/kata1-b18.bin.gz useFP16 auto useNHWC auto
2025-09-13 22:43:03+0800: Initializing neural net buffer to be size 19 * 19 exactly
2025-09-13 22:43:04+0800: Cuda backend thread 0: Found GPU NVIDIA GeForce RTX 3090 memory 25769279488 compute capability major 8 minor 6
2025-09-13 22:43:04+0800: Cuda backend thread 0: Model version 14 useFP16 = true useNHWC = true
2025-09-13 22:43:04+0800: Cuda backend thread 0: Model name: kata1-b18c384nbt-s9996604416-d4316597426
2025-09-13 22:43:04+0800: Loaded neural net with nnXLen 19 nnYLen 19
2025-09-13 22:43:04+0800: Initializing board with boardXSize 19 boardYSize 19
2025-09-13 22:43:04+0800: Loaded config ../katago-cuda/default_gtp.cfg
2025-09-13 22:43:04+0800: Loaded model ../katago-cuda/kata1-b18.bin.gz
2025-09-13 22:43:04+0800: Model name: kata1-b18c384nbt-s9996604416-d4316597426
2025-09-13 22:43:04+0800: GTP ready, beginning main protocol loop
2025-09-13 22:43:04+0800: Controller: version
2025-09-13 22:43:04+0800: = 1.16.3+b18c384nbt-s9996M
2025-09-13 22:43:04+0800: Controller: quit
2025-09-13 22:43:04+0800: Quit requested by controller
2025-09-13 22:43:04+0800: = 
2025-09-13 22:43:04+0800: GPU -1 finishing, processed 0 rows 0 batches
2025-09-13 22:43:04+0800: All cleaned up, quitting
