2025-09-17 19:55:57+0800: Running with following config:
allowResignation = false
chosenMoveTemperatureEarly = 0.80
chosenMoveTemperatureHalflife = 26
lagBuffer = 1.0
logAllGTPCommunication = true
logDir = gtp_logs
logSearchInfo = true
logSearchInfoForChosenMove = false
logToStderr = false
maxTime = 0.55
maxTimePondering = 60.0
maxVisits = 220
numSearchThreads = 6
ponderingEnabled = false
resignConsecTurns = 3
resignThreshold = -0.90
rootPolicyTemperature = 1.10
rules = chinese
searchFactorAfterOnePass = 0.50
searchFactorAfterTwoPass = 0.25
searchFactorWhenWinning = 0.40
searchFactorWhenWinningThreshold = 0.95

2025-09-17 19:55:57+0800: GTP Engine starting...
2025-09-17 19:55:57+0800: KataGo v1.16.3
2025-09-17 19:55:57+0800: Using Chinese rules initially, unless GTP/GUI overrides this
2025-09-17 19:55:57+0800: Using 6 CPU thread(s) for search
2025-09-17 19:55:57+0800: nnRandSeed0 = 9593117135086447810
2025-09-17 19:55:57+0800: After dedups: nnModelFile0 = /home/swartz/WorkSpace/katago-webui/katago-cuda/kata1-b18.bin.gz useFP16 auto useNHWC auto
2025-09-17 19:55:57+0800: Initializing neural net buffer to be size 19 * 19 exactly
2025-09-17 19:55:58+0800: Cuda backend thread 0: Found GPU NVIDIA GeForce RTX 3090 memory 25769279488 compute capability major 8 minor 6
2025-09-17 19:55:58+0800: Cuda backend thread 0: Model version 14 useFP16 = true useNHWC = true
2025-09-17 19:55:58+0800: Cuda backend thread 0: Model name: kata1-b18c384nbt-s9996604416-d4316597426
2025-09-17 19:55:58+0800: Loaded neural net with nnXLen 19 nnYLen 19
2025-09-17 19:55:58+0800: Initializing board with boardXSize 19 boardYSize 19
2025-09-17 19:55:58+0800: Loaded config /home/swartz/WorkSpace/katago-webui/katago-cuda/default_gtp.cfg and/or command-line and query overrides and/or command-line and query overrides and/or command-line and query overrides and/or command-line and query overrides and/or command-line and query overrides and/or command-line and query overrides and/or command-line and query overrides
2025-09-17 19:55:58+0800: Loaded model /home/swartz/WorkSpace/katago-webui/katago-cuda/kata1-b18.bin.gz
2025-09-17 19:55:58+0800: Config override: maxVisits = 220
2025-09-17 19:55:58+0800: Config override: maxTime = 0.55
2025-09-17 19:55:58+0800: Config override: rootPolicyTemperature = 1.10
2025-09-17 19:55:58+0800: Config override: chosenMoveTemperatureEarly = 0.80
2025-09-17 19:55:58+0800: Config override: chosenMoveTemperatureHalflife = 26
2025-09-17 19:55:58+0800: Config override: allowResignation = false
2025-09-17 19:55:58+0800: Config override: rules = chinese
2025-09-17 19:55:58+0800: Model name: kata1-b18c384nbt-s9996604416-d4316597426
2025-09-17 19:55:58+0800: GTP ready, beginning main protocol loop
2025-09-17 19:55:58+0800: Controller: boardsize 19
2025-09-17 19:55:58+0800: = 
2025-09-17 19:55:58+0800: Controller: komi 7.5
2025-09-17 19:55:58+0800: = 
2025-09-17 19:55:58+0800: Controller: clear_board
2025-09-17 19:55:58+0800: = 
2025-09-17 19:56:00+0800: Controller: play B Q16
2025-09-17 19:56:00+0800: = 
2025-09-17 19:56:00+0800: Controller: genmove W
2025-09-17 19:56:00+0800: MoveNum: 1 HASH: D787FAD66281F76731DCD9C1B3387463
   A B C D E F G H J K L M N O P Q R S T
19 . . . . . . . . . . . . . . . . . . .
18 . . . . . . . . . . . . . . . . . . .
17 . . . . . . . . . . . . . . . . . . .
16 . . . . . . . . . . . . . . . X1. . .
15 . . . . . . . . . . . . . . . . . . .
14 . . . . . . . . . . . . . . . . . . .
13 . . . . . . . . . . . . . . . . . . .
12 . . . . . . . . . . . . . . . . . . .
11 . . . . . . . . . . . . . . . . . . .
10 . . . . . . . . . . . . . . . . . . .
 9 . . . . . . . . . . . . . . . . . . .
 8 . . . . . . . . . . . . . . . . . . .
 7 . . . . . . . . . . . . . . . . . . .
 6 . . . . . . . . . . . . . . . . . . .
 5 . . . . . . . . . . . . . . . . . . .
 4 . . . @ . . . . . . . . . . . . . . .
 3 . . . . . . . . . . . . . . . . . . .
 2 . . . . . . . . . . . . . . . . . . .
 1 . . . . . . . . . . . . . . . . . . .

koSIMPLEscoreAREAtaxNONEsui0whbNfpok1komi7.5
Time taken: 0.331038
Root visits: 225
New playouts: 225
NN rows: 192
NN batches: 65
NN avg batch size: 2.95385
PV: D4 Q4 D16 F3 R17 Q17 R16 Q15 R15
Tree:
: T  26.01c W  25.11c S   0.58c ( +1.5 L  +1.0) N     225  --  D4 Q4 D16 F3 R17 Q17 R16
---White(^)---
D4  : T  27.01c W  25.98c S   0.64c ( +1.5 L  +1.0) LCB   26.09c P 46.95% WF 257.4 PSV     256 N      97  --  D4 Q4 D16 F3 R17 Q17 R16 Q15
D16 : T  26.89c W  25.92c S   0.62c ( +1.5 L  +1.0) LCB   25.86c P 18.82% WF 220.4 PSV      94 N      83  --  D16 Q4 D4 F3 R17 Q17 R16 Q15
C4  : T  22.18c W  21.59c S   0.36c ( +1.3 L  +0.9) LCB   18.75c P  1.69% WF  38.3 PSV       2 N      17  --  C4 Q4 D16 E3 R17 D5 C5
C16 : T  21.85c W  21.49c S   0.33c ( +1.2 L  +0.9) LCB   16.47c P  1.42% WF  30.6 PSV       1 N      13  --  C16 Q4 D4 E17 R3 Q3
D17 : T  21.53c W  21.20c S   0.33c ( +1.2 L  +0.9) LCB   13.76c P  1.35% WF  24.9 PSV       1 N      10  --  D17 D4 Q4 C15 E16 R3
C3  : T  20.24c W  20.22c S   0.25c ( +1.2 L  +0.8) LCB  -22.77c P  1.19% WF   9.8 PSV       1 N       4  --  C3 Q3 D16

2025-09-17 19:56:00+0800: = D4
2025-09-17 19:56:05+0800: Controller: play B K10
2025-09-17 19:56:05+0800: = 
2025-09-17 19:56:05+0800: Controller: genmove W
2025-09-17 19:56:05+0800: MoveNum: 3 HASH: 04466D1CE14054AC5851E166D7902DE0
   A B C D E F G H J K L M N O P Q R S T
19 . . . . . . . . . . . . . . . . . . .
18 . . . . . . . . . . . . . . . . . . .
17 . . . . . . . . . . . . . . . . . . .
16 . . @ . . . . . . . . . . . . X1. . .
15 . . . . . . . . . . . . . . . . . . .
14 . . . . . . . . . . . . . . . . . . .
13 . . . . . . . . . . . . . . . . . . .
12 . . . . . . . . . . . . . . . . . . .
11 . . . . . . . . . . . . . . . . . . .
10 . . . . . . . . . X3. . . . . . . . .
 9 . . . . . . . . . . . . . . . . . . .
 8 . . . . . . . . . . . . . . . . . . .
 7 . . . . . . . . . . . . . . . . . . .
 6 . . . . . . . . . . . . . . . . . . .
 5 . . . . . . . . . . . . . . . . . . .
 4 . . . O2. . . . . . . . . . . . . . .
 3 . . . . . . . . . . . . . . . . . . .
 2 . . . . . . . . . . . . . . . . . . .
 1 . . . . . . . . . . . . . . . . . . .

koSIMPLEscoreAREAtaxNONEsui0whbNfpok1komi7.5
Time taken: 0.47188
Root visits: 225
New playouts: 225
NN rows: 220
NN batches: 74
NN avg batch size: 2.97297
PV: D17 Q3 Q5 R5 R6 R4 Q6 O3 Q10 C15
Tree:
: T  34.31c W  33.53c S   0.86c ( +2.2 L  +1.4) N     225  --  D17 Q3 Q5 R5 R6 R4 Q6
---White(^)---
D17 : T  35.04c W  34.07c S   0.92c ( +2.2 L  +1.5) LCB   33.43c P 12.47% WF 145.2 PSV     157 N      56  --  D17 Q3 Q5 R5 R6 R4 Q6 O3
D16 : T  34.62c W  33.84c S   0.85c ( +2.2 L  +1.4) LCB   33.21c P 17.76% WF 142.0 PSV     125 N      56  --  D16 Q4 R17 Q17 R16 R14 R15 Q15
C16 : T  34.69c W  33.88c S   0.90c ( +2.2 L  +1.5) LCB   33.23c P 10.35% WF 101.3 PSV      77 N      40  --  C16 Q4 F17 F3 C6 D16 D17 C15
R17 : T  34.19c W  33.28c S   0.83c ( +2.1 L  +1.4) LCB   32.75c P  3.65% WF  87.7 PSV      18 N      36  --  R17 Q17 R16 R14 R15 Q15 S14 Q4
D15 : T  33.72c W  32.50c S   0.79c ( +2.1 L  +1.4) LCB   31.09c P  1.69% WF  49.0 PSV       6 N      21  --  D15 C17 E17 C15 C14 D16 B15
E16 : T  30.07c W  31.12c S   0.66c ( +2.0 L  +1.3) LCB   21.05c P  1.51% WF  34.7 PSV       2 N      15  --  E16 C17 C15 E17 F17 F16 D16

2025-09-17 19:56:05+0800: = C16
2025-09-17 19:56:08+0800: Controller: play B Q4
2025-09-17 19:56:08+0800: = 
2025-09-17 19:56:08+0800: Controller: genmove W
2025-09-17 19:56:08+0800: MoveNum: 5 HASH: D3CC5B49389FD82CFFC999B52369CF70
   A B C D E F G H J K L M N O P Q R S T
19 . . . . . . . . . . . . . . . . . . .
18 . . . . . . . . . . . . . . . . . . .
17 . . . . . @ . . . . . . . . . . . . .
16 . . O2. . . . . . . . . . . . X . . .
15 . . . . . . . . . . . . . . . . . . .
14 . . . . . . . . . . . . . . . . . . .
13 . . . . . . . . . . . . . . . . . . .
12 . . . . . . . . . . . . . . . . . . .
11 . . . . . . . . . . . . . . . . . . .
10 . . . . . . . . . X1. . . . . . . . .
 9 . . . . . . . . . . . . . . . . . . .
 8 . . . . . . . . . . . . . . . . . . .
 7 . . . . . . . . . . . . . . . . . . .
 6 . . . . . . . . . . . . . . . . . . .
 5 . . . . . . . . . . . . . . . . . . .
 4 . . . O . . . . . . . . . . . X3. . .
 3 . . . . . . . . . . . . . . . . . . .
 2 . . . . . . . . . . . . . . . . . . .
 1 . . . . . . . . . . . . . . . . . . .

koSIMPLEscoreAREAtaxNONEsui0whbNfpok1komi7.5
Time taken: 0.4338
Root visits: 225
New playouts: 196
NN rows: 193
NN batches: 65
NN avg batch size: 2.96923
PV: F17 F3 C6 D16 D17 C15 E16 D15 B16
Tree:
: T  33.10c W  32.66c S   0.64c ( +2.1 L  +1.4) N     225  --  F17 F3 C6 D16 D17 C15 E16
---White(^)---
F17 : T  34.01c W  33.48c S   0.69c ( +2.2 L  +1.5) LCB   32.89c P 44.82% WF 296.8 PSV     295 N     124  --  F17 F3 C6 D16 D17 C15 E16 D15
E16 : T  32.33c W  32.00c S   0.60c ( +2.1 L  +1.4) LCB   30.75c P 19.83% WF  97.1 PSV      51 N      41  --  E16 C3 D3 C4 C5 B5 B6 C6
E17 : T  32.42c W  32.10c S   0.63c ( +2.1 L  +1.4) LCB   29.87c P  4.04% WF  57.5 PSV      10 N      23  --  E17 F3 C6 O3 O17 Q14
R3  : T  31.49c W  31.07c S   0.47c ( +2.0 L  +1.3) LCB   26.09c P  4.21% WF  29.1 PSV       8 N      12  --  R3 Q3 R4 R6 R5 Q5 S6 E16
R17 : T  31.07c W  30.89c S   0.56c ( +2.0 L  +1.4) LCB   24.64c P  4.51% WF  26.4 PSV       7 N      11  --  R17 Q17 R16 R14 R15 Q15 S14
F16 : T  31.58c W  31.17c S   0.56c ( +2.0 L  +1.4) LCB   25.28c P  3.11% WF  27.6 PSV       6 N      11  --  F16 C3 C4 D3 F3
O17 : T  29.52c W  29.21c S   0.18c ( +1.7 L  +1.2) LCB -119.44c P  2.45% WF   5.1 PSV       3 N       2  --  O17 E17

2025-09-17 19:56:08+0800: = F17
2025-09-17 19:56:11+0800: Controller: play B Q10
2025-09-17 19:56:11+0800: = 
2025-09-17 19:56:11+0800: Controller: genmove W
2025-09-17 19:56:12+0800: MoveNum: 7 HASH: 23F632F6348C2992076F57147470FBF9
   A B C D E F G H J K L M N O P Q R S T
19 . . . . . . . . . . . . . . . . . . .
18 . . . . . . . . . . . . . . . . . . .
17 . . . . . O2. . . . . . . . . . . . .
16 . . O . . . . . . . . . . . . X . . .
15 . . . . . . . . . . . . . . . . . . .
14 . . . . . . . . . . . . . . . . . . .
13 . . . . . . . . . . . . . . . . . . .
12 . . . . . . . . . . . . . . . . . . .
11 . . . . . . . . . . . . . . . . . . .
10 . . . . . . . . . X . . . . . X3. . .
 9 . . . . . . . . . . . . . . . . . . .
 8 . . . . . . . . . . . . . . . . . . .
 7 . . . . . . . . . . . . . . . . . . .
 6 . . . . . . . . . . . . . . . . . . .
 5 . . . . . . . . . . . . . . . . . . .
 4 . . . O . . . . . . . . . . . X1. . .
 3 . . . . . . . . . . . . . . . . @ . .
 2 . . . . . . . . . . . . . . . . . . .
 1 . . . . . . . . . . . . . . . . . . .

koSIMPLEscoreAREAtaxNONEsui0whbNfpok1komi7.5
Time taken: 0.36834
Root visits: 225
New playouts: 225
NN rows: 219
NN batches: 74
NN avg batch size: 2.95946
PV: O3 D16 D17 C15 B16 D15 E16 E15 F15 F14 B15
Tree:
: T  38.45c W  37.94c S   0.84c ( +2.6 L  +1.7) N     225  --  O3 D16 D17 C15 B16 D15 E16
---White(^)---
O3  : T  39.31c W  38.59c S   0.88c ( +2.6 L  +1.7) LCB   37.51c P 32.17% WF 154.5 PSV     154 N      68  --  O3 D16 D17 C15 B16 D15 E16 E15
O17 : T  39.09c W  38.46c S   0.92c ( +2.6 L  +1.8) LCB   37.31c P 23.18% WF 142.3 PSV      97 N      59  --  O17 F3 R3 R4 Q3 O3 P3 P4
R3  : T  37.75c W  37.66c S   0.78c ( +2.5 L  +1.7) LCB   34.37c P 14.77% WF  87.5 PSV      35 N      38  --  R3 R4 Q3 P3 P2 O3 O2 N3
F3  : T  38.14c W  37.54c S   0.81c ( +2.5 L  +1.8) LCB   36.75c P  9.78% WF  88.9 PSV      26 N      37  --  F3 D16 D17 C15 E16 D15 B16 E15
R17 : T  35.71c W  35.67c S   0.65c ( +2.4 L  +1.6) LCB   29.97c P  3.33% WF  31.1 PSV       4 N      13  --  R17 R16 Q17 O17 P17 P16 O18 F3
C6  : T  35.59c W  35.55c S   0.71c ( +2.4 L  +1.7) LCB   26.15c P  1.12% WF  20.6 PSV       1 N       9  --  C6 O3 O17 P17 O16 Q14

2025-09-17 19:56:12+0800: = R3
2025-09-17 19:56:18+0800: Controller: play B S3
2025-09-17 19:56:18+0800: = 
2025-09-17 19:56:18+0800: Controller: genmove W
2025-09-17 19:56:19+0800: MoveNum: 9 HASH: 1F261C634C48DDBC20051BB4272B5B86
   A B C D E F G H J K L M N O P Q R S T
19 . . . . . . . . . . . . . . . . . . .
18 . . . . . . . . . . . . . . . . . . .
17 . . . . . O . . . . . . . . . . . . .
16 . . O . . . . . . . . . . . . X . . .
15 . . . . . . . . . . . . . . . . . . .
14 . . . . . . . . . . . . . . . . . . .
13 . . . . . . . . . . . . . . . . . . .
12 . . . . . . . . . . . . . . . . . . .
11 . . . . . . . . . . . . . . . . . . .
10 . . . . . . . . . X . . . . . X1. . .
 9 . . . . . . . . . . . . . . . . . . .
 8 . . . . . . . . . . . . . . . . . . .
 7 . . . . . . . . . . . . . . . . . . .
 6 . . . . . . . . . . . . . . . . . . .
 5 . . . . . . . . . . . . . . . . . . .
 4 . . . O . . . . . . . . . . . X @ . .
 3 . . . . . . . . . . . . . . . . O2X3.
 2 . . . . . . . . . . . . . . . . . . .
 1 . . . . . . . . . . . . . . . . . . .

koSIMPLEscoreAREAtaxNONEsui0whbNfpok1komi7.5
Time taken: 0.434505
Root visits: 225
New playouts: 225
NN rows: 185
NN batches: 62
NN avg batch size: 2.98387
PV: R4 D16 D15 Q3 Q2 R5
Tree:
: T  96.66c W  91.21c S   5.29c (+11.2 L  +8.2) N     225  --  R4 D16 D15 Q3 Q2 R5
---White(^)---
R4  : T  97.51c W  91.90c S   5.44c (+11.3 L  +8.4) LCB   95.69c P 97.47% WF 457.2 PSV     456 N     204  --  R4 D16 D15 Q3 Q2 R5
R16 : T  73.22c W  73.12c S   0.46c ( +6.5 L  +4.5) LCB   -1.80c P  0.22% WF   2.6 PSV       0 N       3  --  R16 R4
R17 : T  70.14c W  70.06c S   0.07c ( +6.1 L  +4.3) LCB -279.86c P  0.12% WF   1.2 PSV       0 N       1  --  R17
Q17 : T  69.37c W  69.22c S   0.15c ( +6.2 L  +4.3) LCB -280.63c P  0.09% WF   1.0 PSV       0 N       1  --  Q17
S4  : T  65.54c W  66.02c S  -0.48c ( +5.6 L  +4.0) LCB -284.46c P  0.09% WF   0.9 PSV       0 N       1  --  S4
Q3  : T  65.17c W  65.38c S  -0.21c ( +5.8 L  +3.9) LCB -284.83c P  0.07% WF   0.8 PSV       0 N       1  --  Q3
S2  : T  57.09c W  58.50c S  -1.41c ( +4.7 L  +3.3) LCB -292.91c P  0.07% WF   0.7 PSV       0 N       1  --  S2
P16 : T  62.36c W  63.22c S  -0.86c ( +5.2 L  +3.6) LCB -287.64c P  0.06% WF   0.7 PSV       0 N       1  --  P16
Q15 : T  58.84c W  60.21c S  -1.37c ( +4.8 L  +3.3) LCB -291.16c P  0.06% WF   0.6 PSV       0 N       1  --  Q15
R15 : T  57.24c W  58.71c S  -1.47c ( +4.7 L  +3.3) LCB -292.76c P  0.04% WF   0.5 PSV       0 N       1  --  R15

2025-09-17 19:56:19+0800: = R4
2025-09-17 19:56:21+0800: Controller: play B R5
2025-09-17 19:56:21+0800: = 
2025-09-17 19:56:21+0800: Controller: genmove W
2025-09-17 19:56:21+0800: MoveNum: 11 HASH: 18FCCA1B51381CAD635C7987BF1FA230
   A B C D E F G H J K L M N O P Q R S T
19 . . . . . . . . . . . . . . . . . . .
18 . . . . . . . . . . . . . . . . . . .
17 . . . . . O . . . . . . . . . . . . .
16 . . O . . . . . . . . . . . . X . . .
15 . . . . . . . . . . . . . . . . . . .
14 . . . . . . . . . . . . . . . . . . .
13 . . . . . . . . . . . . . . . . . . .
12 . . . . . . . . . . . . . . . . . . .
11 . . . . . . . . . . . . . . . . . . .
10 . . . . . . . . . X . . . . . X . . .
 9 . . . . . . . . . . . . . . . . . . .
 8 . . . . . . . . . . . . . . . . . . .
 7 . . . . . . . . . . . . . . . . . . .
 6 . . . . . . . . . . . . . . . . . . .
 5 . . . . . . . . . . . . . . . . X3. .
 4 . . . O . . . . . . . . . . . X O2@ .
 3 . . . . . . . . . . . . . . . . O X1.
 2 . . . . . . . . . . . . . . . . . . .
 1 . . . . . . . . . . . . . . . . . . .

koSIMPLEscoreAREAtaxNONEsui0whbNfpok1komi7.5
Time taken: 0.335726
Root visits: 225
New playouts: 126
NN rows: 119
NN batches: 40
NN avg batch size: 2.975
PV: S4 S5 Q5 Q3 R2 Q2 S2 R7 P5 N3
Tree:
: T  96.49c W  92.68c S   3.87c (+11.6 L  +8.6) N     225  --  S4 S5 Q5 Q3 R2 Q2 S2
---White(^)---
S4  : T  96.87c W  92.96c S   3.95c (+11.7 L  +8.7) LCB   95.20c P 93.83% WF 503.2 PSV     502 N     218  --  S4 S5 Q5 Q3 R2 Q2 S2 R7
Q3  : T  77.37c W  79.25c S  -0.41c ( +7.5 L  +5.2) LCB   48.90c P  2.93% WF   8.4 PSV       1 N       5  --  Q3 S4 S5 S6
Q5  : T  83.16c W  82.08c S   1.08c ( +8.9 L  +6.3) LCB -266.84c P  1.49% WF   1.6 PSV       0 N       1  --  Q5

2025-09-17 19:56:21+0800: = S4
2025-09-17 19:56:23+0800: Controller: play B S5
2025-09-17 19:56:23+0800: = 
2025-09-17 19:56:23+0800: Controller: genmove W
2025-09-17 19:56:23+0800: MoveNum: 13 HASH: 47FA616F53FFA0D5035EB7F26CA1919D
   A B C D E F G H J K L M N O P Q R S T
19 . . . . . . . . . . . . . . . . . . .
18 . . . . . . . . . . . . . . . . . . .
17 . . . . . O . . . . . . . . . . . . .
16 . . O . . . . . . . . . . . . X . . .
15 . . . . . . . . . . . . . . . . . . .
14 . . . . . . . . . . . . . . . . . . .
13 . . . . . . . . . . . . . . . . . . .
12 . . . . . . . . . . . . . . . . . . .
11 . . . . . . . . . . . . . . . . . . .
10 . . . . . . . . . X . . . . . X . . .
 9 . . . . . . . . . . . . . . . . . . .
 8 . . . . . . . . . . . . . . . . . . .
 7 . . . . . . . . . . . . . . . . . . .
 6 . . . . . . . . . . . . . . . . . . .
 5 . . . . . . . . . . . . . . . @ X1X3.
 4 . . . O . . . . . . . . . . . X O O2.
 3 . . . . . . . . . . . . . . . . O X .
 2 . . . . . . . . . . . . . . . . . . .
 1 . . . . . . . . . . . . . . . . . . .

koSIMPLEscoreAREAtaxNONEsui0whbNfpok1komi7.5
Time taken: 0.359845
Root visits: 225
New playouts: 180
NN rows: 175
NN batches: 59
NN avg batch size: 2.9661
PV: Q5 Q3 R2 Q2 S2 R7 O17 O16 N16 O15
Tree:
: T  94.69c W  91.52c S   3.39c (+10.9 L  +7.9) N     225  --  Q5 Q3 R2 Q2 S2 R7 O17
---White(^)---
Q5  : T  95.19c W  91.66c S   3.70c (+11.3 L  +8.2) LCB   93.45c P 49.22% WF 255.2 PSV     254 N     118  --  Q5 Q3 R2 Q2 S2 R7 O17 O16
Q3  : T  94.79c W  91.71c S   3.32c (+10.8 L  +7.9) LCB   92.99c P 22.30% WF 157.0 PSV      91 N      69  --  Q3 P4 O2 N3 O3 O4 N4 M3
S2  : T  93.02c W  90.73c S   2.59c (+10.1 L  +7.1) LCB   90.51c P 21.42% WF  85.3 PSV      46 N      37  --  S2 P4 P2 C3 C4 D3

2025-09-17 19:56:23+0800: = Q5
2025-09-17 19:56:25+0800: Controller: play B Q3
2025-09-17 19:56:25+0800: = 
2025-09-17 19:56:25+0800: Controller: genmove W
2025-09-17 19:56:26+0800: MoveNum: 15 HASH: E21FE22961B48D1151C4E6C80EF323F3
   A B C D E F G H J K L M N O P Q R S T
19 . . . . . . . . . . . . . . . . . . .
18 . . . . . . . . . . . . . . . . . . .
17 . . . . . O . . . . . . . . . . . . .
16 . . O . . . . . . . . . . . . X . . .
15 . . . . . . . . . . . . . . . . . . .
14 . . . . . . . . . . . . . . . . . . .
13 . . . . . . . . . . . . . . . . . . .
12 . . . . . . . . . . . . . . . . . . .
11 . . . . . . . . . . . . . . . . . . .
10 . . . . . . . . . X . . . . . X . . .
 9 . . . . . . . . . . . . . . . . . . .
 8 . . . . . . . . . . . . . . . . . . .
 7 . . . . . . . . . . . . . . . . . . .
 6 . . . . . . . . . . . . . . . . . . .
 5 . . . . . . . . . . . . . . . O2X X1.
 4 . . . O . . . . . . . . . . . X O O .
 3 . . . . . . . . . . . . . . . X3O X .
 2 . . . . . . . . . . . . . . . . @ . .
 1 . . . . . . . . . . . . . . . . . . .

koSIMPLEscoreAREAtaxNONEsui0whbNfpok1komi7.5
Time taken: 0.29141
Root visits: 225
New playouts: 133
NN rows: 124
NN batches: 42
NN avg batch size: 2.95238
PV: R2 Q2 S2 R7 G3 P5 Q6 O6 R17 R16
Tree:
: T  94.87c W  91.52c S   3.50c (+10.9 L  +7.8) N     225  --  R2 Q2 S2 R7 G3 P5 Q6
---White(^)---
R2  : T  94.95c W  91.59c S   3.51c (+10.9 L  +7.8) LCB   93.86c P 93.36% WF 503.2 PSV     503 N     221  --  R2 Q2 S2 R7 G3 P5 Q6 O6
S2  : T  85.62c W  84.93c S   1.82c ( +9.2 L  +6.6) LCB   11.64c P  6.22% WF   5.0 PSV       4 N       3  --  S2 R2 T3

2025-09-17 19:56:26+0800: = R2
2025-09-17 19:56:27+0800: Controller: play B Q2
2025-09-17 19:56:27+0800: = 
2025-09-17 19:56:27+0800: Controller: genmove W
2025-09-17 19:56:27+0800: MoveNum: 17 HASH: 96F10121A83EA54D97505E87FFA888D0
   A B C D E F G H J K L M N O P Q R S T
19 . . . . . . . . . . . . . . . . . . .
18 . . . . . . . . . . . . . . . . . . .
17 . . . . . O . . . . . . . . . . . . .
16 . . O . . . . . . . . . . . . X . . .
15 . . . . . . . . . . . . . . . . . . .
14 . . . . . . . . . . . . . . . . . . .
13 . . . . . . . . . . . . . . . . . . .
12 . . . . . . . . . . . . . . . . . . .
11 . . . . . . . . . . . . . . . . . . .
10 . . . . . . . . . X . . . . . X . . .
 9 . . . . . . . . . . . . . . . . . . .
 8 . . . . . . . . . . . . . . . . . . .
 7 . . . . . . . . . . . . . . . . . . .
 6 . . . . . . . . . . . . . . . . . . .
 5 . . . . . . . . . . . . . . . O X X .
 4 . . . O . . . . . . . . . . . X O O .
 3 . . . . . . . . . . . . . . . X1O X .
 2 . . . . . . . . . . . . . . . X3O2@ .
 1 . . . . . . . . . . . . . . . . . . .

koSIMPLEscoreAREAtaxNONEsui0whbNfpok1komi7.5
Time taken: 0.0796893
Root visits: 224
New playouts: 48
NN rows: 47
NN batches: 20
NN avg batch size: 2.35
PV: S2 R7 G3 P5 Q6 O6 R17 R16
Tree:
: T  95.08c W  91.72c S   3.49c (+10.8 L  +7.7) N     224  --  S2 R7 G3 P5 Q6 O6 R17
---White(^)---
S2  : T  95.09c W  91.72c S   3.49c (+10.8 L  +7.7) LCB   94.38c P 97.60% WF 528.5 PSV     528 N     222  --  S2 R7 G3 P5 Q6 O6 R17 R16

2025-09-17 19:56:27+0800: = S2
2025-09-17 19:56:30+0800: Controller: play B R1
2025-09-17 19:56:30+0800: = 
2025-09-17 19:56:30+0800: Controller: genmove W
2025-09-17 19:56:30+0800: MoveNum: 19 HASH: AF344F406D3FFCCBB4A072B4C119C696
   A B C D E F G H J K L M N O P Q R S T
19 . . . . . . . . . . . . . . . . . . .
18 . . . . . . . . . . . . . . . . . . .
17 . . . . . O . . . . . . . . . . . . .
16 . . O . . . . . . . . . . . . X . . .
15 . . . . . . . . . . . . . . . . . . .
14 . . . . . . . . . . . . . . . . . . .
13 . . . . . . . . . . . . . . . . . . .
12 . . . . . . . . . . . . . . . . . . .
11 . . . . . . . . . . . . . . . . . . .
10 . . . . . . . . . X . . . . . X . . .
 9 . . . . . . . . . . . . . . . . . . .
 8 . . . . . . . . . . . . . . . . . . .
 7 . . . . . . . . . . . . . . . . . . .
 6 . . . . . . . . . . . . . . . . . . .
 5 . . . . . . . . . . . . . . @ O X X .
 4 . . . O . . . . . . . . . . . X O O .
 3 . . . . . . . . . . . . . . . X O X .
 2 . . . . . . . . . . . . . . . X1O O2.
 1 . . . . . . . . . . . . . . . . X3. .

koSIMPLEscoreAREAtaxNONEsui0whbNfpok1komi7.5
Time taken: 0.38775
Root visits: 225
New playouts: 225
NN rows: 218
NN batches: 74
NN avg batch size: 2.94595
PV: P5 R7 O3 O2 N2 N3 N4 M3 P2 O4
Tree:
: T 104.51c W  98.22c S   6.30c (+19.5 L +16.9) N     225  --  P5 R7 O3 O2 N2 N3 N4
---White(^)---
P5  : T 105.94c W  98.67c S   7.25c (+20.5 L +18.0) LCB  105.17c P 40.25% WF 283.0 PSV     335 N      94  --  P5 R7 O3 O2 N2 N3 N4 M3
R7  : T 104.02c W  98.10c S   5.90c (+19.0 L +16.4) LCB  102.06c P 31.37% WF 166.6 PSV      87 N      61  --  R7 Q6 P5 R6 P6 Q7 P7 N3
R6  : T 101.58c W  97.27c S   4.56c (+17.6 L +14.6) LCB   98.81c P  8.07% WF  38.2 PSV      12 N      17  --  R6 S6 R7 P5 Q6 S7 R8 S8
O3  : T 101.64c W  97.34c S   4.68c (+17.8 L +14.9) LCB   97.96c P  7.84% WF  38.6 PSV      12 N      16  --  O3 P4 P5 O4 O5 N4
R8  : T 103.89c W  98.00c S   5.77c (+18.9 L +16.3) LCB  102.04c P  1.08% WF  78.0 PSV       2 N      30  --  R8 R7 P5 Q7 O3 O2 N2 N3
O4  : T 101.23c W  97.10c S   4.16c (+17.2 L +14.2) LCB   80.76c P  1.89% WF  15.0 PSV       2 N       6  --  O4 R7 P5

2025-09-17 19:56:30+0800: = P5
2025-09-17 19:56:31+0800: Controller: play B S1
2025-09-17 19:56:31+0800: = 
2025-09-17 19:56:31+0800: Controller: genmove W
2025-09-17 19:56:32+0800: MoveNum: 21 HASH: 2DA7827CD1B7A23C0F497CC4C9DAFCE9
   A B C D E F G H J K L M N O P Q R S T
19 . . . . . . . . . . . . . . . . . . .
18 . . . . . . . . . . . . . . . . . . .
17 . . . . . O . . . . . . . . . . . . .
16 . . O . . . . . . . . . . . . X . . .
15 . . . . . . . . . . . . . . . . . . .
14 . . . . . . . . . . . . . . . . . . .
13 . . . . . . . . . . . . . . . . . . .
12 . . . . . . . . . . . . . . . . . . .
11 . . . . . . . . . . . . . . . . . . .
10 . . . . . . . . . X . . . . . X . . .
 9 . . . . . . . . . . . . . . . . . . .
 8 . . . . . . . . . . . . . . . . . . .
 7 . . . . . . . . . . . . . . . . . . .
 6 . . . . . . . . . . . . . . . . @ . .
 5 . . . . . . . . . . . . . . O2O X X .
 4 . . . O . . . . . . . . . . . X O O .
 3 . . . . . . . . . . . . . . . X O X .
 2 . . . . . . . . . . . . . . . X O O .
 1 . . . . . . . . . . . . . . . . X1X3.

koSIMPLEscoreAREAtaxNONEsui0whbNfpok1komi7.5
Time taken: 0.219879
Root visits: 225
New playouts: 211
NN rows: 194
NN batches: 65
NN avg batch size: 2.98462
PV: R7 S7 R6 S6 S8 R8 S9 Q6 Q7 P6 P7 O6
Tree:
: T 106.63c W  98.87c S   7.39c (+22.9 L +20.5) N     225  --  R7 S7 R6 S6 S8 R8 S9
---White(^)---
R7  : T 108.33c W  99.21c S   8.66c (+24.3 L +22.0) LCB  105.87c P  8.12% WF 175.6 PSV     236 N      53  --  R7 S7 R6 S6 S8 R8 S9 Q6
R6  : T 106.17c W  98.62c S   7.53c (+23.1 L +20.5) LCB  103.91c P 25.35% WF 114.5 PSV      93 N      46  --  R6 S6 R7 S7 S8 R8 S9 Q6
O3  : T 106.43c W  98.91c S   7.10c (+22.6 L +20.3) LCB  103.16c P 12.60% WF 102.7 PSV      51 N      33  --  O3 R7 P1 Q1 P2
R8  : T 106.13c W  98.81c S   6.83c (+22.4 L +20.2) LCB  103.14c P 10.03% WF  93.9 PSV      36 N      33  --  R8 R6 Q6 T3 T2 R7
P4  : T 106.75c W  98.79c S   7.37c (+22.9 L +20.2) LCB  103.57c P  5.49% WF  75.5 PSV      26 N      27  --  P4 O3 R6 S6 R7 S7 S8 R8
P3  : T 106.00c W  98.70c S   6.69c (+22.1 L +19.6) LCB  102.97c P  4.75% WF  55.2 PSV      16 N      19  --  P3 P2 R6 S6 R7
Q7  : T 103.61c W  98.87c S   4.82c (+20.0 L +18.0) LCB   59.88c P  3.44% WF  11.7 PSV       6 N       4  --  Q7 R8
N4  : T 103.27c W  98.74c S   4.44c (+19.6 L +17.3) LCB   28.60c P  3.43% WF   8.5 PSV       6 N       3  --  N4 R7
T5  : T 100.91c W  97.72c S   3.61c (+18.7 L +16.1) LCB  -48.53c P  3.66% WF   4.7 PSV       4 N       2  --  T5 R7
T3  : T 100.19c W  97.34c S   3.14c (+18.1 L +15.5) LCB  -49.40c P  3.32% WF   4.9 PSV       3 N       2  --  T3 R7

2025-09-17 19:56:32+0800: = R6
2025-09-17 19:56:34+0800: Controller: play B T3
2025-09-17 19:56:34+0800: = 
2025-09-17 19:56:34+0800: Controller: genmove W
2025-09-17 19:56:34+0800: MoveNum: 23 HASH: 764E03BDC529177C478BD4279CB94149
   A B C D E F G H J K L M N O P Q R S T
19 . . . . . . . . . . . . . . . . . . .
18 . . . . . . . . . . . . . . . . . . .
17 . . . . . O . . . . . . . . . . . . .
16 . . O . . . . . . . . . . . . X . . .
15 . . . . . . . . . . . . . . . . . . .
14 . . . . . . . . . . . . . . . . . . .
13 . . . . . . . . . . . . . . . . . . .
12 . . . . . . . . . . . . . . . . . . .
11 . . . . . . . . . . . . . . . . . . .
10 . . . . . . . . . X . . . . . X . . .
 9 . . . . . . . . . . . . . . . . . . .
 8 . . . . . . . . . . . . . . . . . . .
 7 . . . . . . . . . . . . . . . . . . .
 6 . . . . . . . . . . . . . . . . O2@ .
 5 . . . . . . . . . . . . . . O O X X .
 4 . . . O . . . . . . . . . . . X O O .
 3 . . . . . . . . . . . . . . . X O X X3
 2 . . . . . . . . . . . . . . . X O O .
 1 . . . . . . . . . . . . . . . . X X1.

koSIMPLEscoreAREAtaxNONEsui0whbNfpok1komi7.5
Time taken: 0.488356
Root visits: 225
New playouts: 225
NN rows: 222
NN batches: 75
NN avg batch size: 2.96
PV: S6 O4 M3 O5 M5 O7 J4
Tree:
: T 114.43c W  99.87c S  14.51c (+39.8 L +37.4) N     225  --  S6 O4 M3 O5 M5 O7 J4
---White(^)---
S6  : T 115.25c W  99.93c S  15.27c (+40.7 L +38.3) LCB  114.96c P 62.70% WF 904.4 PSV    1124 N     163  --  S6 O4 M3 O5 M5 O7 J4
T5  : T 113.01c W  99.90c S  13.06c (+37.9 L +35.4) LCB  112.46c P 31.53% WF 241.6 PSV     133 N      47  --  T5 M3 N3 N2 O2 O3
T4  : T 101.82c W  99.25c S   2.76c (+26.1 L +23.5) LCB   72.68c P  0.49% WF  11.6 PSV       0 N       5  --  T4 S6 R7 S7
T2  : T 103.48c W  99.49c S   4.53c (+28.1 L +25.2) LCB   75.39c P  0.29% WF   9.8 PSV       0 N       5  --  T2 S6 R7 S7
Q1  : T  98.06c W  97.95c S   0.11c (+23.1 L +19.9) LCB -251.94c P  0.14% WF   1.8 PSV       0 N       1  --  Q1
T1  : T  17.84c W  35.08c S -17.24c ( +2.8 L  +1.5) LCB -332.16c P  0.08% WF   0.6 PSV       0 N       1  --  T1
R16 : T  90.69c W  97.23c S  -6.53c (+16.3 L +13.3) LCB -259.31c P  0.04% WF   1.2 PSV       0 N       1  --  R16

2025-09-17 19:56:34+0800: = S6
2025-09-17 19:56:37+0800: Controller: play B T4
2025-09-17 19:56:37+0800: = 
2025-09-17 19:56:37+0800: Controller: genmove W
2025-09-17 19:56:37+0800: MoveNum: 25 HASH: 9290BD7DF5C567DDEF4EBAA85F9D71F0
   A B C D E F G H J K L M N O P Q R S T
19 . . . . . . . . . . . . . . . . . . .
18 . . . . . . . . . . . . . . . . . . .
17 . . . . . O . . . . . . . . . . . . .
16 . . O . . . . . . . . . . . . X . . .
15 . . . . . . . . . . . . . . . . . . .
14 . . . . . . . . . . . . . . . . . . .
13 . . . . . . . . . . . . . . . . . . .
12 . . . . . . . . . . . . . . . . . . .
11 . . . . . . . . . . . . . . . . . . .
10 . . . . . . . . . X . . . . . X . . .
 9 . . . . . . . . . . . . . . . . . . .
 8 . . . . . . . . . . . . . . . . . . .
 7 . . . . . . . . . . . . . . . . . . .
 6 . . . . . . . . . . . . . . . . O O2.
 5 . . . . . . . . . . . . . . O O X X @
 4 . . . O . . . . . . . . . . . X O O X3
 3 . . . . . . . . . . . . . . . X O X X1
 2 . . . . . . . . . . . . . . . X O O .
 1 . . . . . . . . . . . . . . . . X X .

koSIMPLEscoreAREAtaxNONEsui0whbNfpok1komi7.5
Time taken: 0.348319
Root visits: 104
New playouts: 104
NN rows: 104
NN batches: 36
NN avg batch size: 2.88889
PV: T5 M3 K3 R14 C6 F3
Tree:
: T 114.47c W  99.93c S  14.42c (+46.3 L +43.9) N     104  --  T5 M3 K3 R14 C6 F3
---White(^)---
T5  : T 115.03c W  99.97c S  15.01c (+46.9 L +44.5) LCB  114.67c P 96.41% WF 515.8 PSV     515 N      91  --  T5 M3 K3 R14 C6 F3
R10 : T  87.68c W  98.30c S -10.62c (+17.8 L +14.2) LCB -262.32c P  0.04% WF   0.9 PSV       0 N       1  --  R10
S10 : T  85.45c W  97.70c S -12.25c (+15.7 L +12.6) LCB -264.55c P  0.04% WF   0.8 PSV       0 N       1  --  S10
Q11 : T  87.65c W  98.14c S -10.49c (+17.9 L +14.3) LCB -262.35c P  0.04% WF   0.9 PSV       0 N       1  --  Q11
P9  : T  86.29c W  97.92c S -11.63c (+16.6 L +13.4) LCB -263.71c P  0.04% WF   0.8 PSV       0 N       1  --  P9
P10 : T  87.12c W  97.93c S -10.81c (+17.4 L +14.0) LCB -262.88c P  0.04% WF   0.8 PSV       0 N       1  --  P10
Q9  : T  86.74c W  98.00c S -11.26c (+17.0 L +13.5) LCB -263.26c P  0.04% WF   0.8 PSV       0 N       1  --  Q9
R11 : T  87.34c W  98.27c S -10.93c (+17.6 L +14.0) LCB -262.66c P  0.03% WF   0.9 PSV       0 N       1  --  R11
F4  : T  85.63c W  97.69c S -12.06c (+15.9 L +12.6) LCB -264.37c P  0.03% WF   0.8 PSV       0 N       1  --  F4
P11 : T  85.79c W  97.49c S -11.70c (+16.3 L +13.1) LCB -264.21c P  0.03% WF   0.7 PSV       0 N       1  --  P11

2025-09-17 19:56:37+0800: = T5
2025-09-17 19:56:39+0800: Controller: play B T2
2025-09-17 19:56:39+0800: = 
2025-09-17 19:56:39+0800: Controller: genmove W
2025-09-17 19:56:39+0800: MoveNum: 27 HASH: 7C053E4047CDD01BC575A7250BF53F06
   A B C D E F G H J K L M N O P Q R S T
19 . . . . . . . . . . . . . . . . . . .
18 . . . . . . . . . . . . . . . . . . .
17 . . . . . O . . . . . . . . . . . . .
16 . . O . . . . . . . . . . . . X . . .
15 . . . . . . . . . . . . . . . . . . .
14 . . . . . . . . . . . . . . . . . . .
13 . . . . . . . . . . . . . . . . . . .
12 . . . . . . . . . . . . . . . . . . .
11 . . . . . . . . . . . . . . . . . . .
10 . . . . . . . . . X . . . . . X . . .
 9 . . . . . . . . . . . . . . . . . . .
 8 . . . . . . . . . . . . . . . . . . .
 7 . . . . . . . . . . . . . . . . . . .
 6 . . . . . . . . . . . . . . . . O O .
 5 . . . . . . . . . . . . . . O O . . O2
 4 . . . O . . . . . . . . . . . X O O X1
 3 . . . . . . . . . . . @ . . . X O X X
 2 . . . . . . . . . . . . . . . X O O X3
 1 . . . . . . . . . . . . . . . . X X .

koSIMPLEscoreAREAtaxNONEsui0whbNfpok1komi7.5
Time taken: 0.267022
Root visits: 123
New playouts: 123
NN rows: 123
NN batches: 42
NN avg batch size: 2.92857
PV: M3 R14 Q13 R13 K4
Tree:
: T 115.99c W  99.99c S  15.80c (+60.6 L +58.2) N     123  --  M3 R14 Q13 R13 K4
---White(^)---
M3  : T 116.68c W  99.99c S  16.47c (+61.3 L +59.0) LCB  115.83c P 52.82% WF 277.9 PSV     276 N      46  --  M3 R14 Q13 R13 K4
L3  : T 116.12c W  99.99c S  15.91c (+61.1 L +58.6) LCB  113.55c P  9.06% WF 109.9 PSV      36 N      20  --  L3 N3 M5 N5
M4  : T 115.36c W  99.99c S  15.23c (+60.1 L +57.7) LCB  113.33c P  1.15% WF 103.4 PSV       3 N      21  --  M4 M2 M3 L2 N2 H3 K3
M2  : T 115.24c W  99.99c S  15.12c (+59.5 L +57.1) LCB  112.50c P  0.78% WF  92.1 PSV       2 N      17  --  M2 M4 K3 L6
L2  : T 115.55c W  99.99c S  15.31c (+60.0 L +57.6) LCB  111.96c P  0.87% WF  77.2 PSV       2 N      15  --  L2 M3 L3 M4 L4
L4  : T 113.93c W  99.99c S  14.12c (+58.5 L +55.9) LCB   39.05c P  0.94% WF  15.9 PSV       1 N       3  --  L4 M3

2025-09-17 19:56:39+0800: = M3
2025-09-17 19:56:40+0800: Controller: play B R5
2025-09-17 19:56:40+0800: = 
2025-09-17 19:56:40+0800: Controller: genmove W
2025-09-17 19:56:40+0800: MoveNum: 29 HASH: 597FC2E051A69C5187B6A6FB43E688F5
   A B C D E F G H J K L M N O P Q R S T
19 . . . . . . . . . . . . . . . . . . .
18 . . . . . . . . . . . . . . . . . . .
17 . . . . . O . . . . . . . . . . . . .
16 . . O . . . . . . . . . . . . X . . .
15 . . . . . . . . . . . . . . . . . . .
14 . . . . . . . . . . . . . . . . . . .
13 . . . . . . . . . . . . . . . . . . .
12 . . . . . . . . . . . . . . . . . . .
11 . . . . . . . . . . . . . . . . . . .
10 . . . . . . . . . X . . . . . X . . .
 9 . . . . . . . . . . . . . . . . . . .
 8 . . . . . . . . . . . . . . . . . . .
 7 . . . . . . . . . . . . . . . . . . .
 6 . . . . . . . . . . . . . . . . O O .
 5 . . . . . . . . . . . . . . O O X3. O
 4 . . . O . . . . . . . . . . . X O O X
 3 . . . . . . . . . . . O2. . . X O X X
 2 . . . . . . . . . . . . . . . X O O X1
 1 . . . . . . . . . . . . . . . . X X @

koSIMPLEscoreAREAtaxNONEsui0whbNfpok1komi7.5
Time taken: 0.124303
Root visits: 97
New playouts: 97
NN rows: 96
NN batches: 33
NN avg batch size: 2.90909
PV: T1 R14 Q13 R13 F3 C9
Tree:
: T 117.01c W  99.99c S  16.86c (+61.0 L +58.6) N      97  --  T1 R14 Q13 R13 F3 C9
---White(^)---
T1  : T 117.29c W  99.99c S  17.25c (+61.4 L +59.1) LCB  116.85c P 70.02% WF 370.0 PSV     370 N      58  --  T1 R14 Q13 R13 F3 C9
S5  : T 117.76c W  99.99c S  17.60c (+61.8 L +59.4) LCB  116.60c P 26.94% WF 183.7 PSV     184 N      30  --  S5 R14 Q13 R13 K4
D6  : T  89.13c W  99.69c S -10.56c (+27.0 L +22.6) LCB -260.87c P  0.04% WF   1.0 PSV       0 N       1  --  D6
F4  : T  88.94c W  99.68c S -10.74c (+26.8 L +22.5) LCB -261.06c P  0.04% WF   1.0 PSV       0 N       1  --  F4
O16 : T  89.01c W  99.70c S -10.68c (+27.0 L +22.8) LCB -260.99c P  0.03% WF   1.0 PSV       0 N       1  --  O16
R16 : T  89.73c W  99.78c S -10.05c (+27.8 L +23.8) LCB -260.27c P  0.03% WF   1.0 PSV       0 N       1  --  R16
R15 : T  89.49c W  99.78c S -10.30c (+27.7 L +24.1) LCB -260.51c P  0.03% WF   1.0 PSV       0 N       1  --  R15
Q17 : T  89.57c W  99.76c S -10.19c (+27.6 L +23.6) LCB -260.43c P  0.03% WF   1.0 PSV       0 N       1  --  Q17
R13 : T  88.83c W  99.66c S -10.82c (+26.6 L +22.3) LCB -261.17c P  0.03% WF   1.0 PSV       0 N       1  --  R13
P17 : T  88.87c W  99.73c S -10.86c (+26.9 L +23.1) LCB -261.13c P  0.03% WF   1.0 PSV       0 N       1  --  P17

2025-09-17 19:56:40+0800: = T1
2025-09-17 19:56:44+0800: Controller: play B S3
2025-09-17 19:56:44+0800: = 
2025-09-17 19:56:44+0800: Controller: genmove W
2025-09-17 19:56:44+0800: MoveNum: 31 HASH: 7DFDD3C17E6D581754EA7242A7B1FFA7
   A B C D E F G H J K L M N O P Q R S T
19 . . . . . . . . . . . . . . . . . . .
18 . . . . . . . . . . . . . . . . . . .
17 . . . . . O . . . . . . . . . . . . .
16 . . O . . . . . . . . . . . . X @ . .
15 . . . . . . . . . . . . . . . . . . .
14 . . . . . . . . . . . . . . . . . . .
13 . . . . . . . . . . . . . . . . . . .
12 . . . . . . . . . . . . . . . . . . .
11 . . . . . . . . . . . . . . . . . . .
10 . . . . . . . . . X . . . . . X . . .
 9 . . . . . . . . . . . . . . . . . . .
 8 . . . . . . . . . . . . . . . . . . .
 7 . . . . . . . . . . . . . . . . . . .
 6 . . . . . . . . . . . . . . . . O O .
 5 . . . . . . . . . . . . . . O O X1. O
 4 . . . O . . . . . . . . . . . X O O .
 3 . . . . . . . . . . . O . . . X O X3.
 2 . . . . . . . . . . . . . . . X O O .
 1 . . . . . . . . . . . . . . . . X X O2

koSIMPLEscoreAREAtaxNONEsui0whbNfpok1komi7.5
Time taken: 0.247573
Root visits: 43
New playouts: 43
NN rows: 43
NN batches: 15
NN avg batch size: 2.86667
PV: R16 R15 R17 Q15
Tree:
: T 118.12c W 100.00c S  17.83c (+74.3 L +71.9) N      43  --  R16 R15 R17 Q15
---White(^)---
R16 : T 118.62c W 100.00c S  18.30c (+75.0 L +72.4) LCB  107.34c P  3.66% WF  48.4 PSV      67 N       8  --  R16 R15 R17 Q15
R14 : T 117.88c W 100.00c S  17.68c (+74.5 L +72.3) LCB  103.39c P 22.30% WF  45.4 PSV      46 N       7  --  R14 N16 P15
F3  : T 118.56c W 100.00c S  18.12c (+74.2 L +71.7) LCB  104.17c P  1.60% WF  44.1 PSV      19 N       7  --  F3 R14 Q13
Q13 : T 117.68c W 100.00c S  17.46c (+74.0 L +71.8) LCB   98.10c P  2.74% WF  37.8 PSV      12 N       6  --  Q13 O16 P11
O17 : T 118.46c W 100.00c S  18.07c (+74.2 L +71.7) LCB  104.08c P  1.13% WF  44.2 PSV      11 N       7  --  O17 R14 Q13
K4  : T 117.62c W 100.00c S  17.52c (+73.8 L +71.4) LCB  103.20c P  2.46% WF  43.6 PSV      10 N       7  --  K4 R14 Q13 R13

2025-09-17 19:56:44+0800: = R16
2025-09-17 19:56:45+0800: Controller: play B T4
2025-09-17 19:56:45+0800: = 
2025-09-17 19:56:45+0800: Controller: genmove W
2025-09-17 19:56:45+0800: MoveNum: 33 HASH: ADC6E38791D15E25E71180A0635FD450
   A B C D E F G H J K L M N O P Q R S T
19 . . . . . . . . . . . . . . . . . . .
18 . . . . . . . . . . . . . . . . . . .
17 . . . . . O . . . . . . . . . . . . .
16 . . O . . . . . . . . . . . . X O2. .
15 . . . . . . . . . . . . . . . @ . . .
14 . . . . . . . . . . . . . . . . . . .
13 . . . . . . . . . . . . . . . . . . .
12 . . . . . . . . . . . . . . . . . . .
11 . . . . . . . . . . . . . . . . . . .
10 . . . . . . . . . X . . . . . X . . .
 9 . . . . . . . . . . . . . . . . . . .
 8 . . . . . . . . . . . . . . . . . . .
 7 . . . . . . . . . . . . . . . . . . .
 6 . . . . . . . . . . . . . . . . O O .
 5 . . . . . . . . . . . . . . O O X . O
 4 . . . O . . . . . . . . . . . X O O X3
 3 . . . . . . . . . . . O . . . X O X1.
 2 . . . . . . . . . . . . . . . X O O .
 1 . . . . . . . . . . . . . . . . X X O

koSIMPLEscoreAREAtaxNONEsui0whbNfpok1komi7.5
Time taken: 0.114663
Root visits: 94
New playouts: 94
NN rows: 93
NN batches: 32
NN avg batch size: 2.90625
PV: Q15 R17 R15 Q17 Q12 N9
Tree:
: T 119.02c W 100.00c S  18.70c (+88.3 L +85.8) N      94  --  Q15 R17 R15 Q17 Q12 N9
---White(^)---
Q15 : T 119.82c W 100.00c S  19.28c (+89.5 L +87.0) LCB  117.87c P 32.60% WF 136.4 PSV     136 N      23  --  Q15 R17 R15 Q17 Q12 N9
R15 : T 119.23c W 100.00c S  18.85c (+88.4 L +85.9) LCB  117.04c P 19.59% WF 114.6 PSV      63 N      19  --  R15 Q17 R17 M17 Q15
R17 : T 118.50c W 100.00c S  18.61c (+87.9 L +85.4) LCB  115.21c P  7.75% WF  93.3 PSV      19 N      16  --  R17 Q14 Q15 P15 R15
Q17 : T 119.71c W 100.00c S  19.06c (+89.1 L +86.6) LCB  116.42c P  3.57% WF  98.1 PSV      14 N      17  --  Q17 R15 Q15 P16 R14
R14 : T 117.46c W 100.00c S  17.45c (+86.1 L +83.7) LCB  108.48c P  0.57% WF  44.4 PSV       1 N       9  --  R14 R17 S16 P17
R13 : T 117.38c W 100.00c S  17.46c (+86.3 L +83.7) LCB  108.33c P  0.55% WF  42.8 PSV       1 N       9  --  R13 R15 S15 S16

2025-09-17 19:56:45+0800: = Q15
2025-09-17 19:56:47+0800: Controller: play B T3
2025-09-17 19:56:47+0800: = 
2025-09-17 19:56:47+0800: Controller: genmove W
2025-09-17 19:56:47+0800: MoveNum: 35 HASH: EB33AC152C8A11638F9677DB24C5B959
   A B C D E F G H J K L M N O P Q R S T
19 . . . . . . . . . . . . . . . . . . .
18 . . . . . . . . . . . . . . . . . . .
17 . . . . . O . . . . . . . . . . . . .
16 . . O . . . . . . . . . . . @ X O . .
15 . . . . . . . . . . . . . . . O2. . .
14 . . . . . . . . . . . . . . . . . . .
13 . . . . . . . . . . . . . . . . . . .
12 . . . . . . . . . . . . . . . . . . .
11 . . . . . . . . . . . . . . . . . . .
10 . . . . . . . . . X . . . . . X . . .
 9 . . . . . . . . . . . . . . . . . . .
 8 . . . . . . . . . . . . . . . . . . .
 7 . . . . . . . . . . . . . . . . . . .
 6 . . . . . . . . . . . . . . . . O O .
 5 . . . . . . . . . . . . . . O O X . O
 4 . . . O . . . . . . . . . . . X O O X1
 3 . . . . . . . . . . . O . . . X O X X3
 2 . . . . . . . . . . . . . . . X O O .
 1 . . . . . . . . . . . . . . . . X X O

koSIMPLEscoreAREAtaxNONEsui0whbNfpok1komi7.5
Time taken: 0.109092
Root visits: 94
New playouts: 94
NN rows: 94
NN batches: 32
NN avg batch size: 2.9375
PV: P16 Q17 R17 N10
Tree:
: T 117.58c W 100.00c S  17.23c (+104.3 L +101.9) N      94  --  P16 Q17 R17 N10
---White(^)---
P16 : T 117.80c W 100.00c S  17.60c (+105.0 L +102.7) LCB  116.17c P 40.32% WF 151.7 PSV     152 N      26  --  P16 Q17 R17 N10
O16 : T 117.38c W 100.00c S  17.06c (+103.8 L +101.3) LCB  114.15c P  1.02% WF  85.7 PSV       3 N      16  --  O16 R17 R15 Q17
L10 : T 117.92c W 100.00c S  17.23c (+104.2 L +101.6) LCB  114.47c P  0.96% WF  89.1 PSV       3 N      16  --  L10 R17 R15 Q17 Q12
O10 : T 117.81c W 100.00c S  17.60c (+104.9 L +102.4) LCB  114.68c P  0.67% WF  89.2 PSV       2 N      16  --  O10 R17 R15 Q17 P15 O17
K9  : T 117.31c W 100.00c S  16.73c (+103.3 L +100.8) LCB  113.37c P  0.65% WF  74.7 PSV       2 N      14  --  K9 R17 R15 Q17 O15
P15 : T 116.04c W 100.00c S  16.11c (+103.0 L +101.1) LCB   88.21c P  0.73% WF  27.2 PSV       1 N       5  --  P15 R17

2025-09-17 19:56:47+0800: = P16
2025-09-17 19:56:53+0800: Controller: play B T2
2025-09-17 19:56:53+0800: = 
2025-09-17 19:56:53+0800: Controller: genmove W
2025-09-17 19:56:53+0800: MoveNum: 37 HASH: EBC8C2339E8B9C272F0BBD3345CE38C9
   A B C D E F G H J K L M N O P Q R S T
19 . . . . . . . . . . . . . . . . . . .
18 . . . . . . . . . . . . . . . . . . .
17 . . . . . O . . . . . . . . . . . . .
16 . . O . . . . . . . . . . . O2X O . .
15 . . . . . . . . . . . . . . . O . . .
14 . . . . . . . . . . . . . . . . . . .
13 . . . . . . . . . . . . . . . . . . .
12 . . . . . . . . . . . . . . . . . . .
11 . . . . . . . . . . . . . . . . . . .
10 . . . . . . . . . X . . . . . X . . .
 9 . . . . . . . . . . . . . . . . . . .
 8 . . . . . . . . . . . . . . . . . . .
 7 . . . . . . . . . . . . . . . . . . .
 6 . . . . . . . . . . . . . . . . O O .
 5 . . . . . . . . . . . . . . O O X . O
 4 . . . O . . . . . . . . . . . X O O X
 3 . . . . . . . . . . . O . . . X O X X1
 2 . . . . . . . . . . . . . . . X O O X3
 1 . . . . . . . . . . . . . . . . X X @

koSIMPLEscoreAREAtaxNONEsui0whbNfpok1komi7.5
Time taken: 0.224797
Root visits: 55
New playouts: 55
NN rows: 55
NN batches: 19
NN avg batch size: 2.89474
PV: T1 Q17 P17 N10 Q18
Tree:
: T 117.16c W 100.00c S  16.75c (+104.4 L +101.9) N      55  --  T1 Q17 P17 N10 Q18
---White(^)---
T1  : T 118.34c W 100.00c S  17.97c (+105.8 L +103.4) LCB  116.96c P 70.46% WF 168.3 PSV     167 N      29  --  T1 Q17 P17 N10 Q18
S5  : T 117.58c W 100.00c S  17.43c (+105.3 L +102.9) LCB  114.84c P 25.57% WF  97.2 PSV      48 N      17  --  S5 Q17 R17 K3
D10 : T  93.78c W 100.00c S  -6.22c (+71.2 L +68.0) LCB -256.22c P  0.06% WF   1.3 PSV       0 N       1  --  D10
D11 : T  94.04c W 100.00c S  -5.96c (+71.6 L +68.5) LCB -255.96c P  0.05% WF   1.3 PSV       0 N       1  --  D11
O10 : T  93.48c W 100.00c S  -6.52c (+70.3 L +67.0) LCB -256.52c P  0.05% WF   1.2 PSV       0 N       1  --  O10
L10 : T  94.18c W 100.00c S  -5.82c (+71.6 L +68.3) LCB -255.82c P  0.05% WF   1.3 PSV       0 N       1  --  L10
K11 : T  94.70c W 100.00c S  -5.30c (+72.2 L +68.9) LCB -255.30c P  0.05% WF   1.3 PSV       0 N       1  --  K11
D9  : T  94.06c W 100.00c S  -5.94c (+71.6 L +68.5) LCB -255.94c P  0.04% WF   1.3 PSV       0 N       1  --  D9
N10 : T  93.20c W 100.00c S  -6.80c (+70.1 L +66.8) LCB -256.80c P  0.04% WF   1.3 PSV       0 N       1  --  N10
F4  : T  93.00c W 100.00c S  -7.00c (+70.3 L +67.2) LCB -257.00c P  0.04% WF   1.2 PSV       0 N       1  --  F4

2025-09-17 19:56:53+0800: = T1
2025-09-17 19:57:02+0800: Controller: quit
2025-09-17 19:57:02+0800: Quit requested by controller
2025-09-17 19:57:02+0800: = 
2025-09-17 19:57:02+0800: GPU -1 finishing, processed 2716 rows 924 batches
2025-09-17 19:57:02+0800: All cleaned up, quitting
