2025-09-15 23:16:25+0800: Running with following config:
allowResignation = false
chosenMoveTemperatureEarly = 0.80
chosenMoveTemperatureHalflife = 26
lagBuffer = 1.0
logAllGTPCommunication = true
logDir = gtp_logs
logSearchInfo = true
logSearchInfoForChosenMove = false
logToStderr = false
maxTime = 0.55
maxTimePondering = 60.0
maxVisits = 220
numSearchThreads = 6
ponderingEnabled = false
resignConsecTurns = 3
resignThreshold = -0.90
rootPolicyTemperature = 1.10
rules = chinese
searchFactorAfterOnePass = 0.50
searchFactorAfterTwoPass = 0.25
searchFactorWhenWinning = 0.40
searchFactorWhenWinningThreshold = 0.95

2025-09-15 23:16:25+0800: GTP Engine starting...
2025-09-15 23:16:25+0800: KataGo v1.16.3
2025-09-15 23:16:25+0800: Using Chinese rules initially, unless GTP/GUI overrides this
2025-09-15 23:16:25+0800: Using 6 CPU thread(s) for search
2025-09-15 23:16:26+0800: nnRandSeed0 = 9723918753739492109
2025-09-15 23:16:26+0800: After dedups: nnModelFile0 = /home/swartz/WorkSpace/katago-webui/katago-cuda/kata1-b18.bin.gz useFP16 auto useNHWC auto
2025-09-15 23:16:26+0800: Initializing neural net buffer to be size 19 * 19 exactly
2025-09-15 23:16:27+0800: Cuda backend thread 0: Found GPU NVIDIA GeForce RTX 3090 memory 25769279488 compute capability major 8 minor 6
2025-09-15 23:16:27+0800: Cuda backend thread 0: Model version 14 useFP16 = true useNHWC = true
2025-09-15 23:16:27+0800: Cuda backend thread 0: Model name: kata1-b18c384nbt-s9996604416-d4316597426
2025-09-15 23:16:27+0800: Loaded neural net with nnXLen 19 nnYLen 19
2025-09-15 23:16:27+0800: Initializing board with boardXSize 19 boardYSize 19
2025-09-15 23:16:27+0800: Loaded config /home/swartz/WorkSpace/katago-webui/katago-cuda/default_gtp.cfg and/or command-line and query overrides and/or command-line and query overrides and/or command-line and query overrides and/or command-line and query overrides and/or command-line and query overrides and/or command-line and query overrides and/or command-line and query overrides
2025-09-15 23:16:27+0800: Loaded model /home/swartz/WorkSpace/katago-webui/katago-cuda/kata1-b18.bin.gz
2025-09-15 23:16:27+0800: Config override: maxVisits = 220
2025-09-15 23:16:27+0800: Config override: maxTime = 0.55
2025-09-15 23:16:27+0800: Config override: rootPolicyTemperature = 1.10
2025-09-15 23:16:27+0800: Config override: chosenMoveTemperatureEarly = 0.80
2025-09-15 23:16:27+0800: Config override: chosenMoveTemperatureHalflife = 26
2025-09-15 23:16:27+0800: Config override: allowResignation = false
2025-09-15 23:16:27+0800: Config override: rules = chinese
2025-09-15 23:16:27+0800: Model name: kata1-b18c384nbt-s9996604416-d4316597426
2025-09-15 23:16:27+0800: GTP ready, beginning main protocol loop
2025-09-15 23:16:27+0800: Controller: boardsize 19
2025-09-15 23:16:27+0800: = 
2025-09-15 23:16:27+0800: Controller: komi 7.5
2025-09-15 23:16:27+0800: = 
2025-09-15 23:16:27+0800: Controller: clear_board
2025-09-15 23:16:27+0800: = 
2025-09-15 23:16:29+0800: Controller: play B K18
2025-09-15 23:16:29+0800: = 
2025-09-15 23:16:29+0800: Controller: genmove W
2025-09-15 23:16:30+0800: MoveNum: 1 HASH: 6A2138F69602BCFAD12570D92D2E26D8
   A B C D E F G H J K L M N O P Q R S T
19 . . . . . . . . . . . . . . . . . . .
18 . . . . . . . . . X1. . . . . . . . .
17 . . . . . . . . . . . . . . . . . . .
16 . . @ . . . . . . . . . . . . . . . .
15 . . . . . . . . . . . . . . . . . . .
14 . . . . . . . . . . . . . . . . . . .
13 . . . . . . . . . . . . . . . . . . .
12 . . . . . . . . . . . . . . . . . . .
11 . . . . . . . . . . . . . . . . . . .
10 . . . . . . . . . . . . . . . . . . .
 9 . . . . . . . . . . . . . . . . . . .
 8 . . . . . . . . . . . . . . . . . . .
 7 . . . . . . . . . . . . . . . . . . .
 6 . . . . . . . . . . . . . . . . . . .
 5 . . . . . . . . . . . . . . . . . . .
 4 . . . . . . . . . . . . . . . . . . .
 3 . . . . . . . . . . . . . . . . . . .
 2 . . . . . . . . . . . . . . . . . . .
 1 . . . . . . . . . . . . . . . . . . .

koSIMPLEscoreAREAtaxNONEsui0whbNfpok1komi7.5
Time taken: 0.367151
Root visits: 225
New playouts: 225
NN rows: 201
NN batches: 69
NN avg batch size: 2.91304
PV: C16 R16 Q4 D4 F17 P16 C3 D3 C4 C6 C5 D5 B6 R6 O3
Tree:
: T  56.95c W  55.58c S   1.69c ( +4.3 L  +2.8) N     225  --  C16 R16 Q4 D4 F17 P16 C3
---White(^)---
C16 : T  59.20c W  57.29c S   1.87c ( +4.5 L  +2.9) LCB   57.32c P 23.96% WF 221.2 PSV     218 N     106  --  C16 R16 Q4 D4 F17 P16 C3 D3
D16 : T  56.00c W  55.10c S   1.62c ( +4.2 L  +2.7) LCB   53.60c P 13.81% WF  89.2 PSV      25 N      44  --  D16 R16 Q4 D4 C3 C4 D3 F3
D17 : T  53.80c W  53.27c S   1.56c ( +4.2 L  +2.7) LCB   49.50c P  6.17% WF  41.4 PSV       7 N      21  --  D17 R16 Q4 D4 P16 P17 O17
D4  : T  54.71c W  53.78c S   1.41c ( +4.0 L  +2.5) LCB   51.59c P  1.46% WF  43.3 PSV       2 N      23  --  D4 R16 C16 Q4 F17 P16 O3 R6
D3  : T  54.54c W  53.43c S   1.46c ( +4.1 L  +2.6) LCB   51.16c P  1.15% WF  46.2 PSV       1 N      25  --  D3 R16 C16 Q4 F17 P16 D5 G16
C4  : T  50.05c W  50.33c S   1.35c ( +4.0 L  +2.6) LCB    6.70c P  1.27% WF   8.3 PSV       0 N       4  --  C4 R16 D16
C17 : T  49.21c W  47.99c S   1.22c ( +3.9 L  +2.7) LCB -300.79c P  0.72% WF   1.9 PSV       0 N       1  --  C17

2025-09-15 23:16:30+0800: = C16
2025-09-15 23:16:31+0800: Controller: play B L18
2025-09-15 23:16:31+0800: = 
2025-09-15 23:16:31+0800: Controller: genmove W
2025-09-15 23:16:31+0800: MoveNum: 3 HASH: 4CDE56957C5AE5750C73DD65020716EC
   A B C D E F G H J K L M N O P Q R S T
19 . . . . . . . . . . . . . . . . . . .
18 . . . . . . . . . X1X3. . . . . . . .
17 . . . . . . . . . . . . . . . . . . .
16 . . O2. . . . . . . . . . . . @ . . .
15 . . . . . . . . . . . . . . . . . . .
14 . . . . . . . . . . . . . . . . . . .
13 . . . . . . . . . . . . . . . . . . .
12 . . . . . . . . . . . . . . . . . . .
11 . . . . . . . . . . . . . . . . . . .
10 . . . . . . . . . . . . . . . . . . .
 9 . . . . . . . . . . . . . . . . . . .
 8 . . . . . . . . . . . . . . . . . . .
 7 . . . . . . . . . . . . . . . . . . .
 6 . . . . . . . . . . . . . . . . . . .
 5 . . . . . . . . . . . . . . . . . . .
 4 . . . . . . . . . . . . . . . . . . .
 3 . . . . . . . . . . . . . . . . . . .
 2 . . . . . . . . . . . . . . . . . . .
 1 . . . . . . . . . . . . . . . . . . .

koSIMPLEscoreAREAtaxNONEsui0whbNfpok1komi7.5
Time taken: 0.24673
Root visits: 225
New playouts: 225
NN rows: 212
NN batches: 72
NN avg batch size: 2.94444
PV: R16 Q4 D4 E16 E17 F17 D17 F16
Tree:
: T  99.15c W  95.35c S   3.87c (+12.7 L  +9.6) N     225  --  R16 Q4 D4 E16 E17 F17 D17
---White(^)---
R16 : T  99.99c W  95.75c S   4.26c (+13.1 L +10.0) LCB   99.59c P 44.83% WF 262.0 PSV     260 N      93  --  R16 Q4 D4 E16 E17 F17 D17 F16
Q16 : T  98.89c W  95.21c S   3.78c (+12.6 L  +9.6) LCB   98.08c P 14.84% WF 105.5 PSV      49 N      39  --  Q16 Q4 D4 E16 E17 F17 D17
Q17 : T  98.78c W  95.21c S   3.69c (+12.6 L  +9.4) LCB   98.04c P  4.34% WF  98.2 PSV      13 N      37  --  Q17 Q4 D4 E16 E17 F17 D17
R17 : T  98.64c W  95.15c S   3.52c (+12.4 L  +9.2) LCB   97.93c P  1.36% WF 101.1 PSV       4 N      39  --  R17 Q4 D4 E16 E17 F17
Q4  : T  96.47c W  94.01c S   2.87c (+11.7 L  +8.7) LCB   89.36c P  1.02% WF  23.9 PSV       1 N      10  --  Q4 R16 C4 E16 E17
D4  : T  96.50c W  93.92c S   2.88c (+11.7 L  +8.7) LCB   79.88c P  0.92% WF  15.2 PSV       1 N       6  --  D4 R16 R4 E16

2025-09-15 23:16:31+0800: = Q16
2025-09-15 23:16:34+0800: Controller: quit
2025-09-15 23:16:34+0800: Quit requested by controller
2025-09-15 23:16:34+0800: = 
2025-09-15 23:16:34+0800: GPU -1 finishing, processed 413 rows 141 batches
2025-09-15 23:16:34+0800: All cleaned up, quitting
