2025-09-16 09:56:27+0800: Running with following config:
allowResignation = false
chosenMoveTemperatureEarly = 0.80
chosenMoveTemperatureHalflife = 26
lagBuffer = 1.0
logAllGTPCommunication = true
logDir = gtp_logs
logSearchInfo = true
logSearchInfoForChosenMove = false
logToStderr = false
maxTime = 0.55
maxTimePondering = 60.0
maxVisits = 220
numSearchThreads = 6
ponderingEnabled = false
resignConsecTurns = 3
resignThreshold = -0.90
rootPolicyTemperature = 1.10
rules = chinese
searchFactorAfterOnePass = 0.50
searchFactorAfterTwoPass = 0.25
searchFactorWhenWinning = 0.40
searchFactorWhenWinningThreshold = 0.95

2025-09-16 09:56:27+0800: GTP Engine starting...
2025-09-16 09:56:27+0800: KataGo v1.16.3
2025-09-16 09:56:27+0800: Using Chinese rules initially, unless GTP/GUI overrides this
2025-09-16 09:56:27+0800: Using 6 CPU thread(s) for search
2025-09-16 09:56:27+0800: nnRandSeed0 = 18133267013642258885
2025-09-16 09:56:27+0800: After dedups: nnModelFile0 = /home/swartz/WorkSpace/katago-webui/katago-cuda/kata1-b18.bin.gz useFP16 auto useNHWC auto
2025-09-16 09:56:27+0800: Initializing neural net buffer to be size 19 * 19 exactly
2025-09-16 09:56:28+0800: Cuda backend thread 0: Found GPU NVIDIA GeForce RTX 3090 memory 25769279488 compute capability major 8 minor 6
2025-09-16 09:56:28+0800: Cuda backend thread 0: Model version 14 useFP16 = true useNHWC = true
2025-09-16 09:56:28+0800: Cuda backend thread 0: Model name: kata1-b18c384nbt-s9996604416-d4316597426
2025-09-16 09:56:29+0800: Loaded neural net with nnXLen 19 nnYLen 19
2025-09-16 09:56:29+0800: Initializing board with boardXSize 19 boardYSize 19
2025-09-16 09:56:29+0800: Loaded config /home/swartz/WorkSpace/katago-webui/katago-cuda/default_gtp.cfg and/or command-line and query overrides and/or command-line and query overrides and/or command-line and query overrides and/or command-line and query overrides and/or command-line and query overrides and/or command-line and query overrides and/or command-line and query overrides
2025-09-16 09:56:29+0800: Loaded model /home/swartz/WorkSpace/katago-webui/katago-cuda/kata1-b18.bin.gz
2025-09-16 09:56:29+0800: Config override: maxVisits = 220
2025-09-16 09:56:29+0800: Config override: maxTime = 0.55
2025-09-16 09:56:29+0800: Config override: rootPolicyTemperature = 1.10
2025-09-16 09:56:29+0800: Config override: chosenMoveTemperatureEarly = 0.80
2025-09-16 09:56:29+0800: Config override: chosenMoveTemperatureHalflife = 26
2025-09-16 09:56:29+0800: Config override: allowResignation = false
2025-09-16 09:56:29+0800: Config override: rules = chinese
2025-09-16 09:56:29+0800: Model name: kata1-b18c384nbt-s9996604416-d4316597426
2025-09-16 09:56:29+0800: GTP ready, beginning main protocol loop
2025-09-16 09:56:29+0800: Controller: boardsize 19
2025-09-16 09:56:29+0800: = 
2025-09-16 09:56:29+0800: Controller: komi 7.5
2025-09-16 09:56:29+0800: = 
2025-09-16 09:56:29+0800: Controller: clear_board
2025-09-16 09:56:29+0800: = 
2025-09-16 09:56:32+0800: Controller: play B K16
2025-09-16 09:56:32+0800: = 
2025-09-16 09:56:32+0800: Controller: genmove W
2025-09-16 09:56:33+0800: MoveNum: 1 HASH: 625E5BA3EA829E6A5A6E972A4FD1C304
   A B C D E F G H J K L M N O P Q R S T
19 . . . . . . . . . . . . . . . . . . .
18 . . . . . . . . . . . . . . . . . . .
17 . . . . . . . . . . . . . . . . . . .
16 . . @ . . . . . . X1. . . . . . . . .
15 . . . . . . . . . . . . . . . . . . .
14 . . . . . . . . . . . . . . . . . . .
13 . . . . . . . . . . . . . . . . . . .
12 . . . . . . . . . . . . . . . . . . .
11 . . . . . . . . . . . . . . . . . . .
10 . . . . . . . . . . . . . . . . . . .
 9 . . . . . . . . . . . . . . . . . . .
 8 . . . . . . . . . . . . . . . . . . .
 7 . . . . . . . . . . . . . . . . . . .
 6 . . . . . . . . . . . . . . . . . . .
 5 . . . . . . . . . . . . . . . . . . .
 4 . . . . . . . . . . . . . . . . . . .
 3 . . . . . . . . . . . . . . . . . . .
 2 . . . . . . . . . . . . . . . . . . .
 1 . . . . . . . . . . . . . . . . . . .

koSIMPLEscoreAREAtaxNONEsui0whbNfpok1komi7.5
Time taken: 0.409679
Root visits: 225
New playouts: 225
NN rows: 217
NN batches: 73
NN avg batch size: 2.9726
PV: D16 Q16 Q4 D4 C3 C4 D3 F3 E3 E4
Tree:
: T  34.48c W  33.67c S   0.92c ( +2.2 L  +1.4) N     225  --  D16 Q16 Q4 D4 C3 C4 D3
---White(^)---
D16 : T  35.20c W  34.42c S   0.98c ( +2.2 L  +1.4) LCB   33.96c P 18.93% WF 173.8 PSV     173 N      65  --  D16 Q16 Q4 D4 C3 C4 D3 F3
C16 : T  35.28c W  34.14c S   0.99c ( +2.3 L  +1.4) LCB   33.95c P 12.68% WF 153.8 PSV     129 N      58  --  C16 Q16 Q4 D4 F17 R3 Q3 R4
D17 : T  34.18c W  33.57c S   0.90c ( +2.2 L  +1.4) LCB   32.38c P  8.20% WF  94.3 PSV      33 N      36  --  D17 R16 Q4 D4 P17 Q17 P16 Q14
D4  : T  34.02c W  33.18c S   0.88c ( +2.2 L  +1.4) LCB   32.54c P  2.34% WF  92.4 PSV       8 N      36  --  D4 Q16 D16 Q4 R3 R4 Q3 O3
D3  : T  32.59c W  32.15c S   0.76c ( +2.0 L  +1.3) LCB   29.07c P  1.63% WF  47.4 PSV       3 N      19  --  D3 R16 D16 Q4 P17 C5
C4  : T  31.09c W  30.88c S   0.68c ( +2.0 L  +1.3) LCB   23.25c P  1.75% WF  25.7 PSV       2 N      10  --  C4 R16 D16 Q4 P17 E3

2025-09-16 09:56:33+0800: = C16
2025-09-16 09:56:35+0800: Controller: quit
2025-09-16 09:56:35+0800: Quit requested by controller
2025-09-16 09:56:35+0800: = 
2025-09-16 09:56:35+0800: GPU -1 finishing, processed 217 rows 73 batches
2025-09-16 09:56:35+0800: All cleaned up, quitting
