2025-09-19 07:44:43+0800: Running with following config:
allowResignation = true
chosenMoveTemperatureEarly = 0.35
chosenMoveTemperatureHalflife = 15
lagBuffer = 1.0
logAllGTPCommunication = true
logDir = gtp_logs
logSearchInfo = true
logSearchInfoForChosenMove = false
logToStderr = false
maxTime = 2.50
maxTimePondering = 60.0
maxVisits = 3000
numSearchThreads = 6
ponderingEnabled = false
resignConsecTurns = 3
resignThreshold = -0.93
rootPolicyTemperature = 0.25
rules = chinese
searchFactorAfterOnePass = 0.50
searchFactorAfterTwoPass = 0.25
searchFactorWhenWinning = 0.40
searchFactorWhenWinningThreshold = 0.95

2025-09-19 07:44:43+0800: GTP Engine starting...
2025-09-19 07:44:43+0800: KataGo v1.16.3
2025-09-19 07:44:43+0800: Using Chinese rules initially, unless GTP/GUI overrides this
2025-09-19 07:44:43+0800: Using 6 CPU thread(s) for search
2025-09-19 07:44:43+0800: nnRandSeed0 = 3074602222190431357
2025-09-19 07:44:43+0800: After dedups: nnModelFile0 = /home/swartz/WorkSpace/katago-webui/katago-cuda/kata1-b18.bin.gz useFP16 auto useNHWC auto
2025-09-19 07:44:43+0800: Initializing neural net buffer to be size 19 * 19 exactly
2025-09-19 07:44:44+0800: Cuda backend thread 0: Found GPU NVIDIA GeForce RTX 3090 memory 25769279488 compute capability major 8 minor 6
2025-09-19 07:44:44+0800: Cuda backend thread 0: Model version 14 useFP16 = true useNHWC = true
2025-09-19 07:44:44+0800: Cuda backend thread 0: Model name: kata1-b18c384nbt-s9996604416-d4316597426
2025-09-19 07:44:45+0800: Loaded neural net with nnXLen 19 nnYLen 19
2025-09-19 07:44:45+0800: Initializing board with boardXSize 19 boardYSize 19
2025-09-19 07:44:45+0800: Loaded config /home/swartz/WorkSpace/katago-webui/katago-cuda/default_gtp.cfg and/or command-line and query overrides and/or command-line and query overrides and/or command-line and query overrides and/or command-line and query overrides and/or command-line and query overrides and/or command-line and query overrides and/or command-line and query overrides and/or command-line and query overrides
2025-09-19 07:44:45+0800: Loaded model /home/swartz/WorkSpace/katago-webui/katago-cuda/kata1-b18.bin.gz
2025-09-19 07:44:45+0800: Config override: maxVisits = 3000
2025-09-19 07:44:45+0800: Config override: maxTime = 2.50
2025-09-19 07:44:45+0800: Config override: rootPolicyTemperature = 0.25
2025-09-19 07:44:45+0800: Config override: chosenMoveTemperatureEarly = 0.35
2025-09-19 07:44:45+0800: Config override: chosenMoveTemperatureHalflife = 15
2025-09-19 07:44:45+0800: Config override: allowResignation = true
2025-09-19 07:44:45+0800: Config override: resignThreshold = -0.93
2025-09-19 07:44:45+0800: Config override: rules = chinese
2025-09-19 07:44:45+0800: Model name: kata1-b18c384nbt-s9996604416-d4316597426
2025-09-19 07:44:45+0800: GTP ready, beginning main protocol loop
2025-09-19 07:44:45+0800: Controller: boardsize 19
2025-09-19 07:44:45+0800: = 
2025-09-19 07:44:45+0800: Controller: komi 7.5
2025-09-19 07:44:45+0800: = 
2025-09-19 07:44:45+0800: Controller: clear_board
2025-09-19 07:44:45+0800: = 
2025-09-19 07:44:46+0800: Controller: play B H16
2025-09-19 07:44:46+0800: = 
2025-09-19 07:44:46+0800: Controller: genmove W
2025-09-19 07:44:48+0800: MoveNum: 1 HASH: A6DE7A39EC02A9D71110305DFBA2DE1B
   A B C D E F G H J K L M N O P Q R S T
19 . . . . . . . . . . . . . . . . . . .
18 . . . . . . . . . . . . . . . . . . .
17 . . . . . . . . . . . . . . . . . . .
16 . . @ . . . . X1. . . . . . . . . . .
15 . . . . . . . . . . . . . . . . . . .
14 . . . . . . . . . . . . . . . . . . .
13 . . . . . . . . . . . . . . . . . . .
12 . . . . . . . . . . . . . . . . . . .
11 . . . . . . . . . . . . . . . . . . .
10 . . . . . . . . . . . . . . . . . . .
 9 . . . . . . . . . . . . . . . . . . .
 8 . . . . . . . . . . . . . . . . . . .
 7 . . . . . . . . . . . . . . . . . . .
 6 . . . . . . . . . . . . . . . . . . .
 5 . . . . . . . . . . . . . . . . . . .
 4 . . . . . . . . . . . . . . . . . . .
 3 . . . . . . . . . . . . . . . . . . .
 2 . . . . . . . . . . . . . . . . . . .
 1 . . . . . . . . . . . . . . . . . . .

koSIMPLEscoreAREAtaxNONEsui0whbNfpok1komi7.5
Time taken: 2.50389
Root visits: 2251
New playouts: 2251
NN rows: 2128
NN batches: 710
NN avg batch size: 2.99718
PV: C16 Q3 Q16 D4 E17 Q5 R14 O17 C6 F3
Tree:
: T  36.18c W  35.35c S   0.79c ( +2.3 L  +1.5) N    2251  --  C16 Q3 Q16 D4 E17 Q5 R14
---White(^)---
C16 : T  36.30c W  35.44c S   0.80c ( +2.4 L  +1.5) LCB   36.00c P 85.56% WF 5244.7 PSV    5240 N    2111  --  C16 Q3 Q16 D4 E17 Q5 R14 O17
D16 : T  34.70c W  34.31c S   0.67c ( +2.2 L  +1.4) LCB   33.55c P 14.44% WF 244.5 PSV     226 N      99  --  D16 Q16 Q4 D4 C3 C4 D3 F3
D17 : T  33.56c W  33.36c S   0.59c ( +2.2 L  +1.4) LCB   30.69c P  0.00% WF  41.8 PSV       0 N      20  --  D17 Q16 Q4 D4 C14 R3 R4
Q16 : T  33.49c W  32.81c S   0.53c ( +2.1 L  +1.3) LCB   28.78c P  0.00% WF  30.0 PSV       0 N      13  --  Q16 C16 D4 Q4 R3
D4  : T  30.91c W  31.66c S   0.37c ( +1.9 L  +1.3) LCB  -12.28c P  0.00% WF   7.4 PSV       0 N       4  --  D4 C16 R16 Q4
Q4  : T  30.64c W  31.66c S   0.31c ( +1.9 L  +1.3) LCB -118.99c P  0.00% WF   3.4 PSV       0 N       2  --  Q4 C16

2025-09-19 07:44:48+0800: = C16
2025-09-19 07:44:52+0800: Controller: play B D16
2025-09-19 07:44:52+0800: = 
2025-09-19 07:44:52+0800: Controller: genmove W
2025-09-19 07:44:54+0800: MoveNum: 3 HASH: 4F4B28EA6339CE911F836C184EBA01E4
   A B C D E F G H J K L M N O P Q R S T
19 . . . . . . . . . . . . . . . . . . .
18 . . . . . . . . . . . . . . . . . . .
17 . . . @ . . . . . . . . . . . . . . .
16 . . O2X3. . . X1. . . . . . . . . . .
15 . . . . . . . . . . . . . . . . . . .
14 . . . . . . . . . . . . . . . . . . .
13 . . . . . . . . . . . . . . . . . . .
12 . . . . . . . . . . . . . . . . . . .
11 . . . . . . . . . . . . . . . . . . .
10 . . . . . . . . . . . . . . . . . . .
 9 . . . . . . . . . . . . . . . . . . .
 8 . . . . . . . . . . . . . . . . . . .
 7 . . . . . . . . . . . . . . . . . . .
 6 . . . . . . . . . . . . . . . . . . .
 5 . . . . . . . . . . . . . . . . . . .
 4 . . . . . . . . . . . . . . . . . . .
 3 . . . . . . . . . . . . . . . . . . .
 2 . . . . . . . . . . . . . . . . . . .
 1 . . . . . . . . . . . . . . . . . . .

koSIMPLEscoreAREAtaxNONEsui0whbNfpok1komi7.5
Time taken: 2.50337
Root visits: 2962
New playouts: 2962
NN rows: 2219
NN batches: 740
NN avg batch size: 2.99865
PV: D17 E17 C17 R16 R4 E16 C14 D3 O3 O17 C5 F4 K17 Q4 Q5 R3 Q3 P4 P3 R5 S4
Tree:
: T  40.90c W  39.86c S   0.86c ( +2.6 L  +1.7) N    2962  --  D17 E17 C17 R16 R4 E16 C14
---White(^)---
D17 : T  41.59c W  40.45c S   0.91c ( +2.7 L  +1.7) LCB   41.18c P  1.91% WF 5074.0 PSV   15305 N    2161  --  D17 E17 C17 R16 R4 E16 C14 D3
C17 : T  39.02c W  38.25c S   0.72c ( +2.5 L  +1.6) LCB   38.52c P 98.09% WF 1799.7 PSV    1633 N     786  --  C17 D15 C15 R16 Q4 D4 D14 R3
C15 : T  25.16c W  26.46c S  -0.38c ( +1.4 L  +1.0) LCB  -18.21c P  0.00% WF   3.1 PSV       0 N       4  --  C15 D17 C17 Q16
D15 : T  26.57c W  27.36c S  -0.18c ( +1.6 L  +1.2) LCB  -47.68c P  0.00% WF   2.3 PSV       0 N       3  --  D15 C17 C15
Q16 : T  21.31c W  21.80c S  -0.49c ( +1.3 L  +1.0) LCB -328.69c P  0.00% WF   0.6 PSV       0 N       1  --  Q16
D4  : T  22.86c W  23.28c S  -0.42c ( +1.4 L  +1.0) LCB -327.14c P  0.00% WF   0.6 PSV       0 N       1  --  D4
Q4  : T  20.60c W  21.12c S  -0.53c ( +1.3 L  +1.0) LCB -329.40c P  0.00% WF   0.5 PSV       0 N       1  --  Q4
Q17 : T  18.50c W  19.23c S  -0.73c ( +1.1 L  +0.9) LCB -331.50c P  0.00% WF   0.4 PSV       0 N       1  --  Q17
C4  : T  19.86c W  20.44c S  -0.58c ( +1.2 L  +1.0) LCB -330.14c P  0.00% WF   0.5 PSV       0 N       1  --  C4
D5  : T  12.40c W  13.66c S  -1.26c ( +0.6 L  +0.5) LCB -337.60c P  0.00% WF   0.3 PSV       0 N       1  --  D5

2025-09-19 07:44:54+0800: = D17
2025-09-19 07:44:56+0800: Controller: play B D15
2025-09-19 07:44:56+0800: = 
2025-09-19 07:44:56+0800: Controller: genmove W
2025-09-19 07:44:58+0800: MoveNum: 5 HASH: 6A2B8409CBA13AA51E47A5A319EB6A70
   A B C D E F G H J K L M N O P Q R S T
19 . . . . . . . . . . . . . . . . . . .
18 . . . . . . . . . . . . . . . . . . .
17 . . . O2@ . . . . . . . . . . . . . .
16 . . O X1. . . X . . . . . . . . . . .
15 . . . X3. . . . . . . . . . . . . . .
14 . . . . . . . . . . . . . . . . . . .
13 . . . . . . . . . . . . . . . . . . .
12 . . . . . . . . . . . . . . . . . . .
11 . . . . . . . . . . . . . . . . . . .
10 . . . . . . . . . . . . . . . . . . .
 9 . . . . . . . . . . . . . . . . . . .
 8 . . . . . . . . . . . . . . . . . . .
 7 . . . . . . . . . . . . . . . . . . .
 6 . . . . . . . . . . . . . . . . . . .
 5 . . . . . . . . . . . . . . . . . . .
 4 . . . . . . . . . . . . . . . . . . .
 3 . . . . . . . . . . . . . . . . . . .
 2 . . . . . . . . . . . . . . . . . . .
 1 . . . . . . . . . . . . . . . . . . .

koSIMPLEscoreAREAtaxNONEsui0whbNfpok1komi7.5
Time taken: 2.50511
Root visits: 2893
New playouts: 2893
NN rows: 2403
NN batches: 802
NN avg batch size: 2.99626
PV: E17 C15 B16 Q16 D4 Q4 F16 D11 R3 Q3 R4 R6 R5 Q5 S6 C6 F3 R2 S2 S7 Q2 Q7 R17 R16 Q17
Tree:
: T  57.77c W  56.46c S   1.56c ( +4.3 L  +2.9) N    2893  --  E17 C15 B16 Q16 D4 Q4 F16
---White(^)---
E17 : T  58.03c W  56.69c S   1.59c ( +4.4 L  +2.9) LCB   57.44c P 85.85% WF 5678.8 PSV    5667 N    2736  --  E17 C15 B16 Q16 D4 Q4 F16 D11
C15 : T  53.06c W  52.60c S   1.01c ( +3.8 L  +2.6) LCB   49.55c P 14.15% WF 119.1 PSV     120 N      67  --  C15 E17 D18 D14 C14 D13 D4 Q17
C17 : T  37.14c W  37.72c S  -0.41c ( +2.4 L  +1.6) LCB   35.70c P  0.00% WF  42.7 PSV       0 N      85  --  C17 R16 Q4 D4 P17 M16 C3
Q16 : T  27.52c W  28.35c S  -0.83c ( +2.0 L  +1.5) LCB -322.48c P  0.00% WF   0.3 PSV       0 N       1  --  Q16
D4  : T  27.60c W  28.43c S  -0.83c ( +2.0 L  +1.5) LCB -322.40c P  0.00% WF   0.3 PSV       0 N       1  --  D4
Q4  : T  26.67c W  27.54c S  -0.87c ( +2.0 L  +1.5) LCB -323.33c P  0.00% WF   0.2 PSV       0 N       1  --  Q4

2025-09-19 07:44:58+0800: = E17
2025-09-19 07:45:01+0800: Controller: play B B16
2025-09-19 07:45:01+0800: = 
2025-09-19 07:45:01+0800: Controller: genmove W
2025-09-19 07:45:03+0800: MoveNum: 7 HASH: 5719456C749CDA03CFCC889E2597893A
   A B C D E F G H J K L M N O P Q R S T
19 . . . . . . . . . . . . . . . . . . .
18 . . . . . . . . . . . . . . . . . . .
17 . . . O O2. . . . . . . . . . . . . .
16 . X3O X . . . X . . . . . . . . . . .
15 . . @ X1. . . . . . . . . . . . . . .
14 . . . . . . . . . . . . . . . . . . .
13 . . . . . . . . . . . . . . . . . . .
12 . . . . . . . . . . . . . . . . . . .
11 . . . . . . . . . . . . . . . . . . .
10 . . . . . . . . . . . . . . . . . . .
 9 . . . . . . . . . . . . . . . . . . .
 8 . . . . . . . . . . . . . . . . . . .
 7 . . . . . . . . . . . . . . . . . . .
 6 . . . . . . . . . . . . . . . . . . .
 5 . . . . . . . . . . . . . . . . . . .
 4 . . . . . . . . . . . . . . . . . . .
 3 . . . . . . . . . . . . . . . . . . .
 2 . . . . . . . . . . . . . . . . . . .
 1 . . . . . . . . . . . . . . . . . . .

koSIMPLEscoreAREAtaxNONEsui0whbNfpok1komi7.5
Time taken: 2.50488
Root visits: 2615
New playouts: 2615
NN rows: 2200
NN batches: 734
NN avg batch size: 2.99728
PV: C15 C17 B17 C18 B15 F16 F17 B18 A16 D13 G17 C14 B13 B14 A14 A18 C12 H17 E16
Tree:
: T  96.03c W  91.92c S   4.29c (+11.7 L  +8.8) N    2615  --  C15 C17 B17 C18 B15 F16 F17
---White(^)---
C15 : T  96.03c W  91.92c S   4.29c (+11.7 L  +8.8) LCB   95.31c P 100.00% WF 5333.4 PSV    5333 N    2585  --  C15 C17 B17 C18 B15 F16 F17 B18
C17 : T  29.87c W  34.69c S  -4.82c ( +2.5 L  +1.9) LCB -320.13c P  0.00% WF   0.0 PSV       0 N       1  --  C17
B17 : T  30.64c W  35.47c S  -4.83c ( +2.6 L  +1.9) LCB -319.36c P  0.00% WF   0.0 PSV       0 N       1  --  B17
H18 : T -15.49c W  -6.79c S  -8.70c ( -1.5 L  -1.0) LCB -365.49c P  0.00% WF   0.0 PSV       0 N       1  --  H18
G17 : T -22.78c W -13.76c S  -9.02c ( -1.8 L  -1.3) LCB -372.78c P  0.00% WF   0.0 PSV       0 N       1  --  G17
G16 : T -17.58c W  -9.14c S  -8.44c ( -1.2 L  -0.9) LCB -367.58c P  0.00% WF   0.0 PSV       0 N       1  --  G16
H17 : T  -7.66c W   0.33c S  -7.99c ( -0.7 L  -0.4) LCB -357.66c P  0.00% WF   0.0 PSV       0 N       1  --  H17
G18 : T -22.80c W -13.65c S  -9.16c ( -2.0 L  -1.4) LCB -372.80c P  0.00% WF   0.0 PSV       0 N       1  --  G18
R16 : T  -3.40c W   4.24c S  -7.63c ( -0.3 L  -0.2) LCB -353.40c P  0.00% WF   0.0 PSV       0 N       1  --  R16
Q16 : T   0.94c W   8.23c S  -7.28c ( +0.1 L  +0.0) LCB -349.06c P  0.00% WF   0.0 PSV       0 N       1  --  Q16

2025-09-19 07:45:03+0800: = C15
2025-09-19 07:45:07+0800: Controller: play B C17
2025-09-19 07:45:07+0800: = 
2025-09-19 07:45:07+0800: Controller: genmove W
2025-09-19 07:45:08+0800: MoveNum: 9 HASH: A852C68CE9B42753AFB64C01E7885A1F
   A B C D E F G H J K L M N O P Q R S T
19 . . . . . . . . . . . . . . . . . . .
18 . . . . . . . . . . . . . . . . . . .
17 . @ X3O O . . . . . . . . . . . . . .
16 . X1O X . . . X . . . . . . . . . . .
15 . . O2X . . . . . . . . . . . . . . .
14 . . . . . . . . . . . . . . . . . . .
13 . . . . . . . . . . . . . . . . . . .
12 . . . . . . . . . . . . . . . . . . .
11 . . . . . . . . . . . . . . . . . . .
10 . . . . . . . . . . . . . . . . . . .
 9 . . . . . . . . . . . . . . . . . . .
 8 . . . . . . . . . . . . . . . . . . .
 7 . . . . . . . . . . . . . . . . . . .
 6 . . . . . . . . . . . . . . . . . . .
 5 . . . . . . . . . . . . . . . . . . .
 4 . . . . . . . . . . . . . . . . . . .
 3 . . . . . . . . . . . . . . . . . . .
 2 . . . . . . . . . . . . . . . . . . .
 1 . . . . . . . . . . . . . . . . . . .

koSIMPLEscoreAREAtaxNONEsui0whbNfpok1komi7.5
Time taken: 1.02559
Root visits: 3005
New playouts: 872
NN rows: 688
NN batches: 230
NN avg batch size: 2.9913
PV: B17 C18 B15 B18 A16 F16 F17 D13 G16 G17 G15 E16 G18 H17 H18 D18 E18 E19 F18 K17 J18 A18 D14 E14 C14
Tree:
: T  95.71c W  91.82c S   4.06c (+12.0 L  +9.2) N    3005  --  B17 C18 B15 B18 A16 F16 F17
---White(^)---
B17 : T  96.34c W  92.11c S   4.38c (+12.4 L  +9.6) LCB   95.43c P 82.20% WF 4316.8 PSV    4281 N    2174  --  B17 C18 B15 B18 A16 F16 F17 D13
C18 : T  94.64c W  91.58c S   3.31c (+11.3 L  +8.4) LCB   93.49c P  6.14% WF 1305.0 PSV     121 N     710  --  C18 B17 C14 D14 C13 D13 C12 B18
B15 : T  84.29c W  83.97c S   1.29c ( +9.3 L  +6.8) LCB   78.51c P 11.15% WF  89.9 PSV      46 N      61  --  B15 B18 C13 D18 A16 F16 B17 C18
C14 : T  92.81c W  89.54c S   2.78c (+10.7 L  +7.8) LCB   86.93c P  0.51% WF 107.5 PSV       6 N      58  --  C14 C18 E14 Q16 Q4 D12

2025-09-19 07:45:08+0800: = B17
2025-09-19 07:45:10+0800: Controller: play B C18
2025-09-19 07:45:10+0800: = 
2025-09-19 07:45:10+0800: Controller: genmove W
2025-09-19 07:45:10+0800: MoveNum: 11 HASH: B1FFFDA225FF7082D2DC83357E77DF70
   A B C D E F G H J K L M N O P Q R S T
19 . . . . . . . . . . . . . . . . . . .
18 . . X3. . . . . . . . . . . . . . . .
17 . O2X1O O . . . . . . . . . . . . . .
16 . X O X . . . X . . . . . . . . . . .
15 . @ O X . . . . . . . . . . . . . . .
14 . . . . . . . . . . . . . . . . . . .
13 . . . . . . . . . . . . . . . . . . .
12 . . . . . . . . . . . . . . . . . . .
11 . . . . . . . . . . . . . . . . . . .
10 . . . . . . . . . . . . . . . . . . .
 9 . . . . . . . . . . . . . . . . . . .
 8 . . . . . . . . . . . . . . . . . . .
 7 . . . . . . . . . . . . . . . . . . .
 6 . . . . . . . . . . . . . . . . . . .
 5 . . . . . . . . . . . . . . . . . . .
 4 . . . . . . . . . . . . . . . . . . .
 3 . . . . . . . . . . . . . . . . . . .
 2 . . . . . . . . . . . . . . . . . . .
 1 . . . . . . . . . . . . . . . . . . .

koSIMPLEscoreAREAtaxNONEsui0whbNfpok1komi7.5
Time taken: 0.794124
Root visits: 3005
New playouts: 1012
NN rows: 761
NN batches: 254
NN avg batch size: 2.99606
PV: B15 F16 F17 B18 A16 D13 G16 C14 E16 B14 E14 D14 A18 A14 A15 D4 Q4 Q16
Tree:
: T  95.55c W  91.97c S   3.84c (+12.3 L  +9.5) N    3005  --  B15 F16 F17 B18 A16 D13 G16
---White(^)---
B15 : T  96.31c W  92.42c S   4.16c (+12.6 L  +9.8) LCB   95.57c P 12.36% WF 5275.5 PSV    7261 N    2713  --  B15 F16 F17 B18 A16 D13 G16 C14
B18 : T  88.27c W  87.75c S   0.63c ( +9.1 L  +6.4) LCB   87.34c P 87.58% WF 536.4 PSV     574 N     281  --  B18 C14 B15 B14 A16 D4 Q4 Q16
D14 : T  83.22c W  83.36c S   0.35c ( +8.8 L  +6.2) LCB   67.08c P  0.06% WF   8.7 PSV       0 N       7  --  D14 B15 C14 B18 F15 Q16
C14 : T  38.28c W  43.63c S  -5.35c ( +3.2 L  +2.4) LCB -311.72c P  0.00% WF   0.1 PSV       0 N       1  --  C14
F16 : T  53.33c W  56.44c S  -3.12c ( +5.4 L  +3.8) LCB -296.67c P  0.00% WF   0.1 PSV       0 N       1  --  F16

2025-09-19 07:45:10+0800: = B15
2025-09-19 07:45:13+0800: Controller: play B A16
2025-09-19 07:45:13+0800: = 
2025-09-19 07:45:13+0800: Controller: genmove W
2025-09-19 07:45:15+0800: MoveNum: 13 HASH: D5DEBFFF76AB7F60B1BCCDBF927BB4BA
   A B C D E F G H J K L M N O P Q R S T
19 . . . . . . . . . . . . . . . . . . .
18 . @ X1. . . . . . . . . . . . . . . .
17 . O X O O . . . . . . . . . . . . . .
16 X3X O X . . . X . . . . . . . . . . .
15 . O2O X . . . . . . . . . . . . . . .
14 . . . . . . . . . . . . . . . . . . .
13 . . . . . . . . . . . . . . . . . . .
12 . . . . . . . . . . . . . . . . . . .
11 . . . . . . . . . . . . . . . . . . .
10 . . . . . . . . . . . . . . . . . . .
 9 . . . . . . . . . . . . . . . . . . .
 8 . . . . . . . . . . . . . . . . . . .
 7 . . . . . . . . . . . . . . . . . . .
 6 . . . . . . . . . . . . . . . . . . .
 5 . . . . . . . . . . . . . . . . . . .
 4 . . . . . . . . . . . . . . . . . . .
 3 . . . . . . . . . . . . . . . . . . .
 2 . . . . . . . . . . . . . . . . . . .
 1 . . . . . . . . . . . . . . . . . . .

koSIMPLEscoreAREAtaxNONEsui0whbNfpok1komi7.5
Time taken: 2.50517
Root visits: 2765
New playouts: 2765
NN rows: 2054
NN batches: 685
NN avg batch size: 2.99854
PV: B18 R16 R4 D13 C13 C12 B13 D3 O3 O17
Tree:
: T 103.43c W  98.45c S   4.98c (+17.1 L +14.9) N    2765  --  B18 R16 R4 D13 C13 C12 B13
---White(^)---
B18 : T 103.46c W  98.46c S   5.00c (+17.1 L +14.9) LCB  103.37c P 99.93% WF 8984.6 PSV    8983 N    2714  --  B18 R16 R4 D13 C13 C12 B13 D3
D14 : T 102.20c W  98.05c S   4.39c (+16.5 L +13.8) LCB   99.93c P  0.07% WF  75.0 PSV       1 N      27  --  D14 B18 E15 R16 Q4
A15 : T  99.43c W  96.31c S   2.92c (+15.0 L +12.2) LCB   92.95c P  0.00% WF  18.6 PSV       0 N      11  --  A15 F16 G18 F18 F17
A17 : T  98.52c W  95.76c S   2.44c (+14.6 L +11.7) LCB   83.83c P  0.00% WF  10.6 PSV       0 N       7  --  A17 F16 F17 G17
F15 : T  96.87c W  95.37c S   2.39c (+14.5 L +11.8) LCB  -53.61c P  0.00% WF   2.4 PSV       0 N       2  --  F15 C14
E14 : T  93.09c W  93.79c S   0.74c (+12.9 L  +9.8) LCB  -56.61c P  0.00% WF   1.8 PSV       0 N       2  --  E14 D14

2025-09-19 07:45:15+0800: = B18
2025-09-19 07:45:17+0800: Controller: play B D18
2025-09-19 07:45:17+0800: = 
2025-09-19 07:45:17+0800: Controller: genmove W
2025-09-19 07:45:20+0800: MoveNum: 15 HASH: 3DC8E7A678B7BEF635C9953C43F4BF95
   A B C D E F G H J K L M N O P Q R S T
19 . . . . . . . . . . . . . . . . . . .
18 . O2X X3. . . . . . . . . . . . . . .
17 . O X O O . . . . . . . . . . . . . .
16 X1X O X . . . X . . . . . . . . . . .
15 . O O X . . . . . . . . . . . . . . .
14 . . . @ . . . . . . . . . . . . . . .
13 . . . . . . . . . . . . . . . . . . .
12 . . . . . . . . . . . . . . . . . . .
11 . . . . . . . . . . . . . . . . . . .
10 . . . . . . . . . . . . . . . . . . .
 9 . . . . . . . . . . . . . . . . . . .
 8 . . . . . . . . . . . . . . . . . . .
 7 . . . . . . . . . . . . . . . . . . .
 6 . . . . . . . . . . . . . . . . . . .
 5 . . . . . . . . . . . . . . . . . . .
 4 . . . . . . . . . . . . . . . . . . .
 3 . . . . . . . . . . . . . . . . . . .
 2 . . . . . . . . . . . . . . . . . . .
 1 . . . . . . . . . . . . . . . . . . .

koSIMPLEscoreAREAtaxNONEsui0whbNfpok1komi7.5
Time taken: 2.50547
Root visits: 2878
New playouts: 2878
NN rows: 2279
NN batches: 760
NN avg batch size: 2.99868
PV: D14 F16 E18 C4 Q16 E14 D13 E13 D12 Q4 E12
Tree:
: T 105.86c W  99.27c S   6.58c (+20.2 L +18.3) N    2878  --  D14 F16 E18 C4 Q16 E14 D13
---White(^)---
D14 : T 106.10c W  99.32c S   6.77c (+20.4 L +18.5) LCB  105.97c P 43.97% WF 8291.8 PSV   21691 N    2152  --  D14 F16 E18 C4 Q16 E14 D13 E13
E18 : T 105.13c W  99.17c S   5.97c (+19.6 L +17.6) LCB  104.96c P 55.99% WF 2409.2 PSV    2143 N     658  --  E18 Q4 Q16 D13 C13 C12 B13 D4
G17 : T 104.97c W  98.58c S   6.34c (+20.1 L +17.7) LCB  103.22c P  0.00% WF  87.5 PSV       0 N      34  --  G17 D14 C13 B19 A18 H17
F16 : T 103.87c W  98.38c S   5.56c (+19.2 L +16.7) LCB   99.53c P  0.04% WF  34.9 PSV       0 N      14  --  F16 C14 B14 B19 A18
Q16 : T 103.83c W  98.63c S   5.42c (+19.1 L +16.5) LCB   97.56c P  0.00% WF  26.8 PSV       0 N      11  --  Q16 D14 C13 B19
Q4  : T 103.75c W  98.71c S   5.36c (+19.0 L +16.5) LCB   89.11c P  0.00% WF  17.2 PSV       0 N       7  --  Q4 E18 F17 G17

2025-09-19 07:45:20+0800: = D14
2025-09-19 07:45:22+0800: Controller: play B E15
2025-09-19 07:45:22+0800: = 
2025-09-19 07:45:22+0800: Controller: genmove W
2025-09-19 07:45:24+0800: MoveNum: 17 HASH: 53FAF80E95E7ED3991392BF8A8D342DF
   A B C D E F G H J K L M N O P Q R S T
19 . . . . . . . . . . . . . . . . . . .
18 . O X X1@ . . . . . . . . . . . . . .
17 . O X O O . . . . . . . . . . . . . .
16 X X O X . . . X . . . . . . . . . . .
15 . O O X X3. . . . . . . . . . . . . .
14 . . . O2. . . . . . . . . . . . . . .
13 . . . . . . . . . . . . . . . . . . .
12 . . . . . . . . . . . . . . . . . . .
11 . . . . . . . . . . . . . . . . . . .
10 . . . . . . . . . . . . . . . . . . .
 9 . . . . . . . . . . . . . . . . . . .
 8 . . . . . . . . . . . . . . . . . . .
 7 . . . . . . . . . . . . . . . . . . .
 6 . . . . . . . . . . . . . . . . . . .
 5 . . . . . . . . . . . . . . . . . . .
 4 . . . . . . . . . . . . . . . . . . .
 3 . . . . . . . . . . . . . . . . . . .
 2 . . . . . . . . . . . . . . . . . . .
 1 . . . . . . . . . . . . . . . . . . .

koSIMPLEscoreAREAtaxNONEsui0whbNfpok1komi7.5
Time taken: 2.3072
Root visits: 3005
New playouts: 3005
NN rows: 2239
NN batches: 747
NN avg batch size: 2.99732
PV: E18 Q4 Q16 D4 E14 F15 F14 G14 G15 H15 G16 O17
Tree:
: T 108.07c W  99.63c S   8.42c (+25.7 L +23.7) N    3005  --  E18 Q4 Q16 D4 E14 F15 F14
---White(^)---
E18 : T 108.37c W  99.67c S   8.72c (+26.0 L +24.0) LCB  108.28c P  9.45% WF 5399.0 PSV   43636 N    1177  --  E18 Q4 Q16 D4 E14 F15 F14 G14
E14 : T 107.88c W  99.60c S   8.23c (+25.5 L +23.5) LCB  107.67c P 90.55% WF 7235.8 PSV    7265 N    1789  --  E14 F15 E18 Q4 Q16 C4 F14 G14
G17 : T 106.23c W  99.50c S   6.81c (+24.0 L +21.7) LCB  103.84c P  0.00% WF  57.5 PSV       0 N      18  --  G17 H17 Q16 C14
F17 : T 105.81c W  99.39c S   6.35c (+23.5 L +21.4) LCB   98.72c P  0.00% WF  30.7 PSV       0 N      10  --  F17 E14 D13 G18
D4  : T 105.37c W  99.46c S   6.00c (+23.2 L +21.3) LCB   94.15c P  0.00% WF  23.2 PSV       0 N       8  --  D4 E18 F17 F18
Q16 : T 104.24c W  99.51c S   5.55c (+22.7 L +20.7) LCB  -44.73c P  0.00% WF   4.9 PSV       0 N       2  --  Q16 E18

2025-09-19 07:45:24+0800: = E18
2025-09-19 07:45:26+0800: Controller: play B D19
2025-09-19 07:45:26+0800: = 
2025-09-19 07:45:26+0800: Controller: genmove W
2025-09-19 07:45:28+0800: MoveNum: 19 HASH: 8391CA6959A05D580EAD7ED7568552F2
   A B C D E F G H J K L M N O P Q R S T
19 . . . X3. . . . . . . . . . . . . . .
18 . O X X O2. . . . . . . . . . . . . .
17 . O X O O . . . . . . . . . . . . . .
16 X X O X . . . X . . . . . . . @ . . .
15 . O O X X1. . . . . . . . . . . . . .
14 . . . O . . . . . . . . . . . . . . .
13 . . . . . . . . . . . . . . . . . . .
12 . . . . . . . . . . . . . . . . . . .
11 . . . . . . . . . . . . . . . . . . .
10 . . . . . . . . . . . . . . . . . . .
 9 . . . . . . . . . . . . . . . . . . .
 8 . . . . . . . . . . . . . . . . . . .
 7 . . . . . . . . . . . . . . . . . . .
 6 . . . . . . . . . . . . . . . . . . .
 5 . . . . . . . . . . . . . . . . . . .
 4 . . . . . . . . . . . . . . . . . . .
 3 . . . . . . . . . . . . . . . . . . .
 2 . . . . . . . . . . . . . . . . . . .
 1 . . . . . . . . . . . . . . . . . . .

koSIMPLEscoreAREAtaxNONEsui0whbNfpok1komi7.5
Time taken: 1.47238
Root visits: 1522
New playouts: 1522
NN rows: 1276
NN batches: 426
NN avg batch size: 2.99531
PV: Q16 Q3 D4 R6 E14 F15 F14 G14 G15
Tree:
: T 112.07c W  99.89c S  12.07c (+39.3 L +37.1) N    1522  --  Q16 Q3 D4 R6 E14 F15 F14
---White(^)---
Q16 : T 112.21c W  99.90c S  12.21c (+39.5 L +37.2) LCB  112.09c P 69.44% WF 6872.3 PSV    6861 N    1292  --  Q16 Q3 D4 R6 E14 F15 F14 G14
E14 : T 110.81c W  99.85c S  10.87c (+38.0 L +35.7) LCB  110.42c P 24.47% WF 572.6 PSV     521 N     112  --  E14 Q16 Q4 C4 E3 F15
Q4  : T 111.86c W  99.88c S  11.86c (+39.1 L +36.8) LCB  111.51c P  5.29% WF 399.6 PSV     276 N      77  --  Q4 E14 D13 E13 D12 E12
D4  : T 111.63c W  99.88c S  11.62c (+38.9 L +36.5) LCB  110.50c P  0.78% WF 139.2 PSV      30 N      27  --  D4 E14 D13 Q17
Q17 : T 111.41c W  99.89c S  11.44c (+38.7 L +36.4) LCB  105.56c P  0.01% WF  54.9 PSV       0 N      11  --  Q17 E14 D13 E13
C4  : T 110.93c W  99.89c S  11.03c (+38.1 L +35.9) LCB  -38.10c P  0.01% WF   9.5 PSV       0 N       2  --  C4 E14

2025-09-19 07:45:28+0800: = Q16
2025-09-19 07:45:33+0800: Controller: play B C14
2025-09-19 07:45:33+0800: = 
2025-09-19 07:45:33+0800: Controller: genmove W
2025-09-19 07:45:35+0800: MoveNum: 21 HASH: 7FFAB4BB987A95E188B554FE0E9B354B
   A B C D E F G H J K L M N O P Q R S T
19 . . . X1. . . . . . . . . . . . . . .
18 . O X X O . . . . . . . . . . . . . .
17 . O X O O . . . . . . . . . . . . . .
16 X X O X . . . X . . . . . . . O2. . .
15 . O O X X . . . . . . . . . . . . . .
14 . @ X3O . . . . . . . . . . . . . . .
13 . . . . . . . . . . . . . . . . . . .
12 . . . . . . . . . . . . . . . . . . .
11 . . . . . . . . . . . . . . . . . . .
10 . . . . . . . . . . . . . . . . . . .
 9 . . . . . . . . . . . . . . . . . . .
 8 . . . . . . . . . . . . . . . . . . .
 7 . . . . . . . . . . . . . . . . . . .
 6 . . . . . . . . . . . . . . . . . . .
 5 . . . . . . . . . . . . . . . . . . .
 4 . . . . . . . . . . . . . . . . . . .
 3 . . . . . . . . . . . . . . . . . . .
 2 . . . . . . . . . . . . . . . . . . .
 1 . . . . . . . . . . . . . . . . . . .

koSIMPLEscoreAREAtaxNONEsui0whbNfpok1komi7.5
Time taken: 1.22221
Root visits: 1360
New playouts: 1317
NN rows: 983
NN batches: 328
NN avg batch size: 2.99695
PV: B14 C4 Q4 C13 B13 F3 E14 F15 C12
Tree:
: T 111.42c W  99.92c S  11.42c (+40.1 L +37.9) N    1360  --  B14 C4 Q4 C13 B13 F3 E14
---White(^)---
B14 : T 111.42c W  99.92c S  11.42c (+40.1 L +37.9) LCB  111.29c P 100.00% WF 6932.7 PSV    6933 N    1359  --  B14 C4 Q4 C13 B13 F3 E14 F15

2025-09-19 07:45:35+0800: = B14
2025-09-19 07:45:36+0800: Controller: play B C13
2025-09-19 07:45:36+0800: = 
2025-09-19 07:45:36+0800: Controller: genmove W
2025-09-19 07:45:37+0800: MoveNum: 23 HASH: 44CCDC52CD88CBAE034EE2EAF704BDB7
   A B C D E F G H J K L M N O P Q R S T
19 . . . X . . . . . . . . . . . . . . .
18 . O X X O . . . . . . . . . . . . . .
17 . O X O O . . . . . . . . . . . . . .
16 X X O X . . . X . . . . . . . O . . .
15 . O O X X . . . . . . . . . . . . . .
14 . O2X1O . . . . . . . . . . . . . . .
13 . @ X3. . . . . . . . . . . . . . . .
12 . . . . . . . . . . . . . . . . . . .
11 . . . . . . . . . . . . . . . . . . .
10 . . . . . . . . . . . . . . . . . . .
 9 . . . . . . . . . . . . . . . . . . .
 8 . . . . . . . . . . . . . . . . . . .
 7 . . . . . . . . . . . . . . . . . . .
 6 . . . . . . . . . . . . . . . . . . .
 5 . . . . . . . . . . . . . . . . . . .
 4 . . . . . . . . . . . . . . . . . . .
 3 . . . . . . . . . . . . . . . . . . .
 2 . . . . . . . . . . . . . . . . . . .
 1 . . . . . . . . . . . . . . . . . . .

koSIMPLEscoreAREAtaxNONEsui0whbNfpok1komi7.5
Time taken: 0.894738
Root visits: 1339
New playouts: 890
NN rows: 736
NN batches: 246
NN avg batch size: 2.99187
PV: B13 C4 Q4 F3 C12 O3 M3
Tree:
: T 111.40c W  99.92c S  11.42c (+40.4 L +38.2) N    1339  --  B13 C4 Q4 F3 C12 O3 M3
---White(^)---
B13 : T 111.45c W  99.92c S  11.47c (+40.4 L +38.2) LCB  111.30c P 98.99% WF 6427.2 PSV    6424 N    1255  --  B13 C4 Q4 F3 C12 O3 M3
E14 : T 110.52c W  99.91c S  10.60c (+39.4 L +37.2) LCB  109.93c P  1.01% WF 371.9 PSV      23 N      82  --  E14 F15 B13 D4 Q4 O17 F14 G14

2025-09-19 07:45:37+0800: = B13
2025-09-19 07:45:39+0800: Controller: play B C12
2025-09-19 07:45:39+0800: = 
2025-09-19 07:45:39+0800: Controller: genmove W
2025-09-19 07:45:40+0800: MoveNum: 25 HASH: BBEEA6C39E4DE8D958904480AD088CEE
   A B C D E F G H J K L M N O P Q R S T
19 . . . X . . . . . . . . . . . . . . .
18 . O X X O . . . . . . . . . . . . . .
17 . O X O O . . . . . . . . . . . . . .
16 X X O X . . . X . . . . . . . O . . .
15 . O O X X . . . . . . . . . . . . . .
14 . O X O . . . . . . . . . . . . . . .
13 . O2X1. @ . . . . . . . . . . . . . .
12 . . X3. . . . . . . . . . . . . . . .
11 . . . . . . . . . . . . . . . . . . .
10 . . . . . . . . . . . . . . . . . . .
 9 . . . . . . . . . . . . . . . . . . .
 8 . . . . . . . . . . . . . . . . . . .
 7 . . . . . . . . . . . . . . . . . . .
 6 . . . . . . . . . . . . . . . . . . .
 5 . . . . . . . . . . . . . . . . . . .
 4 . . . . . . . . . . . . . . . . . . .
 3 . . . . . . . . . . . . . . . . . . .
 2 . . . . . . . . . . . . . . . . . . .
 1 . . . . . . . . . . . . . . . . . . .

koSIMPLEscoreAREAtaxNONEsui0whbNfpok1komi7.5
Time taken: 1.03732
Root visits: 1047
New playouts: 1032
NN rows: 896
NN batches: 299
NN avg batch size: 2.99666
PV: E13 E14 D13 F13 D11 F18 F17 G18
Tree:
: T 111.65c W  99.91c S  11.65c (+41.1 L +38.9) N    1047  --  E13 E14 D13 F13 D11 F18 F17
---White(^)---
E13 : T 112.30c W  99.91c S  12.22c (+41.8 L +39.5) LCB  111.88c P  0.08% WF 1189.6 PSV   10947 N     238  --  E13 E14 D13 F13 D11 F18 F17 G18
E14 : T 111.05c W  99.91c S  11.11c (+40.5 L +38.2) LCB  110.54c P 74.29% WF 1917.1 PSV    1934 N     417  --  E14 F15 F14 G15 D4 F18 F17 G18
D4  : T 111.88c W  99.92c S  11.85c (+41.4 L +39.1) LCB  111.47c P 25.31% WF 1655.4 PSV    1650 N     334  --  D4 Q3 E14 F15 F14 G14 G15 H15
Q4  : T 111.66c W  99.92c S  11.68c (+41.1 L +38.9) LCB  110.71c P  0.31% WF 237.4 PSV      17 N      48  --  Q4 D4 E13 E14 D13 F13 D11 F11
C4  : T 111.53c W  99.91c S  11.52c (+41.0 L +38.7) LCB  102.68c P  0.01% WF  46.9 PSV       0 N       9  --  C4 Q4 E14

2025-09-19 07:45:40+0800: = E13
2025-09-19 07:45:44+0800: Controller: play B E14
2025-09-19 07:45:44+0800: = 
2025-09-19 07:45:44+0800: Controller: genmove W
2025-09-19 07:45:45+0800: MoveNum: 27 HASH: BCB2E45017C0F3F02C4905F24E0E7DC5
   A B C D E F G H J K L M N O P Q R S T
19 . . . X . . . . . . . . . . . . . . .
18 . O X X O . . . . . . . . . . . . . .
17 . O X O O . . . . . . . . . . . . . .
16 X X O X . . . X . . . . . . . O . . .
15 . O O X X . . . . . . . . . . . . . .
14 . O X O X3. . . . . . . . . . . . . .
13 . O X . O2. . . . . . . . . . . . . .
12 . . X1. . . . . . . . . . . . . . . .
11 . . . . . . . . . . . . . . . . . . .
10 . . . . . . . . . . . . . . . . . . .
 9 . . . . . . . . . . . . . . . . . . .
 8 . . . . . . . . . . . . . . . . . . .
 7 . . . . . . . . . . . . . . . . . . .
 6 . . . . . . . . . . . . . . . . . . .
 5 . . . . . . . . . . . . . . . . . . .
 4 . . . @ . . . . . . . . . . . . . . .
 3 . . . . . . . . . . . . . . . . . . .
 2 . . . . . . . . . . . . . . . . . . .
 1 . . . . . . . . . . . . . . . . . . .

koSIMPLEscoreAREAtaxNONEsui0whbNfpok1komi7.5
Time taken: 1.03148
Root visits: 942
New playouts: 856
NN rows: 759
NN batches: 253
NN avg batch size: 3
PV: D4 F13 Q4 R6 E12 F12
Tree:
: T 111.91c W  99.92c S  11.89c (+41.7 L +39.5) N     942  --  D4 F13 Q4 R6 E12 F12
---White(^)---
D4  : T 112.07c W  99.92c S  12.02c (+41.9 L +39.6) LCB  111.75c P 35.17% WF 1755.8 PSV    5825 N     351  --  D4 F13 Q4 R6 E12 F12
D13 : T 111.86c W  99.92c S  11.86c (+41.7 L +39.4) LCB  111.47c P 64.20% WF 2620.4 PSV    2623 N     554  --  D13 F13 D11 F18 F17 G18 E19 C4
Q4  : T 111.33c W  99.90c S  11.24c (+40.9 L +38.6) LCB  109.90c P  0.31% WF 111.1 PSV       7 N      24  --  Q4 D4 D13 F13 D11 F18 F17 G18
F13 : T 109.67c W  99.93c S  10.15c (+39.6 L +37.3) LCB   34.55c P  0.21% WF  14.7 PSV       2 N       3  --  F13 D13 D4
C4  : T 111.12c W  99.89c S  11.10c (+40.7 L +38.4) LCB   99.92c P  0.10% WF  39.9 PSV       1 N       8  --  C4 Q4 D13 F13
D3  : T 109.13c W  99.97c S   9.16c (+38.2 L +36.4) LCB -240.87c P  0.00% WF   4.0 PSV       0 N       1  --  D3

2025-09-19 07:45:45+0800: = D4
2025-09-19 07:45:47+0800: Controller: play B D13
2025-09-19 07:45:47+0800: = 
2025-09-19 07:45:47+0800: Controller: genmove W
2025-09-19 07:45:48+0800: MoveNum: 29 HASH: 6312D18D7A94B0DEBD41A51DEC7557D2
   A B C D E F G H J K L M N O P Q R S T
19 . . . X . . . . . . . . . . . . . . .
18 . O X X O . . . . . . . . . . . . . .
17 . O X O O . . . . . . . . . . . . . .
16 X X O X . . . X . . . . . . . O . . .
15 . O O X X . . . . . . . . . . . . . .
14 . O X . X1. . . . . . . . . . . . . .
13 . O X X3O . . . . . . . . . . . . . .
12 . . X . . . . . . . . . . . . . . . .
11 . . . . . . . . . . . . . . . . . . .
10 . . . . . . . . . . . . . . . . . . .
 9 . . . . . . . . . . . . . . . . . . .
 8 . . . . . . . . . . . . . . . . . . .
 7 . . . . . . . . . . . . . . . . . . .
 6 . . . . . . . . . . . . . . . . . . .
 5 . . . . . . . . . . . . . . . . . . .
 4 . . . O2. . . . . . . . . . . @ . . .
 3 . . . . . . . . . . . . . . . . . . .
 2 . . . . . . . . . . . . . . . . . . .
 1 . . . . . . . . . . . . . . . . . . .

koSIMPLEscoreAREAtaxNONEsui0whbNfpok1komi7.5
Time taken: 1.03111
Root visits: 1034
New playouts: 1034
NN rows: 1016
NN batches: 339
NN avg batch size: 2.99705
PV: Q4 O3 M3 D3 C3 E3 C4 H3 F4
Tree:
: T 111.41c W  99.94c S  11.49c (+42.2 L +39.7) N    1034  --  Q4 O3 M3 D3 C3 E3 C4
---White(^)---
Q4  : T 111.45c W  99.94c S  11.53c (+42.3 L +39.7) LCB  111.32c P 96.28% WF 5055.3 PSV    5054 N     966  --  Q4 O3 M3 D3 C3 E3 C4 H3
R3  : T 111.40c W  99.93c S  11.44c (+42.2 L +39.7) LCB  110.43c P  1.31% WF 178.5 PSV      63 N      33  --  R3 O17 O16 N16 O15 P18
R4  : T 110.30c W  99.95c S  10.43c (+40.9 L +38.4) LCB  104.37c P  1.35% WF  54.9 PSV      23 N      11  --  R4 P4 P3 O3 Q3
Q3  : T 110.62c W  99.95c S  10.66c (+41.2 L +38.7) LCB  108.23c P  1.07% WF  89.9 PSV      22 N      18  --  Q3 Q5 R5 R6 R4
R5  : T 110.14c W  99.93c S  10.08c (+40.6 L +38.2) LCB   66.59c P  0.00% WF  18.7 PSV       0 N       4  --  R5 Q3 P4
P3  : T 108.83c W  99.98c S   8.85c (+38.9 L +36.6) LCB -241.17c P  0.00% WF   4.0 PSV       0 N       1  --  P3

2025-09-19 07:45:48+0800: = Q4
2025-09-19 07:45:52+0800: Controller: play B B12
2025-09-19 07:45:52+0800: = 
2025-09-19 07:45:52+0800: Controller: genmove W
2025-09-19 07:45:53+0800: MoveNum: 31 HASH: 71F78403D10A91F9587340E8E53484A4
   A B C D E F G H J K L M N O P Q R S T
19 . . . X . . . . . . . . . . . . . . .
18 . O X X O . . . . . . . . . . . . . .
17 . O X O O . . . . . . . . . . . . . .
16 X X O X . . . X . . . . . . . O . . .
15 . O O X X . . . . . . . . . . . . . .
14 . O X . X . . . . . . . . . . . . . .
13 . O X X1O . . . . . . . . . . . . . .
12 . X3X . . . . . . . . . . . . . . . .
11 . . . . . . . . . . . . . . . . . . .
10 . . . . . . . . . . . . . . . . . . .
 9 . . . . . . . . . . . . . . . . . . .
 8 . . . . . . . . . . . . . . . . . . .
 7 . . . . . . . . . . . . . . . . . . .
 6 . . @ . . . . . . . . . . . . . . . .
 5 . . . . . . . . . . . . . . . . . . .
 4 . . . O . . . . . . . . . . . O2. . .
 3 . . . . . . . . . . . . . . . . . . .
 2 . . . . . . . . . . . . . . . . . . .
 1 . . . . . . . . . . . . . . . . . . .

koSIMPLEscoreAREAtaxNONEsui0whbNfpok1komi7.5
Time taken: 1.03091
Root visits: 800
New playouts: 800
NN rows: 679
NN batches: 227
NN avg batch size: 2.99119
PV: C6 R3 Q3 R4 R6 R5 Q5 S6 R7 S7
Tree:
: T 111.67c W  99.93c S  11.70c (+44.4 L +41.7) N     800  --  C6 R3 Q3 R4 R6 R5 Q5
---White(^)---
C6  : T 111.69c W  99.93c S  11.72c (+44.4 L +41.7) LCB  111.52c P 99.83% WF 3722.0 PSV    3722 N     712  --  C6 R3 Q3 R4 R6 R5 Q5 S6
C7  : T 111.78c W  99.94c S  11.80c (+44.5 L +41.9) LCB  111.25c P  0.09% WF 284.3 PSV       4 N      53  --  C7 A13 E19 R3
R6  : T 111.14c W  99.93c S  11.25c (+43.7 L +41.1) LCB  108.20c P  0.05% WF  80.6 PSV       0 N      16  --  R6 A13 E19 D6 C6
K3  : T 110.99c W  99.93c S  11.13c (+43.5 L +40.9) LCB  102.15c P  0.01% WF  44.8 PSV       0 N       9  --  K3 D6 E6
O3  : T 110.88c W  99.93c S  11.15c (+43.5 L +40.9) LCB   91.16c P  0.01% WF  28.9 PSV       0 N       6  --  O3 A13 E19
N3  : T 110.26c W  99.86c S  10.70c (+43.1 L +40.5) LCB  -39.26c P  0.00% WF   9.0 PSV       0 N       2  --  N3 A13

2025-09-19 07:45:53+0800: = C6
2025-09-19 07:45:55+0800: Controller: play B A12
2025-09-19 07:45:55+0800: = 
2025-09-19 07:45:55+0800: Controller: genmove W
2025-09-19 07:45:56+0800: MoveNum: 33 HASH: 5B6E7B336BE545559CB04BDE32E9552C
   A B C D E F G H J K L M N O P Q R S T
19 . . . X . . . . . . . . . . . . . . .
18 . O X X O . . . . . . . . . . . . . .
17 . O X O O . . . . . . . . . . . . . .
16 X X O X . . . X . . . . . . . O . . .
15 . O O X X . . . . . . . . . . . . . .
14 . O X . X . . . . . . . . . . . . . .
13 . O X X O . . . . . . . . . . . . . .
12 X3X1X . . . . . . . . . . . . . . . .
11 . . . . . . . . . . . . . . . . . . .
10 . . . . . . . . . . . . . . . . . . .
 9 . . . . . . . . . . . . . . . . . . .
 8 . . . . . . . . . . . . . . . . . . .
 7 . . . . . . . . . . . . . . . . . . .
 6 . . O2. . . . . . . . . . . . . @ . .
 5 . . . . . . . . . . . . . . . . . . .
 4 . . . O . . . . . . . . . . . O . . .
 3 . . . . . . . . . . . . . . . . . . .
 2 . . . . . . . . . . . . . . . . . . .
 1 . . . . . . . . . . . . . . . . . . .

koSIMPLEscoreAREAtaxNONEsui0whbNfpok1komi7.5
Time taken: 1.02997
Root visits: 966
New playouts: 966
NN rows: 828
NN batches: 277
NN avg batch size: 2.98917
PV: R6 K3 M3 A13 A17 F3 H3 D3
Tree:
: T 115.52c W  99.97c S  15.36c (+52.8 L +50.2) N     966  --  R6 K3 M3 A13 A17 F3 H3
---White(^)---
R6  : T 115.63c W  99.98c S  15.48c (+53.0 L +50.4) LCB  115.43c P 45.89% WF 2865.5 PSV    4381 N     489  --  R6 K3 M3 A13 A17 F3 H3 D3
O3  : T 115.50c W  99.97c S  15.34c (+52.8 L +50.2) LCB  115.25c P 39.50% WF 1982.2 PSV    1949 N     341  --  O3 R10 R8 A13 E19 R14 R12
K3  : T 115.23c W  99.97c S  15.06c (+52.4 L +49.7) LCB  114.62c P  7.89% WF 415.4 PSV     271 N      74  --  K3 A13 A17 R3 Q3 R4
R10 : T 115.00c W  99.97c S  14.73c (+52.0 L +49.3) LCB  113.64c P  3.54% WF 134.3 PSV      96 N      24  --  R10 A13 A17 F17 O3 B19
R7  : T 115.02c W  99.97c S  14.84c (+52.3 L +49.8) LCB  112.35c P  1.62% WF  99.0 PSV      45 N      17  --  R7 A13 A17 R14
O17 : T 115.07c W  99.98c S  14.96c (+52.4 L +49.8) LCB  113.15c P  1.01% WF 113.9 PSV      29 N      20  --  O17 A13 E19 R3

2025-09-19 07:45:56+0800: = R6
2025-09-19 07:45:59+0800: Controller: play B A15
2025-09-19 07:45:59+0800: = 
2025-09-19 07:45:59+0800: Controller: genmove W
2025-09-19 07:46:00+0800: MoveNum: 35 HASH: 5FC49419CD030F602C4CC39ECA41467B
   A B C D E F G H J K L M N O P Q R S T
19 . . . X . . . . . . . . . . . . . . .
18 . O X X O . . . . . . . . . . . . . .
17 @ O X O O . . . . . . . . . . . . . .
16 X X O X . . . X . . . . . . . O . . .
15 X3O O X X . . . . . . . . . . . . . .
14 . O X . X . . . . . . . . . . . . . .
13 . O X X O . . . . . . . . . . . . . .
12 X1X X . . . . . . . . . . . . . . . .
11 . . . . . . . . . . . . . . . . . . .
10 . . . . . . . . . . . . . . . . . . .
 9 . . . . . . . . . . . . . . . . . . .
 8 . . . . . . . . . . . . . . . . . . .
 7 . . . . . . . . . . . . . . . . . . .
 6 . . O . . . . . . . . . . . . . O2. .
 5 . . . . . . . . . . . . . . . . . . .
 4 . . . O . . . . . . . . . . . O . . .
 3 . . . . . . . . . . . . . . . . . . .
 2 . . . . . . . . . . . . . . . . . . .
 1 . . . . . . . . . . . . . . . . . . .

koSIMPLEscoreAREAtaxNONEsui0whbNfpok1komi7.5
Time taken: 1.02492
Root visits: 821
New playouts: 821
NN rows: 758
NN batches: 253
NN avg batch size: 2.99605
PV: A17 K3 M3 F3 H3 D3 C3 C2 E3 D2
Tree:
: T 116.09c W  99.99c S  15.92c (+55.0 L +52.4) N     821  --  A17 K3 M3 F3 H3 D3 C3
---White(^)---
A17 : T 116.32c W  99.99c S  16.18c (+55.2 L +52.7) LCB  116.16c P 65.00% WF 4174.8 PSV    4164 N     698  --  A17 K3 M3 F3 H3 D3 C3 C2
E19 : T 114.86c W  99.98c S  14.59c (+53.5 L +50.8) LCB  114.40c P 35.00% WF 613.7 PSV     520 N     107  --  E19 K3 M3 F3 H3 D3
C19 : T 113.82c W  99.95c S  13.22c (+51.8 L +49.1) LCB  107.66c P  0.00% WF  50.7 PSV       0 N      11  --  C19 B19 E19 A13 C19
J17 : T  94.93c W  99.90c S  -4.97c (+31.3 L +28.0) LCB -255.07c P  0.00% WF   1.1 PSV       0 N       1  --  J17
O16 : T  94.22c W  99.87c S  -5.65c (+30.5 L +27.2) LCB -255.78c P  0.00% WF   1.0 PSV       0 N       1  --  O16
H17 : T  95.06c W  99.89c S  -4.83c (+31.5 L +27.9) LCB -254.94c P  0.00% WF   1.0 PSV       0 N       1  --  H17
J16 : T  95.16c W  99.89c S  -4.73c (+31.6 L +28.1) LCB -254.84c P  0.00% WF   1.0 PSV       0 N       1  --  J16

2025-09-19 07:46:00+0800: = A17
2025-09-19 07:46:09+0800: Controller: play B A13
2025-09-19 07:46:09+0800: = 
2025-09-19 07:46:09+0800: Controller: genmove W
2025-09-19 07:46:10+0800: MoveNum: 37 HASH: E1A826714D479E8657EAFB93C6792705
   A B C D E F G H J K L M N O P Q R S T
19 . . . X . . . . . . . . . . . . . . .
18 . O X X O . . . . . . . . . . . . . .
17 O2O X O O . . . . . . . . . . . . . .
16 X X O X . . . X . . . . . . . O . . .
15 X1O O X X . . . . . . . . . . . . . .
14 @ O X . X . . . . . . . . . . . . . .
13 X3O X X O . . . . . . . . . . . . . .
12 X X X . . . . . . . . . . . . . . . .
11 . . . . . . . . . . . . . . . . . . .
10 . . . . . . . . . . . . . . . . . . .
 9 . . . . . . . . . . . . . . . . . . .
 8 . . . . . . . . . . . . . . . . . . .
 7 . . . . . . . . . . . . . . . . . . .
 6 . . O . . . . . . . . . . . . . O . .
 5 . . . . . . . . . . . . . . . . . . .
 4 . . . O . . . . . . . . . . . O . . .
 3 . . . . . . . . . . . . . . . . . . .
 2 . . . . . . . . . . . . . . . . . . .
 1 . . . . . . . . . . . . . . . . . . .

koSIMPLEscoreAREAtaxNONEsui0whbNfpok1komi7.5
Time taken: 1.02681
Root visits: 862
New playouts: 831
NN rows: 780
NN batches: 259
NN avg batch size: 3.01158
PV: A14 K3 M3 F3 H3 O3 M5 M2
Tree:
: T 115.04c W  99.99c S  14.95c (+56.5 L +54.0) N     862  --  A14 K3 M3 F3 H3 O3 M5
---White(^)---
A14 : T 115.04c W  99.99c S  14.95c (+56.5 L +54.0) LCB  114.93c P 100.00% WF 5002.8 PSV    5003 N     861  --  A14 K3 M3 F3 H3 O3 M5 M2

2025-09-19 07:46:10+0800: = A14
