2025-09-18 20:16:47+0800: Running with following config:
allowResignation = false
chosenMoveTemperatureEarly = 0.80
chosenMoveTemperatureHalflife = 26
lagBuffer = 1.0
logAllGTPCommunication = true
logDir = gtp_logs
logSearchInfo = true
logSearchInfoForChosenMove = false
logToStderr = false
maxTime = 0.55
maxTimePondering = 60.0
maxVisits = 220
numSearchThreads = 6
ponderingEnabled = false
resignConsecTurns = 3
resignThreshold = -0.90
rootPolicyTemperature = 1.10
rules = chinese
searchFactorAfterOnePass = 0.50
searchFactorAfterTwoPass = 0.25
searchFactorWhenWinning = 0.40
searchFactorWhenWinningThreshold = 0.95

2025-09-18 20:16:47+0800: GTP Engine starting...
2025-09-18 20:16:47+0800: KataGo v1.16.3
2025-09-18 20:16:47+0800: Using Chinese rules initially, unless GTP/GUI overrides this
2025-09-18 20:16:47+0800: Using 6 CPU thread(s) for search
2025-09-18 20:16:47+0800: nnRandSeed0 = 10186406316258652639
2025-09-18 20:16:47+0800: After dedups: nnModelFile0 = /home/swartz/WorkSpace/katago-webui/katago-cuda/kata1-b18.bin.gz useFP16 auto useNHWC auto
2025-09-18 20:16:47+0800: Initializing neural net buffer to be size 19 * 19 exactly
2025-09-18 20:16:49+0800: Cuda backend thread 0: Found GPU NVIDIA GeForce RTX 3090 memory 25769279488 compute capability major 8 minor 6
2025-09-18 20:16:49+0800: Cuda backend thread 0: Model version 14 useFP16 = true useNHWC = true
2025-09-18 20:16:49+0800: Cuda backend thread 0: Model name: kata1-b18c384nbt-s9996604416-d4316597426
2025-09-18 20:16:49+0800: Loaded neural net with nnXLen 19 nnYLen 19
2025-09-18 20:16:49+0800: Initializing board with boardXSize 19 boardYSize 19
2025-09-18 20:16:49+0800: Loaded config /home/swartz/WorkSpace/katago-webui/katago-cuda/default_gtp.cfg and/or command-line and query overrides and/or command-line and query overrides and/or command-line and query overrides and/or command-line and query overrides and/or command-line and query overrides and/or command-line and query overrides and/or command-line and query overrides
2025-09-18 20:16:49+0800: Loaded model /home/swartz/WorkSpace/katago-webui/katago-cuda/kata1-b18.bin.gz
2025-09-18 20:16:49+0800: Config override: maxVisits = 220
2025-09-18 20:16:49+0800: Config override: maxTime = 0.55
2025-09-18 20:16:49+0800: Config override: rootPolicyTemperature = 1.10
2025-09-18 20:16:49+0800: Config override: chosenMoveTemperatureEarly = 0.80
2025-09-18 20:16:49+0800: Config override: chosenMoveTemperatureHalflife = 26
2025-09-18 20:16:49+0800: Config override: allowResignation = false
2025-09-18 20:16:49+0800: Config override: rules = chinese
2025-09-18 20:16:49+0800: Model name: kata1-b18c384nbt-s9996604416-d4316597426
2025-09-18 20:16:49+0800: GTP ready, beginning main protocol loop
2025-09-18 20:16:49+0800: Controller: boardsize 19
2025-09-18 20:16:49+0800: = 
2025-09-18 20:16:49+0800: Controller: komi 7.5
2025-09-18 20:16:49+0800: = 
2025-09-18 20:16:49+0800: Controller: clear_board
2025-09-18 20:16:49+0800: = 
2025-09-18 20:49:00+0800: Controller: quit
2025-09-18 20:49:00+0800: Quit requested by controller
2025-09-18 20:49:00+0800: = 
2025-09-18 20:49:00+0800: GPU -1 finishing, processed 0 rows 0 batches
2025-09-18 20:49:00+0800: All cleaned up, quitting
