2025-09-16 19:32:27+0800: Running with following config:
allowResignation = false
chosenMoveTemperatureEarly = 0.95
chosenMoveTemperatureHalflife = 30
lagBuffer = 1.0
logAllGTPCommunication = true
logDir = gtp_logs
logSearchInfo = true
logSearchInfoForChosenMove = false
logToStderr = false
maxTime = 0.35
maxTimePondering = 60.0
maxVisits = 80
numSearchThreads = 6
ponderingEnabled = false
resignConsecTurns = 3
resignThreshold = -0.90
rootPolicyTemperature = 1.60
rules = chinese
searchFactorAfterOnePass = 0.50
searchFactorAfterTwoPass = 0.25
searchFactorWhenWinning = 0.40
searchFactorWhenWinningThreshold = 0.95

2025-09-16 19:32:27+0800: GTP Engine starting...
2025-09-16 19:32:27+0800: KataGo v1.16.3
2025-09-16 19:32:27+0800: Using Chinese rules initially, unless GTP/GUI overrides this
2025-09-16 19:32:27+0800: Using 6 CPU thread(s) for search
2025-09-16 19:32:27+0800: nnRandSeed0 = 14651568759370406278
2025-09-16 19:32:27+0800: After dedups: nnModelFile0 = /home/swartz/WorkSpace/katago-webui/katago-cuda/kata1-b18.bin.gz useFP16 auto useNHWC auto
2025-09-16 19:32:27+0800: Initializing neural net buffer to be size 19 * 19 exactly
2025-09-16 19:32:28+0800: Cuda backend thread 0: Found GPU NVIDIA GeForce RTX 3090 memory 25769279488 compute capability major 8 minor 6
2025-09-16 19:32:28+0800: Cuda backend thread 0: Model version 14 useFP16 = true useNHWC = true
2025-09-16 19:32:28+0800: Cuda backend thread 0: Model name: kata1-b18c384nbt-s9996604416-d4316597426
2025-09-16 19:32:28+0800: Loaded neural net with nnXLen 19 nnYLen 19
2025-09-16 19:32:28+0800: Initializing board with boardXSize 19 boardYSize 19
2025-09-16 19:32:28+0800: Loaded config /home/swartz/WorkSpace/katago-webui/katago-cuda/default_gtp.cfg and/or command-line and query overrides and/or command-line and query overrides and/or command-line and query overrides and/or command-line and query overrides and/or command-line and query overrides and/or command-line and query overrides and/or command-line and query overrides
2025-09-16 19:32:28+0800: Loaded model /home/swartz/WorkSpace/katago-webui/katago-cuda/kata1-b18.bin.gz
2025-09-16 19:32:28+0800: Config override: maxVisits = 80
2025-09-16 19:32:28+0800: Config override: maxTime = 0.35
2025-09-16 19:32:28+0800: Config override: rootPolicyTemperature = 1.60
2025-09-16 19:32:28+0800: Config override: chosenMoveTemperatureEarly = 0.95
2025-09-16 19:32:28+0800: Config override: chosenMoveTemperatureHalflife = 30
2025-09-16 19:32:28+0800: Config override: allowResignation = false
2025-09-16 19:32:28+0800: Config override: rules = chinese
2025-09-16 19:32:28+0800: Model name: kata1-b18c384nbt-s9996604416-d4316597426
2025-09-16 19:32:28+0800: GTP ready, beginning main protocol loop
2025-09-16 19:32:28+0800: Controller: boardsize 19
2025-09-16 19:32:28+0800: = 
2025-09-16 19:32:28+0800: Controller: komi 7.5
2025-09-16 19:32:28+0800: = 
2025-09-16 19:32:28+0800: Controller: clear_board
2025-09-16 19:32:28+0800: = 
2025-09-16 19:32:30+0800: Controller: play B K10
2025-09-16 19:32:30+0800: = 
2025-09-16 19:32:30+0800: Controller: genmove W
2025-09-16 19:32:30+0800: MoveNum: 1 HASH: 7BC546600F28A10FEF906A96B1D6386D
   A B C D E F G H J K L M N O P Q R S T
19 . . . . . . . . . . . . . . . . . . .
18 . . . . . . . . . . . . . . . . . . .
17 . . . . . . . . . . . . . . . . . . .
16 . . . . . . . . . . . . . . . . . . .
15 . . . . . . . . . . . . . . . . . . .
14 . . . . . . . . . . . . . . . . . . .
13 . . . . . . . . . . . . . . . . . . .
12 . . . . . . . . . . . . . . . . . . .
11 . . . . . . . . . . . . . . . . . . .
10 . . . . . . . . . X1. . . . . . . . .
 9 . . . . . . . . . . . . . . . . . . .
 8 . . . . . . . . . . . . . . . . . . .
 7 . . . . . . . . . . . . . . . . . . .
 6 . . . . . . . . . . . . . . . . . . .
 5 . . . . . . . . . . . . . . . . . . .
 4 . . . @ . . . . . . . . . . . . . . .
 3 . . . . . . . . . . . . . . . . . . .
 2 . . . . . . . . . . . . . . . . . . .
 1 . . . . . . . . . . . . . . . . . . .

koSIMPLEscoreAREAtaxNONEsui0whbNfpok1komi7.5
Time taken: 0.201557
Root visits: 85
New playouts: 85
NN rows: 85
NN batches: 29
NN avg batch size: 2.93103
PV: D4 Q16 D16 Q4 R3
Tree:
: T  31.70c W  31.25c S   0.64c ( +2.1 L  +1.3) N      85  --  D4 Q16 D16 Q4 R3
---White(^)---
D4  : T  35.37c W  34.82c S   0.94c ( +2.4 L  +1.5) LCB   31.19c P  6.21% WF  37.4 PSV      37 N      14  --  D4 Q16 D16 Q4 R3
C4  : T  35.38c W  34.60c S   0.86c ( +2.3 L  +1.5) LCB   31.17c P  4.16% WF  36.7 PSV      25 N      14  --  C4 Q16 Q4 D16 F3 R3
D5  : T  33.97c W  33.20c S   0.72c ( +2.1 L  +1.3) LCB   29.96c P  1.15% WF  32.6 PSV       2 N      15  --  D5 C3 E3 C5 C6 D6
C5  : T  32.51c W  32.19c S   0.70c ( +2.1 L  +1.4) LCB   26.37c P  1.02% WF  25.8 PSV       1 N      11  --  C5 Q16 Q4 D16
C3  : T  29.51c W  29.83c S   0.50c ( +1.9 L  +1.4) LCB -119.59c P  1.31% WF   4.6 PSV       1 N       2  --  C3 Q16
C10 : T  29.05c W  29.59c S   0.57c ( +2.0 L  +1.2) LCB -120.03c P  0.11% WF   4.0 PSV       0 N       2  --  C10 D16
D10 : T  26.61c W  28.05c S   0.50c ( +1.9 L  +1.3) LCB -122.64c P  0.11% WF   3.7 PSV       0 N       2  --  D10 D4
C6  : T  28.84c W  28.32c S   0.52c ( +2.0 L  +1.4) LCB -321.16c P  0.31% WF   2.3 PSV       0 N       1  --  C6
D6  : T  24.39c W  24.21c S   0.18c ( +1.6 L  +1.2) LCB -325.61c P  0.13% WF   2.1 PSV       0 N       1  --  D6
C8  : T  30.09c W  29.36c S   0.72c ( +2.2 L  +1.4) LCB -319.91c P  0.12% WF   2.3 PSV       0 N       1  --  C8

2025-09-16 19:32:30+0800: = D4
2025-09-16 19:32:35+0800: Controller: play B K4
2025-09-16 19:32:35+0800: = 
2025-09-16 19:32:35+0800: Controller: genmove W
2025-09-16 19:32:35+0800: MoveNum: 3 HASH: 5AFF1B4DCE05F01B3B36C2337E3DF278
   A B C D E F G H J K L M N O P Q R S T
19 . . . . . . . . . . . . . . . . . . .
18 . . . . . . . . . . . . . . . . . . .
17 . . . . . . . . . . . . . . . . . . .
16 . . . . . . . . . . . . . . . . . . .
15 . . . . . . . . . . . . . . . . . . .
14 . . . . . . . . . . . . . . . . . . .
13 . . . . . . . . . . . . . . . . . . .
12 . . . . . . . . . . . . . . . . . . .
11 . . . . . . . . . . . . . . . . . . .
10 . . . . . . . . . X1. . . . . . . . .
 9 . . . . . . . . . . . . . . . . . . .
 8 . . . . . . . . . . . . . . . . . . .
 7 . . . . . . . . . . . . . . . . . . .
 6 . . . . . . . . . . . . . . . . . . .
 5 . . . . . . . . . . . . . . . . . . .
 4 . . . O2. . . . . X3. . . . . . @ . .
 3 . . . . . . . . . . . . . . . . . . .
 2 . . . . . . . . . . . . . . . . . . .
 1 . . . . . . . . . . . . . . . . . . .

koSIMPLEscoreAREAtaxNONEsui0whbNfpok1komi7.5
Time taken: 0.335358
Root visits: 85
New playouts: 85
NN rows: 85
NN batches: 29
NN avg batch size: 2.93103
PV: Q4 D16 Q16 C6 C17
Tree:
: T  62.02c W  60.40c S   1.72c ( +4.8 L  +3.2) N      85  --  Q4 D16 Q16 C6 C17
---White(^)---
Q4  : T  66.17c W  63.85c S   2.11c ( +5.2 L  +3.4) LCB   64.02c P 29.40% WF  55.6 PSV      54 N      23  --  Q4 D16 Q16 C6 C17
Q3  : T  63.08c W  61.42c S   1.79c ( +4.9 L  +3.3) LCB   58.20c P 15.62% WF  34.0 PSV      13 N      14  --  Q3 Q16 D16 R5 O4
R4  : T  62.86c W  60.81c S   1.73c ( +4.8 L  +3.2) LCB   58.78c P  7.01% WF  32.2 PSV       5 N      14  --  R4 D16 Q16 P4 P3 O3 Q3
Q16 : T  58.60c W  57.22c S   1.34c ( +4.5 L  +2.9) LCB   44.04c P  4.79% WF  16.6 PSV       2 N       7  --  Q16 Q3 R5 D16
R16 : T  58.10c W  57.21c S   1.38c ( +4.5 L  +3.0) LCB   38.29c P  2.39% WF  13.3 PSV       1 N       6  --  R16 Q3 R5
D16 : T  56.63c W  55.89c S   1.32c ( +4.5 L  +2.9) LCB   13.63c P  3.64% WF   9.5 PSV       1 N       4  --  D16 Q3 R16
R3  : T  59.22c W  58.60c S   1.54c ( +4.7 L  +3.1) LCB   44.27c P  1.87% WF  15.1 PSV       0 N       7  --  R3 D16 Q17
C16 : T  57.98c W  57.13c S   1.39c ( +4.5 L  +3.0) LCB   14.88c P  2.07% WF   9.4 PSV       0 N       4  --  C16 Q3 R16
D17 : T  57.27c W  56.49c S   1.42c ( +4.6 L  +3.0) LCB  -16.56c P  2.15% WF   7.0 PSV       0 N       3  --  D17 Q3 R16
Q17 : T  57.16c W  56.46c S   1.34c ( +4.5 L  +2.9) LCB  -91.81c P  2.13% WF   4.6 PSV       0 N       2  --  Q17 Q4

2025-09-16 19:32:35+0800: = R4
2025-09-16 19:32:40+0800: Controller: play B Q4
2025-09-16 19:32:40+0800: = 
2025-09-16 19:32:40+0800: Controller: genmove W
2025-09-16 19:32:41+0800: MoveNum: 5 HASH: E976BC12B00FFF9E8AA9A5D2A6088D7F
   A B C D E F G H J K L M N O P Q R S T
19 . . . . . . . . . . . . . . . . . . .
18 . . . . . . . . . . . . . . . . . . .
17 . . . . . . . . . . . . . . . . . . .
16 . . . . . . . . . . . . . . . . . . .
15 . . . . . . . . . . . . . . . . . . .
14 . . . . . . . . . . . . . . . . . . .
13 . . . . . . . . . . . . . . . . . . .
12 . . . . . . . . . . . . . . . . . . .
11 . . . . . . . . . . . . . . . . . . .
10 . . . . . . . . . X . . . . . . . . .
 9 . . . . . . . . . . . . . . . . . . .
 8 . . . . . . . . . . . . . . . . . . .
 7 . . . . . . . . . . . . . . . . . . .
 6 . . . . . . . . . . . . . . . . . . .
 5 . . . . . . . . . . . . . . . . . . .
 4 . . . O . . . . . X1. . . . . X3O2. .
 3 . . . . . . . . . . . . . . . . @ . .
 2 . . . . . . . . . . . . . . . . . . .
 1 . . . . . . . . . . . . . . . . . . .

koSIMPLEscoreAREAtaxNONEsui0whbNfpok1komi7.5
Time taken: 0.339932
Root visits: 85
New playouts: 85
NN rows: 81
NN batches: 28
NN avg batch size: 2.89286
PV: Q3 P3 R3 D16 Q16 C6 F3
Tree:
: T  65.99c W  63.84c S   1.93c ( +5.2 L  +3.4) N      85  --  Q3 P3 R3 D16 Q16 C6 F3
---White(^)---
Q3  : T  71.64c W  68.52c S   2.47c ( +5.7 L  +3.8) LCB   69.86c P 38.14% WF  77.4 PSV     145 N      36  --  Q3 P3 R3 D16 Q16 C6 F3
R3  : T  67.33c W  65.46c S   2.01c ( +5.2 L  +3.5) LCB   65.47c P 34.53% WF  60.7 PSV      28 N      28  --  R3 D16 Q16 Q5 Q3 O4
R5  : T  54.17c W  53.78c S   0.85c ( +4.1 L  +2.8) LCB   33.91c P  1.46% WF   7.9 PSV       0 N       6  --  R5 Q3 R3 D16 Q16
Q5  : T  52.76c W  53.20c S   0.56c ( +3.9 L  +2.6) LCB  -96.28c P  0.96% WF   3.6 PSV       0 N       2  --  Q5 R3
Q16 : T  44.07c W  44.02c S   0.05c ( +3.4 L  +2.4) LCB -305.93c P  0.35% WF   1.4 PSV       0 N       1  --  Q16
D16 : T  41.06c W  41.20c S  -0.14c ( +3.2 L  +2.3) LCB -308.94c P  0.31% WF   1.3 PSV       0 N       1  --  D16
R17 : T  37.63c W  38.15c S  -0.52c ( +2.8 L  +2.0) LCB -312.37c P  0.24% WF   1.0 PSV       0 N       1  --  R17
Q6  : T  29.20c W  30.45c S  -1.26c ( +2.1 L  +1.5) LCB -320.80c P  0.24% WF   0.9 PSV       0 N       1  --  Q6
D15 : T  30.67c W  31.72c S  -1.05c ( +2.3 L  +1.7) LCB -319.33c P  0.23% WF   0.9 PSV       0 N       1  --  D15
R6  : T  18.33c W  20.49c S  -2.16c ( +1.2 L  +0.8) LCB -331.67c P  0.23% WF   0.8 PSV       0 N       1  --  R6

2025-09-16 19:32:41+0800: = R3
2025-09-16 19:32:44+0800: Controller: play B Q10
2025-09-16 19:32:44+0800: = 
2025-09-16 19:32:44+0800: Controller: genmove W
2025-09-16 19:32:44+0800: MoveNum: 7 HASH: 191033EC6341993A67653ACC6231A419
   A B C D E F G H J K L M N O P Q R S T
19 . . . . . . . . . . . . . . . . . . .
18 . . . . . . . . . . . . . . . . . . .
17 . . . . . . . . . . . . . . . @ . . .
16 . . . . . . . . . . . . . . . . . . .
15 . . . . . . . . . . . . . . . . . . .
14 . . . . . . . . . . . . . . . . . . .
13 . . . . . . . . . . . . . . . . . . .
12 . . . . . . . . . . . . . . . . . . .
11 . . . . . . . . . . . . . . . . . . .
10 . . . . . . . . . X . . . . . X3. . .
 9 . . . . . . . . . . . . . . . . . . .
 8 . . . . . . . . . . . . . . . . . . .
 7 . . . . . . . . . . . . . . . . . . .
 6 . . . . . . . . . . . . . . . . . . .
 5 . . . . . . . . . . . . . . . . . . .
 4 . . . O . . . . . X . . . . . X1O . .
 3 . . . . . . . . . . . . . . . . O2. .
 2 . . . . . . . . . . . . . . . . . . .
 1 . . . . . . . . . . . . . . . . . . .

koSIMPLEscoreAREAtaxNONEsui0whbNfpok1komi7.5
Time taken: 0.319153
Root visits: 85
New playouts: 85
NN rows: 85
NN batches: 29
NN avg batch size: 2.93103
PV: Q16 Q5 R5 Q6 P2
Tree:
: T  82.34c W  79.08c S   2.96c ( +7.2 L  +4.9) N      85  --  Q16 Q5 R5 Q6 P2
---White(^)---
Q16 : T  84.49c W  81.14c S   3.37c ( +7.6 L  +5.1) LCB   80.00c P 25.26% WF  30.4 PSV      73 N      14  --  Q16 Q5 R5 Q6 P2
D16 : T  81.52c W  78.10c S   2.79c ( +7.1 L  +4.7) LCB   77.28c P  3.58% WF  30.2 PSV      32 N      15  --  D16 Q17 Q5 Q15
Q17 : T  83.51c W  80.19c S   3.10c ( +7.4 L  +4.9) LCB   79.75c P 15.32% WF  31.9 PSV      32 N      15  --  Q17 Q5 R5 Q6
Q5  : T  81.28c W  77.87c S   2.86c ( +7.1 L  +4.8) LCB   76.58c P  7.10% WF  30.0 PSV      32 N      14  --  Q5 R16 D17 P16 C14
R16 : T  83.03c W  79.96c S   3.11c ( +7.4 L  +5.0) LCB   78.50c P 12.11% WF  30.2 PSV      31 N      14  --  R16 D16 Q5 P17
D17 : T  81.11c W  77.70c S   2.59c ( +6.9 L  +4.6) LCB   65.98c P  2.20% WF  14.2 PSV      11 N       7  --  D17 Q5 R5 R6
C16 : T  78.56c W  76.07c S   2.34c ( +6.6 L  +4.5) LCB   50.62c P  2.21% WF  10.5 PSV       3 N       5  --  C16 Q17 Q5

2025-09-16 19:32:44+0800: = Q17
2025-09-16 19:32:49+0800: Controller: play B Q16
2025-09-16 19:32:49+0800: = 
2025-09-16 19:32:49+0800: Controller: genmove W
2025-09-16 19:32:49+0800: MoveNum: 9 HASH: 6D97E080AD4C36E03043099D593C6CEC
   A B C D E F G H J K L M N O P Q R S T
19 . . . . . . . . . . . . . . . . . . .
18 . . . . . . . . . . . . . . . . . . .
17 . . . . . . . . . . . . . . . O2. . .
16 . . . . . . . . . . . . . . . X3@ . .
15 . . . . . . . . . . . . . . . . . . .
14 . . . . . . . . . . . . . . . . . . .
13 . . . . . . . . . . . . . . . . . . .
12 . . . . . . . . . . . . . . . . . . .
11 . . . . . . . . . . . . . . . . . . .
10 . . . . . . . . . X . . . . . X1. . .
 9 . . . . . . . . . . . . . . . . . . .
 8 . . . . . . . . . . . . . . . . . . .
 7 . . . . . . . . . . . . . . . . . . .
 6 . . . . . . . . . . . . . . . . . . .
 5 . . . . . . . . . . . . . . . . . . .
 4 . . . O . . . . . X . . . . . X O . .
 3 . . . . . . . . . . . . . . . . O . .
 2 . . . . . . . . . . . . . . . . . . .
 1 . . . . . . . . . . . . . . . . . . .

koSIMPLEscoreAREAtaxNONEsui0whbNfpok1komi7.5
Time taken: 0.258906
Root visits: 85
New playouts: 85
NN rows: 82
NN batches: 29
NN avg batch size: 2.82759
PV: R16 R15 R17 Q5 R5 Q3
Tree:
: T  83.85c W  80.85c S   2.81c ( +7.6 L  +5.1) N      85  --  R16 R15 R17 Q5 R5 Q3
---White(^)---
R16 : T  87.36c W  83.92c S   3.35c ( +8.1 L  +5.5) LCB   85.60c P 37.08% WF  64.1 PSV     102 N      31  --  R16 R15 R17 Q5 R5 Q3
R17 : T  86.16c W  82.60c S   3.08c ( +7.8 L  +5.3) LCB   84.13c P 36.69% WF  55.3 PSV      45 N      27  --  R17 P16 P17 Q5 Q3
P17 : T  76.74c W  74.67c S   1.65c ( +6.4 L  +4.3) LCB   69.63c P  2.19% WF  14.3 PSV       0 N      11  --  P17 R16 R17 Q5 R5
P16 : T  74.36c W  73.44c S   1.49c ( +6.3 L  +4.3) LCB   63.06c P  1.27% WF   9.0 PSV       0 N       8  --  P16 R17 P17 R16 P14 D16
D16 : T  64.52c W  66.03c S   0.60c ( +5.5 L  +3.7) LCB  -84.96c P  0.59% WF   2.5 PSV       0 N       2  --  D16 R17
D17 : T  69.17c W  68.16c S   1.01c ( +5.8 L  +4.0) LCB -280.83c P  0.35% WF   1.4 PSV       0 N       1  --  D17
C16 : T  68.51c W  67.61c S   0.90c ( +5.7 L  +4.0) LCB -281.49c P  0.33% WF   1.4 PSV       0 N       1  --  C16
Q5  : T  66.09c W  65.45c S   0.64c ( +5.5 L  +3.8) LCB -283.91c P  0.30% WF   1.3 PSV       0 N       1  --  Q5
C17 : T  66.03c W  65.34c S   0.69c ( +5.5 L  +3.7) LCB -283.97c P  0.30% WF   1.3 PSV       0 N       1  --  C17
E16 : T  58.64c W  58.72c S  -0.08c ( +4.8 L  +3.3) LCB -291.36c P  0.25% WF   1.0 PSV       0 N       1  --  E16

2025-09-16 19:32:49+0800: = R16
2025-09-16 19:33:08+0800: Controller: play B R17
2025-09-16 19:33:08+0800: = 
2025-09-16 19:33:08+0800: Controller: genmove W
2025-09-16 19:33:09+0800: MoveNum: 11 HASH: 2B552EBCC2879FBEC7CD3ADD75440018
   A B C D E F G H J K L M N O P Q R S T
19 . . . . . . . . . . . . . . . . . . .
18 . . . . . . . . . . . . . . . . . . .
17 . . . . . . . . . . . . . . . O X3. .
16 . . . . . . . . . . . . . . . X1O2. .
15 . . . . . . . . . . . . . . . . @ . .
14 . . . . . . . . . . . . . . . . . . .
13 . . . . . . . . . . . . . . . . . . .
12 . . . . . . . . . . . . . . . . . . .
11 . . . . . . . . . . . . . . . . . . .
10 . . . . . . . . . X . . . . . X . . .
 9 . . . . . . . . . . . . . . . . . . .
 8 . . . . . . . . . . . . . . . . . . .
 7 . . . . . . . . . . . . . . . . . . .
 6 . . . . . . . . . . . . . . . . . . .
 5 . . . . . . . . . . . . . . . . . . .
 4 . . . O . . . . . X . . . . . X O . .
 3 . . . . . . . . . . . . . . . . O . .
 2 . . . . . . . . . . . . . . . . . . .
 1 . . . . . . . . . . . . . . . . . . .

koSIMPLEscoreAREAtaxNONEsui0whbNfpok1komi7.5
Time taken: 0.355016
Root visits: 67
New playouts: 67
NN rows: 61
NN batches: 21
NN avg batch size: 2.90476
PV: R15 P16 P17 Q14
Tree:
: T  93.42c W  89.65c S   3.87c (+10.3 L  +7.4) N      67  --  R15 P16 P17 Q14
---White(^)---
R15 : T  96.81c W  92.25c S   4.53c (+10.9 L  +8.0) LCB   95.05c P 43.20% WF  52.4 PSV      58 N      23  --  R15 P16 P17 Q14
P17 : T  97.01c W  92.25c S   4.57c (+10.9 L  +8.0) LCB   95.00c P 38.25% WF  56.9 PSV      56 N      25  --  P17 P16 O17 O16 R15
S17 : T  80.75c W  80.52c S   1.05c ( +7.6 L  +5.2) LCB   37.52c P  0.98% WF   3.9 PSV       0 N       4  --  S17 R18 P17 P16
S16 : T  76.83c W  78.65c S   0.43c ( +7.0 L  +4.9) LCB  -75.53c P  1.44% WF   3.3 PSV       0 N       2  --  S16 P17
Q18 : T  76.10c W  78.10c S   0.29c ( +6.9 L  +4.7) LCB  -75.45c P  0.97% WF   2.7 PSV       0 N       2  --  Q18 R15
R18 : T  78.25c W  78.63c S   0.58c ( +7.1 L  +4.8) LCB  -70.81c P  0.78% WF   2.5 PSV       0 N       2  --  R18 S17
S15 : T  70.79c W  74.31c S  -0.27c ( +6.3 L  +4.4) LCB  -80.00c P  0.63% WF   1.9 PSV       0 N       2  --  S15 P17
P18 : T  78.76c W  78.40c S   0.36c ( +6.9 L  +4.8) LCB -271.24c P  0.51% WF   1.5 PSV       0 N       1  --  P18
Q15 : T  72.19c W  72.46c S  -0.27c ( +6.3 L  +4.4) LCB -277.81c P  0.46% WF   1.3 PSV       0 N       1  --  Q15
P16 : T  73.33c W  73.48c S  -0.15c ( +6.5 L  +4.3) LCB -276.67c P  0.44% WF   1.3 PSV       0 N       1  --  P16

2025-09-16 19:33:09+0800: = R15
2025-09-16 19:33:11+0800: Controller: play B P17
2025-09-16 19:33:11+0800: = 
2025-09-16 19:33:11+0800: Controller: genmove W
2025-09-16 19:33:11+0800: MoveNum: 13 HASH: A50B7D1E39F935AAEAC0AF7675C8D345
   A B C D E F G H J K L M N O P Q R S T
19 . . . . . . . . . . . . . . . . . . .
18 . . . . . . . . . . . . . . . @ . . .
17 . . . . . . . . . . . . . . X3O X1. .
16 . . . . . . . . . . . . . . . X O . .
15 . . . . . . . . . . . . . . . . O2. .
14 . . . . . . . . . . . . . . . . . . .
13 . . . . . . . . . . . . . . . . . . .
12 . . . . . . . . . . . . . . . . . . .
11 . . . . . . . . . . . . . . . . . . .
10 . . . . . . . . . X . . . . . X . . .
 9 . . . . . . . . . . . . . . . . . . .
 8 . . . . . . . . . . . . . . . . . . .
 7 . . . . . . . . . . . . . . . . . . .
 6 . . . . . . . . . . . . . . . . . . .
 5 . . . . . . . . . . . . . . . . . . .
 4 . . . O . . . . . X . . . . . X O . .
 3 . . . . . . . . . . . . . . . . O . .
 2 . . . . . . . . . . . . . . . . . . .
 1 . . . . . . . . . . . . . . . . . . .

koSIMPLEscoreAREAtaxNONEsui0whbNfpok1komi7.5
Time taken: 0.286496
Root visits: 85
New playouts: 81
NN rows: 76
NN batches: 26
NN avg batch size: 2.92308
PV: Q18 Q15 R14 Q14 R13 Q13 P18 O17
Tree:
: T  92.20c W  89.43c S   3.50c (+10.5 L  +7.7) N      85  --  Q18 Q15 R14 Q14 R13 Q13 P18
---White(^)---
Q18 : T  95.31c W  92.25c S   3.86c (+10.9 L  +7.9) LCB   92.09c P 89.07% WF 159.8 PSV     158 N      70  --  Q18 Q15 R14 Q14 R13 Q13 P18 O17
F4  : T -80.66c W -67.49c S -13.17c ( -7.1 L  -5.0) LCB -430.66c P  0.10% WF   0.2 PSV       0 N       1  --  F4
G3  : T -76.79c W -63.89c S -12.90c ( -6.8 L  -4.7) LCB -426.79c P  0.10% WF   0.2 PSV       0 N       1  --  G3
D6  : T -81.88c W -68.54c S -13.35c ( -7.3 L  -5.1) LCB -431.88c P  0.10% WF   0.2 PSV       0 N       1  --  D6
C7  : T -76.98c W -64.04c S -12.93c ( -6.7 L  -4.7) LCB -426.98c P  0.09% WF   0.2 PSV       0 N       1  --  C7
R12 : T -58.12c W -46.68c S -11.44c ( -4.8 L  -3.3) LCB -408.12c P  0.09% WF   0.2 PSV       0 N       1  --  R12
F3  : T -74.57c W -61.81c S -12.76c ( -6.5 L  -4.5) LCB -424.57c P  0.09% WF   0.2 PSV       0 N       1  --  F3
S17 : T -60.65c W -49.02c S -11.63c ( -4.8 L  -3.5) LCB -410.65c P  0.09% WF   0.2 PSV       0 N       1  --  S17
C6  : T -79.46c W -66.32c S -13.14c ( -6.9 L  -4.8) LCB -429.46c P  0.09% WF   0.2 PSV       0 N       1  --  C6
H17 : T -75.34c W -62.49c S -12.85c ( -6.6 L  -4.5) LCB -425.34c P  0.09% WF   0.2 PSV       0 N       1  --  H17

2025-09-16 19:33:11+0800: = Q18
2025-09-16 19:33:13+0800: Controller: play B R18
2025-09-16 19:33:13+0800: = 
2025-09-16 19:33:13+0800: Controller: genmove W
2025-09-16 19:33:13+0800: MoveNum: 15 HASH: 3D361D097DB79924281FFF07123A60DC
   A B C D E F G H J K L M N O P Q R S T
19 . . . . . . . . . . . . . . . . . . .
18 . . . . . . . . . . . . . . @ O2X3. .
17 . . . . . . . . . . . . . . X1O X . .
16 . . . . . . . . . . . . . . . X O . .
15 . . . . . . . . . . . . . . . . O . .
14 . . . . . . . . . . . . . . . . . . .
13 . . . . . . . . . . . . . . . . . . .
12 . . . . . . . . . . . . . . . . . . .
11 . . . . . . . . . . . . . . . . . . .
10 . . . . . . . . . X . . . . . X . . .
 9 . . . . . . . . . . . . . . . . . . .
 8 . . . . . . . . . . . . . . . . . . .
 7 . . . . . . . . . . . . . . . . . . .
 6 . . . . . . . . . . . . . . . . . . .
 5 . . . . . . . . . . . . . . . . . . .
 4 . . . O . . . . . X . . . . . X O . .
 3 . . . . . . . . . . . . . . . . O . .
 2 . . . . . . . . . . . . . . . . . . .
 1 . . . . . . . . . . . . . . . . . . .

koSIMPLEscoreAREAtaxNONEsui0whbNfpok1komi7.5
Time taken: 0.110466
Root visits: 85
New playouts: 85
NN rows: 82
NN batches: 29
NN avg batch size: 2.82759
PV: P18 Q15 O17 Q14 S13 R13 S14 S12
Tree:
: T  96.48c W  91.63c S   4.62c (+13.7 L +11.0) N      85  --  P18 Q15 O17 Q14 S13 R13 S14
---White(^)---
P18 : T 102.03c W  96.34c S   5.44c (+14.4 L +11.6) LCB  100.39c P 83.95% WF 153.9 PSV     151 N      61  --  P18 Q15 O17 Q14 S13 R13 S14 S12
P16 : T  80.25c W  83.75c S  -0.61c ( +8.5 L  +6.2) LCB    5.15c P  0.65% WF   2.6 PSV       0 N       3  --  P16 Q15 P18
S17 : T   9.55c W  18.05c S  -8.49c ( +0.8 L  +0.6) LCB -340.45c P  0.18% WF   0.5 PSV       0 N       1  --  S17
S18 : T -27.34c W -16.44c S -10.90c ( -2.0 L  -1.4) LCB -377.34c P  0.17% WF   0.4 PSV       0 N       1  --  S18
Q15 : T -54.70c W -42.18c S -12.53c ( -4.1 L  -2.8) LCB -404.70c P  0.15% WF   0.4 PSV       0 N       1  --  Q15
H17 : T -16.87c W  -6.61c S -10.26c ( -1.4 L  -0.8) LCB -366.87c P  0.13% WF   0.4 PSV       0 N       1  --  H17
J17 : T -21.29c W -10.65c S -10.64c ( -1.9 L  -1.1) LCB -371.29c P  0.13% WF   0.3 PSV       0 N       1  --  J17
G17 : T -16.26c W  -6.01c S -10.25c ( -1.4 L  -0.8) LCB -366.26c P  0.13% WF   0.3 PSV       0 N       1  --  G17
Q11 : T -21.22c W -10.70c S -10.52c ( -1.7 L  -1.0) LCB -371.22c P  0.13% WF   0.3 PSV       0 N       1  --  Q11
K17 : T -36.14c W -24.70c S -11.44c ( -3.0 L  -1.9) LCB -386.14c P  0.12% WF   0.3 PSV       0 N       1  --  K17

2025-09-16 19:33:13+0800: = P18
2025-09-16 19:33:14+0800: Controller: play B O18
2025-09-16 19:33:14+0800: = 
2025-09-16 19:33:14+0800: Controller: genmove W
2025-09-16 19:33:15+0800: MoveNum: 17 HASH: 5C97F64E9663C4840178C547EE25814D
   A B C D E F G H J K L M N O P Q R S T
19 . . . . . . . . . . . . . . . . . . .
18 . . . . . . . . . . . . . X3O2O X1. .
17 . . . . . . . . . . . . . @ X O X . .
16 . . . . . . . . . . . . . . . X O . .
15 . . . . . . . . . . . . . . . . O . .
14 . . . . . . . . . . . . . . . . . . .
13 . . . . . . . . . . . . . . . . . . .
12 . . . . . . . . . . . . . . . . . . .
11 . . . . . . . . . . . . . . . . . . .
10 . . . . . . . . . X . . . . . X . . .
 9 . . . . . . . . . . . . . . . . . . .
 8 . . . . . . . . . . . . . . . . . . .
 7 . . . . . . . . . . . . . . . . . . .
 6 . . . . . . . . . . . . . . . . . . .
 5 . . . . . . . . . . . . . . . . . . .
 4 . . . O . . . . . X . . . . . X O . .
 3 . . . . . . . . . . . . . . . . O . .
 2 . . . . . . . . . . . . . . . . . . .
 1 . . . . . . . . . . . . . . . . . . .

koSIMPLEscoreAREAtaxNONEsui0whbNfpok1komi7.5
Time taken: 0.175141
Root visits: 85
New playouts: 85
NN rows: 78
NN batches: 27
NN avg batch size: 2.88889
PV: O17 Q15 Q14 P15 N18 R14
Tree:
: T 104.22c W  96.24c S   7.76c (+19.5 L +17.5) N      85  --  O17 Q15 Q14 P15 N18 R14
---White(^)---
O17 : T 106.61c W  98.66c S   7.84c (+19.5 L +17.3) LCB  104.66c P 47.48% WF 121.3 PSV     235 N      38  --  O17 Q15 Q14 P15 N18 R14
P16 : T 107.19c W  98.37c S   8.60c (+20.4 L +18.4) LCB   99.16c P 44.16% WF 107.4 PSV     107 N      32  --  P16 Q15 O17 R14 S14 Q14 S13
S17 : T -68.10c W -53.00c S -15.10c ( -5.1 L  -4.0) LCB -418.10c P  0.13% WF   0.4 PSV       0 N       1  --  S17
S18 : T -85.41c W -69.05c S -16.36c ( -7.0 L  -5.8) LCB -435.41c P  0.12% WF   0.4 PSV       0 N       1  --  S18
N18 : T -89.01c W -72.25c S -16.76c ( -7.4 L  -6.3) LCB -439.01c P  0.10% WF   0.3 PSV       0 N       1  --  N18
Q15 : T -75.05c W -59.60c S -15.45c ( -5.6 L  -4.2) LCB -425.05c P  0.09% WF   0.3 PSV       0 N       1  --  Q15
G3  : T -70.01c W -54.74c S -15.26c ( -5.8 L  -4.3) LCB -420.01c P  0.07% WF   0.2 PSV       0 N       1  --  G3
J4  : T -76.94c W -61.27c S -15.67c ( -6.4 L  -4.9) LCB -426.94c P  0.06% WF   0.2 PSV       0 N       1  --  J4
F3  : T -69.95c W -54.72c S -15.23c ( -5.7 L  -4.3) LCB -419.95c P  0.06% WF   0.2 PSV       0 N       1  --  F3
C7  : T -66.02c W -50.98c S -15.04c ( -5.3 L  -4.0) LCB -416.02c P  0.06% WF   0.2 PSV       0 N       1  --  C7

2025-09-16 19:33:15+0800: = O17
2025-09-16 19:33:16+0800: Controller: play B P19
2025-09-16 19:33:16+0800: = 
2025-09-16 19:33:16+0800: Controller: genmove W
2025-09-16 19:33:16+0800: MoveNum: 19 HASH: 1C44BD1584B7917AA8C77EAAD0840863
   A B C D E F G H J K L M N O P Q R S T
19 . . . . . . . . . . . . . . X3. . . .
18 . . . . . . . . . . . . . X1O O X . .
17 . . . . . . . . . . . . . O2X O X . .
16 . . . . . . . . . . . . . . @ X O . .
15 . . . . . . . . . . . . . . . . O . .
14 . . . . . . . . . . . . . . . . . . .
13 . . . . . . . . . . . . . . . . . . .
12 . . . . . . . . . . . . . . . . . . .
11 . . . . . . . . . . . . . . . . . . .
10 . . . . . . . . . X . . . . . X . . .
 9 . . . . . . . . . . . . . . . . . . .
 8 . . . . . . . . . . . . . . . . . . .
 7 . . . . . . . . . . . . . . . . . . .
 6 . . . . . . . . . . . . . . . . . . .
 5 . . . . . . . . . . . . . . . . . . .
 4 . . . O . . . . . X . . . . . X O . .
 3 . . . . . . . . . . . . . . . . O . .
 2 . . . . . . . . . . . . . . . . . . .
 1 . . . . . . . . . . . . . . . . . . .

koSIMPLEscoreAREAtaxNONEsui0whbNfpok1komi7.5
Time taken: 0.126796
Root visits: 85
New playouts: 85
NN rows: 84
NN batches: 29
NN avg batch size: 2.89655
PV: P16 Q5 N18 R5 P2
Tree:
: T 106.27c W  96.06c S   9.91c (+27.1 L +25.1) N      85  --  P16 Q5 N18 R5 P2
---White(^)---
P16 : T 110.53c W  99.67c S  10.77c (+27.9 L +25.8) LCB  109.24c P 87.80% WF 284.3 PSV     280 N      67  --  P16 Q5 N18 R5 P2
G3  : T -112.12c W -90.93c S -21.19c (-11.2 L  -9.2) LCB -462.12c P  0.10% WF   0.3 PSV       0 N       1  --  G3
J4  : T -114.19c W -92.62c S -21.57c (-11.9 L -10.1) LCB -464.19c P  0.10% WF   0.3 PSV       0 N       1  --  J4
C5  : T -114.06c W -92.59c S -21.48c (-11.8 L  -9.5) LCB -464.06c P  0.10% WF   0.3 PSV       0 N       1  --  C5
L4  : T -114.22c W -92.59c S -21.63c (-12.2 L -10.1) LCB -464.22c P  0.10% WF   0.3 PSV       0 N       1  --  L4
R12 : T -106.97c W -86.46c S -20.52c ( -9.6 L  -7.9) LCB -456.97c P  0.09% WF   0.3 PSV       0 N       1  --  R12
C7  : T -113.42c W -91.92c S -21.49c (-11.7 L  -9.7) LCB -463.42c P  0.09% WF   0.3 PSV       0 N       1  --  C7
F4  : T -114.05c W -92.54c S -21.51c (-11.8 L  -9.8) LCB -464.05c P  0.09% WF   0.3 PSV       0 N       1  --  F4
F3  : T -112.34c W -91.15c S -21.19c (-11.1 L  -9.2) LCB -462.34c P  0.09% WF   0.3 PSV       0 N       1  --  F3
Q11 : T -111.38c W -90.22c S -21.17c (-10.9 L  -9.0) LCB -461.38c P  0.09% WF   0.3 PSV       0 N       1  --  Q11

2025-09-16 19:33:16+0800: = P16
2025-09-16 19:33:17+0800: Controller: play B Q19
2025-09-16 19:33:17+0800: = 
2025-09-16 19:33:17+0800: Controller: genmove W
2025-09-16 19:33:17+0800: MoveNum: 21 HASH: C26E0021CC069D8E5E942CCE0F04BCDF
   A B C D E F G H J K L M N O P Q R S T
19 . . . . . . . . . . . . . . X1X3. . .
18 . . . . . . . . . . . . . X O O X . .
17 . . . . . . . . . . . . . O . O X . .
16 . . . . . . . . . . . . . . O2X O . .
15 . . . . . . . . . . . . . . . @ O . .
14 . . . . . . . . . . . . . . . . . . .
13 . . . . . . . . . . . . . . . . . . .
12 . . . . . . . . . . . . . . . . . . .
11 . . . . . . . . . . . . . . . . . . .
10 . . . . . . . . . X . . . . . X . . .
 9 . . . . . . . . . . . . . . . . . . .
 8 . . . . . . . . . . . . . . . . . . .
 7 . . . . . . . . . . . . . . . . . . .
 6 . . . . . . . . . . . . . . . . . . .
 5 . . . . . . . . . . . . . . . . . . .
 4 . . . O . . . . . X . . . . . X O . .
 3 . . . . . . . . . . . . . . . . O . .
 2 . . . . . . . . . . . . . . . . . . .
 1 . . . . . . . . . . . . . . . . . . .

koSIMPLEscoreAREAtaxNONEsui0whbNfpok1komi7.5
Time taken: 0.112664
Root visits: 85
New playouts: 73
NN rows: 74
NN batches: 25
NN avg batch size: 2.96
PV: Q15 N18 M17 M18 L17 L18 K18
Tree:
: T 108.17c W  99.53c S   8.67c (+29.9 L +27.6) N      85  --  Q15 N18 M17 M18 L17 L18 K18
---White(^)---
Q15 : T 108.73c W  99.84c S   8.95c (+30.1 L +27.9) LCB  108.03c P 77.82% WF 359.7 PSV     359 N      81  --  Q15 N18 M17 M18 L17 L18 K18
P17 : T  94.65c W  98.24c S  -3.60c (+16.9 L +14.1) LCB -255.35c P  1.02% WF   2.9 PSV       0 N       1  --  P17
P15 : T  20.92c W  36.82c S -15.90c ( +2.3 L  +1.5) LCB -329.08c P  0.21% WF   1.0 PSV       0 N       1  --  P15
R12 : T  39.49c W  54.33c S -14.84c ( +4.1 L  +2.7) LCB -310.51c P  0.18% WF   1.0 PSV       0 N       1  --  R12

2025-09-16 19:33:17+0800: = Q15
2025-09-16 19:33:21+0800: Controller: play B S4
2025-09-16 19:33:21+0800: = 
2025-09-16 19:33:21+0800: Controller: genmove W
2025-09-16 19:33:21+0800: MoveNum: 23 HASH: 110F1DB0E3D431FE40A60C5A3C007F3D
   A B C D E F G H J K L M N O P Q R S T
19 . . . . . . . . . . . . . . X X1. . .
18 . . . . . . . . . . . . . X O O X . .
17 . . . . . . . . . . . . . O . O X . .
16 . . . . . . . . . . . . . . O . O . .
15 . . . . . . . . . . . . . . . O2O . .
14 . . . . . . . . . . . . . . . . . . .
13 . . . . . . . . . . . . . . . . . . .
12 . . . . . . . . . . . . . . . . . . .
11 . . . . . . . . . . . . . . . . . . .
10 . . . . . . . . . X . . . . . X . . .
 9 . . . . . . . . . . . . . . . . . . .
 8 . . . . . . . . . . . . . . . . . . .
 7 . . . . . . . . . . . . . . . . . . .
 6 . . . . . . . . . . . . . . . . . . .
 5 . . . . . . . . . . . . . . . @ . . .
 4 . . . O . . . . . X . . . . . X O X3.
 3 . . . . . . . . . . . . . . . . O . .
 2 . . . . . . . . . . . . . . . . . . .
 1 . . . . . . . . . . . . . . . . . . .

koSIMPLEscoreAREAtaxNONEsui0whbNfpok1komi7.5
Time taken: 0.29328
Root visits: 75
New playouts: 75
NN rows: 73
NN batches: 25
NN avg batch size: 2.92
PV: Q5 N18 L18 N17
Tree:
: T 109.46c W  99.90c S   9.75c (+35.4 L +33.3) N      75  --  Q5 N18 L18 N17
---White(^)---
Q5  : T 110.12c W  99.90c S  10.45c (+36.3 L +34.1) LCB  107.22c P  3.37% WF  68.4 PSV      82 N      15  --  Q5 N18 L18 N17
R5  : T 111.17c W  99.91c S  11.40c (+37.4 L +35.3) LCB  106.08c P 17.04% WF  60.4 PSV      60 N      12  --  R5 N18 L18 N17
R6  : T 109.88c W  99.90c S  10.23c (+36.1 L +33.9) LCB  104.87c P  3.63% WF  50.1 PSV      43 N      12  --  R6 N18 L18 N17
Q6  : T 108.90c W  99.90c S   9.20c (+34.8 L +32.7) LCB  101.72c P  1.26% WF  40.6 PSV       5 N      10  --  Q6 N18 R8
Q3  : T 109.08c W  99.89c S   8.97c (+34.4 L +32.3) LCB   65.93c P  1.04% WF  18.5 PSV       5 N       4  --  Q3 N18 R6
L17 : T 107.83c W  99.86c S   8.00c (+33.2 L +31.0) LCB   33.45c P  2.30% WF  13.5 PSV       5 N       3  --  L17 N17
N18 : T 107.81c W  99.89c S   7.90c (+33.0 L +30.7) LCB  -42.13c P  1.62% WF   8.7 PSV       4 N       2  --  N18 R5
S5  : T 108.73c W  99.89c S   9.14c (+34.8 L +32.6) LCB   89.06c P  0.99% WF  25.5 PSV       3 N       6  --  S5 N18 L18 N17
M17 : T 107.73c W  99.89c S   7.92c (+33.1 L +30.8) LCB   33.10c P  1.49% WF  12.6 PSV       3 N       3  --  M17 R5 Q5
S6  : T 108.41c W  99.91c S   8.92c (+34.5 L +32.4) LCB   33.18c P  1.02% WF  12.8 PSV       3 N       3  --  S6 N18 L18

2025-09-16 19:33:21+0800: = Q5
2025-09-16 19:33:22+0800: Controller: play B S3
2025-09-16 19:33:22+0800: = 
2025-09-16 19:33:22+0800: Controller: genmove W
2025-09-16 19:33:22+0800: MoveNum: 25 HASH: 1A06AB7AFBAD5BC0DE859F3E60C4DAEE
   A B C D E F G H J K L M N O P Q R S T
19 . . . . . . . . . . . . . . X X . . .
18 . . . . . . . . . . . . . X O O X . .
17 . . . . . . . . . . . . . O . O X . .
16 . . . . . . . . . . . . . . O . O . .
15 . . . . . . . . . . . . . . . O O . .
14 . . . . . . . . . . . . . . . . . . .
13 . . . . . . . . . . . . . . . . . . .
12 . . . . . . . . . . . . . . . . . . .
11 . . . . . . . . . . . . . . . . . . .
10 . . . . . . . . . X . . . . . X . . .
 9 . . . . . . . . . . . . . . . . . . .
 8 . . . . . . . . . . . . . . . . . . .
 7 . . . . . . . . . . . . . . . . . . .
 6 . . . . . . . . . . . . . . . . . . .
 5 . . . . . . . . . . . . . . . O2. @ .
 4 . . . O . . . . . X . . . . . X O X1.
 3 . . . . . . . . . . . . . . . . O X3.
 2 . . . . . . . . . . . . . . . . . . .
 1 . . . . . . . . . . . . . . . . . . .

koSIMPLEscoreAREAtaxNONEsui0whbNfpok1komi7.5
Time taken: 0.0955978
Root visits: 75
New playouts: 75
NN rows: 75
NN batches: 26
NN avg batch size: 2.88462
PV: S5 N18 L18 N17
Tree:
: T 109.45c W  99.93c S   9.60c (+38.4 L +36.1) N      75  --  S5 N18 L18 N17
---White(^)---
S5  : T 111.06c W  99.94c S  11.21c (+40.5 L +38.1) LCB  107.28c P 18.22% WF  68.9 PSV      86 N      14  --  S5 N18 L18 N17
R5  : T 110.68c W  99.94c S  10.76c (+39.8 L +37.6) LCB  105.47c P 17.40% WF  58.3 PSV      54 N      12  --  R5 N18 L18 N17
R6  : T 108.84c W  99.93c S   8.93c (+37.6 L +35.3) LCB  103.87c P  2.64% WF  49.0 PSV       4 N      12  --  R6 R2 Q3 Q2 L17
P4  : T 109.33c W  99.95c S   9.49c (+38.2 L +35.9) LCB  105.06c P  1.60% WF  57.4 PSV       3 N      13  --  P4 N18 M17 M18
Q3  : T 108.71c W  99.94c S   8.86c (+37.5 L +35.2) LCB  103.70c P  1.88% WF  50.2 PSV       3 N      12  --  Q3 R6 L17 D16
R2  : T 108.34c W  99.90c S   8.28c (+36.9 L +34.5) LCB   79.96c P  0.74% WF  21.0 PSV       1 N       5  --  R2 R5 R6
R7  : T 105.38c W  99.90c S   6.14c (+34.5 L +32.0) LCB   30.24c P  1.43% WF  11.0 PSV       1 N       3  --  R7 R5 R6
L17 : T 105.33c W  99.93c S   5.39c (+33.6 L +31.1) LCB -244.67c P  0.83% WF   3.7 PSV       0 N       1  --  L17
Q7  : T 104.66c W  99.93c S   4.73c (+32.9 L +30.8) LCB -245.34c P  0.83% WF   3.9 PSV       0 N       1  --  Q7
M17 : T 105.35c W  99.93c S   5.41c (+33.7 L +31.1) LCB -244.65c P  0.77% WF   3.6 PSV       0 N       1  --  M17

2025-09-16 19:33:22+0800: = S5
2025-09-16 19:33:24+0800: Controller: play B R5
2025-09-16 19:33:24+0800: = 
2025-09-16 19:33:24+0800: Controller: genmove W
2025-09-16 19:33:24+0800: MoveNum: 27 HASH: D552DB838CA2154D1FB6B50C5522289D
   A B C D E F G H J K L M N O P Q R S T
19 . . . . . . . . . . . . . . X X . . .
18 . . . . . . . . . . . . . X O O X . .
17 . . . . . . . . . . . . . O . O X . .
16 . . . . . . . . . . . . . . O . O . .
15 . . . . . . . . . . . . . . . O O . .
14 . . . . . . . . . . . . . . . . . . .
13 . . . . . . . . . . . . . . . . . . .
12 . . . . . . . . . . . . . . . . . . .
11 . . . . . . . . . . . . . . . . . . .
10 . . . . . . . . . X . . . . . X . . .
 9 . . . . . . . . . . . . . . . . . . .
 8 . . . . . . . . . . . . . . . . . . .
 7 . . . . . . . . . . . . . . . . . . .
 6 . . . . . . . . . . . . . . . . @ . .
 5 . . . . . . . . . . . . . . . O X3O2.
 4 . . . O . . . . . X . . . . . X O X .
 3 . . . . . . . . . . . . . . . . O X1.
 2 . . . . . . . . . . . . . . . . . . .
 1 . . . . . . . . . . . . . . . . . . .

koSIMPLEscoreAREAtaxNONEsui0whbNfpok1komi7.5
Time taken: 0.149518
Root visits: 40
New playouts: 40
NN rows: 40
NN batches: 21
NN avg batch size: 1.90476
PV: R6 N18 L18 N17 L16 O16
Tree:
: T 110.76c W  99.94c S  10.68c (+45.4 L +42.9) N      40  --  R6 N18 L18 N17 L16 O16
---White(^)---
R6  : T 114.42c W  99.98c S  14.30c (+49.6 L +47.2) LCB  112.72c P 48.63% WF 140.5 PSV     138 N      26  --  R6 N18 L18 N17 L16 O16
S6  : T 103.36c W  99.94c S   3.42c (+36.5 L +34.2) LCB -246.64c P  1.05% WF   3.3 PSV       0 N       1  --  S6
R7  : T 102.23c W  99.94c S   2.29c (+35.2 L +32.6) LCB -247.77c P  1.04% WF   3.3 PSV       0 N       1  --  R7
Q6  : T  94.28c W  99.79c S  -5.51c (+26.4 L +23.5) LCB -255.72c P  0.63% WF   3.5 PSV       0 N       1  --  Q6
Q3  : T 103.16c W  99.94c S   3.23c (+36.3 L +33.7) LCB -246.84c P  0.59% WF   3.3 PSV       0 N       1  --  Q3
S7  : T  96.62c W  99.80c S  -3.18c (+29.0 L +25.6) LCB -253.38c P  0.54% WF   3.2 PSV       0 N       1  --  S7
P4  : T  97.36c W  99.87c S  -2.51c (+30.0 L +27.6) LCB -252.64c P  0.51% WF   3.2 PSV       0 N       1  --  P4
Q7  : T  94.75c W  99.74c S  -4.99c (+27.0 L +24.0) LCB -255.25c P  0.50% WF   3.1 PSV       0 N       1  --  Q7
R8  : T  96.21c W  99.81c S  -3.60c (+28.4 L +25.0) LCB -253.79c P  0.45% WF   2.9 PSV       0 N       1  --  R8
Q2  : T  96.65c W  99.84c S  -3.19c (+29.1 L +26.5) LCB -253.35c P  0.42% WF   2.9 PSV       0 N       1  --  Q2

2025-09-16 19:33:24+0800: = R6
2025-09-16 19:33:25+0800: Controller: play B Q3
2025-09-16 19:33:25+0800: = 
2025-09-16 19:33:25+0800: Controller: genmove W
2025-09-16 19:33:25+0800: MoveNum: 29 HASH: 6E359BEA2FABDDD3F0D80F7212C87D0A
   A B C D E F G H J K L M N O P Q R S T
19 . . . . . . . . . . . . . . X X . . .
18 . . . . . . . . . . . . . X O O X . .
17 . . . . . . . . . . . . . O . O X . .
16 . . . . . . . . . . . . . . O . O . .
15 . . . . . . . . . . . . . . . O O . .
14 . . . . . . . . . . . . . . . . . . .
13 . . . . . . . . . . . . . . . . . . .
12 . . . . . . . . . . . . . . . . . . .
11 . . . . . . . . . . . . . . . . . . .
10 . . . . . . . . . X . . . . . X . . .
 9 . . . . . . . . . . . . . . . . . . .
 8 . . . . . . . . . . . . . . . . . . .
 7 . . . . . . . . . . . . . . . . . . .
 6 . . . . . . . . . . . . . . . . O2. .
 5 . . . . . . . . . . . . . . . O .1O .
 4 . . . O . . . . . X . . . . . X O X .
 3 . . . . . . . . . . . . . . . X3O X .
 2 . . . . . . . . . . . . . . . . @ . .
 1 . . . . . . . . . . . . . . . . . . .

koSIMPLEscoreAREAtaxNONEsui0whbNfpok1komi7.5
Time taken: 0.118377
Root visits: 36
New playouts: 36
NN rows: 36
NN batches: 18
NN avg batch size: 2
PV: R2 N18 L18 N17 L16
Tree:
: T 110.96c W  99.98c S  10.97c (+49.0 L +46.6) N      36  --  R2 N18 L18 N17 L16
---White(^)---
R2  : T 115.70c W  99.99c S  15.53c (+54.6 L +52.2) LCB  113.21c P 41.45% WF 100.0 PSV      98 N      18  --  R2 N18 L18 N17 L16
P4  : T 101.11c W  99.99c S   1.11c (+37.3 L +34.8) LCB -248.89c P  0.64% WF   3.2 PSV       0 N       1  --  P4
Q2  : T 103.98c W 100.00c S   3.98c (+40.5 L +38.1) LCB -246.02c P  0.59% WF   3.0 PSV       0 N       1  --  Q2
P3  : T  98.02c W  99.94c S  -1.92c (+33.9 L +31.0) LCB -251.98c P  0.56% WF   3.0 PSV       0 N       1  --  P3
M17 : T 103.54c W  99.98c S   3.57c (+40.1 L +37.5) LCB -246.46c P  0.55% WF   3.2 PSV       0 N       1  --  M17
P2  : T  99.52c W  99.95c S  -0.43c (+35.6 L +33.2) LCB -250.48c P  0.51% WF   3.1 PSV       0 N       1  --  P2
M18 : T 103.73c W  99.97c S   3.76c (+40.3 L +37.6) LCB -246.27c P  0.50% WF   3.2 PSV       0 N       1  --  M18
S2  : T 104.52c W  99.99c S   4.53c (+41.1 L +38.9) LCB -245.48c P  0.48% WF   3.1 PSV       0 N       1  --  S2
L17 : T 102.94c W  99.97c S   2.97c (+39.4 L +36.7) LCB -247.06c P  0.48% WF   3.2 PSV       0 N       1  --  L17
R9  : T 101.52c W  99.97c S   1.55c (+37.8 L +35.3) LCB -248.48c P  0.46% WF   3.2 PSV       0 N       1  --  R9

2025-09-16 19:33:25+0800: = R2
2025-09-16 19:33:28+0800: Controller: play B S2
2025-09-16 19:33:28+0800: = 
2025-09-16 19:33:28+0800: Controller: genmove W
2025-09-16 19:33:28+0800: MoveNum: 31 HASH: 8BB0BD715B90B27C0839BC9021FBC697
   A B C D E F G H J K L M N O P Q R S T
19 . . . . . . . . . . . . . . X X . . .
18 . . . . . . . . . . . . . X O O X . .
17 . . . . . . . . . . @ . . O . O X . .
16 . . . . . . . . . . . . . . O . O . .
15 . . . . . . . . . . . . . . . O O . .
14 . . . . . . . . . . . . . . . . . . .
13 . . . . . . . . . . . . . . . . . . .
12 . . . . . . . . . . . . . . . . . . .
11 . . . . . . . . . . . . . . . . . . .
10 . . . . . . . . . X . . . . . X . . .
 9 . . . . . . . . . . . . . . . . . . .
 8 . . . . . . . . . . . . . . . . . . .
 7 . . . . . . . . . . . . . . . . . . .
 6 . . . . . . . . . . . . . . . . O . .
 5 . . . . . . . . . . . . . . . O . O .
 4 . . . O . . . . . X . . . . . X O X .
 3 . . . . . . . . . . . . . . . X1O X .
 2 . . . . . . . . . . . . . . . . O2X3.
 1 . . . . . . . . . . . . . . . . . . .

koSIMPLEscoreAREAtaxNONEsui0whbNfpok1komi7.5
Time taken: 0.172172
Root visits: 17
New playouts: 17
NN rows: 17
NN batches: 9
NN avg batch size: 1.88889
PV: L17 D16
Tree:
: T 115.73c W  99.99c S  16.07c (+62.9 L +60.5) N      17  --  L17 D16
---White(^)---
L17 : T 116.07c W  99.99c S  16.36c (+63.6 L +61.0) LCB   72.92c P 10.07% WF  24.0 PSV      26 N       4  --  L17 D16
N18 : T 115.77c W  99.99c S  16.03c (+62.6 L +60.2) LCB   72.55c P  9.04% WF  24.2 PSV      24 N       4  --  N18 D17
M17 : T 116.20c W 100.00c S  16.55c (+63.3 L +61.0) LCB   41.66c P  4.12% WF  18.1 PSV      15 N       3  --  M17 L17
K17 : T 115.31c W 100.00c S  15.69c (+62.3 L +59.9) LCB   40.54c P  3.48% WF  17.4 PSV       7 N       3  --  K17 D16
D16 : T 115.19c W 100.00c S  15.99c (+62.8 L +60.6) LCB  -35.69c P  3.67% WF  10.8 PSV       7 N       2  --  D16 N18

2025-09-16 19:33:28+0800: = L17
2025-09-16 19:33:29+0800: Controller: play B R1
2025-09-16 19:33:29+0800: = 
2025-09-16 19:33:29+0800: Controller: genmove W
2025-09-16 19:33:29+0800: MoveNum: 33 HASH: 0E129DDBFA75AE2F3647F757990961BE
   A B C D E F G H J K L M N O P Q R S T
19 . . . . . . . . . . . . . . X X . . .
18 . . . . . . . . . . . . . X O O X . .
17 . . . . . . . . . . O2. . O . O X . .
16 . . . . . . . . . . . . . . O . O . .
15 . . . . . . . . . . . . . . . O O . .
14 . . . . . . . . . . . . . . . . . . .
13 . . . . . . . . . . . . . . . . . . .
12 . . . . . . . . . . . . . . . . . . .
11 . . . . . . . . . . . . . . . . . . .
10 . . . . . . . . . X . . . . . X . . .
 9 . . . . . . . . . . . . . . . . . . .
 8 . . . . . . . . . . . . . . . . . . .
 7 . . . . . . . . . . . . . . . . . . .
 6 . . . . . . . . . . . . . . . . O . .
 5 . . . . . . . . . . . . . . . O . O .
 4 . . . O . . . . . X . . . . . X O X .
 3 . . . . . . . . . . . . . . . X O X .
 2 . . . . . . . . . . . . . . . @ O X1.
 1 . . . . . . . . . . . . . . . . X3. .

koSIMPLEscoreAREAtaxNONEsui0whbNfpok1komi7.5
Time taken: 0.0671753
Root visits: 36
New playouts: 36
NN rows: 36
NN batches: 19
NN avg batch size: 1.89474
PV: Q2 P2 P3 P4
Tree:
: T 117.13c W  99.99c S  16.52c (+65.7 L +63.3) N      36  --  Q2 P2 P3 P4
---White(^)---
Q2  : T 119.20c W  99.99c S  18.63c (+68.7 L +66.3) LCB  115.09c P 36.38% WF  79.1 PSV      78 N      14  --  Q2 P2 P3 P4
Q1  : T 116.81c W  99.99c S  16.18c (+65.1 L +62.6) LCB  107.59c P 18.98% WF  50.3 PSV      21 N       9  --  Q1 M18 M17
S1  : T 116.94c W 100.00c S  16.11c (+64.7 L +62.5) LCB  107.99c P  1.34% WF  45.3 PSV       1 N       9  --  S1 D16 F17
S9  : T 102.80c W  99.99c S   2.81c (+48.3 L +45.3) LCB -247.20c P  0.46% WF   3.2 PSV       0 N       1  --  S9
R9  : T 104.10c W  99.99c S   4.11c (+49.8 L +47.0) LCB -245.90c P  0.39% WF   3.0 PSV       0 N       1  --  R9
O3  : T 102.00c W 100.00c S   2.01c (+47.3 L +44.6) LCB -248.00c P  0.39% WF   2.8 PSV       0 N       1  --  O3

2025-09-16 19:33:29+0800: = Q2
2025-09-16 19:33:30+0800: Controller: play B P2
2025-09-16 19:33:30+0800: = 
2025-09-16 19:33:30+0800: Controller: genmove W
2025-09-16 19:33:31+0800: MoveNum: 35 HASH: E6767B884F08066FD8A4029296B6BA94
   A B C D E F G H J K L M N O P Q R S T
19 . . . . . . . . . . . . . . X X . . .
18 . . . . . . . . . . . . . X O O X . .
17 . . . . . . . . . . O . . O . O X . .
16 . . . . . . . . . . . . . . O . O . .
15 . . . . . . . . . . . . . . . O O . .
14 . . . . . . . . . . . . . . . . . . .
13 . . . . . . . . . . . . . . . . . . .
12 . . . . . . . . . . . . . . . . . . .
11 . . . . . . . . . . . . . . . . . . .
10 . . . . . . . . . X . . . . . X . . .
 9 . . . . . . . . . . . . . . . . . . .
 8 . . . . . . . . . . . . . . . . . . .
 7 . . . . . . . . . . . . . . . . . . .
 6 . . . . . . . . . . . . . . . . O . .
 5 . . . . . . . . . . . . . . . O . O .
 4 . . . O . . . . . X . . . . . X O X .
 3 . . . . . . . . . . . . . . . X O X .
 2 . . . . . . . . . . . . . . X3O2O X .
 1 . . . . . . . . . . . . . . . @ X1. .

koSIMPLEscoreAREAtaxNONEsui0whbNfpok1komi7.5
Time taken: 0.129222
Root visits: 35
New playouts: 31
NN rows: 32
NN batches: 21
NN avg batch size: 1.52381
PV: Q1 D16 H3
Tree:
: T 115.84c W  99.99c S  15.46c (+66.8 L +64.4) N      35  --  Q1 D16 H3
---White(^)---
Q1  : T 117.13c W 100.00c S  16.51c (+67.8 L +65.5) LCB  111.03c P 22.28% WF  61.6 PSV      78 N      11  --  Q1 D16 H3
P3  : T 114.88c W  99.98c S  14.80c (+66.1 L +63.7) LCB  110.45c P 31.96% WF  63.8 PSV      64 N      14  --  P3 P4 O3 Q1 R5 O2 N3
P4  : T 115.59c W  99.99c S  15.12c (+66.4 L +64.0) LCB  106.67c P  4.17% WF  46.4 PSV      11 N       9  --  P4 P3 Q1 D16

2025-09-16 19:33:31+0800: = Q1
2025-09-16 19:33:32+0800: Controller: play B P1
2025-09-16 19:33:32+0800: = 
2025-09-16 19:33:32+0800: Controller: genmove W
2025-09-16 19:33:32+0800: MoveNum: 37 HASH: AF03A98AD0EE07DACD10757B6962CB66
   A B C D E F G H J K L M N O P Q R S T
19 . . . . . . . . . . . . . . X X . . .
18 . . . . . . . . . . . . . X O O X . .
17 . . . . . . . . . . O . . O . O X . .
16 . . . . . . . . . . . . . . O . O . .
15 . . . . . . . . . . . . . . . O O . .
14 . . . . . . . . . . . . . . . . . . .
13 . . . . . . . . . . . . . . . . . . .
12 . . . . . . . . . . . . . . . . . . .
11 . . . . . . . . . . . . . . . . . . .
10 . . . . . . . . . X . . . . . X . . .
 9 . . . . . . . . . . . . . . . . . . .
 8 . . . . . . . . . . . . . . . . . . .
 7 . . . . . . . . . . . . . . . . . . .
 6 . . . . . . . . . . . . . . . . O . .
 5 . . . . . . . . . . . . . . . O . O .
 4 . . . O . . . . . X . . . . . X O X .
 3 . . . . . . . . . . . . . . . X O X .
 2 . . . . . . . . . . . . . . X1O O X .
 1 . . . . . . . . . . . . . . X3O2X @ .

koSIMPLEscoreAREAtaxNONEsui0whbNfpok1komi7.5
Time taken: 0.0851731
Root visits: 36
New playouts: 36
NN rows: 36
NN batches: 19
NN avg batch size: 1.89474
PV: R5 D16 M3 N17
Tree:
: T 118.08c W  99.99c S  17.51c (+67.0 L +64.7) N      36  --  R5 D16 M3 N17
---White(^)---
R5  : T 120.04c W 100.00c S  19.74c (+69.6 L +67.4) LCB  116.90c P 34.87% WF  98.2 PSV      97 N      16  --  R5 D16 M3 N17
S1  : T 119.74c W 100.00c S  19.40c (+68.9 L +66.7) LCB  115.84c P 21.53% WF  82.5 PSV      53 N      14  --  S1 D16 F17 N17
F4  : T  89.99c W  99.89c S  -9.90c (+32.1 L +28.9) LCB -260.01c P  0.33% WF   2.2 PSV       0 N       1  --  F4
R9  : T  90.93c W  99.90c S  -8.97c (+33.4 L +30.3) LCB -259.07c P  0.33% WF   2.3 PSV       0 N       1  --  R9
G3  : T  90.14c W  99.89c S  -9.75c (+32.5 L +29.3) LCB -259.86c P  0.32% WF   2.3 PSV       0 N       1  --  G3
Q9  : T  91.85c W  99.93c S  -8.08c (+34.6 L +31.5) LCB -258.15c P  0.31% WF   2.3 PSV       0 N       1  --  Q9
P4  : T  87.97c W  99.77c S -11.80c (+28.8 L +25.3) LCB -262.03c P  0.31% WF   2.2 PSV       0 N       1  --  P4

2025-09-16 19:33:32+0800: = S1
2025-09-16 19:33:40+0800: Controller: quit
2025-09-16 19:33:40+0800: Quit requested by controller
2025-09-16 19:33:40+0800: = 
2025-09-16 19:33:40+0800: GPU -1 finishing, processed 1218 rows 459 batches
2025-09-16 19:33:40+0800: All cleaned up, quitting
