2025-09-15 23:07:56+0800: Running with following config:
allowResignation = true
chosenMoveTemperatureEarly = 0.35
chosenMoveTemperatureHalflife = 15
lagBuffer = 1.0
logAllGTPCommunication = true
logDir = gtp_logs
logSearchInfo = true
logSearchInfoForChosenMove = false
logToStderr = false
maxTime = 2.50
maxTimePondering = 60.0
maxVisits = 3000
numSearchThreads = 6
ponderingEnabled = false
resignConsecTurns = 3
resignThreshold = -0.93
rootPolicyTemperature = 0.25
rules = chinese
searchFactorAfterOnePass = 0.50
searchFactorAfterTwoPass = 0.25
searchFactorWhenWinning = 0.40
searchFactorWhenWinningThreshold = 0.95

2025-09-15 23:07:56+0800: GTP Engine starting...
2025-09-15 23:07:56+0800: KataGo v1.16.3
2025-09-15 23:07:56+0800: Using Chinese rules initially, unless GTP/GUI overrides this
2025-09-15 23:07:56+0800: Using 6 CPU thread(s) for search
2025-09-15 23:07:56+0800: nnRandSeed0 = 13410306588606947753
2025-09-15 23:07:56+0800: After dedups: nnModelFile0 = /home/swartz/WorkSpace/katago-webui/katago-cuda/kata1-b18.bin.gz useFP16 auto useNHWC auto
2025-09-15 23:07:56+0800: Initializing neural net buffer to be size 19 * 19 exactly
2025-09-15 23:07:57+0800: Cuda backend thread 0: Found GPU NVIDIA GeForce RTX 3090 memory 25769279488 compute capability major 8 minor 6
2025-09-15 23:07:57+0800: Cuda backend thread 0: Model version 14 useFP16 = true useNHWC = true
2025-09-15 23:07:57+0800: Cuda backend thread 0: Model name: kata1-b18c384nbt-s9996604416-d4316597426
2025-09-15 23:07:58+0800: Loaded neural net with nnXLen 19 nnYLen 19
2025-09-15 23:07:58+0800: Initializing board with boardXSize 19 boardYSize 19
2025-09-15 23:07:58+0800: Loaded config /home/swartz/WorkSpace/katago-webui/katago-cuda/default_gtp.cfg and/or command-line and query overrides and/or command-line and query overrides and/or command-line and query overrides and/or command-line and query overrides and/or command-line and query overrides and/or command-line and query overrides and/or command-line and query overrides and/or command-line and query overrides
2025-09-15 23:07:58+0800: Loaded model /home/swartz/WorkSpace/katago-webui/katago-cuda/kata1-b18.bin.gz
2025-09-15 23:07:58+0800: Config override: maxVisits = 3000
2025-09-15 23:07:58+0800: Config override: maxTime = 2.50
2025-09-15 23:07:58+0800: Config override: rootPolicyTemperature = 0.25
2025-09-15 23:07:58+0800: Config override: chosenMoveTemperatureEarly = 0.35
2025-09-15 23:07:58+0800: Config override: chosenMoveTemperatureHalflife = 15
2025-09-15 23:07:58+0800: Config override: allowResignation = true
2025-09-15 23:07:58+0800: Config override: resignThreshold = -0.93
2025-09-15 23:07:58+0800: Config override: rules = chinese
2025-09-15 23:07:58+0800: Model name: kata1-b18c384nbt-s9996604416-d4316597426
2025-09-15 23:07:58+0800: GTP ready, beginning main protocol loop
2025-09-15 23:07:58+0800: Controller: boardsize 19
2025-09-15 23:07:58+0800: = 
2025-09-15 23:07:58+0800: Controller: komi 7.5
2025-09-15 23:07:58+0800: = 
2025-09-15 23:07:58+0800: Controller: clear_board
2025-09-15 23:07:58+0800: = 
2025-09-15 23:07:59+0800: Controller: play B K8
2025-09-15 23:07:59+0800: = 
2025-09-15 23:07:59+0800: Controller: genmove W
2025-09-15 23:08:01+0800: MoveNum: 1 HASH: 20825E598AB3C5AB9EF07E9F331347EC
   A B C D E F G H J K L M N O P Q R S T
19 . . . . . . . . . . . . . . . . . . .
18 . . . . . . . . . . . . . . . . . . .
17 . . . . . . . . . . . . . . . . . . .
16 . . . . . . . . . . . . . . . . . . .
15 . . . . . . . . . . . . . . . . . . .
14 . . . . . . . . . . . . . . . . . . .
13 . . . . . . . . . . . . . . . . . . .
12 . . . . . . . . . . . . . . . . . . .
11 . . . . . . . . . . . . . . . . . . .
10 . . . . . . . . . . . . . . . . . . .
 9 . . . . . . . . . . . . . . . . . . .
 8 . . . . . . . . . X1. . . . . . . . .
 7 . . . . . . . . . . . . . . . . . . .
 6 . . . . . . . . . . . . . . . . . . .
 5 . . . . . . . . . . . . . . . . . . .
 4 . . . @ . . . . . . . . . . . . . . .
 3 . . . . . . . . . . . . . . . . . . .
 2 . . . . . . . . . . . . . . . . . . .
 1 . . . . . . . . . . . . . . . . . . .

koSIMPLEscoreAREAtaxNONEsui0whbNfpok1komi7.5
Time taken: 2.50405
Root visits: 2244
New playouts: 2244
NN rows: 2144
NN batches: 715
NN avg batch size: 2.9986
PV: D4 Q16 R4 C16 O3 F16 R14 C6 F3 O17 Q10
Tree:
: T  35.29c W  34.64c S   0.75c ( +2.2 L  +1.5) N    2244  --  D4 Q16 R4 C16 O3 F16 R14
---White(^)---
D4  : T  35.30c W  34.64c S   0.74c ( +2.2 L  +1.5) LCB   34.98c P 44.99% WF 4975.7 PSV    4975 N    2006  --  D4 Q16 R4 C16 O3 F16 R14 C6
D3  : T  35.24c W  34.67c S   0.78c ( +2.3 L  +1.5) LCB   34.29c P  1.36% WF 283.9 PSV     124 N     112  --  D3 Q16 Q4 D16 C6 R6 O3 R14
C4  : T  35.35c W  34.76c S   0.83c ( +2.3 L  +1.5) LCB   34.03c P  0.32% WF 184.8 PSV      42 N      72  --  C4 Q16 Q4 D16 F3 R6 O3 R14
D16 : T  34.75c W  34.46c S   0.82c ( +2.3 L  +1.5) LCB   32.22c P  0.65% WF  64.3 PSV      25 N      25  --  D16 Q4 D4 Q16 R3 Q3 R4 R6
C16 : T  34.48c W  34.15c S   0.95c ( +2.4 L  +1.7) LCB    6.65c P  0.20% WF  12.5 PSV       5 N       5  --  C16 Q4 D4
D17 : T  34.91c W  34.27c S   0.75c ( +2.3 L  +1.5) LCB   32.51c P  0.09% WF  55.8 PSV       4 N      22  --  D17 Q4 D4 Q16 C14 F3 C6 O3

2025-09-15 23:08:01+0800: = D4
2025-09-15 23:08:03+0800: Controller: play B K6
2025-09-15 23:08:03+0800: = 
2025-09-15 23:08:03+0800: Controller: genmove W
2025-09-15 23:08:06+0800: MoveNum: 3 HASH: 89EB60466B8ECFC849ABB6BC7D8BD3F6
   A B C D E F G H J K L M N O P Q R S T
19 . . . . . . . . . . . . . . . . . . .
18 . . . . . . . . . . . . . . . . . . .
17 . . . . . . . . . . . . . . . . . . .
16 . . . . . . . . . . . . . . . . . . .
15 . . . . . . . . . . . . . . . . . . .
14 . . . . . . . . . . . . . . . . . . .
13 . . . . . . . . . . . . . . . . . . .
12 . . . . . . . . . . . . . . . . . . .
11 . . . . . . . . . . . . . . . . . . .
10 . . . . . . . . . . . . . . . . . . .
 9 . . . . . . . . . . . . . . . . . . .
 8 . . . . . . . . . X1. . . . . . . . .
 7 . . . . . . . . . . . . . . . . . . .
 6 . . . . . . . . . X3. . . . . . . . .
 5 . . . . . . . . . . . . . . . . . . .
 4 . . . O2. . . . . . . . . . . @ . . .
 3 . . . . . . . . . . . . . . . . . . .
 2 . . . . . . . . . . . . . . . . . . .
 1 . . . . . . . . . . . . . . . . . . .

koSIMPLEscoreAREAtaxNONEsui0whbNfpok1komi7.5
Time taken: 2.50576
Root visits: 2542
New playouts: 2542
NN rows: 2387
NN batches: 796
NN avg batch size: 2.99874
PV: Q4 Q16 D16 R6 R17 Q17 R16 R14 R15 Q15 S14 R18 S18 S15 T15 S13 S16 R13 O3 F17 K16 D14 E14 E13 F14
Tree:
: T  75.04c W  72.88c S   2.29c ( +6.4 L  +4.3) N    2542  --  Q4 Q16 D16 R6 R17 Q17 R16
---White(^)---
Q4  : T  75.09c W  72.94c S   2.30c ( +6.4 L  +4.3) LCB   74.67c P 95.39% WF 5035.7 PSV    5034 N    2462  --  Q4 Q16 D16 R6 R17 Q17 R16 R14
Q3  : T  73.28c W  71.39c S   2.06c ( +6.2 L  +4.1) LCB   70.18c P  4.57% WF  78.7 PSV      67 N      36  --  Q3 Q16 D16 R5 O17 R14
R4  : T  74.95c W  72.07c S   2.26c ( +6.4 L  +4.3) LCB   71.42c P  0.03% WF  59.0 PSV       1 N      28  --  R4 D16 Q16 P4 P3 O3 Q3
R16 : T  66.64c W  65.69c S   1.49c ( +5.6 L  +3.9) LCB   46.41c P  0.00% WF   7.3 PSV       0 N       6  --  R16 Q3 D16
Q16 : T  66.10c W  65.72c S   1.45c ( +5.6 L  +3.8) LCB   23.11c P  0.00% WF   4.7 PSV       0 N       4  --  Q16 Q3 C16
D16 : T  66.46c W  65.39c S   1.48c ( +5.6 L  +3.8) LCB   23.60c P  0.00% WF   4.9 PSV       0 N       4  --  D16 Q3 R16

2025-09-15 23:08:06+0800: = Q4
2025-09-15 23:08:09+0800: Controller: play B M14
2025-09-15 23:08:09+0800: = 
2025-09-15 23:08:09+0800: Controller: genmove W
2025-09-15 23:08:11+0800: MoveNum: 5 HASH: 3227A32264328090DDB0B7080E75AB3F
   A B C D E F G H J K L M N O P Q R S T
19 . . . . . . . . . . . . . . . . . . .
18 . . . . . . . . . . . . . . . . . . .
17 . . . . . . . . . . . . . . . . . . .
16 . . . . . . . . . . . . . . . @ . . .
15 . . . . . . . . . . . . . . . . . . .
14 . . . . . . . . . . . X3. . . . . . .
13 . . . . . . . . . . . . . . . . . . .
12 . . . . . . . . . . . . . . . . . . .
11 . . . . . . . . . . . . . . . . . . .
10 . . . . . . . . . . . . . . . . . . .
 9 . . . . . . . . . . . . . . . . . . .
 8 . . . . . . . . . X . . . . . . . . .
 7 . . . . . . . . . . . . . . . . . . .
 6 . . . . . . . . . X1. . . . . . . . .
 5 . . . . . . . . . . . . . . . . . . .
 4 . . . O . . . . . . . . . . . O2. . .
 3 . . . . . . . . . . . . . . . . . . .
 2 . . . . . . . . . . . . . . . . . . .
 1 . . . . . . . . . . . . . . . . . . .

koSIMPLEscoreAREAtaxNONEsui0whbNfpok1komi7.5
Time taken: 2.50492
Root visits: 2239
New playouts: 2239
NN rows: 2177
NN batches: 726
NN avg batch size: 2.99862
PV: Q16 D16 C17 D17 C16 C14 C15 D15 B14 R14 O17 R6 O3 M17 S16 C13 B13 C12 K15 P16
Tree:
: T  87.04c W  84.14c S   3.10c ( +8.4 L  +5.8) N    2239  --  Q16 D16 C17 D17 C16 C14 C15
---White(^)---
Q16 : T  87.35c W  84.41c S   3.17c ( +8.5 L  +5.8) LCB   86.77c P 10.81% WF 1050.8 PSV    6450 N     466  --  Q16 D16 C17 D17 C16 C14 C15 D15
R16 : T  86.89c W  84.00c S   3.06c ( +8.4 L  +5.7) LCB   86.52c P 78.90% WF 2940.7 PSV    2947 N    1323  --  R16 D16 O17 C6 F3 C14 F17 H17
Q17 : T  86.85c W  84.08c S   3.07c ( +8.4 L  +5.7) LCB   86.01c P  8.05% WF 402.1 PSV     286 N     176  --  Q17 D16 R14 C6 F3 C14 F17 H17
C16 : T  87.33c W  84.33c S   3.24c ( +8.5 L  +5.9) LCB   86.31c P  1.38% WF 300.4 PSV     106 N     134  --  C16 R16 F17 R6 O3 D16 D15 C17
D17 : T  87.49c W  84.53c S   3.30c ( +8.6 L  +5.9) LCB   85.44c P  0.65% WF  70.2 PSV      70 N      31  --  D17 R16 C14 R6 O3 M17
D16 : T  87.39c W  84.41c S   3.24c ( +8.6 L  +5.9) LCB   85.78c P  0.20% WF 231.2 PSV      18 N     108  --  D16 R16 P17 N17 Q15 Q16 P16 P15

2025-09-15 23:08:11+0800: = Q16
2025-09-15 23:08:14+0800: Controller: play B F13
2025-09-15 23:08:14+0800: = 
2025-09-15 23:08:14+0800: Controller: genmove W
2025-09-15 23:08:16+0800: MoveNum: 7 HASH: 1AA22DB1A828E3B6B180464D0ED07187
   A B C D E F G H J K L M N O P Q R S T
19 . . . . . . . . . . . . . . . . . . .
18 . . . . . . . . . . . . . . . . . . .
17 . . . . . . . . . . . . . . . . . . .
16 . . . @ . . . . . . . . . . . O2. . .
15 . . . . . . . . . . . . . . . . . . .
14 . . . . . . . . . . . X1. . . . . . .
13 . . . . . X3. . . . . . . . . . . . .
12 . . . . . . . . . . . . . . . . . . .
11 . . . . . . . . . . . . . . . . . . .
10 . . . . . . . . . . . . . . . . . . .
 9 . . . . . . . . . . . . . . . . . . .
 8 . . . . . . . . . X . . . . . . . . .
 7 . . . . . . . . . . . . . . . . . . .
 6 . . . . . . . . . X . . . . . . . . .
 5 . . . . . . . . . . . . . . . . . . .
 4 . . . O . . . . . . . . . . . O . . .
 3 . . . . . . . . . . . . . . . . . . .
 2 . . . . . . . . . . . . . . . . . . .
 1 . . . . . . . . . . . . . . . . . . .

koSIMPLEscoreAREAtaxNONEsui0whbNfpok1komi7.5
Time taken: 2.50408
Root visits: 2230
New playouts: 2230
NN rows: 2039
NN batches: 680
NN avg batch size: 2.99853
PV: D16 R14 O17 R6 R8 C14 C6 F17 D14 D13 E14
Tree:
: T  97.97c W  93.67c S   4.34c (+11.8 L  +8.5) N    2230  --  D16 R14 O17 R6 R8 C14 C6
---White(^)---
D16 : T  98.03c W  93.70c S   4.35c (+11.8 L  +8.5) LCB   97.88c P 74.43% WF 4764.8 PSV    4761 N    1731  --  D16 R14 O17 R6 R8 C14 C6 F17
D17 : T  97.82c W  93.63c S   4.34c (+11.8 L  +8.5) LCB   97.41c P 25.48% WF 1167.8 PSV    1143 N     444  --  D17 D15 F17 C17 C18 C16 C7 E18
C16 : T  97.46c W  93.42c S   4.13c (+11.5 L  +8.3) LCB   95.80c P  0.08% WF  61.3 PSV       2 N      24  --  C16 E16 E17 F17 D17 F16 O17
C17 : T  97.46c W  93.36c S   4.07c (+11.5 L  +8.1) LCB   95.72c P  0.00% WF  61.5 PSV       0 N      23  --  C17 C6 F3 R14 O17
E17 : T  90.93c W  89.57c S   2.66c (+10.1 L  +7.1) LCB   16.04c P  0.00% WF   4.3 PSV       0 N       3  --  E17 C17 D14
C15 : T  91.51c W  89.67c S   2.74c (+10.2 L  +7.2) LCB   17.33c P  0.00% WF   4.6 PSV       0 N       3  --  C15 C17 D17

2025-09-15 23:08:16+0800: = D16
2025-09-15 23:08:18+0800: Controller: play B G14
2025-09-15 23:08:18+0800: = 
2025-09-15 23:08:18+0800: Controller: genmove W
2025-09-15 23:08:20+0800: MoveNum: 9 HASH: 6D81D0BD105CDB0487FBC2F4D23A5B8A
   A B C D E F G H J K L M N O P Q R S T
19 . . . . . . . . . . . . . . . . . . .
18 . . . . . . . . . . . . . . . . . . .
17 . . . . . . . . . . . . . . . . . . .
16 . . . O2. . . . . . . . . . . O . . .
15 . . . . . . . . . . . . . . . . . . .
14 . . @ . . . X3. . . . X . . . . . . .
13 . . . . . X1. . . . . . . . . . . . .
12 . . . . . . . . . . . . . . . . . . .
11 . . . . . . . . . . . . . . . . . . .
10 . . . . . . . . . . . . . . . . . . .
 9 . . . . . . . . . . . . . . . . . . .
 8 . . . . . . . . . X . . . . . . . . .
 7 . . . . . . . . . . . . . . . . . . .
 6 . . . . . . . . . X . . . . . . . . .
 5 . . . . . . . . . . . . . . . . . . .
 4 . . . O . . . . . . . . . . . O . . .
 3 . . . . . . . . . . . . . . . . . . .
 2 . . . . . . . . . . . . . . . . . . .
 1 . . . . . . . . . . . . . . . . . . .

koSIMPLEscoreAREAtaxNONEsui0whbNfpok1komi7.5
Time taken: 2.50544
Root visits: 2300
New playouts: 2300
NN rows: 2093
NN batches: 698
NN avg batch size: 2.99857
PV: C14 R14 O17 R6 O3 R16 R17 S17 R18 Q15 S16 R15 S18
Tree:
: T 101.40c W  96.58c S   4.85c (+13.8 L +10.6) N    2300  --  C14 R14 O17 R6 O3 R16 R17
---White(^)---
C14 : T 101.56c W  96.65c S   4.93c (+13.9 L +10.7) LCB  101.43c P 45.07% WF 4113.4 PSV   15838 N    1298  --  C14 R14 O17 R6 O3 R16 R17 S17
F17 : T 101.23c W  96.50c S   4.76c (+13.7 L +10.5) LCB  101.11c P 54.92% WF 2961.5 PSV    2705 N     939  --  F17 C6 C13 R6 R14 C3 D3 C4
G17 : T 100.61c W  96.17c S   4.68c (+13.6 L +10.4) LCB   98.79c P  0.00% WF  65.0 PSV       0 N      23  --  G17 C17 C16 D17 E17 E18 F18
C13 : T 100.56c W  96.23c S   4.70c (+13.6 L +10.5) LCB   98.29c P  0.01% WF  56.4 PSV       0 N      20  --  C13 C17 D17 C16 C15 B15 B14
C6  : T 100.71c W  96.38c S   4.59c (+13.5 L +10.4) LCB   95.74c P  0.00% WF  35.3 PSV       0 N      12  --  C6 C17 D17 C16
R14 : T 100.63c W  96.27c S   4.53c (+13.4 L +10.3) LCB   81.20c P  0.00% WF  17.2 PSV       0 N       6  --  R14 C17 C16

2025-09-15 23:08:20+0800: = C14
2025-09-15 23:08:22+0800: Controller: play B D14
2025-09-15 23:08:22+0800: = 
2025-09-15 23:08:22+0800: Controller: genmove W
2025-09-15 23:08:25+0800: MoveNum: 11 HASH: 61121B68F418A72C5A5F4A7A04BCC922
   A B C D E F G H J K L M N O P Q R S T
19 . . . . . . . . . . . . . . . . . . .
18 . . . . . . . . . . . . . . . . . . .
17 . . . . . . . . . . . . . . . . . . .
16 . . . O . . . . . . . . . . . O . . .
15 . . . . . . . . . . . . . . . . . . .
14 . . O2X3. . X1. . . . X . . . . . . .
13 . . . @ . X . . . . . . . . . . . . .
12 . . . . . . . . . . . . . . . . . . .
11 . . . . . . . . . . . . . . . . . . .
10 . . . . . . . . . . . . . . . . . . .
 9 . . . . . . . . . . . . . . . . . . .
 8 . . . . . . . . . X . . . . . . . . .
 7 . . . . . . . . . . . . . . . . . . .
 6 . . . . . . . . . X . . . . . . . . .
 5 . . . . . . . . . . . . . . . . . . .
 4 . . . O . . . . . . . . . . . O . . .
 3 . . . . . . . . . . . . . . . . . . .
 2 . . . . . . . . . . . . . . . . . . .
 1 . . . . . . . . . . . . . . . . . . .

koSIMPLEscoreAREAtaxNONEsui0whbNfpok1komi7.5
Time taken: 2.50381
Root visits: 2511
New playouts: 2511
NN rows: 2269
NN batches: 757
NN avg batch size: 2.99736
PV: D13 R14 O17 R6 O3 R16 R17 S17 R18 Q15 S16 R15 S18 C15
Tree:
: T 105.01c W  98.19c S   6.65c (+16.8 L +14.0) N    2511  --  D13 R14 O17 R6 O3 R16 R17
---White(^)---
D13 : T 105.06c W  98.21c S   6.68c (+16.8 L +14.1) LCB  104.94c P 99.78% WF 8140.6 PSV    8138 N    2460  --  D13 R14 O17 R6 O3 R16 R17 S17
C13 : T 102.88c W  97.84c S   5.07c (+15.1 L +12.1) LCB  101.34c P  0.22% WF  67.9 PSV       3 N      22  --  C13 R14 O17 R6 O3
C6  : T 100.41c W  96.46c S   3.99c (+14.0 L +11.0) LCB   95.09c P  0.00% WF  24.5 PSV       0 N      12  --  C6 C15 D15 C13 B14
C15 : T 100.79c W  97.01c S   3.73c (+13.7 L +10.7) LCB   92.06c P  0.00% WF  21.4 PSV       0 N       9  --  C15 E17 D17 R6
G17 : T 100.17c W  96.26c S   3.74c (+13.7 L +10.5) LCB   72.30c P  0.00% WF  10.1 PSV       0 N       5  --  G17 C15 D15
F17 : T  98.25c W  95.27c S   2.97c (+13.0 L  +9.9) LCB -251.75c P  0.00% WF   1.8 PSV       0 N       1  --  F17

2025-09-15 23:08:25+0800: = D13
2025-09-15 23:08:43+0800: Controller: play B O11
2025-09-15 23:08:43+0800: = 
2025-09-15 23:08:43+0800: Controller: genmove W
2025-09-15 23:08:46+0800: MoveNum: 13 HASH: D74BE0A1865A11EF17EA4382FC0C6ABA
   A B C D E F G H J K L M N O P Q R S T
19 . . . . . . . . . . . . . . . . . . .
18 . . . . . . . . . . . . . . . . . . .
17 . . . . . . . . . . . . . . . . . . .
16 . . . O . . . . . . . . . . . O . . .
15 . . . . . . . . . . . . . . . . . . .
14 . . O X1@ . X . . . . X . . . . . . .
13 . . . O2. X . . . . . . . . . . . . .
12 . . . . . . . . . . . . . . . . . . .
11 . . . . . . . . . . . . . X3. . . . .
10 . . . . . . . . . . . . . . . . . . .
 9 . . . . . . . . . . . . . . . . . . .
 8 . . . . . . . . . X . . . . . . . . .
 7 . . . . . . . . . . . . . . . . . . .
 6 . . . . . . . . . X . . . . . . . . .
 5 . . . . . . . . . . . . . . . . . . .
 4 . . . O . . . . . . . . . . . O . . .
 3 . . . . . . . . . . . . . . . . . . .
 2 . . . . . . . . . . . . . . . . . . .
 1 . . . . . . . . . . . . . . . . . . .

koSIMPLEscoreAREAtaxNONEsui0whbNfpok1komi7.5
Time taken: 2.50393
Root visits: 2470
New playouts: 2470
NN rows: 2182
NN batches: 728
NN avg batch size: 2.99725
PV: E14 E18 D18 R6 R14 D17 E17 C17 C18 E16
Tree:
: T 104.79c W  98.77c S   5.96c (+17.7 L +15.3) N    2470  --  E14 E18 D18 R6 R14 D17 E17
---White(^)---
E14 : T 104.65c W  98.79c S   5.83c (+17.5 L +15.2) LCB  104.57c P 95.60% WF 6020.6 PSV    6034 N    1673  --  E14 E18 D18 R6 R14 D17 E17 C17
O17 : T 105.11c W  98.71c S   6.26c (+18.0 L +15.5) LCB  104.85c P  3.24% WF 1438.1 PSV     761 N     407  --  O17 R6 O3 R14 S4 C15 D15 E14
R14 : T 105.08c W  98.75c S   6.22c (+17.9 L +15.5) LCB  104.79c P  1.02% WF 1244.5 PSV     201 N     350  --  R14 G17 E14 O17 O3 Q17 R17 R18
R6  : T 104.95c W  98.66c S   6.28c (+18.0 L +15.4) LCB  103.78c P  0.15% WF  92.1 PSV      18 N      27  --  R6 O17 E14 G17
O3  : T 104.71c W  98.59c S   6.04c (+17.7 L +15.2) LCB   97.67c P  0.00% WF  34.1 PSV       0 N      10  --  O3 C15 D15 E14
G17 : T 104.14c W  98.62c S   5.51c (+17.2 L +14.9) LCB  -44.80c P  0.00% WF   6.6 PSV       0 N       2  --  G17 R6

2025-09-15 23:08:46+0800: = E14
2025-09-15 23:08:48+0800: Controller: play B K12
2025-09-15 23:08:48+0800: = 
2025-09-15 23:08:48+0800: Controller: genmove W
2025-09-15 23:08:50+0800: MoveNum: 15 HASH: E867FF30DDABF9D3DADC70A60EFF1B89
   A B C D E F G H J K L M N O P Q R S T
19 . . . . . . . . . . . . . . . . . . .
18 . . . . . . . . . . . . . . . . . . .
17 . . . . . . . . . . . . . . . . . . .
16 . . . O . . . . . . . . . . . O . . .
15 . . . . . . . . . . . . . . . . . . .
14 . . O X O2. X . . . . X . . . . @ . .
13 . . . O . X . . . . . . . . . . . . .
12 . . . . . . . . . X3. . . . . . . . .
11 . . . . . . . . . . . . . X1. . . . .
10 . . . . . . . . . . . . . . . . . . .
 9 . . . . . . . . . . . . . . . . . . .
 8 . . . . . . . . . X . . . . . . . . .
 7 . . . . . . . . . . . . . . . . . . .
 6 . . . . . . . . . X . . . . . . . . .
 5 . . . . . . . . . . . . . . . . . . .
 4 . . . O . . . . . . . . . . . O . . .
 3 . . . . . . . . . . . . . . . . . . .
 2 . . . . . . . . . . . . . . . . . . .
 1 . . . . . . . . . . . . . . . . . . .

koSIMPLEscoreAREAtaxNONEsui0whbNfpok1komi7.5
Time taken: 2.03243
Root visits: 1978
New playouts: 1978
NN rows: 1748
NN batches: 583
NN avg batch size: 2.99828
PV: R14 E18 E17 O3 F3 R6 O4 N4 P3 O5
Tree:
: T 106.14c W  99.30c S   6.78c (+19.9 L +17.8) N    1978  --  R14 E18 E17 O3 F3 R6 O4
---White(^)---
R14 : T 106.29c W  99.32c S   6.90c (+20.0 L +17.9) LCB  106.19c P 48.06% WF 4982.9 PSV   12444 N    1215  --  R14 E18 E17 O3 F3 R6 O4 N4
R6  : T 105.87c W  99.27c S   6.56c (+19.7 L +17.6) LCB  105.73c P 39.07% WF 1974.8 PSV    1853 N     490  --  R6 O17 P17 O16 G17 S16 R15 R17
O17 : T 105.94c W  99.26c S   6.65c (+19.8 L +17.6) LCB  105.76c P 12.86% WF 885.0 PSV     674 N     222  --  O17 R6 O3 R14 S16 R4 R3 S3
F3  : T 105.96c W  99.28c S   6.66c (+19.8 L +17.7) LCB  104.80c P  0.00% WF 104.1 PSV       0 N      26  --  F3 R14 R6 O17
O3  : T 105.77c W  99.26c S   6.55c (+19.7 L +17.5) LCB  103.20c P  0.00% WF  62.0 PSV       0 N      16  --  O3 R14 O17 R17
R7  : T 105.58c W  99.28c S   6.32c (+19.5 L +17.5) LCB   91.25c P  0.00% WF  27.0 PSV       0 N       7  --  R7 O17 P17

2025-09-15 23:08:50+0800: = R14
2025-09-15 23:08:53+0800: Controller: play B D15
2025-09-15 23:08:53+0800: = 
2025-09-15 23:08:53+0800: Controller: genmove W
2025-09-15 23:08:55+0800: MoveNum: 17 HASH: B81C32D9BB12531A80397E4DEDF18545
   A B C D E F G H J K L M N O P Q R S T
19 . . . . . . . . . . . . . . . . . . .
18 . . . . . . . . . . . . . . . . . . .
17 . . . . . . . . . . . . . . . . . . .
16 . . . O . . . . . . . . . . . O . . .
15 . . . X3@ . . . . . . . . . . . . . .
14 . . O X O . X . . . . X . . . . O2. .
13 . . . O . X . . . . . . . . . . . . .
12 . . . . . . . . . X1. . . . . . . . .
11 . . . . . . . . . . . . . X . . . . .
10 . . . . . . . . . . . . . . . . . . .
 9 . . . . . . . . . . . . . . . . . . .
 8 . . . . . . . . . X . . . . . . . . .
 7 . . . . . . . . . . . . . . . . . . .
 6 . . . . . . . . . X . . . . . . . . .
 5 . . . . . . . . . . . . . . . . . . .
 4 . . . O . . . . . . . . . . . O . . .
 3 . . . . . . . . . . . . . . . . . . .
 2 . . . . . . . . . . . . . . . . . . .
 1 . . . . . . . . . . . . . . . . . . .

koSIMPLEscoreAREAtaxNONEsui0whbNfpok1komi7.5
Time taken: 1.54561
Root visits: 1272
New playouts: 1272
NN rows: 1189
NN batches: 397
NN avg batch size: 2.99496
PV: E15 O17 O3 R17 Q17 Q18 R16 S18 S17 R18
Tree:
: T 107.22c W  99.61c S   7.52c (+23.4 L +21.3) N    1272  --  E15 O17 O3 R17 Q17 Q18 R16
---White(^)---
E15 : T 107.29c W  99.62c S   7.58c (+23.4 L +21.3) LCB  107.17c P 99.30% WF 5485.6 PSV    5484 N    1233  --  E15 O17 O3 R17 Q17 Q18 R16 S18
C15 : T 105.85c W  99.58c S   6.17c (+22.0 L +19.9) LCB  104.06c P  0.70% WF  85.5 PSV      10 N      20  --  C15 O3 F3 R6 O4
C16 : T 101.42c W  98.98c S   2.29c (+18.0 L +15.9) LCB   90.20c P  0.00% WF  18.8 PSV       0 N       8  --  C16 E15 C15
C13 : T 100.02c W  98.69c S   1.35c (+17.1 L +15.1) LCB   71.97c P  0.00% WF  10.2 PSV       0 N       5  --  C13 O3 F3
E16 : T  99.14c W  98.22c S   0.94c (+16.7 L +14.0) LCB   25.18c P  0.00% WF   5.2 PSV       0 N       3  --  E16 C15 C16
B15 : T  97.26c W  98.24c S  -0.97c (+14.9 L +11.8) LCB -252.74c P  0.00% WF   1.8 PSV       0 N       1  --  B15

2025-09-15 23:08:55+0800: = E15
2025-09-15 23:08:57+0800: Controller: play B F15
2025-09-15 23:08:57+0800: = 
2025-09-15 23:08:57+0800: Controller: genmove W
2025-09-15 23:08:58+0800: MoveNum: 19 HASH: B2B4FEF0CBBE98AFC2471A978207525C
   A B C D E F G H J K L M N O P Q R S T
19 . . . . . . . . . . . . . . . . . . .
18 . . . . . . . . . . . . . . . . . . .
17 . . . . . . . . . . . . . . . . . . .
16 . . . O . . . . . . . . . . . O . . .
15 . . . X1O2X3. . . . . . . . . . . . .
14 . . O X O . X . . . . X . . . . O . .
13 . . . O . X . . . . . . . . . . . . .
12 . . . . . . . . . X . . . . . . . . .
11 . . . . . . . . . . . . . X . . . . .
10 . . . . . . . . . . . . . . . . . . .
 9 . . . . . . . . . . . . . . . . . . .
 8 . . . . . . . . . X . . . . . . . . .
 7 . . . . . . . . . . . . . . . . . . .
 6 . . . . . . . . . X . . . . . . . . .
 5 . . . . . . . . . . . . . . . . . . .
 4 . . . O . . . . . . . . . . . O . . .
 3 . . . . . . . . . . . . . @ . . . . .
 2 . . . . . . . . . . . . . . . . . . .
 1 . . . . . . . . . . . . . . . . . . .

koSIMPLEscoreAREAtaxNONEsui0whbNfpok1komi7.5
Time taken: 1.37388
Root visits: 1302
New playouts: 1302
NN rows: 1157
NN batches: 386
NN avg batch size: 2.99741
PV: O3 O17 P17 O16 O18 N18
Tree:
: T 108.39c W  99.80c S   8.56c (+28.0 L +25.7) N    1302  --  O3 O17 P17 O16 O18 N18
---White(^)---
O3  : T 108.85c W  99.81c S   8.99c (+28.5 L +26.2) LCB  108.59c P  6.54% WF 1264.0 PSV   19696 N     265  --  O3 O17 P17 O16 O18 N18
F16 : T 108.21c W  99.80c S   8.39c (+27.8 L +25.5) LCB  108.02c P 74.44% WF 3143.9 PSV    3153 N     656  --  F16 O3 F3 G16 F17 R6 O4 N4
F17 : T 108.16c W  99.76c S   8.35c (+27.9 L +25.7) LCB  107.76c P 16.83% WF 890.2 PSV     674 N     202  --  F17 C17 O3 C15 C16 B15 B16 B14
F3  : T 108.70c W  99.81c S   8.84c (+28.3 L +26.0) LCB  108.39c P  1.74% WF 786.8 PSV     211 N     164  --  F3 P18 Q18 P17 Q17 F17 E18
N17 : T 107.74c W  99.83c S   7.93c (+27.3 L +25.2) LCB   93.43c P  0.41% WF  33.1 PSV      10 N       7  --  N17 O3 F3
O17 : T 107.99c W  99.83c S   8.03c (+27.5 L +25.3) LCB   88.62c P  0.01% WF  28.2 PSV       0 N       6  --  O17 F3 O3

2025-09-15 23:08:58+0800: = O3
2025-09-15 23:09:01+0800: Controller: play B E16
2025-09-15 23:09:01+0800: = 
2025-09-15 23:09:01+0800: Controller: genmove W
2025-09-15 23:09:03+0800: MoveNum: 21 HASH: 055B8D044A9BA182520A77C053F32131
   A B C D E F G H J K L M N O P Q R S T
19 . . . . . . . . . . . . . . . . . . .
18 . . . . . . . . . . . . . . . . . . .
17 . . . . @ . . . . . . . . . . . . . .
16 . . . O X3. . . . . . . . . . O . . .
15 . . . X O X1. . . . . . . . . . . . .
14 . . O X O . X . . . . X . . . . O . .
13 . . . O . X . . . . . . . . . . . . .
12 . . . . . . . . . X . . . . . . . . .
11 . . . . . . . . . . . . . X . . . . .
10 . . . . . . . . . . . . . . . . . . .
 9 . . . . . . . . . . . . . . . . . . .
 8 . . . . . . . . . X . . . . . . . . .
 7 . . . . . . . . . . . . . . . . . . .
 6 . . . . . . . . . X . . . . . . . . .
 5 . . . . . . . . . . . . . . . . . . .
 4 . . . O . . . . . . . . . . . O . . .
 3 . . . . . . . . . . . . . O2. . . . .
 2 . . . . . . . . . . . . . . . . . . .
 1 . . . . . . . . . . . . . . . . . . .

koSIMPLEscoreAREAtaxNONEsui0whbNfpok1komi7.5
Time taken: 1.21411
Root visits: 856
New playouts: 856
NN rows: 829
NN batches: 277
NN avg batch size: 2.99278
PV: E17 F16 D17 N17 H18 R12 Q18 P17 Q17
Tree:
: T 108.89c W  99.84c S   9.03c (+30.9 L +28.5) N     856  --  E17 F16 D17 N17 H18 R12 Q18
---White(^)---
E17 : T 109.02c W  99.84c S   9.16c (+31.0 L +28.6) LCB  108.66c P 58.78% WF 2391.8 PSV    2388 N     498  --  E17 F16 D17 N17 H18 R12 Q18 P17
D17 : T 108.85c W  99.84c S   8.99c (+30.8 L +28.5) LCB  108.63c P 41.15% WF 1601.8 PSV    1314 N     324  --  D17 C6 C5 D6 F3 O17 P17
C15 : T 107.25c W  99.86c S   7.36c (+29.1 L +26.7) LCB  104.05c P  0.06% WF  64.0 PSV       0 N      15  --  C15 E17 N17 L17 D17
F16 : T 106.77c W  99.80c S   6.99c (+28.8 L +26.4) LCB  101.77c P  0.00% WF  44.3 PSV       0 N      12  --  F16 E17 D17 D18 C18
C17 : T 106.05c W  99.79c S   6.15c (+27.9 L +25.6) LCB   63.27c P  0.00% WF  15.0 PSV       0 N       4  --  C17 P18
C16 : T 103.64c W  99.75c S   3.94c (+25.6 L +23.2) LCB  -45.32c P  0.00% WF   6.1 PSV       0 N       2  --  C16 E17

2025-09-15 23:09:03+0800: = E17
2025-09-15 23:09:04+0800: Controller: play B E13
2025-09-15 23:09:04+0800: = 
2025-09-15 23:09:04+0800: Controller: genmove W
2025-09-15 23:09:05+0800: MoveNum: 23 HASH: B6609D75D4F477254B599850011BE9AD
   A B C D E F G H J K L M N O P Q R S T
19 . . . . . . . . . . . . . . . . . . .
18 . . . . . . . . . . . . . . . . . . .
17 . . . . O2. . . . . . . . . . . . . .
16 . . . O X1. . . . . . . . . . O . . .
15 . . @ X O X . . . . . . . . . . . . .
14 . . O X O . X . . . . X . . . . O . .
13 . . . O X3X . . . . . . . . . . . . .
12 . . . . . . . . . X . . . . . . . . .
11 . . . . . . . . . . . . . X . . . . .
10 . . . . . . . . . . . . . . . . . . .
 9 . . . . . . . . . . . . . . . . . . .
 8 . . . . . . . . . X . . . . . . . . .
 7 . . . . . . . . . . . . . . . . . . .
 6 . . . . . . . . . X . . . . . . . . .
 5 . . . . . . . . . . . . . . . . . . .
 4 . . . O . . . . . . . . . . . O . . .
 3 . . . . . . . . . . . . . O . . . . .
 2 . . . . . . . . . . . . . . . . . . .
 1 . . . . . . . . . . . . . . . . . . .

koSIMPLEscoreAREAtaxNONEsui0whbNfpok1komi7.5
Time taken: 1.11885
Root visits: 1081
New playouts: 1081
NN rows: 1038
NN batches: 346
NN avg batch size: 3
PV: C15 F16 F17 D17 H17 C17 F14 G15 G13 E11 D10 K17
Tree:
: T 110.79c W  99.91c S  10.90c (+38.0 L +35.5) N    1081  --  C15 F16 F17 D17 H17 C17 F14
---White(^)---
C15 : T 110.80c W  99.91c S  10.92c (+38.1 L +35.6) LCB  110.60c P 95.92% WF 5133.3 PSV    5133 N     980  --  C15 F16 F17 D17 H17 C17 F14 G15
F16 : T 110.86c W  99.90c S  10.93c (+37.9 L +35.4) LCB  110.44c P  4.08% WF 461.8 PSV     241 N      89  --  F16 D12 C15 C6 C12 C3 D3 C4
C16 : T  85.65c W  96.50c S -10.85c (+14.6 L +11.0) LCB -264.35c P  0.00% WF   0.5 PSV       0 N       1  --  C16
C17 : T  85.97c W  96.95c S -10.98c (+14.5 L +11.4) LCB -264.03c P  0.00% WF   0.5 PSV       0 N       1  --  C17
D6  : T  86.06c W  96.76c S -10.70c (+14.6 L +11.8) LCB -263.94c P  0.00% WF   0.5 PSV       0 N       1  --  D6
N17 : T  84.26c W  95.53c S -11.27c (+13.7 L +10.8) LCB -265.74c P  0.00% WF   0.4 PSV       0 N       1  --  N17
M17 : T  83.21c W  94.84c S -11.63c (+13.3 L +10.4) LCB -266.79c P  0.00% WF   0.3 PSV       0 N       1  --  M17
C7  : T  85.01c W  96.26c S -11.25c (+13.9 L +11.0) LCB -264.99c P  0.00% WF   0.4 PSV       0 N       1  --  C7
F4  : T  84.62c W  95.75c S -11.13c (+13.8 L +11.1) LCB -265.38c P  0.00% WF   0.4 PSV       0 N       1  --  F4
O17 : T  83.17c W  94.97c S -11.80c (+13.1 L +10.2) LCB -266.83c P  0.00% WF   0.3 PSV       0 N       1  --  O17

2025-09-15 23:09:05+0800: = C15
2025-09-15 23:09:10+0800: Controller: play B D15
2025-09-15 23:09:10+0800: = 
2025-09-15 23:09:10+0800: Controller: genmove W
2025-09-15 23:09:11+0800: MoveNum: 25 HASH: 1CC6108EFBA937423F35518753B5AF86
   A B C D E F G H J K L M N O P Q R S T
19 . . . . . . . . . . . . . . . . . . .
18 . . . . . . . . . . . . . . . . . . .
17 . . . . O . . . . . . . . . . . . . .
16 . . . O X @ . . . . . . . . . O . . .
15 . . O2X3O X . . . . . . . . . . . . .
14 . . O . O . X . . . . X . . . . O . .
13 . . . O X1X . . . . . . . . . . . . .
12 . . . . . . . . . X . . . . . . . . .
11 . . . . . . . . . . . . . X . . . . .
10 . . . . . . . . . . . . . . . . . . .
 9 . . . . . . . . . . . . . . . . . . .
 8 . . . . . . . . . X . . . . . . . . .
 7 . . . . . . . . . . . . . . . . . . .
 6 . . . . . . . . . X . . . . . . . . .
 5 . . . . . . . . . . . . . . . . . . .
 4 . . . O . . . . . . . . . . . O . . .
 3 . . . . . . . . . . . . . O . . . . .
 2 . . . . . . . . . . . . . . . . . . .
 1 . . . . . . . . . . . . . . . . . . .

koSIMPLEscoreAREAtaxNONEsui0whbNfpok1komi7.5
Time taken: 1.06577
Root visits: 698
New playouts: 698
NN rows: 661
NN batches: 221
NN avg batch size: 2.99095
PV: F16 C6 F3 C4 C3 B3 C2 D5 B4 C5 B2 C11 D10
Tree:
: T 113.16c W  99.97c S  13.19c (+48.3 L +45.7) N     698  --  F16 C6 F3 C4 C3 B3 C2
---White(^)---
F16 : T 113.26c W  99.98c S  13.29c (+48.4 L +45.8) LCB  113.13c P 100.00% WF 3881.4 PSV    3879 N     676  --  F16 C6 F3 C4 C3 B3 C2 D5
H17 : T 107.99c W  99.89c S   8.21c (+42.8 L +40.3) LCB   93.67c P  0.00% WF  24.4 PSV       0 N       7  --  H17 F16 F17 D17
F17 : T 107.87c W  99.94c S   7.89c (+42.4 L +40.0) LCB   88.37c P  0.00% WF  21.9 PSV       0 N       6  --  F17 H17 F16
C6  : T 107.46c W  99.95c S   7.45c (+41.8 L +39.3) LCB   64.56c P  0.00% WF  13.2 PSV       0 N       4  --  C6 F16 D18
F3  : T 107.08c W  99.91c S   6.99c (+41.3 L +38.7) LCB  -42.53c P  0.00% WF   6.5 PSV       0 N       2  --  F3 F16
N17 : T 106.23c W  99.98c S   6.26c (+40.5 L +38.0) LCB -243.77c P  0.00% WF   3.0 PSV       0 N       1  --  N17

2025-09-15 23:09:11+0800: = F16
2025-09-15 23:09:16+0800: Controller: play B F14
2025-09-15 23:09:16+0800: = 
2025-09-15 23:09:16+0800: Controller: genmove W
2025-09-15 23:09:17+0800: MoveNum: 27 HASH: FEF03193BEC31AD56DF5D6E3ED8DFDE8
   A B C D E F G H J K L M N O P Q R S T
19 . . . . . . . . . . . . . . . . . . .
18 . . . . . . . . . . . . . . . . . . .
17 . . . . O . . . . . . . . . . . . . .
16 . . . O . O2. . . . . . . . . O . . .
15 . . O X1O X . . . . . . . . . . . . .
14 . . O . O X3X . . . . X . . . . O . .
13 . . . O X X . . . . . . . . . . . . .
12 . . . . . . . . . X . . . . . . . . .
11 . . . . . . . . . . . . . X . . . . .
10 . . . . . . . . . . . . . . . . . . .
 9 . . . . . . . . . . . . . . . . . . .
 8 . . . . . . . . . X . . . . . . . . .
 7 . . . . . . . . . . . . . . . . . . .
 6 . . @ . . . . . . X . . . . . . . . .
 5 . . . . . . . . . . . . . . . . . . .
 4 . . . O . . . . . . . . . . . O . . .
 3 . . . . . . . . . . . . . O . . . . .
 2 . . . . . . . . . . . . . . . . . . .
 1 . . . . . . . . . . . . . . . . . . .

koSIMPLEscoreAREAtaxNONEsui0whbNfpok1komi7.5
Time taken: 1.05159
Root visits: 633
New playouts: 633
NN rows: 627
NN batches: 210
NN avg batch size: 2.98571
PV: C6 R6 R5 Q6 R11 R3 S6 P2 Q3
Tree:
: T 115.09c W  99.99c S  15.02c (+56.2 L +53.8) N     633  --  C6 R6 R5 Q6 R11 R3 S6
---White(^)---
C6  : T 115.14c W  99.99c S  15.08c (+56.3 L +53.8) LCB  114.94c P 55.00% WF 1858.2 PSV    2408 N     310  --  C6 R6 R5 Q6 R11 R3 S6 P2
F3  : T 115.06c W  99.99c S  14.97c (+56.2 L +53.7) LCB  114.85c P 44.95% WF 1555.0 PSV    1376 N     260  --  F3 R6 R5 Q6 R11 C6 C5 D6
D10 : T 115.12c W  99.99c S  15.05c (+56.3 L +53.8) LCB  114.15c P  0.03% WF 174.7 PSV       1 N      29  --  D10 R6 R5 Q6 R11
C7  : T 115.00c W  99.99c S  14.99c (+56.1 L +53.6) LCB  112.98c P  0.00% WF 113.3 PSV       0 N      19  --  C7 R6 R5 Q6 R11
R6  : T 114.89c W  99.99c S  14.91c (+56.1 L +53.5) LCB  107.87c P  0.01% WF  59.2 PSV       0 N      10  --  R6 C6 C5 D6
J16 : T 114.41c W  99.99c S  14.49c (+56.0 L +53.7) LCB   71.52c P  0.01% WF  23.4 PSV       0 N       4  --  J16 C6

2025-09-15 23:09:17+0800: = C6
2025-09-15 23:09:19+0800: Controller: quit
2025-09-15 23:09:19+0800: Quit requested by controller
2025-09-15 23:09:19+0800: = 
2025-09-15 23:09:19+0800: GPU -1 finishing, processed 22540 rows 7520 batches
2025-09-15 23:09:19+0800: All cleaned up, quitting
