2025-09-17 19:45:36+0800: Running with following config:
allowResignation = false
chosenMoveTemperatureEarly = 0.80
chosenMoveTemperatureHalflife = 26
lagBuffer = 1.0
logAllGTPCommunication = true
logDir = gtp_logs
logSearchInfo = true
logSearchInfoForChosenMove = false
logToStderr = false
maxTime = 0.55
maxTimePondering = 60.0
maxVisits = 220
numSearchThreads = 6
ponderingEnabled = false
resignConsecTurns = 3
resignThreshold = -0.90
rootPolicyTemperature = 1.10
rules = chinese
searchFactorAfterOnePass = 0.50
searchFactorAfterTwoPass = 0.25
searchFactorWhenWinning = 0.40
searchFactorWhenWinningThreshold = 0.95

2025-09-17 19:45:36+0800: GTP Engine starting...
2025-09-17 19:45:36+0800: KataGo v1.16.3
2025-09-17 19:45:36+0800: Using Chinese rules initially, unless GTP/GUI overrides this
2025-09-17 19:45:36+0800: Using 6 CPU thread(s) for search
2025-09-17 19:45:36+0800: nnRandSeed0 = 13974307068118393273
2025-09-17 19:45:36+0800: After dedups: nnModelFile0 = /home/swartz/WorkSpace/katago-webui/katago-cuda/kata1-b18.bin.gz useFP16 auto useNHWC auto
2025-09-17 19:45:36+0800: Initializing neural net buffer to be size 19 * 19 exactly
2025-09-17 19:45:37+0800: Cuda backend thread 0: Found GPU NVIDIA GeForce RTX 3090 memory 25769279488 compute capability major 8 minor 6
2025-09-17 19:45:37+0800: Cuda backend thread 0: Model version 14 useFP16 = true useNHWC = true
2025-09-17 19:45:37+0800: Cuda backend thread 0: Model name: kata1-b18c384nbt-s9996604416-d4316597426
2025-09-17 19:45:37+0800: Loaded neural net with nnXLen 19 nnYLen 19
2025-09-17 19:45:37+0800: Initializing board with boardXSize 19 boardYSize 19
2025-09-17 19:45:37+0800: Loaded config /home/swartz/WorkSpace/katago-webui/katago-cuda/default_gtp.cfg and/or command-line and query overrides and/or command-line and query overrides and/or command-line and query overrides and/or command-line and query overrides and/or command-line and query overrides and/or command-line and query overrides and/or command-line and query overrides
2025-09-17 19:45:37+0800: Loaded model /home/swartz/WorkSpace/katago-webui/katago-cuda/kata1-b18.bin.gz
2025-09-17 19:45:37+0800: Config override: maxVisits = 220
2025-09-17 19:45:37+0800: Config override: maxTime = 0.55
2025-09-17 19:45:37+0800: Config override: rootPolicyTemperature = 1.10
2025-09-17 19:45:37+0800: Config override: chosenMoveTemperatureEarly = 0.80
2025-09-17 19:45:37+0800: Config override: chosenMoveTemperatureHalflife = 26
2025-09-17 19:45:37+0800: Config override: allowResignation = false
2025-09-17 19:45:37+0800: Config override: rules = chinese
2025-09-17 19:45:37+0800: Model name: kata1-b18c384nbt-s9996604416-d4316597426
2025-09-17 19:45:37+0800: GTP ready, beginning main protocol loop
2025-09-17 19:45:37+0800: Controller: boardsize 19
2025-09-17 19:45:37+0800: = 
2025-09-17 19:45:37+0800: Controller: komi 7.5
2025-09-17 19:45:37+0800: = 
2025-09-17 19:45:37+0800: Controller: clear_board
2025-09-17 19:45:37+0800: = 
2025-09-17 19:45:37+0800: Controller: play B K10
2025-09-17 19:45:37+0800: = 
2025-09-17 19:45:37+0800: Controller: genmove W
2025-09-17 19:45:38+0800: MoveNum: 1 HASH: 7BC546600F28A10FEF906A96B1D6386D
   A B C D E F G H J K L M N O P Q R S T
19 . . . . . . . . . . . . . . . . . . .
18 . . . . . . . . . . . . . . . . . . .
17 . . . . . . . . . . . . . . . . . . .
16 . . . . . . . . . . . . . . . . . . .
15 . . . . . . . . . . . . . . . . . . .
14 . . . . . . . . . . . . . . . . . . .
13 . . . . . . . . . . . . . . . . . . .
12 . . . . . . . . . . . . . . . . . . .
11 . . . . . . . . . . . . . . . . . . .
10 . . . . . . . . . X1. . . . . . . . .
 9 . . . . . . . . . . . . . . . . . . .
 8 . . . . . . . . . . . . . . . . . . .
 7 . . . . . . . . . . . . . . . . . . .
 6 . . . . . . . . . . . . . . . . . . .
 5 . . . . . . . . . . . . . . . . . . .
 4 . . @ . . . . . . . . . . . . . . . .
 3 . . . . . . . . . . . . . . . . . . .
 2 . . . . . . . . . . . . . . . . . . .
 1 . . . . . . . . . . . . . . . . . . .

koSIMPLEscoreAREAtaxNONEsui0whbNfpok1komi7.5
Time taken: 0.370242
Root visits: 225
New playouts: 225
NN rows: 220
NN batches: 75
NN avg batch size: 2.93333
PV: C4 Q16 Q4 D16 F3 R3 R4 Q3
Tree:
: T  33.27c W  32.73c S   0.73c ( +2.2 L  +1.4) N     225  --  C4 Q16 Q4 D16 F3 R3 R4
---White(^)---
C4  : T  35.44c W  34.43c S   0.84c ( +2.3 L  +1.5) LCB   34.02c P  5.85% WF 158.8 PSV     324 N      61  --  C4 Q16 Q4 D16 F3 R3 R4 Q3
D4  : T  34.70c W  34.03c S   0.82c ( +2.2 L  +1.5) LCB   33.33c P 10.47% WF 174.3 PSV     173 N      66  --  D4 Q16 Q4 D16 C17 C16 D17 F17
D5  : T  31.92c W  32.06c S   0.69c ( +2.1 L  +1.3) LCB   27.32c P  0.77% WF  59.8 PSV       2 N      30  --  D5 C3 E3 C5 C6 D6 D4
C5  : T  31.89c W  31.76c S   0.62c ( +2.0 L  +1.3) LCB   29.93c P  0.67% WF  70.2 PSV       1 N      32  --  C5 Q16 D3 Q3
C3  : T  29.61c W  29.97c S   0.53c ( +2.0 L  +1.5) LCB -119.47c P  0.93% WF   4.6 PSV       1 N       2  --  C3 Q16
C10 : T  28.60c W  29.51c S   0.56c ( +2.0 L  +1.3) LCB -120.61c P  0.03% WF   3.6 PSV       0 N       2  --  C10 D4
D10 : T  26.59c W  28.04c S   0.48c ( +1.9 L  +1.2) LCB -122.66c P  0.03% WF   3.3 PSV       0 N       2  --  D10 D16
C6  : T  28.38c W  27.91c S   0.47c ( +1.9 L  +1.4) LCB -321.62c P  0.11% WF   2.2 PSV       0 N       1  --  C6
D6  : T  23.51c W  23.42c S   0.10c ( +1.5 L  +1.1) LCB -326.49c P  0.04% WF   1.9 PSV       0 N       1  --  D6
C8  : T  29.40c W  28.73c S   0.67c ( +2.1 L  +1.4) LCB -320.60c P  0.03% WF   2.1 PSV       0 N       1  --  C8

2025-09-17 19:45:38+0800: = C4
2025-09-17 19:45:40+0800: Controller: play B N15
2025-09-17 19:45:40+0800: = 
2025-09-17 19:45:40+0800: Controller: genmove W
2025-09-17 19:45:40+0800: MoveNum: 3 HASH: 08BBF1D6795D813B4B510A83F60A3AE6
   A B C D E F G H J K L M N O P Q R S T
19 . . . . . . . . . . . . . . . . . . .
18 . . . . . . . . . . . . . . . . . . .
17 . . . . . . . . . . . . . . . . . . .
16 . . . . . . . . . . . . . . . . @ . .
15 . . . . . . . . . . . . X3. . . . . .
14 . . . . . . . . . . . . . . . . . . .
13 . . . . . . . . . . . . . . . . . . .
12 . . . . . . . . . . . . . . . . . . .
11 . . . . . . . . . . . . . . . . . . .
10 . . . . . . . . . X1. . . . . . . . .
 9 . . . . . . . . . . . . . . . . . . .
 8 . . . . . . . . . . . . . . . . . . .
 7 . . . . . . . . . . . . . . . . . . .
 6 . . . . . . . . . . . . . . . . . . .
 5 . . . . . . . . . . . . . . . . . . .
 4 . . O2. . . . . . . . . . . . . . . .
 3 . . . . . . . . . . . . . . . . . . .
 2 . . . . . . . . . . . . . . . . . . .
 1 . . . . . . . . . . . . . . . . . . .

koSIMPLEscoreAREAtaxNONEsui0whbNfpok1komi7.5
Time taken: 0.234569
Root visits: 224
New playouts: 224
NN rows: 196
NN batches: 67
NN avg batch size: 2.92537
PV: R16 D16 Q4 P16 Q17 E3 D3 E4 C6
Tree:
: T  61.54c W  60.28c S   1.47c ( +4.8 L  +3.2) N     224  --  R16 D16 Q4 P16 Q17 E3 D3
---White(^)---
R16 : T  63.42c W  61.98c S   1.63c ( +4.9 L  +3.3) LCB   62.36c P 47.42% WF 260.8 PSV     257 N     116  --  R16 D16 Q4 P16 Q17 E3 D3 E4
Q16 : T  61.61c W  60.32c S   1.51c ( +4.8 L  +3.2) LCB   59.93c P 16.53% WF 113.0 PSV      39 N      49  --  Q16 Q4 D16 E4 E3 F3 D3 F4
D16 : T  58.48c W  57.38c S   1.20c ( +4.5 L  +3.0) LCB   54.40c P  8.50% WF  47.9 PSV      10 N      20  --  D16 R16 Q4 E3 O16
Q4  : T  57.82c W  57.01c S   1.08c ( +4.4 L  +2.9) LCB   54.21c P  8.31% WF  42.3 PSV       9 N      18  --  Q4 R16 D16 E3 O16
Q17 : T  57.95c W  57.30c S   1.03c ( +4.3 L  +2.9) LCB   49.33c P  3.47% WF  22.5 PSV       3 N      10  --  Q17 Q4 D16 R15
D17 : T  57.41c W  56.81c S   1.07c ( +4.4 L  +2.9) LCB   43.87c P  3.57% WF  11.7 PSV       3 N       5  --  D17 R16 Q4 E3 C14
R4  : T  56.59c W  56.04c S   1.17c ( +4.5 L  +3.0) LCB   14.12c P  2.20% WF   7.0 PSV       2 N       3  --  R4 R16 D16 P3 F3
Q3  : T  53.75c W  52.62c S   1.13c ( +4.4 L  +3.1) LCB -296.25c P  1.49% WF   2.3 PSV       1 N       1  --  Q3
C16 : T  52.03c W  50.97c S   1.05c ( +4.3 L  +3.1) LCB -297.97c P  1.20% WF   2.4 PSV       0 N       1  --  C16

2025-09-17 19:45:40+0800: = R16
2025-09-17 19:45:43+0800: Controller: play B Q10
2025-09-17 19:45:43+0800: = 
2025-09-17 19:45:43+0800: Controller: genmove W
2025-09-17 19:45:43+0800: MoveNum: 5 HASH: 83D9A5FCF197CAA95BFF5257EAE2EB57
   A B C D E F G H J K L M N O P Q R S T
19 . . . . . . . . . . . . . . . . . . .
18 . . . . . . . . . . . . . . . . . . .
17 . . . . . . . . . . . . . . . . . . .
16 . . . . . . . . . . . . . . . . O2. .
15 . . . . . . . . . . . . X1. . . . . .
14 . . . . . . . . . . . . . . . . . . .
13 . . . . . . . . . . . . . . . . . . .
12 . . . . . . . . . . . . . . . . . . .
11 . . . . . . . . . . . . . . . . . . .
10 . . . . . . . . . X . . . . . X3. . .
 9 . . . . . . . . . . . . . . . . . . .
 8 . . . . . . . . . . . . . . . . . . .
 7 . . . . . . . . . . . . . . . . . . .
 6 . . . . . . . . . . . . . . . . . . .
 5 . . . . . . . . . . . . . . . . . . .
 4 . . O . . . . . . . . . . . . @ . . .
 3 . . . . . . . . . . . . . . . . . . .
 2 . . . . . . . . . . . . . . . . . . .
 1 . . . . . . . . . . . . . . . . . . .

koSIMPLEscoreAREAtaxNONEsui0whbNfpok1komi7.5
Time taken: 0.253708
Root visits: 225
New playouts: 225
NN rows: 218
NN batches: 74
NN avg batch size: 2.94595
PV: Q4 D16 F3 P16 Q17 P17 R14 G17 H14 O3 R6
Tree:
: T  80.97c W  78.86c S   2.16c ( +7.3 L  +4.9) N     225  --  Q4 D16 F3 P16 Q17 P17 R14
---White(^)---
Q4  : T  82.41c W  79.93c S   2.40c ( +7.5 L  +5.0) LCB   81.04c P 43.98% WF 209.5 PSV     207 N      94  --  Q4 D16 F3 P16 Q17 P17 R14 G17
Q3  : T  80.87c W  78.97c S   2.13c ( +7.3 L  +4.9) LCB   79.37c P 22.93% WF 116.3 PSV      55 N      53  --  Q3 D16 R6 E3 D3 E4 C6 P16
R4  : T  80.73c W  78.65c S   2.07c ( +7.2 L  +4.8) LCB   78.71c P 17.58% WF  86.2 PSV      40 N      39  --  R4 D16 F3 P17 Q17 P16 R14 G17
D16 : T  78.02c W  76.14c S   1.67c ( +6.8 L  +4.6) LCB   74.80c P  2.51% WF  31.8 PSV       3 N      16  --  D16 Q4 F3 P16 Q17 R15 S15
F3  : T  76.50c W  75.29c S   1.63c ( +6.8 L  +4.6) LCB   71.79c P  1.29% WF  24.6 PSV       1 N      14  --  F3 R4 D17 P4 C14
R3  : T  76.22c W  75.45c S   1.59c ( +6.8 L  +4.5) LCB   61.52c P  1.29% WF  13.9 PSV       1 N       7  --  R3 D16 F3 P16
D17 : T  77.68c W  75.66c S   2.02c ( +7.1 L  +5.0) LCB -272.32c P  1.16% WF   2.1 PSV       1 N       1  --  D17

2025-09-17 19:45:43+0800: = Q4
2025-09-17 19:45:46+0800: Controller: play B C17
2025-09-17 19:45:46+0800: = 
2025-09-17 19:45:46+0800: Controller: genmove W
2025-09-17 19:45:46+0800: MoveNum: 7 HASH: 5357A149B37D8FD94C41203EF6DD391B
   A B C D E F G H J K L M N O P Q R S T
19 . . . . . . . . . . . . . . . . . . .
18 . . . . . . . . . . . . . . . . . . .
17 . . X3. . . . . . . . . . . . . . . .
16 . . . . . . . . . . . . . . . . O . .
15 . . . . . . . . . . . . X . . . . . .
14 . . . . . . . . . . . . . . . . . . .
13 . . . . . . . . . . . . . . . . . . .
12 . . . . . . . . . . . . . . . . . . .
11 . . . . . . . . . . . . . . . . . . .
10 . . . . . . . . . X . . . . . X1. . .
 9 . . . . . . . . . . . . . . . . . . .
 8 . . . . . . . . . . . . . . . . . . .
 7 . . . . . . . . . . . . . . . . . . .
 6 . . . . . . . . . . . . . . . . . . .
 5 . . . . . . . . . . . . . . . . . . .
 4 . . O . . . . . . . . . . . . O2. . .
 3 . . . . . @ . . . . . . . . . . . . .
 2 . . . . . . . . . . . . . . . . . . .
 1 . . . . . . . . . . . . . . . . . . .

koSIMPLEscoreAREAtaxNONEsui0whbNfpok1komi7.5
Time taken: 0.465478
Root visits: 225
New playouts: 225
NN rows: 217
NN batches: 73
NN avg batch size: 2.9726
PV: F3 P16 Q17 P17 R14 G16 C12 C14 D9 O3 R6
Tree:
: T  87.31c W  84.28c S   2.94c ( +8.3 L  +5.5) N     225  --  F3 P16 Q17 P17 R14 G16 C12
---White(^)---
F3  : T  88.51c W  85.29c S   3.16c ( +8.6 L  +5.7) LCB   87.28c P 36.96% WF 180.4 PSV     179 N      80  --  F3 P16 Q17 P17 R14 G16 C12 C14
E4  : T  87.83c W  84.57c S   3.07c ( +8.5 L  +5.6) LCB   86.36c P 19.38% WF  84.0 PSV      65 N      38  --  E4 P16 Q17 R15 P17 Q16 S15
F4  : T  87.64c W  84.40c S   2.99c ( +8.4 L  +5.6) LCB   85.95c P  4.80% WF  90.0 PSV      15 N      41  --  F4 P16 Q17 R15 P17 S16 O16
P17 : T  83.25c W  81.25c S   2.21c ( +7.6 L  +5.0) LCB   79.59c P  9.57% WF  37.8 PSV      10 N      17  --  P17 E3 D5 O3 H3
E3  : T  86.99c W  84.05c S   2.84c ( +8.2 L  +5.5) LCB   84.95c P  3.38% WF  80.9 PSV       8 N      38  --  E3 P16 Q17 P17 R14 G16 C12 C10
O17 : T  81.22c W  79.54c S   1.94c ( +7.4 L  +4.9) LCB   52.99c P  4.18% WF  11.0 PSV       3 N       5  --  O17 E3 D5
D16 : T  83.62c W  81.71c S   2.34c ( +7.8 L  +5.2) LCB   40.41c P  1.40% WF   8.5 PSV       1 N       4  --  D16 C16 D14
F16 : T  80.65c W  78.56c S   2.10c ( +7.5 L  +5.2) LCB -269.35c P  1.45% WF   2.1 PSV       1 N       1  --  F16

2025-09-17 19:45:46+0800: = F3
2025-09-17 19:45:49+0800: Controller: play B K16
2025-09-17 19:45:49+0800: = 
2025-09-17 19:45:49+0800: Controller: genmove W
2025-09-17 19:45:50+0800: MoveNum: 9 HASH: 6551C881A6269A04F1B7F1006D5F4340
   A B C D E F G H J K L M N O P Q R S T
19 . . . . . . . . . . . . . . . . . . .
18 . . . . . . . . . . . . . . . . . . .
17 . . X1. . . . . . . . . . . @ . . . .
16 . . . . . . . . . X3. . . . . . O . .
15 . . . . . . . . . . . . X . . . . . .
14 . . . . . . . . . . . . . . . . . . .
13 . . . . . . . . . . . . . . . . . . .
12 . . . . . . . . . . . . . . . . . . .
11 . . . . . . . . . . . . . . . . . . .
10 . . . . . . . . . X . . . . . X . . .
 9 . . . . . . . . . . . . . . . . . . .
 8 . . . . . . . . . . . . . . . . . . .
 7 . . . . . . . . . . . . . . . . . . .
 6 . . . . . . . . . . . . . . . . . . .
 5 . . . . . . . . . . . . . . . . . . .
 4 . . O . . . . . . . . . . . . O . . .
 3 . . . . . O2. . . . . . . . . . . . .
 2 . . . . . . . . . . . . . . . . . . .
 1 . . . . . . . . . . . . . . . . . . .

koSIMPLEscoreAREAtaxNONEsui0whbNfpok1komi7.5
Time taken: 0.472284
Root visits: 225
New playouts: 225
NN rows: 223
NN batches: 75
NN avg batch size: 2.97333
PV: P17 R15 Q16 R6 D14 Q15
Tree:
: T  92.09c W  88.84c S   3.28c ( +9.6 L  +6.6) N     225  --  P17 R15 Q16 R6 D14 Q15
---White(^)---
P17 : T  93.43c W  89.85c S   3.56c ( +9.9 L  +6.8) LCB   92.54c P 44.26% WF 200.0 PSV     198 N      84  --  P17 R15 Q16 R6 D14 Q15
D14 : T  92.59c W  88.91c S   3.28c ( +9.6 L  +6.6) LCB   91.03c P 15.74% WF  93.5 PSV      47 N      40  --  D14 P16 Q17 R15 P17
O17 : T  90.83c W  87.96c S   2.95c ( +9.3 L  +6.3) LCB   88.68c P  7.11% WF  83.3 PSV      12 N      39  --  O17 Q16 Q17 R15 S16 Q15 S15 R17
E17 : T  91.10c W  88.25c S   3.22c ( +9.6 L  +6.6) LCB   88.79c P  3.70% WF  81.5 PSV       7 N      39  --  E17 G16 C16 B16 D16 B15 C18
D16 : T  90.06c W  87.32c S   2.82c ( +9.1 L  +6.2) LCB   86.20c P  1.40% WF  28.8 PSV       2 N      14  --  D16 D17 E16 B15 D13 D14
P16 : T  89.45c W  87.15c S   2.74c ( +9.1 L  +6.1) LCB   61.27c P  1.24% WF  11.1 PSV       1 N       5  --  P16 N17 O17 O18
O16 : T  85.21c W  84.74c S   2.19c ( +8.6 L  +5.8) LCB   11.00c P  1.39% WF   5.8 PSV       1 N       3  --  O16 Q16 Q15

2025-09-17 19:45:50+0800: = P17
2025-09-17 19:45:52+0800: Controller: play B R11
2025-09-17 19:45:52+0800: = 
2025-09-17 19:45:52+0800: Controller: genmove W
2025-09-17 19:45:52+0800: MoveNum: 11 HASH: 4C5C9EFDF892C60D63E3D08E2CC8055C
   A B C D E F G H J K L M N O P Q R S T
19 . . . . . . . . . . . . . . . . . . .
18 . . . . . . . . . . . . . . . . . . .
17 . . X . . . . . . . . . . . O2. . . .
16 . . . . . . . . . X1. . . . . . O . .
15 . . . . . . . . . . . . X . . . . . .
14 . . . @ . . . . . . . . . . . . . . .
13 . . . . . . . . . . . . . . . . . . .
12 . . . . . . . . . . . . . . . . . . .
11 . . . . . . . . . . . . . . . . X3. .
10 . . . . . . . . . X . . . . . X . . .
 9 . . . . . . . . . . . . . . . . . . .
 8 . . . . . . . . . . . . . . . . . . .
 7 . . . . . . . . . . . . . . . . . . .
 6 . . . . . . . . . . . . . . . . . . .
 5 . . . . . . . . . . . . . . . . . . .
 4 . . O . . . . . . . . . . . . O . . .
 3 . . . . . O . . . . . . . . . . . . .
 2 . . . . . . . . . . . . . . . . . . .
 1 . . . . . . . . . . . . . . . . . . .

koSIMPLEscoreAREAtaxNONEsui0whbNfpok1komi7.5
Time taken: 0.447905
Root visits: 225
New playouts: 225
NN rows: 225
NN batches: 76
NN avg batch size: 2.96053
PV: D14 O3 R6 R3 P2 Q3
Tree:
: T  99.89c W  95.30c S   4.53c (+12.3 L  +9.1) N     225  --  D14 O3 R6 R3 P2 Q3
---White(^)---
D14 : T 100.58c W  95.64c S   4.82c (+12.6 L  +9.3) LCB   99.85c P 32.28% WF 163.7 PSV     163 N      56  --  D14 O3 R6 R3 P2 Q3
C15 : T  99.41c W  94.96c S   4.34c (+12.1 L  +8.9) LCB   97.35c P  3.04% WF  55.6 PSV       9 N      20  --  C15 E16 C12 O17
D16 : T  99.41c W  95.11c S   4.23c (+12.0 L  +8.8) LCB   96.17c P  2.32% WF  42.6 PSV       7 N      15  --  D16 D17 E16 B15 D13 D14
R6  : T 100.26c W  95.46c S   4.65c (+12.5 L  +9.3) LCB   99.37c P  1.55% WF 114.1 PSV       6 N      38  --  R6 D14 E16 D16 C9 H17
C14 : T  99.15c W  94.99c S   4.29c (+12.1 L  +9.0) LCB   90.43c P  2.12% WF  26.1 PSV       5 N       9  --  C14 C12 E13
D9  : T  99.91c W  95.24c S   4.58c (+12.4 L  +9.1) LCB   98.35c P  1.30% WF  73.2 PSV       4 N      25  --  D9 C11 D16 D17 F16
C13 : T  99.51c W  95.15c S   4.41c (+12.2 L  +9.0) LCB   97.75c P  1.46% WF  65.7 PSV       4 N      23  --  C13 O3 R6 C11 E12
C12 : T  99.43c W  95.10c S   4.31c (+12.1 L  +9.0) LCB   92.33c P  1.46% WF  29.6 PSV       4 N      10  --  C12 C14 D9 O3
C10 : T  99.75c W  95.15c S   4.50c (+12.3 L  +9.2) LCB   91.01c P  1.05% WF  27.3 PSV       3 N       9  --  C10 D13 E10
D13 : T  99.31c W  95.24c S   4.23c (+12.0 L  +8.9) LCB   71.48c P  1.04% WF  15.1 PSV       3 N       5  --  D13 D11 D16

2025-09-17 19:45:52+0800: = D14
2025-09-17 19:45:54+0800: Controller: play B T12
2025-09-17 19:45:54+0800: = 
2025-09-17 19:45:54+0800: Controller: genmove W
2025-09-17 19:45:54+0800: MoveNum: 13 HASH: DB9776147774F63E51ABDA97AF90AD42
   A B C D E F G H J K L M N O P Q R S T
19 . . . . . . . . . . . . . . . . . . .
18 . . . . . . . . . . . . . . . . . . .
17 . . X . . . . . . . . . . . O . . . .
16 . . . @ . . . . . X . . . . . . O . .
15 . . . . . . . . . . . . X . . . . . .
14 . . . O2. . . . . . . . . . . . . . .
13 . . . . . . . . . . . . . . . . . . .
12 . . . . . . . . . . . . . . . . . . X3
11 . . . . . . . . . . . . . . . . X1. .
10 . . . . . . . . . X . . . . . X . . .
 9 . . . . . . . . . . . . . . . . . . .
 8 . . . . . . . . . . . . . . . . . . .
 7 . . . . . . . . . . . . . . . . . . .
 6 . . . . . . . . . . . . . . . . . . .
 5 . . . . . . . . . . . . . . . . . . .
 4 . . O . . . . . . . . . . . . O . . .
 3 . . . . . O . . . . . . . . . . . . .
 2 . . . . . . . . . . . . . . . . . . .
 1 . . . . . . . . . . . . . . . . . . .

koSIMPLEscoreAREAtaxNONEsui0whbNfpok1komi7.5
Time taken: 0.245656
Root visits: 225
New playouts: 225
NN rows: 222
NN batches: 74
NN avg batch size: 3
PV: D16 D17 F16 C16 C15 E16 E15
Tree:
: T 105.34c W  99.15c S   6.25c (+19.3 L +16.8) N     225  --  D16 D17 F16 C16 C15 E16 E15
---White(^)---
D16 : T 105.45c W  99.20c S   6.25c (+19.3 L +16.6) LCB  104.71c P  4.77% WF 153.3 PSV     216 N      39  --  D16 D17 F16 C16 C15 E16 E15
E16 : T 105.32c W  99.16c S   6.34c (+19.4 L +16.8) LCB  104.52c P 23.17% WF 154.1 PSV     154 N      40  --  E16 E17 F17 F16 D17 E18 C16
C10 : T 105.58c W  99.16c S   6.43c (+19.5 L +17.0) LCB  104.71c P 10.28% WF 142.1 PSV      83 N      37  --  C10 O3 R6 R3 Q3
D10 : T 105.33c W  99.17c S   6.25c (+19.3 L +16.9) LCB  104.50c P  3.26% WF 130.0 PSV      22 N      33  --  D10 F16 F15 G15 G14
E17 : T 104.75c W  98.92c S   5.98c (+19.1 L +16.3) LCB  101.92c P  3.89% WF  54.5 PSV      19 N      16  --  E17 E16 F16 E15 D17 C16
D11 : T 105.20c W  99.11c S   6.19c (+19.3 L +16.8) LCB  103.43c P  2.00% WF  79.4 PSV      12 N      21  --  D11 O3 R6 Q5
D9  : T 105.68c W  99.23c S   6.39c (+19.5 L +17.0) LCB  103.14c P  1.18% WF  69.2 PSV      10 N      17  --  D9 F16 D11 O3
N17 : T 104.85c W  99.17c S   5.77c (+18.9 L +16.9) LCB   85.30c P  1.63% WF  23.2 PSV       8 N       6  --  N17 O3 R6
F16 : T 105.38c W  99.13c S   6.15c (+19.2 L +16.9) LCB   91.01c P  0.93% WF  26.5 PSV       6 N       7  --  F16 D16 F14
M17 : T 104.73c W  99.13c S   5.76c (+18.9 L +16.9) LCB   61.88c P  1.03% WF  15.5 PSV       4 N       4  --  M17 D11

2025-09-17 19:45:54+0800: = D16
2025-09-17 19:45:58+0800: Controller: play B D15
2025-09-17 19:45:58+0800: = 
2025-09-17 19:45:58+0800: Controller: genmove W
2025-09-17 19:45:59+0800: MoveNum: 15 HASH: 622FDA97111B173240CA12CB3696C0B0
   A B C D E F G H J K L M N O P Q R S T
19 . . . . . . . . . . . . . . . . . . .
18 . . . . . . . . . . . . . . . . . . .
17 . . X . . . . . . . . . . . O . . . .
16 . . @ O2. . . . . X . . . . . . O . .
15 . . . X3. . . . . . . . X . . . . . .
14 . . . O . . . . . . . . . . . . . . .
13 . . . . . . . . . . . . . . . . . . .
12 . . . . . . . . . . . . . . . . . . X1
11 . . . . . . . . . . . . . . . . X . .
10 . . . . . . . . . X . . . . . X . . .
 9 . . . . . . . . . . . . . . . . . . .
 8 . . . . . . . . . . . . . . . . . . .
 7 . . . . . . . . . . . . . . . . . . .
 6 . . . . . . . . . . . . . . . . . . .
 5 . . . . . . . . . . . . . . . . . . .
 4 . . O . . . . . . . . . . . . O . . .
 3 . . . . . O . . . . . . . . . . . . .
 2 . . . . . . . . . . . . . . . . . . .
 1 . . . . . . . . . . . . . . . . . . .

koSIMPLEscoreAREAtaxNONEsui0whbNfpok1komi7.5
Time taken: 0.478343
Root visits: 225
New playouts: 225
NN rows: 212
NN batches: 72
NN avg batch size: 2.94444
PV: C16 O3 D17 R3 Q3 R4 Q5 R5
Tree:
: T 107.20c W  99.67c S   7.50c (+25.4 L +22.8) N     225  --  C16 O3 D17 R3 Q3 R4 Q5
---White(^)---
C16 : T 108.02c W  99.68c S   8.25c (+26.2 L +23.7) LCB  107.25c P 30.12% WF 347.1 PSV    1265 N      78  --  C16 O3 D17 R3 Q3 R4 Q5 R5
C15 : T 107.15c W  99.72c S   7.44c (+25.3 L +22.7) LCB  106.48c P 52.43% WF 412.9 PSV     414 N      90  --  C15 D17 E15 F16 D9 G14 M17
E15 : T 106.80c W  99.69c S   7.11c (+25.0 L +22.3) LCB  105.95c P  8.28% WF 194.7 PSV      52 N      45  --  E15 D17 C15 F16 D9 G14 M17
E14 : T 100.75c W  99.01c S   1.80c (+19.4 L +16.7) LCB   72.76c P  0.17% WF  12.2 PSV       0 N       5  --  E14 C15 E15
F16 : T 100.11c W  98.70c S   1.06c (+18.7 L +16.5) LCB   56.95c P  0.17% WF   8.8 PSV       0 N       4  --  F16 C16
B15 : T  98.70c W  98.22c S   0.40c (+18.0 L +15.0) LCB  -55.54c P  0.18% WF   4.8 PSV       0 N       2  --  B15 C16

2025-09-17 19:45:59+0800: = C16
2025-09-17 19:46:01+0800: Controller: play B D13
2025-09-17 19:46:01+0800: = 
2025-09-17 19:46:01+0800: Controller: genmove W
2025-09-17 19:46:01+0800: MoveNum: 17 HASH: 07F81CBCC88B442F8C98A6E92CCA7C95
   A B C D E F G H J K L M N O P Q R S T
19 . . . . . . . . . . . . . . . . . . .
18 . . . . . . . . . . . . . . . . . . .
17 . . X . . . . . . . . . . . O . . . .
16 . . O2O . . . . . X . . . . . . O . .
15 . . . X1@ . . . . . . . X . . . . . .
14 . . . O . . . . . . . . . . . . . . .
13 . . . X3. . . . . . . . . . . . . . .
12 . . . . . . . . . . . . . . . . . . X
11 . . . . . . . . . . . . . . . . X . .
10 . . . . . . . . . X . . . . . X . . .
 9 . . . . . . . . . . . . . . . . . . .
 8 . . . . . . . . . . . . . . . . . . .
 7 . . . . . . . . . . . . . . . . . . .
 6 . . . . . . . . . . . . . . . . . . .
 5 . . . . . . . . . . . . . . . . . . .
 4 . . O . . . . . . . . . . . . O . . .
 3 . . . . . O . . . . . . . . . . . . .
 2 . . . . . . . . . . . . . . . . . . .
 1 . . . . . . . . . . . . . . . . . . .

koSIMPLEscoreAREAtaxNONEsui0whbNfpok1komi7.5
Time taken: 0.441032
Root visits: 218
New playouts: 218
NN rows: 215
NN batches: 71
NN avg batch size: 3.02817
PV: E15 D17 E13 E16 F16 E17 C15
Tree:
: T 107.51c W  99.75c S   7.77c (+26.4 L +23.9) N     218  --  E15 D17 E13 E16 F16 E17 C15
---White(^)---
E15 : T 107.89c W  99.76c S   8.16c (+26.8 L +24.3) LCB  107.44c P 44.72% WF 501.2 PSV     500 N     106  --  E15 D17 E13 E16 F16 E17 C15
E14 : T 108.02c W  99.75c S   8.21c (+26.9 L +24.3) LCB  106.99c P  8.19% WF 164.2 PSV     105 N      36  --  E14 D17 E16 F18 F17
C14 : T 107.41c W  99.76c S   7.57c (+26.2 L +23.7) LCB  106.69c P  8.37% WF 170.5 PSV      63 N      37  --  C14 D17 E16 E17 F17 F16 G17
C15 : T 106.47c W  99.74c S   6.80c (+25.4 L +22.8) LCB  104.99c P  1.58% WF  97.3 PSV       7 N      23  --  C15 D17 E17 E18 F18 F17 E16
D17 : T 104.91c W  99.66c S   5.50c (+24.0 L +21.4) LCB   97.36c P  1.19% WF  40.0 PSV       3 N      10  --  D17 C14 E14 E15 F15 C15
E13 : T 104.85c W  99.63c S   5.42c (+23.9 L +21.3) LCB   76.98c P  0.75% WF  19.4 PSV       2 N       5  --  E13 C14 E14 C15

2025-09-17 19:46:01+0800: = E15
2025-09-17 19:46:02+0800: Controller: play B E14
2025-09-17 19:46:02+0800: = 
2025-09-17 19:46:02+0800: Controller: genmove W
2025-09-17 19:46:02+0800: MoveNum: 19 HASH: ACDF0861E2B9F0B5D98B7C4D5AEEC8FE
   A B C D E F G H J K L M N O P Q R S T
19 . . . . . . . . . . . . . . . . . . .
18 . . . . . . . . . . . . . . . . . . .
17 . . X . . . . . . . . . . . O . . . .
16 . . O O . . . . . X . . . . . . O . .
15 . . @ X O2. . . . . . . X . . . . . .
14 . . . O X3. . . . . . . . . . . . . .
13 . . . X1. . . . . . . . . . . . . . .
12 . . . . . . . . . . . . . . . . . . X
11 . . . . . . . . . . . . . . . . X . .
10 . . . . . . . . . X . . . . . X . . .
 9 . . . . . . . . . . . . . . . . . . .
 8 . . . . . . . . . . . . . . . . . . .
 7 . . . . . . . . . . . . . . . . . . .
 6 . . . . . . . . . . . . . . . . . . .
 5 . . . . . . . . . . . . . . . . . . .
 4 . . O . . . . . . . . . . . . O . . .
 3 . . . . . O . . . . . . . . . . . . .
 2 . . . . . . . . . . . . . . . . . . .
 1 . . . . . . . . . . . . . . . . . . .

koSIMPLEscoreAREAtaxNONEsui0whbNfpok1komi7.5
Time taken: 0.12729
Root visits: 116
New playouts: 116
NN rows: 115
NN batches: 39
NN avg batch size: 2.94872
PV: C15 O3 R6 R3 Q3 Q2
Tree:
: T 108.46c W  99.76c S   8.73c (+28.3 L +25.8) N     116  --  C15 O3 R6 R3 Q3 Q2
---White(^)---
C15 : T 109.36c W  99.82c S   9.57c (+29.2 L +26.7) LCB  109.02c P 85.93% WF 457.7 PSV     455 N      91  --  C15 O3 R6 R3 Q3 Q2
C14 : T 106.21c W  99.73c S   6.52c (+25.9 L +23.4) LCB  101.23c P  2.06% WF  47.2 PSV       3 N      12  --  C14 C13 E13 F14
F15 : T  99.40c W  99.12c S   0.17c (+19.4 L +17.3) LCB   71.40c P  0.24% WF  12.0 PSV       0 N       5  --  F15 C14 D17 C7
F14 : T  99.05c W  98.95c S   0.06c (+19.2 L +16.2) LCB   55.90c P  0.31% WF   8.5 PSV       0 N       4  --  F14 C14 C15
B14 : T  96.89c W  98.40c S  -1.85c (+17.4 L +14.6) LCB  -53.21c P  0.52% WF   6.0 PSV       0 N       2  --  B14 C14
E16 : T  95.67c W  98.14c S  -2.47c (+16.7 L +13.5) LCB -254.33c P  0.28% WF   3.4 PSV       0 N       1  --  E16

2025-09-17 19:46:02+0800: = C15
2025-09-17 19:46:04+0800: Controller: play B C14
2025-09-17 19:46:04+0800: = 
2025-09-17 19:46:04+0800: Controller: genmove W
2025-09-17 19:46:05+0800: MoveNum: 21 HASH: 4FD42FBA6824E977A98EE5B0F77AD16A
   A B C D E F G H J K L M N O P Q R S T
19 . . . . . . . . . . . . . . . . . . .
18 . . . . . . . . . . . . . . . . . . .
17 . . X . . . . . . . . . . . O . . . .
16 . . O O . . . . . X . . . . . . O . .
15 . . O2. O . . . . . . . X . . . . . .
14 . . X3O X1@ . . . . . . . . . . . . .
13 . . . X . . . . . . . . . . . . . . .
12 . . . . . . . . . . . . . . . . . . X
11 . . . . . . . . . . . . . . . . X . .
10 . . . . . . . . . X . . . . . X . . .
 9 . . . . . . . . . . . . . . . . . . .
 8 . . . . . . . . . . . . . . . . . . .
 7 . . . . . . . . . . . . . . . . . . .
 6 . . . . . . . . . . . . . . . . . . .
 5 . . . . . . . . . . . . . . . . . . .
 4 . . O . . . . . . . . . . . . O . . .
 3 . . . . . O . . . . . . . . . . . . .
 2 . . . . . . . . . . . . . . . . . . .
 1 . . . . . . . . . . . . . . . . . . .

koSIMPLEscoreAREAtaxNONEsui0whbNfpok1komi7.5
Time taken: 0.225714
Root visits: 102
New playouts: 102
NN rows: 92
NN batches: 32
NN avg batch size: 2.875
PV: F14 D15 B14 F13 D14 Q17
Tree:
: T 108.89c W  99.84c S   9.01c (+31.4 L +28.6) N     102  --  F14 D15 B14 F13 D14 Q17
---White(^)---
F14 : T 109.79c W  99.86c S   9.89c (+32.4 L +29.6) LCB  108.46c P 34.45% WF 144.5 PSV     179 N      29  --  F14 D15 B14 F13 D14 Q17
B14 : T 109.23c W  99.86c S   9.38c (+31.8 L +29.0) LCB  107.62c P 29.26% WF 110.6 PSV      94 N      23  --  B14 D15 F14 F13 D14 Q17
R6  : T 108.16c W  99.84c S   8.25c (+30.7 L +27.8) LCB  105.14c P  0.64% WF  63.6 PSV       1 N      15  --  R6 F15 F14 D15
D8  : T 108.49c W  99.81c S   8.46c (+30.9 L +28.0) LCB  105.15c P  0.52% WF  66.8 PSV       1 N      15  --  D8 F15 F14 D15 E16
D9  : T 108.04c W  99.83c S   8.21c (+30.5 L +27.8) LCB  103.66c P  0.51% WF  56.6 PSV       1 N      13  --  D9 F15 F14 D15
C9  : T 107.08c W  99.83c S   7.49c (+29.7 L +27.0) LCB   87.07c P  0.46% WF  25.3 PSV       0 N       6  --  C9 F15 F14

2025-09-17 19:46:05+0800: = F14
2025-09-17 19:46:05+0800: Controller: play B D15
2025-09-17 19:46:05+0800: = 
2025-09-17 19:46:05+0800: Controller: genmove W
2025-09-17 19:46:05+0800: MoveNum: 23 HASH: DA7FC046FD21B45F4F9CB30908F47638
   A B C D E F G H J K L M N O P Q R S T
19 . . . . . . . . . . . . . . . . . . .
18 . . . . . . . . . . . . . . . . . . .
17 . . X . . . . . . . . . . . O . . . .
16 . . O O . . . . . X . . . . . . O . .
15 . . O X3O . . . . . . . X . . . . . .
14 . @ X1. X O2. . . . . . . . . . . . .
13 . . . X . . . . . . . . . . . . . . .
12 . . . . . . . . . . . . . . . . . . X
11 . . . . . . . . . . . . . . . . X . .
10 . . . . . . . . . X . . . . . X . . .
 9 . . . . . . . . . . . . . . . . . . .
 8 . . . . . . . . . . . . . . . . . . .
 7 . . . . . . . . . . . . . . . . . . .
 6 . . . . . . . . . . . . . . . . . . .
 5 . . . . . . . . . . . . . . . . . . .
 4 . . O . . . . . . . . . . . . O . . .
 3 . . . . . O . . . . . . . . . . . . .
 2 . . . . . . . . . . . . . . . . . . .
 1 . . . . . . . . . . . . . . . . . . .

koSIMPLEscoreAREAtaxNONEsui0whbNfpok1komi7.5
Time taken: 0.100545
Root visits: 100
New playouts: 83
NN rows: 81
NN batches: 27
NN avg batch size: 3
PV: B14 F13 D14 Q17 Q16
Tree:
: T 109.14c W  99.85c S   9.26c (+31.6 L +28.9) N     100  --  B14 F13 D14 Q17 Q16
---White(^)---
B14 : T 109.57c W  99.85c S   9.69c (+32.0 L +29.4) LCB  108.67c P 51.11% WF 187.6 PSV     187 N      39  --  B14 F13 D14 Q17 Q16
F16 : T 108.92c W  99.86c S   9.03c (+31.3 L +28.8) LCB  106.43c P  6.24% WF  84.0 PSV      17 N      17  --  F16 F13 D14 Q16
D9  : T 108.95c W  99.86c S   9.09c (+31.5 L +28.6) LCB  104.51c P  2.22% WF  59.5 PSV       6 N      13  --  D9 B14 F16
C10 : T 109.04c W  99.83c S   9.03c (+31.4 L +28.7) LCB  102.94c P  1.42% WF  51.1 PSV       4 N      11  --  C10 F15 E16 G15
C9  : T 108.97c W  99.84c S   9.10c (+31.5 L +28.7) LCB   99.90c P  1.28% WF  41.6 PSV       3 N       9  --  C9 F13 F15
R6  : T 108.34c W  99.87c S   8.73c (+31.1 L +28.2) LCB   93.76c P  1.64% WF  30.6 PSV       3 N       7  --  R6 B14 F16
D17 : T 107.11c W  99.81c S   7.54c (+29.8 L +27.0) LCB  -41.87c P  0.86% WF   8.5 PSV       1 N       2  --  D17 F15
F15 : T 107.21c W  99.91c S   7.30c (+29.3 L +26.9) LCB -242.79c P  1.08% WF   4.7 PSV       1 N       1  --  F15

2025-09-17 19:46:05+0800: = B14
2025-09-17 19:46:10+0800: Controller: play B B15
2025-09-17 19:46:10+0800: = 
2025-09-17 19:46:10+0800: Controller: genmove W
2025-09-17 19:46:10+0800: MoveNum: 25 HASH: 7EA2773CBBA0B1636746FA667E499BEE
   A B C D E F G H J K L M N O P Q R S T
19 . . . . . . . . . . . . . . . . . . .
18 . . . . . . . . . . . . . . . . . . .
17 . . X . . . . . . . . . . . O . . . .
16 . . O O . . . . . X . . . . . . O . .
15 . X3O X1O . . . . . . . X . . . . . .
14 . O2X @ X O . . . . . . . . . . . . .
13 . . . X . . . . . . . . . . . . . . .
12 . . . . . . . . . . . . . . . . . . X
11 . . . . . . . . . . . . . . . . X . .
10 . . . . . . . . . X . . . . . X . . .
 9 . . . . . . . . . . . . . . . . . . .
 8 . . . . . . . . . . . . . . . . . . .
 7 . . . . . . . . . . . . . . . . . . .
 6 . . . . . . . . . . . . . . . . . . .
 5 . . . . . . . . . . . . . . . . . . .
 4 . . O . . . . . . . . . . . . O . . .
 3 . . . . . O . . . . . . . . . . . . .
 2 . . . . . . . . . . . . . . . . . . .
 1 . . . . . . . . . . . . . . . . . . .

koSIMPLEscoreAREAtaxNONEsui0whbNfpok1komi7.5
Time taken: 0.241901
Root visits: 67
New playouts: 67
NN rows: 67
NN batches: 23
NN avg batch size: 2.91304
PV: D14 C13 B16 E13 B13 C11
Tree:
: T 110.71c W  99.88c S  10.81c (+35.9 L +33.2) N      67  --  D14 C13 B16 E13 B13 C11
---White(^)---
D14 : T 112.31c W  99.92c S  12.13c (+37.4 L +34.6) LCB  109.85c P 36.27% WF  99.0 PSV     108 N      19  --  D14 C13 B16 E13 B13 C11
E13 : T 112.58c W  99.90c S  12.65c (+38.0 L +35.2) LCB  109.71c P 21.87% WF 101.7 PSV     101 N      19  --  E13 B13 D14 A14 B16
C13 : T 107.70c W  99.77c S   8.17c (+33.1 L +30.7) LCB  101.55c P 20.48% WF  41.0 PSV      21 N      11  --  C13 D14 D12 E13 B12 B16
B16 : T 108.49c W  99.89c S   8.57c (+33.2 L +30.5) LCB  102.45c P 11.24% WF  48.8 PSV      13 N      11  --  B16 B13 D14 Q17 Q16
R6  : T 100.44c W  99.64c S   2.70c (+27.0 L +23.9) LCB   21.11c P  0.15% WF   5.6 PSV       0 N       3  --  R6 B16 C13
O3  : T 100.43c W  99.65c S   2.58c (+26.9 L +23.7) LCB   21.06c P  0.15% WF   5.6 PSV       0 N       3  --  O3 B16 C13

2025-09-17 19:46:10+0800: = D14
2025-09-17 19:46:12+0800: Controller: play B B13
2025-09-17 19:46:12+0800: = 
2025-09-17 19:46:12+0800: Controller: genmove W
2025-09-17 19:46:12+0800: MoveNum: 27 HASH: 6C9C8956E79277291CCCAEAE10110C44
   A B C D E F G H J K L M N O P Q R S T
19 . . . . . . . . . . . . . . . . . . .
18 . . . . . . . . . . . . . . . . . . .
17 . . X . . . . . . . . . . . O . . . .
16 . . O O . . . . . X . . . . . . O . .
15 . X1O . O . . . . . . . X . . . . . .
14 . O X O2X O . . . . . . . . . . . . .
13 . X3@ X . . . . . . . . . . . . . . .
12 . . . . . . . . . . . . . . . . . . X
11 . . . . . . . . . . . . . . . . X . .
10 . . . . . . . . . X . . . . . X . . .
 9 . . . . . . . . . . . . . . . . . . .
 8 . . . . . . . . . . . . . . . . . . .
 7 . . . . . . . . . . . . . . . . . . .
 6 . . . . . . . . . . . . . . . . . . .
 5 . . . . . . . . . . . . . . . . . . .
 4 . . O . . . . . . . . . . . . O . . .
 3 . . . . . O . . . . . . . . . . . . .
 2 . . . . . . . . . . . . . . . . . . .
 1 . . . . . . . . . . . . . . . . . . .

koSIMPLEscoreAREAtaxNONEsui0whbNfpok1komi7.5
Time taken: 0.119058
Root visits: 98
New playouts: 98
NN rows: 85
NN batches: 29
NN avg batch size: 2.93103
PV: C13 C12 C14 O3 C8 R3
Tree:
: T 111.54c W  99.96c S  11.58c (+40.7 L +37.9) N      98  --  C13 C12 C14 O3 C8 R3
---White(^)---
C13 : T 112.66c W  99.96c S  12.67c (+41.9 L +39.2) LCB  111.86c P 89.86% WF 390.5 PSV     388 N      69  --  C13 C12 C14 O3 C8 R3
E13 : T 108.06c W  99.95c S   8.24c (+36.8 L +33.9) LCB  105.61c P  0.49% WF  70.6 PSV       0 N      19  --  E13 A14 R6 B16 L3
B16 : T 103.04c W  99.91c S   3.38c (+31.6 L +28.5) LCB   58.68c P  0.29% WF  10.4 PSV       0 N       4  --  B16 D15 A15
D12 : T 101.99c W  99.84c S   2.04c (+30.1 L +26.9) LCB   26.41c P  0.19% WF   7.4 PSV       0 N       3  --  D12 C13
A14 : T  99.40c W  99.83c S  -0.44c (+27.6 L +24.8) LCB -250.60c P  0.15% WF   2.5 PSV       0 N       1  --  A14

2025-09-17 19:46:12+0800: = C13
2025-09-17 19:46:13+0800: Controller: play B A14
2025-09-17 19:46:13+0800: = 
2025-09-17 19:46:13+0800: Controller: genmove W
2025-09-17 19:46:13+0800: MoveNum: 29 HASH: 1EBCC66752A9C4CAF5C89FC7ACDDB40E
   A B C D E F G H J K L M N O P Q R S T
19 . . . . . . . . . . . . . . . . . . .
18 . . . . . . . . . . . . . . . . . . .
17 . . X . . . . . . . . . . . O . . . .
16 . . O O . . . . . X . . . . . . O . .
15 . X O . O . . . . . . . X . . . . . .
14 X3O @ O X O . . . . . . . . . . . . .
13 . X1O2X . . . . . . . . . . . . . . .
12 . . . . . . . . . . . . . . . . . . X
11 . . . . . . . . . . . . . . . . X . .
10 . . . . . . . . . X . . . . . X . . .
 9 . . . . . . . . . . . . . . . . . . .
 8 . . . . . . . . . . . . . . . . . . .
 7 . . . . . . . . . . . . . . . . . . .
 6 . . . . . . . . . . . . . . . . . . .
 5 . . . . . . . . . . . . . . . . . . .
 4 . . O . . . . . . . . . . . . O . . .
 3 . . . . . O . . . . . . . . . . . . .
 2 . . . . . . . . . . . . . . . . . . .
 1 . . . . . . . . . . . . . . . . . . .

koSIMPLEscoreAREAtaxNONEsui0whbNfpok1komi7.5
Time taken: 0.108797
Root visits: 97
New playouts: 97
NN rows: 95
NN batches: 33
NN avg batch size: 2.87879
PV: C14 B16 D17 C18 B12 O3
Tree:
: T 112.23c W  99.98c S  12.28c (+45.4 L +42.7) N      97  --  C14 B16 D17 C18 B12 O3
---White(^)---
C14 : T 113.50c W  99.99c S  13.54c (+46.9 L +44.3) LCB  112.73c P 56.98% WF 222.1 PSV     220 N      39  --  C14 B16 D17 C18 B12 O3
E13 : T 111.75c W  99.98c S  11.83c (+44.8 L +42.1) LCB  109.22c P 12.35% WF  92.8 PSV      26 N      17  --  E13 B16 D17 C18 M17 O3
D12 : T 111.77c W  99.97c S  11.87c (+44.8 L +42.1) LCB  108.96c P  8.41% WF  85.1 PSV      17 N      16  --  D12 B16 D17 C18 M17
C12 : T 111.04c W  99.97c S  11.14c (+44.0 L +41.2) LCB  108.36c P  8.72% WF  87.4 PSV      15 N      18  --  C12 C14 E13 B16 D17 C18
B16 : T 108.04c W  99.95c S   7.70c (+40.3 L +37.1) LCB   62.86c P  0.58% WF  13.9 PSV       0 N       4  --  B16 C14 C12 D15 E13
M17 : T 106.34c W  99.98c S   6.46c (+38.8 L +35.4) LCB  -48.69c P  0.17% WF   6.4 PSV       0 N       2  --  M17 C14

2025-09-17 19:46:13+0800: = C14
2025-09-17 19:46:16+0800: Controller: play B C12
2025-09-17 19:46:16+0800: = 
2025-09-17 19:46:16+0800: Controller: genmove W
2025-09-17 19:46:17+0800: MoveNum: 31 HASH: D991597118EBC17A6AD0C334A51C58AC
   A B C D E F G H J K L M N O P Q R S T
19 . . . . . . . . . . . . . . . . . . .
18 . . . . . . . . . . . . . . . . . . .
17 . . X . . . . . . . . . . . O . . . .
16 . . O O . . . . . X . . . . . . O . .
15 . X O . O . . . . . . . X . . . . . .
14 X1O O2O X O . . . . . . . . . . . . .
13 . X O X . . . . . . . . . . . . . . .
12 . @ X3. . . . . . . . . . . . . . . X
11 . . . . . . . . . . . . . . . . X . .
10 . . . . . . . . . X . . . . . X . . .
 9 . . . . . . . . . . . . . . . . . . .
 8 . . . . . . . . . . . . . . . . . . .
 7 . . . . . . . . . . . . . . . . . . .
 6 . . . . . . . . . . . . . . . . . . .
 5 . . . . . . . . . . . . . . . . . . .
 4 . . O . . . . . . . . . . . . O . . .
 3 . . . . . O . . . . . . . . . . . . .
 2 . . . . . . . . . . . . . . . . . . .
 1 . . . . . . . . . . . . . . . . . . .

koSIMPLEscoreAREAtaxNONEsui0whbNfpok1komi7.5
Time taken: 0.25005
Root visits: 57
New playouts: 57
NN rows: 57
NN batches: 20
NN avg batch size: 2.85
PV: B12 O3 P3
Tree:
: T 112.46c W  99.99c S  12.50c (+47.5 L +45.0) N      57  --  B12 O3 P3
---White(^)---
B12 : T 113.45c W  99.99c S  13.46c (+48.8 L +46.3) LCB  109.12c P 35.06% WF  74.9 PSV      74 N      13  --  B12 O3 P3
C8  : T 112.79c W  99.99c S  12.87c (+48.0 L +45.4) LCB  105.55c P 11.71% WF  54.3 PSV      20 N      10  --  C8 O3 M3
C10 : T 112.91c W  99.98c S  12.86c (+48.0 L +45.6) LCB  103.99c P  5.52% WF  49.3 PSV      10 N       9  --  C10 O3 M3
M17 : T 111.65c W  99.99c S  11.71c (+46.5 L +44.0) LCB  102.82c P  3.43% WF  46.9 PSV       4 N       9  --  M17 B11 D17 C8
R6  : T 111.46c W  99.99c S  11.50c (+46.3 L +43.7) LCB  102.63c P  2.98% WF  48.5 PSV       3 N       9  --  R6 B11 B16 C8
D17 : T 111.41c W  99.99c S  11.52c (+46.2 L +43.7) LCB   91.76c P  1.30% WF  30.2 PSV       1 N       6  --  D17 C9 M17

2025-09-17 19:46:17+0800: = B12
2025-09-17 19:46:19+0800: Controller: play B B11
2025-09-17 19:46:19+0800: = 
2025-09-17 19:46:19+0800: Controller: genmove W
2025-09-17 19:46:19+0800: MoveNum: 33 HASH: C656F7400540D8C8D58A4E229AAC42A6
   A B C D E F G H J K L M N O P Q R S T
19 . . . . . . . . . . . . . . . . . . .
18 . . . . . . . . . . . . . . . . . . .
17 . . X . . . . . . . . . . . O . . . .
16 . . O O . . . . . X . . . . . . O . .
15 . X O . O . . . . . . . X . . . . . .
14 X O O O X O . . . . . . . . . . . . .
13 @ X O X . . . . . . . . . . . . . . .
12 . O2X1. . . . . . . . . . . . . . . X
11 . X3. . . . . . . . . . . . . . X . .
10 . . . . . . . . . X . . . . . X . . .
 9 . . . . . . . . . . . . . . . . . . .
 8 . . . . . . . . . . . . . . . . . . .
 7 . . . . . . . . . . . . . . . . . . .
 6 . . . . . . . . . . . . . . . . . . .
 5 . . . . . . . . . . . . . . . . . . .
 4 . . O . . . . . . . . . . . . O . . .
 3 . . . . . O . . . . . . . . . . . . .
 2 . . . . . . . . . . . . . . . . . . .
 1 . . . . . . . . . . . . . . . . . . .

koSIMPLEscoreAREAtaxNONEsui0whbNfpok1komi7.5
Time taken: 0.23408
Root visits: 90
New playouts: 86
NN rows: 84
NN batches: 28
NN avg batch size: 3
PV: A13 O3 R6 C7 P3
Tree:
: T 112.29c W  99.98c S  12.32c (+47.9 L +45.3) N      90  --  A13 O3 R6 C7 P3
---White(^)---
A13 : T 113.16c W  99.99c S  13.15c (+48.9 L +46.4) LCB  112.77c P 77.00% WF 396.5 PSV     394 N      70  --  A13 O3 R6 C7 P3
P3  : T 108.02c W  99.97c S   7.90c (+42.7 L +39.9) LCB   96.94c P  0.32% WF  30.9 PSV       0 N       8  --  P3 A12 B17 C7
R5  : T 106.79c W  99.99c S   6.98c (+41.6 L +39.0) LCB   79.00c P  0.32% WF  17.7 PSV       0 N       5  --  R5 A12 B16
L16 : T 106.71c W  99.99c S   6.98c (+41.6 L +39.1) LCB   63.63c P  0.28% WF  13.9 PSV       0 N       4  --  L16 A12 B17
D11 : T 107.55c W  99.97c S   7.33c (+42.0 L +39.5) LCB  -41.94c P  0.34% WF   8.2 PSV       0 N       2  --  D11 A12

2025-09-17 19:46:19+0800: = A13
2025-09-17 19:46:20+0800: Controller: play B A12
2025-09-17 19:46:20+0800: = 
2025-09-17 19:46:20+0800: Controller: genmove W
2025-09-17 19:46:21+0800: MoveNum: 35 HASH: DACC8737BE07153C9343C1DB042EADD3
   A B C D E F G H J K L M N O P Q R S T
19 . . . . . . . . . . . . . . . . . . .
18 . . . . . . . . . . . . . . . . . . .
17 . . X . . . . . . . . . . . O . . . .
16 . . O O . . . . . X . . . . . . O . .
15 . X O . O . . . . . . . X . . . . . .
14 X O O O X O . . . . . . . . . . . . .
13 O2. O X . . . . . . . . . . . . . . .
12 X3O X . . . . . . . . . . . . . . . X
11 @ X1. . . . . . . . . . . . . . X . .
10 . . . . . . . . . X . . . . . X . . .
 9 . . . . . . . . . . . . . . . . . . .
 8 . . . . . . . . . . . . . . . . . . .
 7 . . . . . . . . . . . . . . . . . . .
 6 . . . . . . . . . . . . . . . . . . .
 5 . . . . . . . . . . . . . . . . . . .
 4 . . O . . . . . . . . . . . . O . . .
 3 . . . . . O . . . . . . . . . . . . .
 2 . . . . . . . . . . . . . . . . . . .
 1 . . . . . . . . . . . . . . . . . . .

koSIMPLEscoreAREAtaxNONEsui0whbNfpok1komi7.5
Time taken: 0.187708
Root visits: 94
New playouts: 94
NN rows: 93
NN batches: 32
NN avg batch size: 2.90625
PV: A11 O3 M3 O5 Q2 Q6
Tree:
: T 114.06c W  99.99c S  14.02c (+53.8 L +51.2) N      94  --  A11 O3 M3 O5 Q2 Q6
---White(^)---
A11 : T 115.01c W  99.99c S  14.94c (+54.9 L +52.4) LCB  114.45c P 89.44% WF 423.6 PSV     421 N      71  --  A11 O3 M3 O5 Q2 Q6
B13 : T 111.02c W  99.99c S  11.07c (+50.0 L +47.4) LCB  103.80c P  0.69% WF  42.3 PSV       1 N      10  --  B13 O3 M3 O5
A15 : T 110.04c W  99.99c S  10.04c (+48.7 L +46.2) LCB   90.16c P  0.69% WF  25.1 PSV       0 N       6  --  A15 O3 M3
C10 : T 105.34c W  99.98c S   5.68c (+43.8 L +41.2) LCB   31.25c P  0.21% WF   8.6 PSV       0 N       3  --  C10 B13 B16
B17 : T 105.61c W  99.97c S   5.33c (+43.4 L +40.6) LCB  -44.23c P  0.26% WF   6.9 PSV       0 N       2  --  B17 B13
D12 : T 101.55c W  99.99c S   1.56c (+39.5 L +36.9) LCB -248.45c P  0.20% WF   3.0 PSV       0 N       1  --  D12

2025-09-17 19:46:21+0800: = A11
2025-09-17 19:46:25+0800: Controller: play B D4
2025-09-17 19:46:25+0800: = 
2025-09-17 19:46:25+0800: Controller: genmove W
2025-09-17 19:46:26+0800: MoveNum: 37 HASH: 41A5D7D7F48ED4966833D88C71833835
   A B C D E F G H J K L M N O P Q R S T
19 . . . . . . . . . . . . . . . . . . .
18 . . . . . . . . . . . . . . . . . . .
17 . . X . . . . . . . . . . . O . . . .
16 . . O O . . . . . X . . . . . . O . .
15 . X O . O . . . . . . . X . . . . . .
14 X O O O X O . . . . . . . . . . . . .
13 O . O X . . . . . . . . . . . . . . .
12 .1O X . . . . . . . . . . . . . . . X
11 O2X . . . . . . . . . . . . . . X . .
10 . . . . . . . . . X . . . . . X . . .
 9 . . . . . . . . . . . . . . . . . . .
 8 . . . . . . . . . . . . . . . . . . .
 7 . . . . . . . . . . . . . . . . . . .
 6 . . . . . . . . . . . . . . . . . . .
 5 . . . @ . . . . . . . . . . . . . . .
 4 . . O X3. . . . . . . . . . . O . . .
 3 . . . . . O . . . . . . . . . . . . .
 2 . . . . . . . . . . . . . . . . . . .
 1 . . . . . . . . . . . . . . . . . . .

koSIMPLEscoreAREAtaxNONEsui0whbNfpok1komi7.5
Time taken: 0.26836
Root visits: 31
New playouts: 31
NN rows: 31
NN batches: 11
NN avg batch size: 2.81818
PV: D5 C3 D3 E4
Tree:
: T 114.52c W  99.99c S  14.38c (+54.6 L +52.1) N      31  --  D5 C3 D3 E4
---White(^)---
D5  : T 115.11c W  99.99c S  15.31c (+56.0 L +53.5) LCB  100.50c P 56.36% WF  38.9 PSV      39 N       7  --  D5 C3 D3 E4
D3  : T 115.34c W 100.00c S  14.97c (+55.1 L +52.6) LCB   95.75c P 10.53% WF  33.7 PSV       7 N       6  --  D3 C5 E4
C5  : T 114.53c W  99.99c S  14.41c (+54.7 L +52.3) LCB   86.35c P  8.40% WF  27.6 PSV       5 N       5  --  C5 D3 D5
C3  : T 114.10c W 100.00c S  13.77c (+53.6 L +51.3) LCB   85.98c P  2.06% WF  26.7 PSV       1 N       5  --  C3 D6 D5
E4  : T 114.14c W  99.97c S  13.93c (+54.2 L +51.3) LCB   70.78c P  0.92% WF  20.4 PSV       0 N       4  --  E4 D3 D5
D6  : T 112.44c W  99.99c S  12.21c (+51.7 L +49.1) LCB   38.14c P  0.61% WF  13.4 PSV       0 N       3  --  D6 C3 C5

2025-09-17 19:46:26+0800: = D5
2025-09-17 19:46:26+0800: Controller: play B C3
2025-09-17 19:46:26+0800: = 
2025-09-17 19:46:26+0800: Controller: genmove W
2025-09-17 19:46:26+0800: MoveNum: 39 HASH: C2C15C48839A4AE9B8B0A9E753697E71
   A B C D E F G H J K L M N O P Q R S T
19 . . . . . . . . . . . . . . . . . . .
18 . . . . . . . . . . . . . . . . . . .
17 . . X . . . . . . . . . . . O . . . .
16 . . O O . . . . . X . . . . . . O . .
15 . X O . O . . . . . . . X . . . . . .
14 X O O O X O . . . . . . . . . . . . .
13 O . O X . . . . . . . . . . . . . . .
12 . O X . . . . . . . . . . . . . . . X
11 O X . . . . . . . . . . . . . . X . .
10 . . . . . . . . . X . . . . . X . . .
 9 . . . . . . . . . . . . . . . . . . .
 8 . . . . . . . . . . . . . . . . . . .
 7 . . . . . . . . . . . . . . . . . . .
 6 . . . . . . . . . . . . . . . . . . .
 5 . . . O2. . . . . . . . . . . . . . .
 4 . . O X1. . . . . . . . . . . O . . .
 3 . . X3@ . O . . . . . . . . . . . . .
 2 . . . . . . . . . . . . . . . . . . .
 1 . . . . . . . . . . . . . . . . . . .

koSIMPLEscoreAREAtaxNONEsui0whbNfpok1komi7.5
Time taken: 0.103308
Root visits: 94
New playouts: 90
NN rows: 85
NN batches: 29
NN avg batch size: 2.93103
PV: D3 E4 E3 C5 B4 D6 E5 F4
Tree:
: T 114.05c W  99.98c S  13.92c (+54.8 L +52.2) N      94  --  D3 E4 E3 C5 B4 D6 E5
---White(^)---
D3  : T 115.18c W  99.98c S  14.85c (+56.0 L +53.4) LCB  113.80c P 62.26% WF 217.3 PSV     215 N      40  --  D3 E4 E3 C5 B4 D6 E5 F4
C5  : T 113.24c W  99.99c S  13.20c (+53.9 L +51.2) LCB  110.89c P  9.91% WF  84.9 PSV      18 N      17  --  C5 E4 F5 F4 G4 G3
E4  : T 113.44c W  99.98c S  13.48c (+54.3 L +51.7) LCB  109.75c P  2.04% WF  69.4 PSV       4 N      14  --  E4 D3 B5 E5 F5
E5  : T 112.68c W  99.99c S  12.77c (+53.3 L +50.7) LCB  101.62c P  1.52% WF  39.0 PSV       2 N       8  --  E5 B4 C5 B5 B6 B7
B3  : T 112.83c W  99.98c S  12.90c (+53.5 L +50.8) LCB  109.42c P  1.09% WF  67.1 PSV       1 N      14  --  B3 E4 C5 F4

2025-09-17 19:46:26+0800: = D3
2025-09-17 19:46:27+0800: Controller: play B C5
2025-09-17 19:46:27+0800: = 
2025-09-17 19:46:27+0800: Controller: genmove W
2025-09-17 19:46:27+0800: MoveNum: 41 HASH: C7CC17E4D86459A2C7198C1F1AF372B6
   A B C D E F G H J K L M N O P Q R S T
19 . . . . . . . . . . . . . . . . . . .
18 . . . . . . . . . . . . . . . . . . .
17 . . X . . . . . . . . . . . O . . . .
16 . . O O . . . . . X . . . . . . O . .
15 . X O . O . . . . . . . X . . . . . .
14 X O O O X O . . . . . . . . . . . . .
13 O . O X . . . . . . . . . . . . . . .
12 . O X . . . . . . . . . . . . . . . X
11 O X . . . . . . . . . . . . . . X . .
10 . . . . . . . . . X . . . . . X . . .
 9 . . . . . . . . . . . . . . . . . . .
 8 . . . . . . . . . . . . . . . . . . .
 7 . . . . . . . . . . . . . . . . . . .
 6 . . . . . . . . . . . . . . . . . . .
 5 . . X3O . . . . . . . . . . . . . . .
 4 . . O X @ . . . . . . . . . . O . . .
 3 . . X1O2. O . . . . . . . . . . . . .
 2 . . . . . . . . . . . . . . . . . . .
 1 . . . . . . . . . . . . . . . . . . .

koSIMPLEscoreAREAtaxNONEsui0whbNfpok1komi7.5
Time taken: 0.110714
Root visits: 94
New playouts: 94
NN rows: 84
NN batches: 29
NN avg batch size: 2.89655
PV: E4 B4 D4 B6 B3 C7 B10
Tree:
: T 115.10c W  99.99c S  15.07c (+56.9 L +54.3) N      94  --  E4 B4 D4 B6 B3 C7 B10
---White(^)---
E4  : T 116.17c W  99.99c S  16.13c (+58.1 L +55.6) LCB  115.28c P 89.05% WF 307.3 PSV     305 N      57  --  E4 B4 D4 B6 B3 C7 B10
B4  : T 114.51c W  99.98c S  14.59c (+56.1 L +53.6) LCB  113.05c P  3.10% WF 126.7 PSV       6 N      28  --  B4 E4 E3 C6 F5 B3 A4
C2  : T 100.78c W  99.99c S   0.79c (+40.2 L +37.8) LCB -249.22c P  0.15% WF   2.2 PSV       0 N       1  --  C2
C6  : T 101.17c W  99.99c S   1.18c (+40.6 L +38.2) LCB -248.83c P  0.14% WF   2.1 PSV       0 N       1  --  C6
B5  : T  97.80c W  99.97c S  -2.17c (+36.5 L +33.5) LCB -252.20c P  0.14% WF   1.9 PSV       0 N       1  --  B5
B3  : T  96.71c W  99.96c S  -3.25c (+35.3 L +32.1) LCB -253.29c P  0.12% WF   1.8 PSV       0 N       1  --  B3
N17 : T  99.99c W  99.99c S  -0.00c (+39.3 L +36.8) LCB -250.01c P  0.10% WF   2.1 PSV       0 N       1  --  N17
D7  : T  99.23c W  99.99c S  -0.76c (+38.4 L +36.2) LCB -250.77c P  0.10% WF   1.9 PSV       0 N       1  --  D7
C7  : T  98.21c W  99.98c S  -1.77c (+37.3 L +34.9) LCB -251.79c P  0.09% WF   1.9 PSV       0 N       1  --  C7
R6  : T 100.45c W 100.00c S   0.46c (+39.9 L +37.4) LCB -249.55c P  0.09% WF   2.0 PSV       0 N       1  --  R6

2025-09-17 19:46:27+0800: = E4
2025-09-17 19:46:28+0800: Controller: play B B4
2025-09-17 19:46:28+0800: = 
2025-09-17 19:46:28+0800: Controller: genmove W
2025-09-17 19:46:28+0800: MoveNum: 43 HASH: C7C2AB1FB3F59A0365B5FA59ACCD5297
   A B C D E F G H J K L M N O P Q R S T
19 . . . . . . . . . . . . . . . . . . .
18 . . . . . . . . . . . . . . . . . . .
17 . . X . . . . . . . . . . . O . . . .
16 . . O O . . . . . X . . . . . . O . .
15 . X O . O . . . . . . . X . . . . . .
14 X O O O X O . . . . . . . . . . . . .
13 O . O X . . . . . . . . . . . . . . .
12 . O X . . . . . . . . . . . . . . . X
11 O X . . . . . . . . . . . . . . X . .
10 . . . . . . . . . X . . . . . X . . .
 9 . . . . . . . . . . . . . . . . . . .
 8 . . . . . . . . . . . . . . . . . . .
 7 . . . . . . . . . . . . . . . . . . .
 6 . . . . . . . . . . . . . . . . . . .
 5 . . X1O . . . . . . . . . . . . . . .
 4 . X3O @ O2. . . . . . . . . . O . . .
 3 . . X O . O . . . . . . . . . . . . .
 2 . . . . . . . . . . . . . . . . . . .
 1 . . . . . . . . . . . . . . . . . . .

koSIMPLEscoreAREAtaxNONEsui0whbNfpok1komi7.5
Time taken: 0.116943
Root visits: 92
New playouts: 42
NN rows: 35
NN batches: 18
NN avg batch size: 1.94444
PV: D4 B6 B3 C7 N3
Tree:
: T 115.14c W  99.99c S  15.10c (+57.9 L +55.3) N      92  --  D4 B6 B3 C7 N3
---White(^)---
D4  : T 116.02c W 100.00c S  15.98c (+58.8 L +56.4) LCB  114.90c P 28.21% WF 194.1 PSV     364 N      34  --  D4 B6 B3 C7 N3
C6  : T 114.37c W  99.98c S  14.40c (+57.2 L +54.5) LCB  112.72c P 38.22% WF 132.4 PSV     108 N      26  --  C6 D4 C2 C4 B2 D6 E5 C7
C2  : T 114.76c W  99.98c S  14.67c (+57.5 L +54.8) LCB  112.56c P 15.53% WF 123.2 PSV      51 N      24  --  C2 D4 C6 C4 B2 D6 E5 C7
L16 : T 114.63c W  99.99c S  14.54c (+56.9 L +54.4) LCB   99.93c P  0.31% WF  36.5 PSV       0 N       7  --  L16 D6 D4 B6

2025-09-17 19:46:28+0800: = D4
2025-09-17 19:46:30+0800: Controller: play B D2
2025-09-17 19:46:30+0800: = 
2025-09-17 19:46:30+0800: Controller: genmove W
2025-09-17 19:46:31+0800: MoveNum: 45 HASH: EAB70F65043841E444176A6E8E489FDB
   A B C D E F G H J K L M N O P Q R S T
19 . . . . . . . . . . . . . . . . . . .
18 . . . . . . . . . . . . . . . . . . .
17 . . X . . . . . . . . . . . O . . . .
16 . . O O . . . . . X . . . . . . O . .
15 . X O . O . . . . . . . X . . . . . .
14 X O O O X O . . . . . . . . . . . . .
13 O . O X . . . . . . . . . . . . . . .
12 . O X . . . . . . . . . . . . . . . X
11 O X . . . . . . . . . . . . . . X . .
10 . . . . . . . . . X . . . . . X . . .
 9 . . . . . . . . . . . . . . . . . . .
 8 . . . . . . . . . . . . . . . . . . .
 7 . . . . . . . . . . . . . . . . . . .
 6 . . . . . . . . . . . . . . . . . . .
 5 . . X O . . . . . . . . . . . . . . .
 4 . X1O O2O . . . . . . . . . . O . . .
 3 . @ X O . O . . . . . . . . . . . . .
 2 . . . X3. . . . . . . . . . . . . . .
 1 . . . . . . . . . . . . . . . . . . .

koSIMPLEscoreAREAtaxNONEsui0whbNfpok1komi7.5
Time taken: 0.230279
Root visits: 38
New playouts: 38
NN rows: 38
NN batches: 14
NN avg batch size: 2.71429
PV: B3 B6 C2 O3
Tree:
: T 114.19c W 100.00c S  14.19c (+62.7 L +60.2) N      38  --  B3 B6 C2 O3
---White(^)---
B3  : T 116.04c W 100.00c S  15.97c (+64.9 L +62.5) LCB  112.41c P 84.24% WF  84.8 PSV      84 N      15  --  B3 B6 C2 O3
C6  : T 113.88c W 100.00c S  13.70c (+61.9 L +59.5) LCB   93.56c P  0.57% WF  24.7 PSV       0 N       6  --  C6 B5 C2
B5  : T 113.15c W 100.00c S  13.35c (+61.6 L +59.1) LCB   93.45c P  0.50% WF  27.0 PSV       0 N       6  --  B5 B2 A4 B3
B2  : T 111.52c W  99.99c S  11.69c (+59.5 L +57.1) LCB   91.71c P  0.32% WF  21.7 PSV       0 N       6  --  B2 B3 C6 B5
L16 : T 109.08c W 100.00c S   9.12c (+56.3 L +53.7) LCB  -41.93c P  0.27% WF   7.3 PSV       0 N       2  --  L16 B2
M17 : T 109.03c W 100.00c S   9.20c (+56.4 L +53.9) LCB  -42.45c P  0.27% WF   6.9 PSV       0 N       2  --  M17 B2

2025-09-17 19:46:31+0800: = B3
2025-09-17 19:46:35+0800: Controller: play B B2
2025-09-17 19:46:35+0800: = 
2025-09-17 19:46:35+0800: Controller: genmove W
2025-09-17 19:46:35+0800: MoveNum: 47 HASH: B40B06A7FA026D827CC11A4AD6037C65
   A B C D E F G H J K L M N O P Q R S T
19 . . . . . . . . . . . . . . . . . . .
18 . . . . . . . . . . . . . . . . . . .
17 . . X . . . . . . . . . . . O . . . .
16 . . O O . . . . . X . . . . . . O . .
15 . X O . O . . . . . . . X . . . . . .
14 X O O O X O . . . . . . . . . . . . .
13 O . O X . . . . . . . . . . . . . . .
12 . O X . . . . . . . . . . . . . . . X
11 O X . . . . . . . . . . . . . . X . .
10 . . . . . . . . . X . . . . . X . . .
 9 . . . . . . . . . . . . . . . . . . .
 8 . . . . . . . . . . . . . . . . . . .
 7 . . . . . . . . . . . . . . . . . . .
 6 . . . . . . . . . . . . . . . . . . .
 5 . . X O . . . . . . . . . . . . . . .
 4 . X O O O . . . . . . . . . . O . . .
 3 . O2X O . O . . . . . . . . . . . . .
 2 . X3@ X1. . . . . . . . . . . . . . .
 1 . . . . . . . . . . . . . . . . . . .

koSIMPLEscoreAREAtaxNONEsui0whbNfpok1komi7.5
Time taken: 0.246835
Root visits: 27
New playouts: 27
NN rows: 27
NN batches: 10
NN avg batch size: 2.7
PV: C2 A3 C3 O3
Tree:
: T 115.34c W 100.00c S  15.14c (+65.5 L +63.1) N      27  --  C2 A3 C3 O3
---White(^)---
C2  : T 118.37c W 100.00c S  18.23c (+69.6 L +67.3) LCB  112.37c P 89.11% WF  68.1 PSV      67 N      11  --  C2 A3 C3 O3
A3  : T 115.67c W 100.00c S  15.00c (+64.8 L +62.4) LCB   87.50c P  2.86% WF  23.3 PSV       1 N       5  --  A3 B6 C2
L17 : T 106.53c W 100.00c S   6.20c (+54.1 L +51.6) LCB   62.79c P  0.10% WF   9.5 PSV       0 N       4  --  L17 A3 L16
N17 : T 106.28c W 100.00c S   6.01c (+53.9 L +51.4) LCB   31.30c P  0.12% WF   6.8 PSV       0 N       3  --  N17 A3 C6
M16 : T 103.55c W 100.00c S   3.55c (+51.2 L +48.7) LCB -246.45c P  0.11% WF   2.0 PSV       0 N       1  --  M16
L16 : T 104.63c W 100.00c S   4.64c (+52.4 L +49.8) LCB -245.37c P  0.10% WF   2.2 PSV       0 N       1  --  L16
H16 : T 103.33c W 100.00c S   3.34c (+50.9 L +48.2) LCB -246.67c P  0.10% WF   2.1 PSV       0 N       1  --  H16

2025-09-17 19:46:35+0800: = C2
2025-09-17 19:46:37+0800: Controller: play B A3
2025-09-17 19:46:37+0800: = 
2025-09-17 19:46:37+0800: Controller: genmove W
2025-09-17 19:46:37+0800: MoveNum: 49 HASH: 70529838731627010030DA4792881A61
   A B C D E F G H J K L M N O P Q R S T
19 . . . . . . . . . . . . . . . . . . .
18 . . . . . . . . . . . . . . . . . . .
17 . . X . . . . . . . . . . . O . . . .
16 . . O O . . . . . X . . . . . . O . .
15 . X O . O . . . . . . . X . . . . . .
14 X O O O X O . . . . . . . . . . . . .
13 O . O X . . . . . . . . . . . . . . .
12 . O X . . . . . . . . . . . . . . . X
11 O X . . . . . . . . . . . . . . X . .
10 . . . . . . . . . X . . . . . X . . .
 9 . . . . . . . . . . . . . . . . . . .
 8 . . . . . . . . . . . . . . . . . . .
 7 . . . . . . . . . . . . . . . . . . .
 6 . . . . . . . . . . . . . . . . . . .
 5 . . X O . . . . . . . . . . . . . . .
 4 . X O O O . . . . . . . . . . O . . .
 3 X3O @ O . O . . . . . . . . . . . . .
 2 . X1O2X . . . . . . . . . . . . . . .
 1 . . . . . . . . . . . . . . . . . . .

koSIMPLEscoreAREAtaxNONEsui0whbNfpok1komi7.5
Time taken: 0.179345
Root visits: 93
New playouts: 88
NN rows: 87
NN batches: 29
NN avg batch size: 3
PV: C3 C7 C6 B6 B5 O3
Tree:
: T 116.20c W 100.00c S  16.29c (+68.5 L +66.2) N      93  --  C3 C7 C6 B6 B5 O3
---White(^)---
C3  : T 116.97c W 100.00c S  17.01c (+69.6 L +67.3) LCB  116.30c P 68.59% WF 319.4 PSV     318 N      54  --  C3 C7 C6 B6 B5 O3
C6  : T 114.98c W 100.00c S  15.19c (+67.0 L +64.5) LCB  112.14c P  2.51% WF  82.8 PSV       5 N      16  --  C6 C3 J10 C1 K9
L16 : T 115.07c W 100.00c S  15.10c (+66.8 L +64.4) LCB  110.80c P  0.59% WF  67.4 PSV       1 N      13  --  L16 C3 K15 C1
M17 : T 114.70c W 100.00c S  14.90c (+66.4 L +63.9) LCB  105.79c P  0.62% WF  44.8 PSV       1 N       9  --  M17 C3 C6 C1

2025-09-17 19:46:37+0800: = C3
2025-09-17 19:46:39+0800: Controller: play B C1
2025-09-17 19:46:39+0800: = 
2025-09-17 19:46:39+0800: Controller: genmove W
2025-09-17 19:46:39+0800: MoveNum: 51 HASH: 90926D7FBA1A84C6514A16DF7B8C28AF
   A B C D E F G H J K L M N O P Q R S T
19 . . . . . . . . . . . . . . . . . . .
18 . . . . . . . . . . . . . . . . . . .
17 . . X . . . . . . . . . . . O . . . .
16 . . O O . . . . . X . . . . . . O . .
15 . X O . O . . . . . . . X . . . . . .
14 X O O O X O . . . . . . . . . . . . .
13 O . O X . . . . . . . . . . . . . . .
12 . O X . . . . . . . . . . . . . . . X
11 O X . . . . . . . . . . . . . . X . .
10 . . . . . . . . . X . . . . . X . . .
 9 . . . . . . . . . . . . . . . . . . .
 8 . . . . . . . . . . . . . . . . . . .
 7 . . . . . . . . . . . . . . . . . . .
 6 . . @ . . . . . . . . . . . . . . . .
 5 . . X O . . . . . . . . . . . . . . .
 4 . X O O O . . . . . . . . . . O . . .
 3 X1O O2O . O . . . . . . . . . . . . .
 2 . X O X . . . . . . . . . . . . . . .
 1 . . X3. . . . . . . . . . . . . . . .

koSIMPLEscoreAREAtaxNONEsui0whbNfpok1komi7.5
Time taken: 0.226008
Root visits: 50
New playouts: 50
NN rows: 50
NN batches: 18
NN avg batch size: 2.77778
PV: C6 G9 M3
Tree:
: T 118.27c W 100.00c S  17.92c (+78.9 L +76.6) N      50  --  C6 G9 M3
---White(^)---
C6  : T 118.65c W 100.00c S  18.20c (+78.9 L +76.6) LCB  109.78c P 31.34% WF  55.2 PSV      55 N       9  --  C6 G9 M3
C7  : T 118.89c W 100.00c S  18.20c (+79.1 L +76.7) LCB  107.68c P 15.41% WF  48.2 PSV      29 N       8  --  C7 L3 N3
D8  : T 118.61c W 100.00c S  18.03c (+78.9 L +76.6) LCB  107.34c P  9.74% WF  46.8 PSV      17 N       8  --  D8 L3 J3
E8  : T 118.16c W 100.00c S  17.80c (+78.9 L +76.7) LCB  106.73c P  6.40% WF  47.2 PSV      10 N       8  --  E8 C7 C6
F8  : T 118.16c W 100.00c S  18.11c (+79.7 L +77.3) LCB  107.05c P  4.45% WF  46.5 PSV       7 N       8  --  F8 C6 C8 D6
D7  : T 117.35c W 100.00c S  17.24c (+77.9 L +75.7) LCB   97.76c P  3.24% WF  35.1 PSV       4 N       6  --  D7 C8 C6
C8  : T 117.01c W 100.00c S  17.50c (+77.9 L +75.5) LCB  -32.48c P  1.78% WF  11.4 PSV       2 N       2  --  C8 D6

2025-09-17 19:46:39+0800: = C6
2025-09-17 19:46:40+0800: Controller: play B E2
2025-09-17 19:46:40+0800: = 
2025-09-17 19:46:40+0800: Controller: genmove W
2025-09-17 19:46:41+0800: MoveNum: 53 HASH: CF1B5157A3762C6F7AC01E614357E489
   A B C D E F G H J K L M N O P Q R S T
19 . . . . . . . . . . . . . . . . . . .
18 . . . . . . . . . . . . . . . . . . .
17 . . X . . . . . . . . . . . O . . . .
16 . . O O . . . . . X . . . . . . O . .
15 . X O . O . . . . . . . X . . . . . .
14 X O O O X O . . . . . . . . . . . . .
13 O . O X . . . . . . . . . . . . . . .
12 . O X . . . . . . . . . . . . . . . X
11 O X . . . . . . . . . . . . . . X . .
10 . . . . . . . . . X . . . . . X . . .
 9 . . . . . . . . . . . . . . . . . . .
 8 . . . . . . . . . . . . . . . . . . .
 7 . . . . . . . . . . . . . . . . . . .
 6 . . O2. . . . . . . . . . . . . . . .
 5 . . X O . . . . . . . . . . . . . . .
 4 . X O O O . . . . . . . . . . O . . .
 3 X O O O . O . . . @ . . . . . . . . .
 2 . X O X X3. . . . . . . . . . . . . .
 1 . . X1. . . . . . . . . . . . . . . .

koSIMPLEscoreAREAtaxNONEsui0whbNfpok1komi7.5
Time taken: 0.125094
Root visits: 94
New playouts: 94
NN rows: 94
NN batches: 33
NN avg batch size: 2.84848
PV: K3 C7 D7 D8
Tree:
: T 118.60c W 100.00c S  18.22c (+86.2 L +83.9) N      94  --  K3 C7 D7 D8
---White(^)---
K3  : T 119.32c W 100.00c S  18.83c (+86.9 L +84.6) LCB  117.15c P 29.12% WF 118.9 PSV     120 N      20  --  K3 C7 D7 D8
J3  : T 118.55c W 100.00c S  18.31c (+86.2 L +83.9) LCB  115.05c P 19.99% WF  93.4 PSV      59 N      16  --  J3 C7 D7 B6
K4  : T 118.98c W 100.00c S  18.53c (+86.7 L +84.4) LCB  115.85c P  6.84% WF  93.4 PSV      24 N      16  --  K4 H3 K2 H5
L3  : T 118.37c W 100.00c S  17.86c (+86.0 L +83.7) LCB  113.22c P  3.72% WF  65.1 PSV      10 N      12  --  L3 H3 J4 J3 K3
J4  : T 118.63c W 100.00c S  18.17c (+85.9 L +83.6) LCB  115.22c P  2.34% WF  85.5 PSV       7 N      15  --  J4 C7 D7 D8
H3  : T 117.57c W 100.00c S  17.16c (+84.8 L +82.8) LCB  106.29c P  1.32% WF  45.0 PSV       2 N       8  --  H3 C7 D7
H9  : T 117.24c W 100.00c S  17.67c (+85.7 L +83.4) LCB  -33.09c P  1.25% WF  11.0 PSV       2 N       2  --  H9 H3
L4  : T 116.91c W 100.00c S  17.27c (+85.0 L +82.5) LCB  -32.91c P  1.24% WF  11.0 PSV       2 N       2  --  L4 H3
J10 : T 117.11c W 100.00c S  17.42c (+85.4 L +83.1) LCB  -34.31c P  1.21% WF  10.9 PSV       2 N       2  --  J10 H3

2025-09-17 19:46:41+0800: = K3
2025-09-17 19:46:43+0800: Controller: play B J3
2025-09-17 19:46:43+0800: = 
2025-09-17 19:46:43+0800: Controller: genmove W
2025-09-17 19:46:43+0800: MoveNum: 55 HASH: C471947CECF26482325C56346341A14A
   A B C D E F G H J K L M N O P Q R S T
19 . . . . . . . . . . . . . . . . . . .
18 . . . . . . . . . . . . . . . . . . .
17 . . X . . . . . . . . . . . O . . . .
16 . . O O . . . . . X . . . . . . O . .
15 . X O . O . . . . . . . X . . . . . .
14 X O O O X O . . . . . . . . . . . . .
13 O . O X . . . . . . . . . . . . . . .
12 . O X . . . . . . . . . . . . . . . X
11 O X . . . . . . . . . . . . . . X . .
10 . . . . . . . . . X . . . . . X . . .
 9 . . . . . . . . . . . . . . . . . . .
 8 . . . . . . . . . . . . . . . . . . .
 7 . . . . . . . . . . . . . . . . . . .
 6 . . O . . . . . . . . . . . . . . . .
 5 . . X O . . . . . . . . . . . . . . .
 4 . X O O O . . . . @ . . . . . O . . .
 3 X O O O . O . . X3O2. . . . . . . . .
 2 . X O X X1. . . . . . . . . . . . . .
 1 . . X . . . . . . . . . . . . . . . .

koSIMPLEscoreAREAtaxNONEsui0whbNfpok1komi7.5
Time taken: 0.228885
Root visits: 75
New playouts: 75
NN rows: 73
NN batches: 25
NN avg batch size: 2.92
PV: J4 C7 D7 D8 E7
Tree:
: T 118.20c W 100.00c S  17.95c (+87.4 L +85.1) N      75  --  J4 C7 D7 D8 E7
---White(^)---
J4  : T 119.07c W 100.00c S  18.75c (+88.3 L +85.9) LCB  116.16c P 39.05% WF 109.9 PSV     129 N      19  --  J4 C7 D7 D8 E7
K4  : T 118.54c W 100.00c S  18.41c (+88.3 L +86.1) LCB  115.95c P 43.91% WF 114.6 PSV     114 N      20  --  K4 G3 F2 G5
J2  : T 119.03c W 100.00c S  18.38c (+87.7 L +85.3) LCB  113.87c P  0.51% WF  65.4 PSV       1 N      12  --  J2 K4 J4
K2  : T 116.87c W 100.00c S  16.74c (+85.3 L +82.9) LCB  109.69c P  0.40% WF  47.8 PSV       0 N      10  --  K2 J5 K4 G3
L4  : T 116.59c W 100.00c S  16.66c (+85.8 L +83.6) LCB  107.83c P  0.54% WF  42.7 PSV       0 N       9  --  L4 J4 L6 J7
L3  : T 115.54c W 100.00c S  15.57c (+84.4 L +82.2) LCB   72.66c P  0.40% WF  18.4 PSV       0 N       4  --  L3 G3

2025-09-17 19:46:43+0800: = K4
2025-09-17 19:46:44+0800: Controller: play B K5
2025-09-17 19:46:44+0800: = 
2025-09-17 19:46:44+0800: Controller: genmove W
2025-09-17 19:46:44+0800: MoveNum: 57 HASH: D520F65CE363ED3F4EED347892CBD144
   A B C D E F G H J K L M N O P Q R S T
19 . . . . . . . . . . . . . . . . . . .
18 . . . . . . . . . . . . . . . . . . .
17 . . X . . . . . . . . . . . O . . . .
16 . . O O . . . . . X . . . . . . O . .
15 . X O . O . . . . . . . X . . . . . .
14 X O O O X O . . . . . . . . . . . . .
13 O . O X . . . . . . . . . . . . . . .
12 . O X . . . . . . . . . . . . . . . X
11 O X . . . . . . . . . . . . . . X . .
10 . . . . . . . . . X . . . . . X . . .
 9 . . . . . . . . . . . . . . . . . . .
 8 . . . . . . . . . . . . . . . . . . .
 7 . . . . . . . . . . . . . . . . . . .
 6 . . O . . . . . . . . . . . . . . . .
 5 . . X O . . . . . X3. . . . . . . . .
 4 . X O O O . . . @ O2. . . . . O . . .
 3 X O O O . O . . X1O . . . . . . . . .
 2 . X O X X . . . . . . . . . . . . . .
 1 . . X . . . . . . . . . . . . . . . .

koSIMPLEscoreAREAtaxNONEsui0whbNfpok1komi7.5
Time taken: 0.215226
Root visits: 94
New playouts: 94
NN rows: 94
NN batches: 32
NN avg batch size: 2.9375
PV: J4 G9 J8 J5
Tree:
: T 117.89c W 100.00c S  17.83c (+90.0 L +87.8) N      94  --  J4 G9 J8 J5
---White(^)---
J4  : T 118.55c W 100.00c S  18.52c (+90.9 L +88.8) LCB  117.32c P 61.63% WF 234.5 PSV     233 N      39  --  J4 G9 J8 J5
J5  : T 118.13c W 100.00c S  18.07c (+90.2 L +88.0) LCB  115.40c P 19.65% WF 100.3 PSV      62 N      18  --  J5 C7 D7 D8
L5  : T 117.04c W 100.00c S  17.11c (+89.2 L +87.0) LCB  113.53c P  1.37% WF  74.2 PSV       3 N      15  --  L5 J4 J5 K6 H5 L4
M3  : T 117.09c W 100.00c S  16.70c (+88.3 L +85.9) LCB  110.76c P  0.46% WF  55.3 PSV       1 N      11  --  M3 G3 J4
H5  : T 116.86c W 100.00c S  16.77c (+88.4 L +86.2) LCB  105.63c P  0.62% WF  40.2 PSV       1 N       8  --  H5 C7 L5
J2  : T 115.49c W 100.00c S  15.79c (+86.6 L +84.3) LCB  -33.96c P  0.49% WF  10.1 PSV       0 N       2  --  J2 J5

2025-09-17 19:46:44+0800: = J4
2025-09-17 19:46:45+0800: Controller: play B H4
2025-09-17 19:46:45+0800: = 
2025-09-17 19:46:45+0800: Controller: genmove W
2025-09-17 19:46:46+0800: MoveNum: 59 HASH: 2DD6476CA69D0043CEDBAE0570BE7C84
   A B C D E F G H J K L M N O P Q R S T
19 . . . . . . . . . . . . . . . . . . .
18 . . . . . . . . . . . . . . . . . . .
17 . . X . . . . . . . . . . . O . . . .
16 . . O O . . . . . X . . . . . . O . .
15 . X O . O . . . . . . . X . . . . . .
14 X O O O X O . . . . . . . . . . . . .
13 O . O X . . . . . . . . . . . . . . .
12 . O X . . . . . . . . . . . . . . . X
11 O X . . . . . . . . . . . . . . X . .
10 . . . . . . . . . X . . . . . X . . .
 9 . . . . . . . . . . . . . . . . . . .
 8 . . . . . . . . . . . . . . . . . . .
 7 . . . . . . . . . . . . . . . . . . .
 6 . . O . . . . . . . . . . . . . . . .
 5 . . X O . . . . @ X1. . . . . . . . .
 4 . X O O O . . X3O2O . . . . . O . . .
 3 X O O O . O . . X O . . . . . . . . .
 2 . X O X X . . . . . . . . . . . . . .
 1 . . X . . . . . . . . . . . . . . . .

koSIMPLEscoreAREAtaxNONEsui0whbNfpok1komi7.5
Time taken: 0.116605
Root visits: 94
New playouts: 94
NN rows: 93
NN batches: 32
NN avg batch size: 2.90625
PV: J5 G3 H5 G5 G6 F2
Tree:
: T 117.53c W 100.00c S  17.31c (+92.7 L +90.5) N      94  --  J5 G3 H5 G5 G6 F2
---White(^)---
J5  : T 118.20c W 100.00c S  17.99c (+93.9 L +91.8) LCB  117.05c P 68.16% WF 201.4 PSV     200 N      35  --  J5 G3 H5 G5 G6 F2
H5  : T 117.44c W 100.00c S  17.30c (+92.6 L +90.4) LCB  113.87c P  5.09% WF  86.2 PSV      11 N      16  --  H5 C7 D7 D8
H6  : T 117.28c W 100.00c S  17.15c (+92.3 L +90.0) LCB  113.94c P  1.04% WF  81.3 PSV       2 N      16  --  H6 C7 D7 D8
H3  : T 117.21c W 100.00c S  16.67c (+91.1 L +88.9) LCB  113.33c P  0.79% WF  72.9 PSV       1 N      14  --  H3 C7 D7 D8 E7
L5  : T 116.40c W 100.00c S  16.20c (+91.0 L +88.7) LCB  107.55c P  0.71% WF  42.3 PSV       1 N       9  --  L5 G3 H5 G5
H8  : T 115.30c W 100.00c S  15.39c (+90.3 L +87.9) LCB   41.15c P  0.56% WF  14.2 PSV       0 N       3  --  H8 J5

2025-09-17 19:46:46+0800: = J5
2025-09-17 19:46:47+0800: Controller: play B J6
2025-09-17 19:46:47+0800: = 
2025-09-17 19:46:47+0800: Controller: genmove W
2025-09-17 19:46:47+0800: MoveNum: 61 HASH: 89A5D58C63319A320A3FE8825C0995A3
   A B C D E F G H J K L M N O P Q R S T
19 . . . . . . . . . . . . . . . . . . .
18 . . . . . . . . . . . . . . . . . . .
17 . . X . . . . . . . . . . . O . . . .
16 . . O O . . . . . X . . . . . . O . .
15 . X O . O . . . . . . . X . . . . . .
14 X O O O X O . . . . . . . . . . . . .
13 O . O X . . . . . . . . . . . . . . .
12 . O X . . . . . . . . . . . . . . . X
11 O X . . . . . . . . . . . . . . X . .
10 . . . . . . . . . X . . . . . X . . .
 9 . . . . . . . . . . . . . . . . . . .
 8 . . . . . . . . . . . . . . . . . . .
 7 . . . . . . . . . . . . . . . . . . .
 6 . . O . . . . @ X3. . . . . . . . . .
 5 . . X O . . . . O2X . . . . . . . . .
 4 . X O O O . . X1O O . . . . . O . . .
 3 X O O O . O . . X O . . . . . . . . .
 2 . X O X X . . . . . . . . . . . . . .
 1 . . X . . . . . . . . . . . . . . . .

koSIMPLEscoreAREAtaxNONEsui0whbNfpok1komi7.5
Time taken: 0.18789
Root visits: 94
New playouts: 94
NN rows: 94
NN batches: 33
NN avg batch size: 2.84848
PV: H6 C7 D7 K2 J2
Tree:
: T 118.27c W 100.00c S  18.04c (+96.1 L +94.0) N      94  --  H6 C7 D7 K2 J2
---White(^)---
H6  : T 118.74c W 100.00c S  18.67c (+97.2 L +95.1) LCB  117.40c P 54.03% WF 197.0 PSV     196 N      35  --  H6 C7 D7 K2 J2
H5  : T 118.63c W 100.00c S  18.26c (+95.5 L +93.3) LCB  115.83c P 13.82% WF  95.0 PSV      48 N      17  --  H5 C7 D7 D8
K6  : T 118.72c W 100.00c S  18.02c (+96.0 L +93.9) LCB  115.26c P  2.48% WF  80.5 PSV       8 N      15  --  K6 H5 H6 J7 H7
L5  : T 117.45c W 100.00c S  17.37c (+95.4 L +93.2) LCB  114.54c P  1.82% WF  84.8 PSV       4 N      17  --  L5 H5 H6 G3 G6
J9  : T 116.47c W 100.00c S  16.53c (+94.3 L +92.1) LCB   96.87c P  0.60% WF  28.8 PSV       1 N       6  --  J9 H5 H6 G3
H9  : T 115.87c W 100.00c S  16.05c (+93.4 L +91.1) LCB   41.57c P  0.57% WF  14.7 PSV       0 N       3  --  H9 H6

2025-09-17 19:46:47+0800: = H6
2025-09-17 19:46:48+0800: Controller: play B H5
2025-09-17 19:46:48+0800: = 
2025-09-17 19:46:48+0800: Controller: genmove W
2025-09-17 19:46:48+0800: MoveNum: 63 HASH: AFF005DE7034E35048B9EDB7E4B59B4D
   A B C D E F G H J K L M N O P Q R S T
19 . . . . . . . . . . . . . . . . . . .
18 . . . . . . . . . . . . . . . . . . .
17 . . X . . . . . . . . . . . O . . . .
16 . . O O . . . . . X . . . . . . O . .
15 . X O . O . . . . . . . X . . . . . .
14 X O O O X O . . . . . . . . . . . . .
13 O . O X . . . . . . . . . . . . . . .
12 . O X . . . . . . . . . . . . . . . X
11 O X . . . . . . . . . . . . . . X . .
10 . . . . . . . . . X . . . . . X . . .
 9 . . . . . . . . . . . . . . . . . . .
 8 . . . . . . . . . . . . . . . . . . .
 7 . . . . . . . @ . . . . . . . . . . .
 6 . . O . . . . O2X1. . . . . . . . . .
 5 . . X O . . . X3O X . . . . . . . . .
 4 . X O O O . . X O O . . . . . O . . .
 3 X O O O . O . . X O . . . . . . . . .
 2 . X O X X . . . . . . . . . . . . . .
 1 . . X . . . . . . . . . . . . . . . .

koSIMPLEscoreAREAtaxNONEsui0whbNfpok1komi7.5
Time taken: 0.0985253
Root visits: 94
New playouts: 90
NN rows: 80
NN batches: 27
NN avg batch size: 2.96296
PV: H7 K2 J2 L3 L4
Tree:
: T 116.70c W 100.00c S  16.57c (+97.1 L +95.0) N      94  --  H7 K2 J2 L3 L4
---White(^)---
H7  : T 117.10c W 100.00c S  16.96c (+97.5 L +95.5) LCB  115.62c P 51.92% WF 159.4 PSV     159 N      31  --  H7 K2 J2 L3 L4
J7  : T 117.37c W 100.00c S  17.33c (+98.6 L +96.5) LCB  113.62c P 12.51% WF  83.5 PSV      42 N      16  --  J7 K6 H7 K2 J2
G6  : T 116.68c W 100.00c S  16.75c (+97.0 L +94.9) LCB  112.47c P 10.21% WF  71.3 PSV      27 N      14  --  G6 C7 D7 K2
K6  : T 116.55c W 100.00c S  16.14c (+96.4 L +94.4) LCB  113.73c P  1.74% WF  80.8 PSV       4 N      17  --  K6 J7 H7 H8 G8
L5  : T 115.02c W 100.00c S  14.95c (+94.9 L +92.7) LCB  111.40c P  1.11% WF  62.8 PSV       1 N      15  --  L5 G3 G6 F2

2025-09-17 19:46:48+0800: = H7
2025-09-17 19:46:51+0800: Controller: play B L4
2025-09-17 19:46:51+0800: = 
2025-09-17 19:46:51+0800: Controller: genmove W
2025-09-17 19:46:51+0800: MoveNum: 65 HASH: C45A4A8E0B92731DFE0D32BDD97213FC
   A B C D E F G H J K L M N O P Q R S T
19 . . . . . . . . . . . . . . . . . . .
18 . . . . . . . . . . . . . . . . . . .
17 . . X . . . . . . . . . . . O . . . .
16 . . O O . . . . . X . . . . . . O . .
15 . X O . O . . . . . . . X . . . . . .
14 X O O O X O . . . . . . . . . . . . .
13 O . O X . . . . . . . . . . . . . . .
12 . O X . . . . . . . . . . . . . . . X
11 O X . . . . . . . . . . . . . . X . .
10 . . . . . . . . . X . . . . . X . . .
 9 . . . . . . . . . . . . . . . . . . .
 8 . . . . . . . . . . . . . . . . . . .
 7 . . . . . . . O2. . . . . . . . . . .
 6 . . O . . . . O X . . . . . . . . . .
 5 . . X O . . . X1O X . . . . . . . . .
 4 . X O O O . . X O O X3. . . . O . . .
 3 X O O O . O . . X O @ . . . . . . . .
 2 . X O X X . . . . . . . . . . . . . .
 1 . . X . . . . . . . . . . . . . . . .

koSIMPLEscoreAREAtaxNONEsui0whbNfpok1komi7.5
Time taken: 0.234428
Root visits: 81
New playouts: 81
NN rows: 81
NN batches: 28
NN avg batch size: 2.89286
PV: L3 C7 D7 D8 E7
Tree:
: T 116.14c W 100.00c S  16.04c (+99.7 L +97.8) N      81  --  L3 C7 D7 D8 E7
---White(^)---
L3  : T 117.90c W 100.00c S  17.70c (+101.9 L +99.8) LCB  116.10c P 51.73% WF 146.7 PSV     157 N      27  --  L3 C7 D7 D8 E7
K6  : T 115.59c W 100.00c S  15.35c (+98.9 L +97.1) LCB  111.51c P 34.89% WF  62.7 PSV      52 N      15  --  K6 K2 L3 L2 M3 G3
K2  : T 115.06c W 100.00c S  15.32c (+98.6 L +96.9) LCB  111.28c P  4.05% WF  66.7 PSV       5 N      14  --  K2 K6 M3 H9
L5  : T 114.49c W  99.99c S  14.16c (+97.3 L +95.5) LCB  106.82c P  3.45% WF  40.1 PSV       4 N      10  --  L5 K2 L3 L2 M3 H2
L2  : T 115.01c W 100.00c S  15.20c (+98.2 L +96.3) LCB  109.01c P  0.67% WF  49.1 PSV       0 N      11  --  L2 K6 H10 C7
J2  : T 113.43c W 100.00c S  13.76c (+96.3 L +94.4) LCB   38.30c P  0.39% WF  12.4 PSV       0 N       3  --  J2 L3

2025-09-17 19:46:51+0800: = L3
2025-09-17 19:46:52+0800: Controller: play B M3
2025-09-17 19:46:52+0800: = 
2025-09-17 19:46:52+0800: Controller: genmove W
2025-09-17 19:46:52+0800: MoveNum: 67 HASH: 50A281DCD6786AD31BBE995205A6D0E5
   A B C D E F G H J K L M N O P Q R S T
19 . . . . . . . . . . . . . . . . . . .
18 . . . . . . . . . . . . . . . . . . .
17 . . X . . . . . . . . . . . O . . . .
16 . . O O . . . . . X . . . . . . O . .
15 . X O . O . . . . . . . X . . . . . .
14 X O O O X O . . . . . . . . . . . . .
13 O . O X . . . . . . . . . . . . . . .
12 . O X . . . . . . . . . . . . . . . X
11 O X . . . . . . . . . . . . . . X . .
10 . . . . . . . . . X . . . . . X . . .
 9 . . . . . . . . . . . . . . . . . . .
 8 . . . . . . . . . . . . . . . . . . .
 7 . . . . . . . O . . . . . . . . . . .
 6 . . O . . . . O X . . . . . . . . . .
 5 . . X O . . . X O X @ . . . . . . . .
 4 . X O O O . . X O O X1. . . . O . . .
 3 X O O O . O . . X O O2X3. . . . . . .
 2 . X O X X . . . . . . . . . . . . . .
 1 . . X . . . . . . . . . . . . . . . .

koSIMPLEscoreAREAtaxNONEsui0whbNfpok1komi7.5
Time taken: 0.101926
Root visits: 94
New playouts: 92
NN rows: 93
NN batches: 31
NN avg batch size: 3
PV: L5 C7 D7 D8 C8
Tree:
: T 116.98c W 100.00c S  16.63c (+104.4 L +102.5) N      94  --  L5 C7 D7 D8 C8
---White(^)---
L5  : T 117.34c W 100.00c S  17.05c (+104.9 L +102.9) LCB  115.50c P 56.20% WF 162.4 PSV     162 N      31  --  L5 C7 D7 D8 C8
K6  : T 117.75c W  99.99c S  17.59c (+106.1 L +104.2) LCB  115.45c P 23.01% WF 100.4 PSV      78 N      20  --  K6 K2 L2 M2
M2  : T 116.72c W 100.00c S  16.01c (+103.0 L +101.0) LCB  113.30c P 11.69% WF  78.8 PSV      27 N      16  --  M2 C7 D7 D8 E7
M4  : T 116.16c W  99.99c S  15.86c (+103.4 L +101.7) LCB  112.40c P  4.46% WF  64.2 PSV       9 N      15  --  M4 K2 L2 M2
J7  : T 116.28c W  99.99c S  15.66c (+103.5 L +101.6) LCB  107.40c P  0.41% WF  32.6 PSV       0 N       9  --  J7 K6 M2
K2  : T 112.35c W 100.00c S  12.79c (+98.5 L +96.8) LCB  -37.10c P  0.43% WF   7.1 PSV       0 N       2  --  K2 L5

2025-09-17 19:46:52+0800: = L5
2025-09-17 19:46:55+0800: Controller: play B L2
2025-09-17 19:46:55+0800: = 
2025-09-17 19:46:55+0800: Controller: genmove W
2025-09-17 19:46:55+0800: MoveNum: 69 HASH: A16720574B398D0A50E3C8EF280D0A0E
   A B C D E F G H J K L M N O P Q R S T
19 . . . . . . . . . . . . . . . . . . .
18 . . . . . . . . . . . . . . . . . . .
17 . . X . . . . . . . . . . . O . . . .
16 . . O O . . . . . X . . . . . . O . .
15 . X O . O . . . . . . . X . . . . . .
14 X O O O X O . . . . . . . . . . . . .
13 O . O X . . . . . . . . . . . . . . .
12 . O X . . . . . . . . . . . . . . . X
11 O X . . . . . . . . . . . . . . X . .
10 . . . . . . . . . X . . . . . X . . .
 9 . . . . . . . . . . . . . . . . . . .
 8 . . . . . . . . . . . . . . . . . . .
 7 . . . . . . . O . . . . . . . . . . .
 6 . . O . . . . O X . . . . . . . . . .
 5 . . X O . . . X O X O2. . . . . . . .
 4 . X O O O . . X O O X . . . . O . . .
 3 X O O O . O . . X O O X1. . . . . . .
 2 . X O X X . . . . @ X3. . . . . . . .
 1 . . X . . . . . . . . . . . . . . . .

koSIMPLEscoreAREAtaxNONEsui0whbNfpok1komi7.5
Time taken: 0.227253
Root visits: 61
New playouts: 61
NN rows: 62
NN batches: 22
NN avg batch size: 2.81818
PV: K2 C7 D7 D8
Tree:
: T 118.62c W 100.00c S  18.21c (+105.3 L +103.4) N      61  --  K2 C7 D7 D8
---White(^)---
K2  : T 120.05c W 100.00c S  19.81c (+107.4 L +105.5) LCB  118.90c P 93.51% WF 257.2 PSV     256 N      46  --  K2 C7 D7 D8
K6  : T 111.64c W 100.00c S  11.61c (+95.1 L +92.9) LCB   91.57c P  2.07% WF  18.4 PSV       1 N       6  --  K6 K2 M4 H2
M4  : T 107.30c W 100.00c S   9.31c (+91.8 L +89.8) LCB   31.37c P  1.85% WF  10.1 PSV       0 N       3  --  M4 K2 L4
H3  : T  81.96c W  99.99c S -18.03c (+41.7 L +39.2) LCB -268.04c P  0.03% WF   0.6 PSV       0 N       1  --  H3
L16 : T  83.20c W 100.00c S -16.80c (+45.4 L +42.6) LCB -266.80c P  0.03% WF   0.7 PSV       0 N       1  --  L16
M17 : T  83.45c W 100.00c S -16.55c (+46.5 L +43.7) LCB -266.55c P  0.03% WF   0.7 PSV       0 N       1  --  M17
K15 : T  83.28c W 100.00c S -16.71c (+45.4 L +42.5) LCB -266.72c P  0.03% WF   0.6 PSV       0 N       1  --  K15
R6  : T  83.68c W 100.00c S -16.32c (+48.0 L +45.8) LCB -266.32c P  0.03% WF   0.7 PSV       0 N       1  --  R6

2025-09-17 19:46:55+0800: = K2
2025-09-17 19:46:58+0800: Controller: play B J2
2025-09-17 19:46:58+0800: = 
2025-09-17 19:46:58+0800: Controller: genmove W
2025-09-17 19:46:58+0800: MoveNum: 71 HASH: 96BF528D5EEB0EA486178F8D7C930993
   A B C D E F G H J K L M N O P Q R S T
19 . . . . . . . . . . . . . . . . . . .
18 . . . . . . . . . . . . . . . . . . .
17 . . X . . . . . . . . . . . O . . . .
16 . . O O . . . . . X . . . . . . O . .
15 . X O . O . . . . . . . X . . . . . .
14 X O O O X O . . . . . . . . . . . . .
13 O . O X . . . . . . . . . . . . . . .
12 . O X . . . . . . . . . . . . . . . X
11 O X . . . . . . . . . . . . . . X . .
10 . . . . . . . . . X . . . . . X . . .
 9 . . . . . . . . . . . . . . . . . . .
 8 . . . . . . . . . . . . . . . . . . .
 7 . . . . . . . O . . . . . . . . . . .
 6 . . O . . . . O X @ . . . . . . . . .
 5 . . X O . . . X O X O . . . . . . . .
 4 . X O O O . . X O O X . . . . O . . .
 3 X O O O . O . . X O O X . . . . . . .
 2 . X O X X . . . X3O2X1. . . . . . . .
 1 . . X . . . . . . . . . . . . . . . .

koSIMPLEscoreAREAtaxNONEsui0whbNfpok1komi7.5
Time taken: 0.229842
Root visits: 57
New playouts: 53
NN rows: 43
NN batches: 15
NN avg batch size: 2.86667
PV: K6 K1 M4 G3 F2
Tree:
: T 117.70c W 100.00c S  16.97c (+109.4 L +107.7) N      57  --  K6 K1 M4 G3 F2
---White(^)---
K6  : T 118.66c W 100.00c S  17.98c (+110.9 L +109.2) LCB  115.18c P 24.60% WF  92.8 PSV     125 N      20  --  K6 K1 M4 G3 F2
M4  : T 118.45c W 100.00c S  17.93c (+111.0 L +109.3) LCB  114.64c P 40.20% WF  89.7 PSV      90 N      20  --  M4 K1 K6 G3 F2
K1  : T 116.40c W 100.00c S  16.02c (+107.1 L +105.1) LCB  111.94c P 33.44% WF  62.8 PSV      55 N      13  --  K1 G10 M17
J7  : T  81.74c W 100.00c S -18.25c (+44.8 L +42.4) LCB -268.26c P  0.02% WF   0.6 PSV       0 N       1  --  J7
L16 : T  81.17c W  99.98c S -18.82c (+42.9 L +40.3) LCB -268.83c P  0.02% WF   0.6 PSV       0 N       1  --  L16
M17 : T  81.33c W  99.99c S -18.66c (+43.6 L +40.6) LCB -268.67c P  0.02% WF   0.6 PSV       0 N       1  --  M17

2025-09-17 19:46:58+0800: = K6
2025-09-17 19:46:59+0800: Controller: play B K1
2025-09-17 19:46:59+0800: = 
2025-09-17 19:46:59+0800: Controller: genmove W
2025-09-17 19:46:59+0800: MoveNum: 73 HASH: B2CE5F05AEF51BA74CD2BC1AA4E71AA6
   A B C D E F G H J K L M N O P Q R S T
19 . . . . . . . . . . . . . . . . . . .
18 . . . . . . . . . . . . . . . . . . .
17 . . X . . . . . . . . . . . O . . . .
16 . . O O . . . . . X . . . . . . O . .
15 . X O . O . . . . . . . X . . . . . .
14 X O O O X O . . . . . . . . . . . . .
13 O . O X . . . . . . . . . . . . . . .
12 . O X . . . . . . . . . . . . . . . X
11 O X . . . . . . . . . . . . . . X . .
10 . . . . . . . . . X . . . . . X . . .
 9 . . . . . . . . . . . . . . . . . . .
 8 . . . . . . . . . . . . . . . . . . .
 7 . . . . . . . O . . . . . . . . . . .
 6 . . O . . . . O X O2. . . . . . . . .
 5 . . X O . . . X O . O . . . . . . . .
 4 . X O O O . . X O O X @ . . . O . . .
 3 X O O O . O . . X O O X . . . . . . .
 2 . X O X X . . . X1O X . . . . . . . .
 1 . . X . . . . . . X3. . . . . . . . .

koSIMPLEscoreAREAtaxNONEsui0whbNfpok1komi7.5
Time taken: 0.105639
Root visits: 94
New playouts: 83
NN rows: 78
NN batches: 26
NN avg batch size: 3
PV: M4 N3 M2 M1 L1 Q17
Tree:
: T 118.51c W 100.00c S  18.18c (+113.1 L +111.4) N      94  --  M4 N3 M2 M1 L1 Q17
---White(^)---
M4  : T 119.04c W 100.00c S  18.71c (+113.9 L +112.2) LCB  117.81c P 92.30% WF 419.7 PSV     419 N      85  --  M4 N3 M2 M1 L1 Q17
J7  : T 111.38c W 100.00c S  11.17c (+102.1 L +100.2) LCB   95.94c P  4.97% WF  23.6 PSV       4 N       7  --  J7 N2 O3
K5  : T 102.35c W 100.00c S   2.35c (+89.5 L +87.4) LCB -247.65c P  0.21% WF   2.3 PSV       0 N       1  --  K5

2025-09-17 19:46:59+0800: = M4
2025-09-17 19:48:13+0800: Controller: quit
2025-09-17 19:48:13+0800: Quit requested by controller
2025-09-17 19:48:13+0800: = 
2025-09-17 19:48:13+0800: GPU -1 finishing, processed 4039 rows 1382 batches
2025-09-17 19:48:13+0800: All cleaned up, quitting
