2025-09-17 19:57:04+0800: Running with following config:
allowResignation = false
chosenMoveTemperatureEarly = 0.80
chosenMoveTemperatureHalflife = 26
lagBuffer = 1.0
logAllGTPCommunication = true
logDir = gtp_logs
logSearchInfo = true
logSearchInfoForChosenMove = false
logToStderr = false
maxTime = 0.55
maxTimePondering = 60.0
maxVisits = 220
numSearchThreads = 6
ponderingEnabled = false
resignConsecTurns = 3
resignThreshold = -0.90
rootPolicyTemperature = 1.10
rules = chinese
searchFactorAfterOnePass = 0.50
searchFactorAfterTwoPass = 0.25
searchFactorWhenWinning = 0.40
searchFactorWhenWinningThreshold = 0.95

2025-09-17 19:57:04+0800: GTP Engine starting...
2025-09-17 19:57:04+0800: KataGo v1.16.3
2025-09-17 19:57:04+0800: Using Chinese rules initially, unless GTP/GUI overrides this
2025-09-17 19:57:04+0800: Using 6 CPU thread(s) for search
2025-09-17 19:57:04+0800: nnRandSeed0 = 6066408749902707050
2025-09-17 19:57:04+0800: After dedups: nnModelFile0 = /home/swartz/WorkSpace/katago-webui/katago-cuda/kata1-b18.bin.gz useFP16 auto useNHWC auto
2025-09-17 19:57:04+0800: Initializing neural net buffer to be size 19 * 19 exactly
2025-09-17 19:57:05+0800: Cuda backend thread 0: Found GPU NVIDIA GeForce RTX 3090 memory 25769279488 compute capability major 8 minor 6
2025-09-17 19:57:05+0800: Cuda backend thread 0: Model version 14 useFP16 = true useNHWC = true
2025-09-17 19:57:05+0800: Cuda backend thread 0: Model name: kata1-b18c384nbt-s9996604416-d4316597426
2025-09-17 19:57:05+0800: Loaded neural net with nnXLen 19 nnYLen 19
2025-09-17 19:57:05+0800: Initializing board with boardXSize 19 boardYSize 19
2025-09-17 19:57:05+0800: Loaded config /home/swartz/WorkSpace/katago-webui/katago-cuda/default_gtp.cfg and/or command-line and query overrides and/or command-line and query overrides and/or command-line and query overrides and/or command-line and query overrides and/or command-line and query overrides and/or command-line and query overrides and/or command-line and query overrides
2025-09-17 19:57:05+0800: Loaded model /home/swartz/WorkSpace/katago-webui/katago-cuda/kata1-b18.bin.gz
2025-09-17 19:57:05+0800: Config override: maxVisits = 220
2025-09-17 19:57:05+0800: Config override: maxTime = 0.55
2025-09-17 19:57:05+0800: Config override: rootPolicyTemperature = 1.10
2025-09-17 19:57:05+0800: Config override: chosenMoveTemperatureEarly = 0.80
2025-09-17 19:57:05+0800: Config override: chosenMoveTemperatureHalflife = 26
2025-09-17 19:57:05+0800: Config override: allowResignation = false
2025-09-17 19:57:05+0800: Config override: rules = chinese
2025-09-17 19:57:05+0800: Model name: kata1-b18c384nbt-s9996604416-d4316597426
2025-09-17 19:57:05+0800: GTP ready, beginning main protocol loop
2025-09-17 19:57:05+0800: Controller: boardsize 19
2025-09-17 19:57:05+0800: = 
2025-09-17 19:57:05+0800: Controller: komi 7.5
2025-09-17 19:57:05+0800: = 
2025-09-17 19:57:05+0800: Controller: clear_board
2025-09-17 19:57:05+0800: = 
2025-09-17 19:57:06+0800: Controller: play B Q16
2025-09-17 19:57:06+0800: = 
2025-09-17 19:57:06+0800: Controller: genmove W
2025-09-17 19:57:06+0800: MoveNum: 1 HASH: D787FAD66281F76731DCD9C1B3387463
   A B C D E F G H J K L M N O P Q R S T
19 . . . . . . . . . . . . . . . . . . .
18 . . . . . . . . . . . . . . . . . . .
17 . . . . . . . . . . . . . . . . . . .
16 . . . @ . . . . . . . . . . . X1. . .
15 . . . . . . . . . . . . . . . . . . .
14 . . . . . . . . . . . . . . . . . . .
13 . . . . . . . . . . . . . . . . . . .
12 . . . . . . . . . . . . . . . . . . .
11 . . . . . . . . . . . . . . . . . . .
10 . . . . . . . . . . . . . . . . . . .
 9 . . . . . . . . . . . . . . . . . . .
 8 . . . . . . . . . . . . . . . . . . .
 7 . . . . . . . . . . . . . . . . . . .
 6 . . . . . . . . . . . . . . . . . . .
 5 . . . . . . . . . . . . . . . . . . .
 4 . . . . . . . . . . . . . . . . . . .
 3 . . . . . . . . . . . . . . . . . . .
 2 . . . . . . . . . . . . . . . . . . .
 1 . . . . . . . . . . . . . . . . . . .

koSIMPLEscoreAREAtaxNONEsui0whbNfpok1komi7.5
Time taken: 0.374404
Root visits: 225
New playouts: 225
NN rows: 192
NN batches: 65
NN avg batch size: 2.95385
PV: D4 D16 Q4 C6 R17 R16 Q17 P16 P17
Tree:
: T  26.33c W  25.34c S   0.60c ( +1.5 L  +1.0) N     225  --  D4 D16 Q4 C6 R17 R16 Q17
---White(^)---
D4  : T  27.24c W  26.17c S   0.66c ( +1.6 L  +1.0) LCB   26.26c P 46.95% WF 284.5 PSV     283 N     107  --  D4 D16 Q4 C6 R17 R16 Q17 P16
D16 : T  27.20c W  26.01c S   0.63c ( +1.5 L  +1.0) LCB   25.90c P 18.82% WF 212.8 PSV     109 N      80  --  D16 Q4 D4 F3 R17 Q17 R16 Q15
C4  : T  22.37c W  21.67c S   0.36c ( +1.3 L  +0.9) LCB   18.66c P  1.69% WF  36.5 PSV       2 N      16  --  C4 Q4 D16 E3 R17 Q17 R16 R14
D17 : T  21.38c W  21.22c S   0.32c ( +1.2 L  +0.9) LCB   11.81c P  1.35% WF  23.0 PSV       1 N       9  --  D17 D4 Q4 C15 E16
C16 : T  20.76c W  20.92c S   0.29c ( +1.2 L  +0.8) LCB    9.45c P  1.42% WF  21.0 PSV       1 N       8  --  C16 Q4 D4 E17 R3
C3  : T  20.56c W  20.53c S   0.28c ( +1.2 L  +0.9) LCB  -22.38c P  1.19% WF   9.8 PSV       1 N       4  --  C3 C16 Q4

2025-09-17 19:57:06+0800: = D16
2025-09-17 19:57:08+0800: Controller: play B K14
2025-09-17 19:57:08+0800: = 
2025-09-17 19:57:08+0800: Controller: genmove W
2025-09-17 19:57:09+0800: MoveNum: 3 HASH: CC1FE790697067193143D85D2634AFA3
   A B C D E F G H J K L M N O P Q R S T
19 . . . . . . . . . . . . . . . . . . .
18 . . . . . . . . . . . . . . . . . . .
17 . . . . . . . . . . . . . . . . . . .
16 . . . O2. . . . . . . . . . . X1. . .
15 . . . . . . . . . . . . . . . . . . .
14 . . . . . . . . . X3. . . . . . . . .
13 . . . . . . . . . . . . . . . . . . .
12 . . . . . . . . . . . . . . . . . . .
11 . . . . . . . . . . . . . . . . . . .
10 . . . . . . . . . . . . . . . . . . .
 9 . . . . . . . . . . . . . . . . . . .
 8 . . . . . . . . . . . . . . . . . . .
 7 . . . . . . . . . . . . . . . . . . .
 6 . . . . . . . . . . . . . . . . . . .
 5 . . . . . . . . . . . . . . . . . . .
 4 . . . . . . . . . . . . . . . @ . . .
 3 . . . . . . . . . . . . . . . . . . .
 2 . . . . . . . . . . . . . . . . . . .
 1 . . . . . . . . . . . . . . . . . . .

koSIMPLEscoreAREAtaxNONEsui0whbNfpok1komi7.5
Time taken: 0.284338
Root visits: 225
New playouts: 225
NN rows: 218
NN batches: 74
NN avg batch size: 2.94595
PV: Q4 D4 C3 D3 C4 C6 C5 D5 B6 F17 C14 R6
Tree:
: T  37.70c W  36.57c S   1.06c ( +2.4 L  +1.6) N     225  --  Q4 D4 C3 D3 C4 C6 C5
---White(^)---
Q4  : T  39.20c W  37.85c S   1.15c ( +2.5 L  +1.7) LCB   37.60c P 22.90% WF 161.9 PSV     162 N      64  --  Q4 D4 C3 D3 C4 C6 C5 D5
R4  : T  38.34c W  37.09c S   1.11c ( +2.5 L  +1.6) LCB   36.62c P 21.46% WF 137.2 PSV      82 N      58  --  R4 D4 O3 C17 D17 C16 C15 B15
Q3  : T  37.88c W  36.54c S   1.06c ( +2.4 L  +1.6) LCB   35.45c P 17.81% WF  88.2 PSV      55 N      38  --  Q3 D4 R6 C17 D17 C16 C15 B15
D4  : T  36.36c W  35.75c S   1.03c ( +2.4 L  +1.6) LCB   33.52c P  5.45% WF  51.3 PSV      10 N      21  --  D4 Q4 R3 Q3 R4 R6 S6 S7
D3  : T  34.76c W  34.16c S   0.85c ( +2.2 L  +1.5) LCB   25.66c P  3.87% WF  22.5 PSV       5 N       9  --  D3 Q4 C6 F17 C14
C4  : T  33.94c W  33.57c S   0.84c ( +2.2 L  +1.5) LCB   22.80c P  3.46% WF  20.1 PSV       4 N       8  --  C4 Q4 F3 F17 C14
P4  : T  36.07c W  34.85c S   0.89c ( +2.3 L  +1.5) LCB   31.16c P  2.26% WF  30.0 PSV       3 N      13  --  P4 D4 R4 C17 D17
Q5  : T  35.83c W  35.03c S   0.87c ( +2.3 L  +1.5) LCB   14.73c P  1.67% WF  12.0 PSV       2 N       5  --  Q5 D4 Q3 C17 C16
E4  : T  35.06c W  34.65c S   0.82c ( +2.2 L  +1.4) LCB  -38.87c P  2.06% WF   7.2 PSV       2 N       3  --  E4 Q3
D5  : T  34.65c W  34.10c S   0.76c ( +2.2 L  +1.4) LCB  -39.41c P  2.00% WF   7.1 PSV       2 N       3  --  D5 Q3

2025-09-17 19:57:09+0800: = Q4
2025-09-17 19:57:11+0800: Controller: play B D4
2025-09-17 19:57:11+0800: = 
2025-09-17 19:57:11+0800: Controller: genmove W
2025-09-17 19:57:11+0800: MoveNum: 5 HASH: DFA8B70715C63F0CFD680000A259EE14
   A B C D E F G H J K L M N O P Q R S T
19 . . . . . . . . . . . . . . . . . . .
18 . . . . . . . . . . . . . . . . . . .
17 . . . . . . . . . . . . . . . . . . .
16 . . . O . . . . . . . . . . . X . . .
15 . . . . . . . . . . . . . . . . . . .
14 . . . . . . . . . X1. . . . . . . . .
13 . . . . . . . . . . . . . . . . . . .
12 . . . . . . . . . . . . . . . . . . .
11 . . . . . . . . . . . . . . . . . . .
10 . . . . . . . . . . . . . . . . . . .
 9 . . . . . . . . . . . . . . . . . . .
 8 . . . . . . . . . . . . . . . . . . .
 7 . . . . . . . . . . . . . . . . . . .
 6 . . . . . . . . . . . . . . . . . . .
 5 . . . . . . . . . . . . . . . . . . .
 4 . . . X3. . . . . . . . . . . O2. . .
 3 . . @ . . . . . . . . . . . . . . . .
 2 . . . . . . . . . . . . . . . . . . .
 1 . . . . . . . . . . . . . . . . . . .

koSIMPLEscoreAREAtaxNONEsui0whbNfpok1komi7.5
Time taken: 0.322012
Root visits: 225
New playouts: 170
NN rows: 161
NN batches: 54
NN avg batch size: 2.98148
PV: C3 D3 C4 C6 C5 D5 B6 F17 R17 Q17 R16 Q15 S14 R3
Tree:
: T  37.52c W  37.06c S   0.76c ( +2.4 L  +1.6) N     225  --  C3 D3 C4 C6 C5 D5 B6
---White(^)---
C3  : T  38.09c W  37.65c S   0.80c ( +2.5 L  +1.6) LCB   37.03c P 45.42% WF 361.6 PSV     360 N     145  --  C3 D3 C4 C6 C5 D5 B6 F17
R17 : T  37.18c W  36.56c S   0.73c ( +2.4 L  +1.6) LCB   35.31c P 23.20% WF 150.3 PSV      93 N      62  --  R17 Q17 R16 Q15 S14 F17 C14 D17
C6  : T  34.54c W  34.54c S   0.51c ( +2.2 L  +1.4) LCB   14.26c P  3.06% WF  14.7 PSV       5 N       6  --  C6 C17 C16
F3  : T  33.12c W  33.16c S   0.48c ( +2.2 L  +1.4) LCB    4.63c P  3.47% WF  12.3 PSV       4 N       5  --  F3 C17 C16
R14 : T  32.51c W  32.17c S   0.35c ( +2.0 L  +1.4) LCB -118.63c P  3.20% WF   4.9 PSV       3 N       2  --  R14 C17
F17 : T  33.40c W  33.54c S   0.57c ( +2.3 L  +1.5) LCB -117.72c P  2.29% WF   5.0 PSV       3 N       2  --  F17 R3
C14 : T  35.19c W  34.49c S   0.70c ( +2.4 L  +1.7) LCB -314.81c P  1.14% WF   2.8 PSV       2 N       1  --  C14
R6  : T  33.91c W  33.32c S   0.58c ( +2.3 L  +1.7) LCB -316.09c P  1.26% WF   2.6 PSV       1 N       1  --  R6

2025-09-17 19:57:11+0800: = C3
2025-09-17 19:57:15+0800: Controller: play B K16
2025-09-17 19:57:15+0800: = 
2025-09-17 19:57:15+0800: Controller: genmove W
2025-09-17 19:57:15+0800: MoveNum: 7 HASH: BC8C3A3BF892A786491755363D7B81D6
   A B C D E F G H J K L M N O P Q R S T
19 . . . . . . . . . . . . . . . . . . .
18 . . . . . . . . . . . . . . . . . . .
17 . . . . . . . . . . . . . . . . . . .
16 . . . O . . . . . X3. . . . . X . . .
15 . . . . . . . . . . . . . . . . . . .
14 . . . . . . . . . X . . . . . . . . .
13 . . . . . . . . . . . . . . . . . . .
12 . . . . . . . . . . . . . . . . . . .
11 . . . . . . . . . . . . . . . . . . .
10 . . . . . . . . . . . . . . . . . . .
 9 . . . . . . . . . . . . . . . . . . .
 8 . . . . . . . . . . . . . . . . . . .
 7 . . . . . . . . . . . . . . . . . . .
 6 . . . . . . . . . . . . . . . . . . .
 5 . . . . . . . . . . . . . . . . . . .
 4 . . . X1. . . . . . . . . . . O . . .
 3 . . O2@ . . . . . . . . . . . . . . .
 2 . . . . . . . . . . . . . . . . . . .
 1 . . . . . . . . . . . . . . . . . . .

koSIMPLEscoreAREAtaxNONEsui0whbNfpok1komi7.5
Time taken: 0.466102
Root visits: 225
New playouts: 225
NN rows: 224
NN batches: 76
NN avg batch size: 2.94737
PV: D3 E4 E3 F4 B5 R14 R7 F3 K3 C6 C5
Tree:
: T  68.09c W  66.72c S   1.74c ( +5.5 L  +3.7) N     225  --  D3 E4 E3 F4 B5 R14 R7
---White(^)---
D3  : T  68.75c W  67.28c S   1.79c ( +5.5 L  +3.7) LCB   66.83c P 49.96% WF 225.0 PSV     330 N     105  --  D3 E4 E3 F4 B5 R14 R7 F3
C4  : T  68.35c W  67.01c S   1.77c ( +5.5 L  +3.7) LCB   66.26c P 47.32% WF 225.9 PSV     226 N     105  --  C4 D5 C5 D6 E2 R14 C7 R6
R17 : T  54.31c W  53.66c S   0.65c ( +4.4 L  +3.1) LCB -295.69c P  0.07% WF   1.2 PSV       0 N       1  --  R17
R16 : T  50.18c W  50.05c S   0.13c ( +3.9 L  +2.8) LCB -299.82c P  0.04% WF   0.8 PSV       0 N       1  --  R16
R14 : T  50.28c W  49.95c S   0.32c ( +4.1 L  +2.8) LCB -299.72c P  0.04% WF   0.9 PSV       0 N       1  --  R14
C7  : T  37.46c W  38.56c S  -1.10c ( +2.8 L  +1.9) LCB -312.54c P  0.03% WF   0.5 PSV       0 N       1  --  C7
G3  : T  41.09c W  41.80c S  -0.72c ( +3.1 L  +2.1) LCB -308.91c P  0.03% WF   0.5 PSV       0 N       1  --  G3
R7  : T  43.50c W  43.88c S  -0.38c ( +3.5 L  +2.3) LCB -306.50c P  0.03% WF   0.6 PSV       0 N       1  --  R7
N3  : T  40.80c W  41.53c S  -0.73c ( +3.1 L  +2.0) LCB -309.20c P  0.03% WF   0.6 PSV       0 N       1  --  N3
F3  : T  43.39c W  43.90c S  -0.51c ( +3.3 L  +2.2) LCB -306.61c P  0.03% WF   0.6 PSV       0 N       1  --  F3

2025-09-17 19:57:15+0800: = D3
2025-09-17 19:57:16+0800: Controller: play B Q10
2025-09-17 19:57:16+0800: = 
2025-09-17 19:57:16+0800: Controller: genmove W
2025-09-17 19:57:16+0800: MoveNum: 9 HASH: E73D68017D9D2F52D57B722673A40A1F
   A B C D E F G H J K L M N O P Q R S T
19 . . . . . . . . . . . . . . . . . . .
18 . . . . . . . . . . . . . . . . . . .
17 . . . . . . . . . . . . . . . . @ . .
16 . . . O . . . . . X1. . . . . X . . .
15 . . . . . . . . . . . . . . . . . . .
14 . . . . . . . . . X . . . . . . . . .
13 . . . . . . . . . . . . . . . . . . .
12 . . . . . . . . . . . . . . . . . . .
11 . . . . . . . . . . . . . . . . . . .
10 . . . . . . . . . . . . . . . X3. . .
 9 . . . . . . . . . . . . . . . . . . .
 8 . . . . . . . . . . . . . . . . . . .
 7 . . . . . . . . . . . . . . . . . . .
 6 . . . . . . . . . . . . . . . . . . .
 5 . . . . . . . . . . . . . . . . . . .
 4 . . . X . . . . . . . . . . . O . . .
 3 . . O O2. . . . . . . . . . . . . . .
 2 . . . . . . . . . . . . . . . . . . .
 1 . . . . . . . . . . . . . . . . . . .

koSIMPLEscoreAREAtaxNONEsui0whbNfpok1komi7.5
Time taken: 0.246283
Root visits: 225
New playouts: 225
NN rows: 211
NN batches: 71
NN avg batch size: 2.97183
PV: R17 Q17 R16 Q15 R15 Q14 S13 E4 E3 F4 B5
Tree:
: T  87.20c W  84.29c S   2.99c ( +8.3 L  +5.7) N     225  --  R17 Q17 R16 Q15 R15 Q14 S13
---White(^)---
R17 : T  88.87c W  85.68c S   3.23c ( +8.5 L  +5.8) LCB   87.82c P 66.77% WF 336.6 PSV     333 N     160  --  R17 Q17 R16 Q15 R15 Q14 S13 E4
E4  : T  84.07c W  81.55c S   2.62c ( +8.0 L  +5.5) LCB   81.92c P 26.00% WF  75.7 PSV      32 N      36  --  E4 R14 R6 F17 C14 O3 L15 K15
F17 : T  79.54c W  78.33c S   1.74c ( +7.1 L  +4.9) LCB   71.30c P  0.25% WF  13.2 PSV       0 N      10  --  F17 E4 E3 F4 B5
R6  : T  78.66c W  77.68c S   1.66c ( +7.1 L  +4.8) LCB   68.88c P  0.37% WF  11.7 PSV       0 N       9  --  R6 E4 E3 F4
R7  : T  78.09c W  76.56c S   1.51c ( +6.9 L  +4.7) LCB   58.56c P  0.24% WF   7.7 PSV       0 N       6  --  R7 E4 E3 G4
F4  : T  76.03c W  75.36c S   1.54c ( +7.0 L  +4.8) LCB    1.15c P  0.39% WF   4.6 PSV       0 N       3  --  F4 R14 R6

2025-09-17 19:57:16+0800: = R17
2025-09-17 19:57:17+0800: Controller: play B D10
2025-09-17 19:57:17+0800: = 
2025-09-17 19:57:17+0800: Controller: genmove W
2025-09-17 19:57:17+0800: MoveNum: 11 HASH: DFA36205A84F0528AACDF9D6BFE2B53C
   A B C D E F G H J K L M N O P Q R S T
19 . . . . . . . . . . . . . . . . . . .
18 . . . . . . . . . . . . . . . . . . .
17 . . . . . . . . . . . . . . . @ O2. .
16 . . . O . . . . . X . . . . . X . . .
15 . . . . . . . . . . . . . . . . . . .
14 . . . . . . . . . X . . . . . . . . .
13 . . . . . . . . . . . . . . . . . . .
12 . . . . . . . . . . . . . . . . . . .
11 . . . . . . . . . . . . . . . . . . .
10 . . . X3. . . . . . . . . . . X1. . .
 9 . . . . . . . . . . . . . . . . . . .
 8 . . . . . . . . . . . . . . . . . . .
 7 . . . . . . . . . . . . . . . . . . .
 6 . . . . . . . . . . . . . . . . . . .
 5 . . . . . . . . . . . . . . . . . . .
 4 . . . X . . . . . . . . . . . O . . .
 3 . . O O . . . . . . . . . . . . . . .
 2 . . . . . . . . . . . . . . . . . . .
 1 . . . . . . . . . . . . . . . . . . .

koSIMPLEscoreAREAtaxNONEsui0whbNfpok1komi7.5
Time taken: 0.261356
Root visits: 225
New playouts: 225
NN rows: 208
NN batches: 71
NN avg batch size: 2.92958
PV: R16 E4 C4 Q15 Q17 C17
Tree:
: T  98.39c W  94.08c S   4.26c (+11.4 L  +8.2) N     225  --  R16 E4 C4 Q15 Q17 C17
---White(^)---
R16 : T  98.87c W  94.44c S   4.42c (+11.6 L  +8.4) LCB   98.39c P 48.14% WF 280.7 PSV     360 N     104  --  R16 E4 C4 Q15 Q17 C17
Q17 : T  98.86c W  94.42c S   4.35c (+11.5 L  +8.3) LCB   98.23c P 44.18% WF 266.6 PSV     256 N      98  --  Q17 E4 C4 D6 F3 P16
E4  : T  92.92c W  89.95c S   2.68c ( +9.9 L  +7.0) LCB   85.50c P  0.55% WF  17.0 PSV       0 N      10  --  E4 Q17 R16 R14 R15
C14 : T  90.18c W  87.79c S   2.04c ( +9.3 L  +6.5) LCB   70.73c P  0.21% WF   8.4 PSV       0 N       6  --  C14 Q17 R16
F4  : T  87.95c W  86.66c S   1.64c ( +8.9 L  +6.3) LCB   44.63c P  0.24% WF   5.5 PSV       0 N       4  --  F4 R16
F17 : T  87.26c W  86.56c S   1.94c ( +9.2 L  +6.4) LCB  -62.34c P  0.18% WF   3.2 PSV       0 N       2  --  F17 R16

2025-09-17 19:57:17+0800: = Q17
2025-09-17 19:57:18+0800: Controller: play B K3
2025-09-17 19:57:18+0800: = 
2025-09-17 19:57:18+0800: Controller: genmove W
2025-09-17 19:57:18+0800: MoveNum: 13 HASH: 16E17D32B56756FCCF66A09F13FC3C6B
   A B C D E F G H J K L M N O P Q R S T
19 . . . . . . . . . . . . . . . . . . .
18 . . . . . . . . . . . . . . . . . . .
17 . . . . . . . . . . . . . . . O2O . .
16 . . . O . . . . . X . . . . @ X . . .
15 . . . . . . . . . . . . . . . . . . .
14 . . . . . . . . . X . . . . . . . . .
13 . . . . . . . . . . . . . . . . . . .
12 . . . . . . . . . . . . . . . . . . .
11 . . . . . . . . . . . . . . . . . . .
10 . . . X1. . . . . . . . . . . X . . .
 9 . . . . . . . . . . . . . . . . . . .
 8 . . . . . . . . . . . . . . . . . . .
 7 . . . . . . . . . . . . . . . . . . .
 6 . . . . . . . . . . . . . . . . . . .
 5 . . . . . . . . . . . . . . . . . . .
 4 . . . X . . . . . . . . . . . O . . .
 3 . . O O . . . . . X3. . . . . . . . .
 2 . . . . . . . . . . . . . . . . . . .
 1 . . . . . . . . . . . . . . . . . . .

koSIMPLEscoreAREAtaxNONEsui0whbNfpok1komi7.5
Time taken: 0.22192
Root visits: 225
New playouts: 225
NN rows: 202
NN batches: 69
NN avg batch size: 2.92754
PV: P16 C14 E4 C17 D17 C16 D15 C18
Tree:
: T 100.44c W  96.24c S   4.15c (+12.5 L  +9.5) N     225  --  P16 C14 E4 C17 D17 C16 D15
---White(^)---
P16 : T 100.98c W  96.54c S   4.41c (+12.8 L  +9.9) LCB  100.34c P 34.88% WF 185.0 PSV     305 N      59  --  P16 C14 E4 C17 D17 C16 D15 C18
E4  : T 100.71c W  96.36c S   4.29c (+12.7 L  +9.7) LCB  100.11c P 23.41% WF 186.4 PSV     186 N      60  --  E4 P16 R16 C14 F17 C17
C14 : T 100.59c W  96.33c S   4.11c (+12.5 L  +9.3) LCB   99.74c P  2.90% WF 114.4 PSV      20 N      38  --  C14 P16 R16 E4 C4 R6
O3  : T  99.80c W  95.85c S   3.91c (+12.3 L  +9.1) LCB   98.51c P  1.23% WF  74.1 PSV       5 N      26  --  O3 P16 R16 E4 C4
R6  : T  99.50c W  95.84c S   3.82c (+12.2 L  +9.1) LCB   97.65c P  1.32% WF  58.5 PSV       5 N      21  --  R6 P16 R16 C14 F17
O16 : T  99.34c W  95.65c S   3.59c (+12.0 L  +9.0) LCB   95.65c P  1.14% WF  40.1 PSV       4 N      14  --  O16 E4 C4 R6
F17 : T  99.63c W  95.79c S   3.75c (+12.1 L  +9.1) LCB   56.71c P  0.91% WF  12.2 PSV       3 N       4  --  F17 P16
F4  : T  98.42c W  95.38c S   3.41c (+11.8 L  +8.9) LCB  -50.88c P  0.99% WF   5.9 PSV       2 N       2  --  F4 P16

2025-09-17 19:57:18+0800: = P16
2025-09-17 19:57:19+0800: Controller: play B K10
2025-09-17 19:57:19+0800: = 
2025-09-17 19:57:19+0800: Controller: genmove W
2025-09-17 19:57:20+0800: MoveNum: 15 HASH: A9FB45366563ABA1A1CDA8C2272A080B
   A B C D E F G H J K L M N O P Q R S T
19 . . . . . . . . . . . . . . . . . . .
18 . . . . . . . . . . . . . . . . . . .
17 . . . . . . . . . . . . . . . O O . .
16 . . . O . . . . . X . . . . O2X . . .
15 . . . . . . . . . . . . . . . . . . .
14 . . . . . . . . . X . . . . . . . . .
13 . . . . . . . . . . . . . . . . . . .
12 . . . . . . . . . . . . . . . . . . .
11 . . . . . . . . . . . . . . . . . . .
10 . . . X . . . . . X3. . . . . X . . .
 9 . . . . . . . . . . . . . . . . . . .
 8 . . . . . . . . . . . . . . . . . . .
 7 . . . . . . . . . . . . . . . . . . .
 6 . . . . . . . . . . . . . . . . . . .
 5 . . . . . . . . . . . . . . . . . . .
 4 . . . X @ . . . . . . . . . . O . . .
 3 . . O O . . . . . X1. . . . . . . . .
 2 . . . . . . . . . . . . . . . . . . .
 1 . . . . . . . . . . . . . . . . . . .

koSIMPLEscoreAREAtaxNONEsui0whbNfpok1komi7.5
Time taken: 0.264819
Root visits: 225
New playouts: 225
NN rows: 217
NN batches: 72
NN avg batch size: 3.01389
PV: E4 C14 C15 D14 E17 R6 R5
Tree:
: T 102.29c W  97.56c S   4.80c (+14.1 L +11.4) N     225  --  E4 C14 C15 D14 E17 R6 R5
---White(^)---
E4  : T 102.68c W  97.72c S   5.03c (+14.4 L +11.7) LCB  102.14c P 38.38% WF 232.4 PSV     232 N      69  --  E4 C14 C15 D14 E17 R6 R5
C14 : T 102.77c W  97.74c S   4.97c (+14.3 L +11.5) LCB  102.13c P  7.59% WF 132.4 PSV      48 N      39  --  C14 E4 C4 R6 O3 E3
F4  : T 101.46c W  97.28c S   4.33c (+13.7 L +11.1) LCB   95.58c P  2.54% WF  37.1 PSV       8 N      11  --  F4 C14 F17 C17 C16
O3  : T 101.88c W  97.32c S   4.66c (+14.0 L +11.2) LCB  100.61c P  1.90% WF  82.0 PSV       7 N      26  --  O3 C14 F17 C17 C16
R6  : T 101.96c W  97.45c S   4.70c (+14.0 L +11.2) LCB  100.74c P  1.34% WF  90.2 PSV       5 N      28  --  R6 C14 E4 C17 D17 C16
F3  : T 101.77c W  97.40c S   4.51c (+13.8 L +11.2) LCB   99.71c P  1.57% WF  61.4 PSV       5 N      19  --  F3 C14 F17 C17 C16 B16
F17 : T 102.21c W  97.54c S   4.63c (+13.9 L +11.2) LCB   98.51c P  1.02% WF  46.8 PSV       4 N      14  --  F17 E4 C4 R6 O3
R7  : T 102.26c W  97.53c S   4.71c (+14.0 L +11.2) LCB   82.83c P  0.86% WF  20.0 PSV       4 N       6  --  R7 E4 C4 C14
N3  : T 102.01c W  97.50c S   4.60c (+13.9 L +11.2) LCB   93.31c P  0.94% WF  29.3 PSV       3 N       9  --  N3 E4 C4 C17
C13 : T 101.01c W  96.96c S   4.47c (+13.8 L +11.0) LCB   26.64c P  1.27% WF   9.5 PSV       3 N       3  --  C13 E4

2025-09-17 19:57:20+0800: = E4
2025-09-17 19:57:25+0800: Controller: play B C4
2025-09-17 19:57:25+0800: = 
2025-09-17 19:57:25+0800: Controller: genmove W
2025-09-17 19:57:26+0800: MoveNum: 17 HASH: AEF7E5D0F2BD4228BA5C2D4588C8197D
   A B C D E F G H J K L M N O P Q R S T
19 . . . . . . . . . . . . . . . . . . .
18 . . . . . . . . . . . . . . . . . . .
17 . . . . . . . . . . . . . . . O O . .
16 . . . O . . . . . X . . . . O X . . .
15 . . . . . . . . . . . . . . . . . . .
14 . . . . . . . . . X . . . . . . . . .
13 . . . . . . . . . . . . . . . . . . .
12 . . . . . . . . . . . . . . . . . . .
11 . . . . . . . . . . . . . . . . . . .
10 . . . X . . . . . X1. . . . . X . . .
 9 . . . . . . . . . . . . . . . . . . .
 8 . . . . . . . . . . . . . . . . . . .
 7 . . . . . . . . . . . . . . . . . . .
 6 . . . . . . . . . . . . . . . . . . .
 5 . . . @ . . . . . . . . . . . . . . .
 4 . . X3X O2. . . . . . . . . . O . . .
 3 . . O O . . . . . X . . . . . . . . .
 2 . . . . . . . . . . . . . . . . . . .
 1 . . . . . . . . . . . . . . . . . . .

koSIMPLEscoreAREAtaxNONEsui0whbNfpok1komi7.5
Time taken: 0.478207
Root visits: 225
New playouts: 225
NN rows: 218
NN batches: 74
NN avg batch size: 2.94595
PV: E5 C14 C8 B3 B2
Tree:
: T 103.84c W  98.29c S   5.59c (+15.7 L +13.2) N     225  --  E5 C14 C8 B3 B2
---White(^)---
E5  : T 104.31c W  98.47c S   5.89c (+16.0 L +13.5) LCB  103.72c P 22.64% WF 174.3 PSV     306 N      49  --  E5 C14 C8 B3 B2
D5  : T 103.80c W  98.18c S   5.71c (+15.8 L +13.2) LCB  103.01c P 21.66% WF 134.4 PSV     118 N      42  --  D5 C5 D6 C7 C6 B6
C6  : T 103.66c W  98.18c S   5.52c (+15.6 L +13.1) LCB  102.95c P 14.88% WF 137.1 PSV      74 N      41  --  C6 D5 B4 B5 B3 C14 F17
C14 : T 104.01c W  98.39c S   5.56c (+15.6 L +13.1) LCB  103.25c P  2.35% WF 134.5 PSV      14 N      39  --  C14 O3 E5 R6
F3  : T 103.44c W  98.31c S   5.26c (+15.3 L +12.8) LCB  102.21c P  0.95% WF  87.5 PSV       4 N      26  --  F3 C14 F17 C17 C16
N3  : T 103.46c W  98.11c S   5.36c (+15.4 L +12.8) LCB  102.30c P  0.86% WF  87.8 PSV       3 N      27  --  N3 C14 D5 B5

2025-09-17 19:57:26+0800: = D5
2025-09-17 19:57:28+0800: Controller: play B E5
2025-09-17 19:57:28+0800: = 
2025-09-17 19:57:28+0800: Controller: genmove W
2025-09-17 19:57:28+0800: MoveNum: 19 HASH: 98B473E136850EE11F90343EC1218A85
   A B C D E F G H J K L M N O P Q R S T
19 . . . . . . . . . . . . . . . . . . .
18 . . . . . . . . . . . . . . . . . . .
17 . . . . . . . . . . . . . . . O O . .
16 . . . O . . . . . X . . . . O X . . .
15 . . . . . . . . . . . . . . . . . . .
14 . . . . . . . . . X . . . . . . . . .
13 . . . . . . . . . . . . . . . . . . .
12 . . . . . . . . . . . . . . . . . . .
11 . . . . . . . . . . . . . . . . . . .
10 . . . X . . . . . X . . . . . X . . .
 9 . . . . . . . . . . . . . . . . . . .
 8 . . . . . . . . . . . . . . . . . . .
 7 . . . . . . . . . . . . . . . . . . .
 6 . . . . . . . . . . . . . . . . . . .
 5 . . @ O2X3. . . . . . . . . . . . . .
 4 . . X1X O . . . . . . . . . . O . . .
 3 . . O O . . . . . X . . . . . . . . .
 2 . . . . . . . . . . . . . . . . . . .
 1 . . . . . . . . . . . . . . . . . . .

koSIMPLEscoreAREAtaxNONEsui0whbNfpok1komi7.5
Time taken: 0.342839
Root visits: 193
New playouts: 193
NN rows: 187
NN batches: 63
NN avg batch size: 2.96825
PV: C5 C14 C15 D14 E17 R6
Tree:
: T 104.36c W  98.56c S   5.77c (+16.8 L +14.6) N     193  --  C5 C14 C15 D14 E17 R6
---White(^)---
C5  : T 105.15c W  98.80c S   6.33c (+17.4 L +15.3) LCB  104.73c P 62.91% WF 342.3 PSV     340 N      91  --  C5 C14 C15 D14 E17 R6
F5  : T 103.10c W  98.32c S   4.80c (+15.8 L +13.4) LCB  100.81c P  5.07% WF  62.9 PSV      12 N      19  --  F5 E6 C5 F4 B4 E3 D4
F4  : T 104.31c W  98.50c S   5.71c (+16.8 L +14.2) LCB  102.99c P  3.01% WF 103.2 PSV      10 N      32  --  F4 C5 D6 C7 C14 R6
C6  : T 103.50c W  98.29c S   5.20c (+16.3 L +13.7) LCB  102.52c P  4.00% WF  96.5 PSV      10 N      31  --  C6 B4 E6 F5 B3
E6  : T 102.85c W  97.93c S   4.72c (+15.8 L +13.1) LCB   93.59c P  2.70% WF  26.0 PSV       6 N       9  --  E6 F5 C5 B4 B5 E3
D6  : T 102.52c W  98.00c S   4.60c (+15.7 L +13.1) LCB   91.42c P  2.45% WF  25.0 PSV       5 N       8  --  D6 B5 B6 B3
C7  : T 101.63c W  97.62c S   4.13c (+15.2 L +12.5) LCB  -48.02c P  1.32% WF   5.9 PSV       2 N       2  --  C7 F4

2025-09-17 19:57:28+0800: = C5
2025-09-17 19:57:30+0800: Controller: play B B5
2025-09-17 19:57:30+0800: = 
2025-09-17 19:57:30+0800: Controller: genmove W
2025-09-17 19:57:30+0800: MoveNum: 21 HASH: DE15ED70F447BA8D0CF6BEF594ED53F2
   A B C D E F G H J K L M N O P Q R S T
19 . . . . . . . . . . . . . . . . . . .
18 . . . . . . . . . . . . . . . . . . .
17 . . . . . . . . . . . . . . . O O . .
16 . . . O . . . . . X . . . . O X . . .
15 . . . . . . . . . . . . . . . . . . .
14 . . . . . . . . . X . . . . . . . . .
13 . . . . . . . . . . . . . . . . . . .
12 . . . . . . . . . . . . . . . . . . .
11 . . . . . . . . . . . . . . . . . . .
10 . . . X . . . . . X . . . . . X . . .
 9 . . . . . . . . . . . . . . . . . . .
 8 . . . . . . . . . . . . . . . . . . .
 7 . . . . . . . . . . . . . . . . . . .
 6 . . . . . . . . . . . . . . . . . . .
 5 . X3O2O X1. . . . . . . . . . . . . .
 4 . @ X X O . . . . . . . . . . O . . .
 3 . . O O . . . . . X . . . . . . . . .
 2 . . . . . . . . . . . . . . . . . . .
 1 . . . . . . . . . . . . . . . . . . .

koSIMPLEscoreAREAtaxNONEsui0whbNfpok1komi7.5
Time taken: 0.177565
Root visits: 158
New playouts: 158
NN rows: 144
NN batches: 49
NN avg batch size: 2.93878
PV: B4 C14 C15 D14 F17 E16 E17 C17
Tree:
: T 108.68c W  99.74c S   8.92c (+25.6 L +23.4) N     158  --  B4 C14 C15 D14 F17 E16 E17
---White(^)---
B4  : T 109.35c W  99.82c S   9.56c (+26.3 L +24.1) LCB  109.12c P 93.29% WF 625.3 PSV     623 N     128  --  B4 C14 C15 D14 F17 E16 E17 C17
E6  : T 105.33c W  99.58c S   5.38c (+22.0 L +19.9) LCB   99.35c P  0.93% WF  35.8 PSV       1 N      11  --  E6 B4 F5 C7 C14
F5  : T 104.84c W  99.48c S   5.00c (+21.6 L +19.6) LCB   93.34c P  0.83% WF  22.7 PSV       1 N       7  --  F5 B4 E6 C7 C14
C7  : T 100.49c W  98.54c S   1.68c (+18.2 L +15.5) LCB   80.93c P  0.28% WF  12.1 PSV       0 N       6  --  C7 B4 F3 D7
C6  : T  98.24c W  98.04c S   0.25c (+16.8 L +14.1) LCB   55.23c P  0.24% WF   7.1 PSV       0 N       4  --  C6 B4 B6 B3
B6  : T  98.16c W  97.99c S   0.18c (+16.7 L +14.2) LCB -251.84c P  0.31% WF   2.9 PSV       0 N       1  --  B6

2025-09-17 19:57:30+0800: = B4
2025-09-17 19:57:32+0800: Controller: play B D6
2025-09-17 19:57:32+0800: = 
2025-09-17 19:57:32+0800: Controller: genmove W
2025-09-17 19:57:32+0800: MoveNum: 23 HASH: 5AF49C43421E81771362170FCB84363D
   A B C D E F G H J K L M N O P Q R S T
19 . . . . . . . . . . . . . . . . . . .
18 . . . . . . . . . . . . . . . . . . .
17 . . . . . . . . . . . . . . . O O . .
16 . . . O . . . . . X . . . . O X . . .
15 . . . . . . . . . . . . . . . . . . .
14 . . @ . . . . . . X . . . . . . . . .
13 . . . . . . . . . . . . . . . . . . .
12 . . . . . . . . . . . . . . . . . . .
11 . . . . . . . . . . . . . . . . . . .
10 . . . X . . . . . X . . . . . X . . .
 9 . . . . . . . . . . . . . . . . . . .
 8 . . . . . . . . . . . . . . . . . . .
 7 . . . . . . . . . . . . . . . . . . .
 6 . . . X3. . . . . . . . . . . . . . .
 5 . X1O O X . . . . . . . . . . . . . .
 4 . O2. . O . . . . . . . . . . O . . .
 3 . . O O . . . . . X . . . . . . . . .
 2 . . . . . . . . . . . . . . . . . . .
 1 . . . . . . . . . . . . . . . . . . .

koSIMPLEscoreAREAtaxNONEsui0whbNfpok1komi7.5
Time taken: 0.167562
Root visits: 139
New playouts: 139
NN rows: 136
NN batches: 47
NN avg batch size: 2.89362
PV: C14 R6 O3 R3 R4
Tree:
: T 109.46c W  99.89c S   9.59c (+30.6 L +28.3) N     139  --  C14 R6 O3 R3 R4
---White(^)---
C14 : T 109.78c W  99.88c S   9.89c (+31.0 L +28.5) LCB  108.51c P 21.81% WF 122.9 PSV     185 N      24  --  C14 R6 O3 R3 R4
R6  : T 109.42c W  99.90c S   9.56c (+30.5 L +28.1) LCB  108.17c P  8.15% WF 125.7 PSV     127 N      25  --  R6 C14 C15 D14 F17
O3  : T 109.46c W  99.89c S   9.56c (+30.6 L +28.1) LCB  108.23c P  7.43% WF 122.1 PSV     123 N      24  --  O3 C14 C15 D14 F17
N3  : T 109.23c W  99.90c S   9.40c (+30.4 L +28.1) LCB  105.05c P  4.85% WF  67.4 PSV      56 N      13  --  N3 C14 F17 C17
C13 : T 109.59c W  99.89c S   9.61c (+30.7 L +28.2) LCB  105.98c P  2.47% WF  69.7 PSV      53 N      14  --  C13 R6 O3 R3
F17 : T 109.16c W  99.89c S   9.31c (+30.4 L +28.0) LCB   89.82c P  2.53% WF  30.8 PSV      27 N       6  --  F17 C14 C15
C12 : T 109.46c W  99.89c S   9.67c (+30.8 L +28.6) LCB  100.73c P  1.60% WF  44.6 PSV      26 N       9  --  C12 C14 D14 D15
R7  : T 109.27c W  99.91c S   9.48c (+30.5 L +28.2) LCB   89.91c P  2.17% WF  31.0 PSV      26 N       6  --  R7 C14 C15
R8  : T 109.38c W  99.89c S   9.56c (+30.6 L +28.4) LCB   89.99c P  1.68% WF  30.8 PSV      24 N       6  --  R8 C14 C15
L4  : T 109.37c W  99.89c S   9.43c (+30.5 L +28.3) LCB   90.00c P  1.37% WF  30.7 PSV      19 N       6  --  L4 L3 N4

2025-09-17 19:57:32+0800: = C14
2025-09-17 19:57:32+0800: Controller: play B C6
2025-09-17 19:57:32+0800: = 
2025-09-17 19:57:32+0800: Controller: genmove W
2025-09-17 19:57:33+0800: MoveNum: 25 HASH: 5F960D1D6EA179FC556252B1370C6BB6
   A B C D E F G H J K L M N O P Q R S T
19 . . . . . . . . . . . . . . . . . . .
18 . . . . . . . . . . . . . . . . . . .
17 . . . . . . . . . . . . . . . O O . .
16 . . . O . . . . . X . . . . O X . . .
15 . . . . . . . . . . . . . . . . . . .
14 . . O2. . . . . . X . . . . . . . . .
13 . . . . . . . . . . . . . . . . . . .
12 . . . . . . . . . . . . . . . . . . .
11 . . . . . . . . . . . . . . . . . . .
10 . . . X . . . . . X . . . . . X . . .
 9 . . . . . . . . . . . . . . . . . . .
 8 . . . . . . . . . . . . . . . . . . .
 7 . . . . . . . . . . . . . . . . . . .
 6 . . X3X1@ . . . . . . . . . . . . . .
 5 . X O O X . . . . . . . . . . . . . .
 4 . O . . O . . . . . . . . . . O . . .
 3 . . O O . . . . . X . . . . . . . . .
 2 . . . . . . . . . . . . . . . . . . .
 1 . . . . . . . . . . . . . . . . . . .

koSIMPLEscoreAREAtaxNONEsui0whbNfpok1komi7.5
Time taken: 0.138247
Root visits: 132
New playouts: 132
NN rows: 124
NN batches: 42
NN avg batch size: 2.95238
PV: E6 O3 R6 F5 F6
Tree:
: T 109.09c W  99.91c S   9.18c (+32.5 L +30.0) N     132  --  E6 O3 R6 F5 F6
---White(^)---
E6  : T 108.99c W  99.91c S   9.16c (+32.5 L +30.0) LCB  108.29c P 15.07% WF 144.9 PSV     206 N      29  --  E6 O3 R6 F5 F6
O3  : T 109.13c W  99.91c S   9.20c (+32.5 L +30.1) LCB  107.60c P 14.17% WF 115.4 PSV     116 N      22  --  O3 R6 E6 F5 E7 D8
N3  : T 109.19c W  99.91c S   9.27c (+32.6 L +30.2) LCB  107.51c P 12.24% WF 111.5 PSV     112 N      21  --  N3 R6 S5 F5
R6  : T 109.09c W  99.92c S   9.15c (+32.5 L +30.1) LCB  107.25c P 13.13% WF 103.8 PSV     104 N      20  --  R6 O3 E6 F5 F6
R7  : T 109.27c W  99.91c S   9.31c (+32.6 L +30.2) LCB  107.06c P  5.37% WF  96.2 PSV      73 N      18  --  R7 O3 Q2 F5 H3
R8  : T 108.66c W  99.91c S   8.86c (+32.2 L +29.6) LCB   99.98c P  5.11% WF  45.5 PSV      36 N       9  --  R8 O3 P3 O4
M3  : T 109.19c W  99.92c S   9.34c (+32.7 L +30.3) LCB   89.78c P  1.74% WF  31.0 PSV      21 N       6  --  M3 O3 E6
L4  : T 109.02c W  99.92c S   9.02c (+32.3 L +29.8) LCB   81.31c P  1.39% WF  25.5 PSV      13 N       5  --  L4 L3 N4
Q9  : T 108.13c W  99.95c S   8.18c (+31.3 L +29.0) LCB -241.87c P  1.01% WF   4.9 PSV       5 N       1  --  Q9

2025-09-17 19:57:33+0800: = E6
2025-09-17 19:57:34+0800: Controller: play B C4
2025-09-17 19:57:34+0800: = 
2025-09-17 19:57:34+0800: Controller: genmove W
2025-09-17 19:57:34+0800: MoveNum: 27 HASH: D53775B60FC02C36B84CA28E32CD9B7E
   A B C D E F G H J K L M N O P Q R S T
19 . . . . . . . . . . . . . . . . . . .
18 . . . . . . . . . . . . . . . . . . .
17 . . . . . . . . . . . . . . . O O . .
16 . . . O . . . . . X . . . . O X . . .
15 . . . . . . . . . . . . . . . . . . .
14 . . O . . . . . . X . . . . . . . . .
13 . . . . . . . . . . . . . . . . . . .
12 . . . . . . . . . . . . . . . . . . .
11 . . . . . . . . . . . . . . . . . . .
10 . . . X . . . . . X . . . . . X . . .
 9 . . . . . . . . . . . . . . . . . . .
 8 . . . . . . . . . . . . . . . . . . .
 7 . . . . . . . . . . . . . . . . . . .
 6 . . X1X O2. . . . . . . . . . . . . .
 5 . X O O X @ . . . . . . . . . . . . .
 4 . O X3. O . . . . . . . . . . O . . .
 3 . . O O . . . . . X . . . . . . . . .
 2 . . . . . . . . . . . . . . . . . . .
 1 . . . . . . . . . . . . . . . . . . .

koSIMPLEscoreAREAtaxNONEsui0whbNfpok1komi7.5
Time taken: 0.113894
Root visits: 100
New playouts: 100
NN rows: 100
NN batches: 35
NN avg batch size: 2.85714
PV: F5 N3 R6 D18 D17 E18
Tree:
: T 111.85c W  99.92c S  11.87c (+40.0 L +37.4) N     100  --  F5 N3 R6 D18 D17 E18
---White(^)---
F5  : T 112.67c W  99.97c S  12.70c (+40.9 L +38.2) LCB  112.34c P 95.98% WF 454.5 PSV     453 N      83  --  F5 N3 R6 D18 D17 E18
D4  : T 105.43c W  99.90c S   5.47c (+32.9 L +30.3) LCB   86.09c P  0.33% WF  18.4 PSV       0 N       6  --  D4 E7 F5
A5  : T  81.42c W  93.98c S -12.56c (+12.1 L  +8.4) LCB -268.58c P  0.07% WF   0.9 PSV       0 N       1  --  A5
B6  : T  82.22c W  94.45c S -12.23c (+12.7 L  +8.3) LCB -267.78c P  0.07% WF   0.9 PSV       0 N       1  --  B6
F4  : T  89.02c W  98.45c S  -9.43c (+16.9 L +13.7) LCB -260.98c P  0.05% WF   1.1 PSV       0 N       1  --  F4
Q12 : T  91.32c W  98.91c S  -7.59c (+18.7 L +15.7) LCB -258.68c P  0.04% WF   1.1 PSV       0 N       1  --  Q12
G17 : T  91.86c W  99.06c S  -7.21c (+19.3 L +16.3) LCB -258.14c P  0.03% WF   1.2 PSV       0 N       1  --  G17
Q6  : T  91.98c W  99.16c S  -7.18c (+19.4 L +16.5) LCB -258.02c P  0.03% WF   1.2 PSV       0 N       1  --  Q6
P10 : T  91.40c W  98.84c S  -7.44c (+18.9 L +15.6) LCB -258.60c P  0.03% WF   1.1 PSV       0 N       1  --  P10
Q11 : T  90.66c W  98.72c S  -8.06c (+18.2 L +15.0) LCB -259.34c P  0.03% WF   1.1 PSV       0 N       1  --  Q11

2025-09-17 19:57:34+0800: = F5
2025-09-17 19:57:38+0800: Controller: play B N10
2025-09-17 19:57:38+0800: = 
2025-09-17 19:57:38+0800: Controller: genmove W
2025-09-17 19:57:38+0800: MoveNum: 29 HASH: 123CD977E9B8CF7D890DE1481FBDD3C1
   A B C D E F G H J K L M N O P Q R S T
19 . . . . . . . . . . . . . . . . . . .
18 . . . . . . . . . . . . . . . . . . .
17 . . . . . . . . . . . . . . . O O . .
16 . . . O . . . . . X . . . . O X . . .
15 . . . . . . . . . . . . . . . . . . .
14 . . O . . . . . . X . . . . . . . . .
13 . . . . . . . . . . . . . . . . . . .
12 . . . . . . . . . . . . . . . . . . .
11 . . . . . . . . . . . . . . . . . . .
10 . . . X . . . . . X . . X3. . X . . .
 9 . . . . . . . . . . . . . . . . . . .
 8 . . . . . . . . . . . . . . . . . . .
 7 . . . . . . . . . . . . . . . . . . .
 6 . . X X O . . . . . . . . . . . . . .
 5 . X O O . O2. . . . . . . . . . . . .
 4 . O X1. O . . . . . . . . . . O . . .
 3 . . O O . . . . . X . . @ . . . . . .
 2 . . . . . . . . . . . . . . . . . . .
 1 . . . . . . . . . . . . . . . . . . .

koSIMPLEscoreAREAtaxNONEsui0whbNfpok1komi7.5
Time taken: 0.257751
Root visits: 42
New playouts: 42
NN rows: 42
NN batches: 14
NN avg batch size: 3
PV: N3 R6 Q6
Tree:
: T 112.09c W  99.98c S  12.12c (+43.3 L +40.9) N      42  --  N3 R6 Q6
---White(^)---
N3  : T 112.83c W  99.99c S  12.78c (+44.0 L +41.7) LCB  101.84c P 25.03% WF  43.9 PSV      56 N       8  --  N3 R6 Q6
O3  : T 112.20c W  99.98c S  12.29c (+43.5 L +41.0) LCB  101.24c P  3.28% WF  44.8 PSV      45 N       8  --  O3 M3 R7 D18
M3  : T 112.73c W  99.98c S  12.67c (+44.1 L +41.8) LCB   98.40c P 26.82% WF  38.1 PSV      38 N       7  --  M3 O3 L4 K4
M2  : T 111.72c W  99.97c S  11.85c (+43.1 L +40.5) LCB   97.37c P  7.53% WF  35.5 PSV      37 N       7  --  M2 Q3 R3 P3
M4  : T 111.65c W  99.98c S  11.70c (+42.7 L +40.3) LCB   92.24c P  1.01% WF  31.2 PSV       6 N       6  --  M4 M2 R7
E8  : T 110.73c W  99.98c S  10.78c (+41.7 L +39.4) LCB   82.93c P  1.06% WF  24.8 PSV       3 N       5  --  E8 N3 R6

2025-09-17 19:57:38+0800: = N3
2025-09-17 19:57:46+0800: Controller: play B N4
2025-09-17 19:57:46+0800: = 
2025-09-17 19:57:46+0800: Controller: genmove W
2025-09-17 19:57:46+0800: MoveNum: 31 HASH: 937F9CC373AEAA9D14066FD6840763CC
   A B C D E F G H J K L M N O P Q R S T
19 . . . . . . . . . . . . . . . . . . .
18 . . . . . . . . . . . . . . . . . . .
17 . . . . . . . . . . . . . . . O O . .
16 . . . O . . . . . X . . . . O X . . .
15 . . . . . . . . . . . . . . . . . . .
14 . . O . . . . . . X . . . . . . . . .
13 . . . . . . . . . . . . . . . . . . .
12 . . . . . . . . . . . . . . . . . . .
11 . . . . . . . . . . . . . . . . . . .
10 . . . X . . . . . X . . X1. . X . . .
 9 . . . . . . . . . . . . . . . . . . .
 8 . . . . . . . . . . . . . . . . . . .
 7 . . . . . . . . . . . . . . . . . . .
 6 . . X X O . . . . . . . . . . . . . .
 5 . X O O . O . . . . . . . . . . . . .
 4 . O X . O . . . . . . . X3. . O . . .
 3 . . O O . . . . . X . @ O2. . . . . .
 2 . . . . . . . . . . . . . . . . . . .
 1 . . . . . . . . . . . . . . . . . . .

koSIMPLEscoreAREAtaxNONEsui0whbNfpok1komi7.5
Time taken: 0.229889
Root visits: 64
New playouts: 64
NN rows: 63
NN batches: 22
NN avg batch size: 2.86364
PV: M3 O3 O4 O2 P3
Tree:
: T 111.83c W  99.97c S  11.93c (+45.2 L +42.5) N      64  --  M3 O3 O4 O2 P3
---White(^)---
M3  : T 111.94c W  99.96c S  12.08c (+45.4 L +42.7) LCB  109.64c P 44.70% WF  92.3 PSV      95 N      18  --  M3 O3 O4 O2 P3
M4  : T 112.74c W  99.96c S  12.87c (+46.3 L +43.7) LCB  109.17c P 32.26% WF  78.4 PSV      78 N      15  --  M4 M3 O3 M2
O3  : T 112.19c W  99.98c S  12.19c (+45.4 L +42.8) LCB  105.12c P  4.41% WF  56.9 PSV       9 N      10  --  O3 M4 M3 L3
O4  : T 111.38c W  99.98c S  11.48c (+44.4 L +41.9) LCB  104.31c P  1.76% WF  51.2 PSV       3 N      10  --  O4 M3 O3 M4
M2  : T 110.46c W  99.97c S  10.45c (+43.2 L +40.8) LCB   91.04c P  0.53% WF  29.3 PSV       0 N       6  --  M2 M4 O3 R6
L3  : T 109.36c W  99.96c S   9.64c (+42.6 L +40.0) LCB   66.36c P  0.44% WF  16.7 PSV       0 N       4  --  L3 O3 M3

2025-09-17 19:57:46+0800: = M3
2025-09-17 19:59:18+0800: Controller: quit
2025-09-17 19:59:18+0800: Quit requested by controller
2025-09-17 19:59:18+0800: = 
2025-09-17 19:59:18+0800: GPU -1 finishing, processed 2647 rows 898 batches
2025-09-17 19:59:18+0800: All cleaned up, quitting
