2025-09-15 23:11:43+0800: Running with following config:
allowResignation = true
chosenMoveTemperatureEarly = 0.35
chosenMoveTemperatureHalflife = 15
lagBuffer = 1.0
logAllGTPCommunication = true
logDir = gtp_logs
logSearchInfo = true
logSearchInfoForChosenMove = false
logToStderr = false
maxTime = 2.50
maxTimePondering = 60.0
maxVisits = 3000
numSearchThreads = 6
ponderingEnabled = false
resignConsecTurns = 3
resignThreshold = -0.93
rootPolicyTemperature = 0.25
rules = chinese
searchFactorAfterOnePass = 0.50
searchFactorAfterTwoPass = 0.25
searchFactorWhenWinning = 0.40
searchFactorWhenWinningThreshold = 0.95

2025-09-15 23:11:43+0800: GTP Engine starting...
2025-09-15 23:11:43+0800: KataGo v1.16.3
2025-09-15 23:11:43+0800: Using Chinese rules initially, unless GTP/GUI overrides this
2025-09-15 23:11:43+0800: Using 6 CPU thread(s) for search
2025-09-15 23:11:43+0800: nnRandSeed0 = 12883474426848338301
2025-09-15 23:11:43+0800: After dedups: nnModelFile0 = /home/swartz/WorkSpace/katago-webui/katago-cuda/kata1-b18.bin.gz useFP16 auto useNHWC auto
2025-09-15 23:11:43+0800: Initializing neural net buffer to be size 19 * 19 exactly
2025-09-15 23:11:44+0800: Cuda backend thread 0: Found GPU NVIDIA GeForce RTX 3090 memory 25769279488 compute capability major 8 minor 6
2025-09-15 23:11:44+0800: Cuda backend thread 0: Model version 14 useFP16 = true useNHWC = true
2025-09-15 23:11:44+0800: Cuda backend thread 0: Model name: kata1-b18c384nbt-s9996604416-d4316597426
2025-09-15 23:11:44+0800: Loaded neural net with nnXLen 19 nnYLen 19
2025-09-15 23:11:44+0800: Initializing board with boardXSize 19 boardYSize 19
2025-09-15 23:11:44+0800: Loaded config /home/swartz/WorkSpace/katago-webui/katago-cuda/default_gtp.cfg and/or command-line and query overrides and/or command-line and query overrides and/or command-line and query overrides and/or command-line and query overrides and/or command-line and query overrides and/or command-line and query overrides and/or command-line and query overrides and/or command-line and query overrides
2025-09-15 23:11:44+0800: Loaded model /home/swartz/WorkSpace/katago-webui/katago-cuda/kata1-b18.bin.gz
2025-09-15 23:11:44+0800: Config override: maxVisits = 3000
2025-09-15 23:11:44+0800: Config override: maxTime = 2.50
2025-09-15 23:11:44+0800: Config override: rootPolicyTemperature = 0.25
2025-09-15 23:11:44+0800: Config override: chosenMoveTemperatureEarly = 0.35
2025-09-15 23:11:44+0800: Config override: chosenMoveTemperatureHalflife = 15
2025-09-15 23:11:44+0800: Config override: allowResignation = true
2025-09-15 23:11:44+0800: Config override: resignThreshold = -0.93
2025-09-15 23:11:44+0800: Config override: rules = chinese
2025-09-15 23:11:44+0800: Model name: kata1-b18c384nbt-s9996604416-d4316597426
2025-09-15 23:11:44+0800: GTP ready, beginning main protocol loop
2025-09-15 23:11:44+0800: Controller: boardsize 19
2025-09-15 23:11:44+0800: = 
2025-09-15 23:11:44+0800: Controller: komi 7.5
2025-09-15 23:11:44+0800: = 
2025-09-15 23:11:44+0800: Controller: clear_board
2025-09-15 23:11:44+0800: = 
2025-09-15 23:11:44+0800: Controller: play B H14
2025-09-15 23:11:44+0800: = 
2025-09-15 23:11:44+0800: Controller: genmove W
2025-09-15 23:11:47+0800: MoveNum: 1 HASH: 92D9736FC5C00D09285A56B7732A8729
   A B C D E F G H J K L M N O P Q R S T
19 . . . . . . . . . . . . . . . . . . .
18 . . . . . . . . . . . . . . . . . . .
17 . . . . . . . . . . . . . . . . . . .
16 . . . @ . . . . . . . . . . . . . . .
15 . . . . . . . . . . . . . . . . . . .
14 . . . . . . . X1. . . . . . . . . . .
13 . . . . . . . . . . . . . . . . . . .
12 . . . . . . . . . . . . . . . . . . .
11 . . . . . . . . . . . . . . . . . . .
10 . . . . . . . . . . . . . . . . . . .
 9 . . . . . . . . . . . . . . . . . . .
 8 . . . . . . . . . . . . . . . . . . .
 7 . . . . . . . . . . . . . . . . . . .
 6 . . . . . . . . . . . . . . . . . . .
 5 . . . . . . . . . . . . . . . . . . .
 4 . . . . . . . . . . . . . . . . . . .
 3 . . . . . . . . . . . . . . . . . . .
 2 . . . . . . . . . . . . . . . . . . .
 1 . . . . . . . . . . . . . . . . . . .

koSIMPLEscoreAREAtaxNONEsui0whbNfpok1komi7.5
Time taken: 2.50613
Root visits: 2228
New playouts: 2228
NN rows: 2036
NN batches: 679
NN avg batch size: 2.99853
PV: D16 Q4 Q16 D4 R3 R4 Q3 O3 P3 P4 O2 C14 C3 C4 D3 E4 F2 F17 F16 G16 F15 E17 D17 H17 D11
Tree:
: T  37.22c W  36.44c S   0.71c ( +2.4 L  +1.6) N    2228  --  D16 Q4 Q16 D4 R3 R4 Q3
---White(^)---
D16 : T  37.10c W  36.26c S   0.69c ( +2.4 L  +1.6) LCB   36.71c P 98.57% WF 4147.9 PSV    4155 N    1748  --  D16 Q4 Q16 D4 R3 R4 Q3 O3
Q16 : T  37.75c W  37.13c S   0.78c ( +2.5 L  +1.6) LCB   37.09c P  0.19% WF 1077.5 PSV      40 N     433  --  Q16 D4 C16 R4 F17 R17 R16 Q17
C16 : T  36.45c W  36.48c S   0.78c ( +2.5 L  +1.7) LCB   32.42c P  1.17% WF  31.8 PSV      27 N      13  --  C16 Q16 Q4 D4 F17 R3 R4
D17 : T  36.65c W  36.40c S   0.77c ( +2.5 L  +1.6) LCB   32.51c P  0.05% WF  31.5 PSV       1 N      13  --  D17 Q16 Q4 D4 C14
D4  : T  36.60c W  36.41c S   0.72c ( +2.4 L  +1.6) LCB   33.05c P  0.01% WF  36.5 PSV       0 N      15  --  D4 Q16 D16 Q4 R3 Q3 R4 R6
Q4  : T  35.78c W  35.83c S   0.58c ( +2.3 L  +1.5) LCB   -7.16c P  0.00% WF   9.1 PSV       0 N       4  --  Q4 C16 Q16 D4 E16

2025-09-15 23:11:47+0800: = D16
2025-09-15 23:11:49+0800: Controller: play B K16
2025-09-15 23:11:49+0800: = 
2025-09-15 23:11:49+0800: Controller: genmove W
2025-09-15 23:11:51+0800: MoveNum: 3 HASH: 817642F2EE22BB5E3784BEFB5AB65DE7
   A B C D E F G H J K L M N O P Q R S T
19 . . . . . . . . . . . . . . . . . . .
18 . . . . . . . . . . . . . . . . . . .
17 . . . . . . . . . . . . . . . . . . .
16 . . . O2. . . . . X3. . . . . @ . . .
15 . . . . . . . . . . . . . . . . . . .
14 . . . . . . . X1. . . . . . . . . . .
13 . . . . . . . . . . . . . . . . . . .
12 . . . . . . . . . . . . . . . . . . .
11 . . . . . . . . . . . . . . . . . . .
10 . . . . . . . . . . . . . . . . . . .
 9 . . . . . . . . . . . . . . . . . . .
 8 . . . . . . . . . . . . . . . . . . .
 7 . . . . . . . . . . . . . . . . . . .
 6 . . . . . . . . . . . . . . . . . . .
 5 . . . . . . . . . . . . . . . . . . .
 4 . . . . . . . . . . . . . . . . . . .
 3 . . . . . . . . . . . . . . . . . . .
 2 . . . . . . . . . . . . . . . . . . .
 1 . . . . . . . . . . . . . . . . . . .

koSIMPLEscoreAREAtaxNONEsui0whbNfpok1komi7.5
Time taken: 2.50605
Root visits: 2101
New playouts: 2101
NN rows: 2018
NN batches: 674
NN avg batch size: 2.99407
PV: Q16 D4 Q4 R3 R4 Q3 P4 O2 C3 D3 C4 D5 B6 Q9 O3 N2 R11 M4 R9 R8 Q8
Tree:
: T  71.59c W  69.46c S   2.19c ( +5.9 L  +3.9) N    2101  --  Q16 D4 Q4 R3 R4 Q3 P4
---White(^)---
Q16 : T  71.71c W  69.56c S   2.21c ( +5.9 L  +3.9) LCB   71.24c P 89.63% WF 4083.8 PSV    4080 N    2003  --  Q16 D4 Q4 R3 R4 Q3 P4 O2
Q17 : T  69.31c W  67.73c S   1.94c ( +5.7 L  +3.8) LCB   67.20c P 10.28% WF 122.3 PSV     106 N      59  --  Q17 D4 Q4 C14 F17 R3 R4 Q3
R16 : T  69.10c W  67.32c S   1.85c ( +5.6 L  +3.7) LCB   65.68c P  0.08% WF  36.2 PSV       0 N      20  --  R16 D4 Q4 P16 P17 O17 Q17 O16
R17 : T  65.95c W  64.74c S   1.61c ( +5.4 L  +3.5) LCB   56.51c P  0.00% WF  13.9 PSV       0 N      10  --  R17 D4 Q4 C14
Q4  : T  62.04c W  61.86c S   1.19c ( +5.0 L  +3.3) LCB   18.29c P  0.00% WF   4.3 PSV       0 N       4  --  Q4 Q17 R15
D4  : T  64.38c W  62.70c S   1.23c ( +5.0 L  +3.2) LCB   -9.57c P  0.00% WF   3.8 PSV       0 N       3  --  D4 Q17

2025-09-15 23:11:51+0800: = Q16
2025-09-15 23:11:54+0800: Controller: play B Q4
2025-09-15 23:11:54+0800: = 
2025-09-15 23:11:54+0800: Controller: genmove W
2025-09-15 23:11:56+0800: MoveNum: 5 HASH: 0A4EADE9F883F80FFDC9E52B05FBB245
   A B C D E F G H J K L M N O P Q R S T
19 . . . . . . . . . . . . . . . . . . .
18 . . . . . . . . . . . . . . . . . . .
17 . . . . . . . . . . . . . . . . . . .
16 . . . O . . . . . X1. . . . . O2. . .
15 . . . . . . . . . . . . . . . . . . .
14 . . . . . . . X . . . . . . . . . . .
13 . . . . . . . . . . . . . . . . . . .
12 . . . . . . . . . . . . . . . . . . .
11 . . . . . . . . . . . . . . . . . . .
10 . . . . . . . . . . . . . . . . . . .
 9 . . . . . . . . . . . . . . . . . . .
 8 . . . . . . . . . . . . . . . . . . .
 7 . . . . . . . . . . . . . . . . . . .
 6 . . . . . . . . . . . . . . . . . . .
 5 . . . . . . . . . . . . . . . . . . .
 4 . . . @ . . . . . . . . . . . X3. . .
 3 . . . . . . . . . . . . . . . . . . .
 2 . . . . . . . . . . . . . . . . . . .
 1 . . . . . . . . . . . . . . . . . . .

koSIMPLEscoreAREAtaxNONEsui0whbNfpok1komi7.5
Time taken: 2.50616
Root visits: 2587
New playouts: 2397
NN rows: 2072
NN batches: 691
NN avg batch size: 2.99855
PV: D4 C3 C4 D3 F3 E3 E4 F2 R3 R4 Q3 O3 P3 P4 O2 R14 O17 C14 C10 D8 E10 F8 G2 G3
Tree:
: T  72.86c W  70.95c S   1.98c ( +6.1 L  +4.0) N    2587  --  D4 C3 C4 D3 F3 E3 E4
---White(^)---
D4  : T  72.91c W  71.00c S   1.98c ( +6.1 L  +4.0) LCB   72.51c P 92.66% WF 5237.3 PSV    5236 N    2541  --  D4 C3 C4 D3 F3 E3 E4 F2
D3  : T  70.84c W  68.57c S   1.70c ( +5.8 L  +3.8) LCB   67.51c P  4.70% WF  58.2 PSV      59 N      28  --  D3 C5 C14 R14 O17 F4 D5
C4  : T  68.98c W  67.25c S   1.57c ( +5.7 L  +3.7) LCB   62.10c P  2.61% WF  22.9 PSV      21 N      11  --  C4 E3 R3 R4 Q3 O3
C3  : T  69.66c W  67.60c S   1.61c ( +5.7 L  +3.7) LCB   41.57c P  0.03% WF   9.0 PSV       0 N       5  --  C3 R14 O17

2025-09-15 23:11:56+0800: = D4
2025-09-15 23:11:57+0800: Controller: play B D5
2025-09-15 23:11:57+0800: = 
2025-09-15 23:11:57+0800: Controller: genmove W
2025-09-15 23:12:00+0800: MoveNum: 7 HASH: CF3BEC287A21792A6A3C9C02624F1C52
   A B C D E F G H J K L M N O P Q R S T
19 . . . . . . . . . . . . . . . . . . .
18 . . . . . . . . . . . . . . . . . . .
17 . . . . . . . . . . . . . . . . . . .
16 . . . O . . . . . X . . . . . O . . .
15 . . . . . . . . . . . . . . . . . . .
14 . . . . . . . X . . . . . . . . . . .
13 . . . . . . . . . . . . . . . . . . .
12 . . . . . . . . . . . . . . . . . . .
11 . . . . . . . . . . . . . . . . . . .
10 . . . . . . . . . . . . . . . . . . .
 9 . . . . . . . . . . . . . . . . . . .
 8 . . . . . . . . . . . . . . . . . . .
 7 . . . . . . . . . . . . . . . . . . .
 6 . . . . . . . . . . . . . . . . . . .
 5 . . @ X3. . . . . . . . . . . . . . .
 4 . . . O2. . . . . . . . . . . X1. . .
 3 . . . . . . . . . . . . . . . . . . .
 2 . . . . . . . . . . . . . . . . . . .
 1 . . . . . . . . . . . . . . . . . . .

koSIMPLEscoreAREAtaxNONEsui0whbNfpok1komi7.5
Time taken: 2.50464
Root visits: 2792
New playouts: 2792
NN rows: 2367
NN batches: 789
NN avg batch size: 3
PV: C5 R14 O17 C14 R3 Q3 R4 R6 R5 Q5 S6 R2 S2 S5 Q6 R7 S4 S7 D7 P6
Tree:
: T  92.01c W  87.97c S   3.93c ( +9.6 L  +6.8) N    2792  --  C5 R14 O17 C14 R3 Q3 R4
---White(^)---
C5  : T  92.06c W  88.01c S   3.94c ( +9.6 L  +6.8) LCB   91.74c P 99.90% WF 5895.6 PSV    5894 N    2749  --  C5 R14 O17 C14 R3 Q3 R4 R6
C4  : T  89.69c W  86.18c S   3.69c ( +9.4 L  +6.7) LCB   86.21c P  0.10% WF  36.2 PSV       1 N      22  --  C4 E4 E5 C5 B5 B6 B4 E3
E4  : T  84.81c W  82.39c S   2.49c ( +8.2 L  +5.7) LCB   75.52c P  0.00% WF  11.7 PSV       0 N      10  --  E4 C4 C3 C5 B3 G3 F3
E5  : T  80.74c W  79.19c S   1.89c ( +7.6 L  +5.2) LCB   52.75c P  0.00% WF   4.1 PSV       0 N       5  --  E5 C4 C3 C5 D3
C3  : T  69.38c W  69.17c S   0.21c ( +6.0 L  +4.1) LCB -280.62c P  0.00% WF   0.4 PSV       0 N       1  --  C3
F4  : T  66.12c W  66.26c S  -0.14c ( +5.7 L  +3.9) LCB -283.88c P  0.00% WF   0.3 PSV       0 N       1  --  F4
E3  : T  65.85c W  65.96c S  -0.11c ( +5.7 L  +3.9) LCB -284.15c P  0.00% WF   0.3 PSV       0 N       1  --  E3
Q3  : T  68.02c W  68.00c S   0.02c ( +5.8 L  +4.2) LCB -281.98c P  0.00% WF   0.4 PSV       0 N       1  --  Q3

2025-09-15 23:12:00+0800: = C5
2025-09-15 23:12:53+0800: Controller: play B L11
2025-09-15 23:12:53+0800: = 
2025-09-15 23:12:53+0800: Controller: genmove W
2025-09-15 23:12:56+0800: MoveNum: 9 HASH: CF5995CDE0DAB6460757073CEA9AEB5A
   A B C D E F G H J K L M N O P Q R S T
19 . . . . . . . . . . . . . . . . . . .
18 . . . . . . . . . . . . . . . . . . .
17 . . . . . . . . . . . . . . . . . . .
16 . . . O . . . . . X . . . . . O . . .
15 . . . . . . . . . . . . . . . . . . .
14 . . . . . . . X . . . . . . . . . . .
13 . . . . . . . . . . . . . . . . . . .
12 . . . . . . . . . . . . . . . . . . .
11 . . . . . . . . . . X3. . . . . . . .
10 . . . . . . . . . . . . . . . . . . .
 9 . . . . . . . . . . . . . . . . . . .
 8 . . . . . . . . . . . . . . . . . . .
 7 . . . . . . . . . . . . . . . . . . .
 6 . . . . . . . . . . . . . . . . . . .
 5 . . O2X1. . . . . . . . . . . . . . .
 4 . . . O . . . . . . . . . . . X . . .
 3 . . . . . . . . . . . . . . . . @ . .
 2 . . . . . . . . . . . . . . . . . . .
 1 . . . . . . . . . . . . . . . . . . .

koSIMPLEscoreAREAtaxNONEsui0whbNfpok1komi7.5
Time taken: 2.50511
Root visits: 2533
New playouts: 2533
NN rows: 1832
NN batches: 612
NN avg batch size: 2.99346
PV: R3 C4 C6 R4 Q3 O3 P3 C3 D3 P4 O2 D2 E2 C2 F4 E3 E4 F3 G4 G3 H3 F2 J4 N2
Tree:
: T  95.94c W  92.02c S   3.85c (+11.1 L  +8.1) N    2533  --  R3 C4 C6 R4 Q3 O3 P3
---White(^)---
R3  : T  96.08c W  92.13c S   3.89c (+11.1 L  +8.1) LCB   95.80c P 72.10% WF 5175.0 PSV    5168 N    2224  --  R3 C4 C6 R4 Q3 O3 P3 C3
E4  : T  94.98c W  91.30c S   3.54c (+10.8 L  +7.8) LCB   94.19c P 12.15% WF 310.2 PSV     271 N     127  --  E4 C14 F17 R14 O17 C6 D6 E5
R14 : T  94.83c W  91.00c S   3.50c (+10.7 L  +7.8) LCB   93.82c P  8.90% WF 202.0 PSV     181 N      91  --  R14 C14 F17 C4 C6 C3 D3
D7  : T  93.65c W  90.48c S   3.34c (+10.6 L  +7.6) LCB   91.20c P  4.66% WF  62.5 PSV      57 N      29  --  D7 C4 C3 B4 B5 D3 E4
R6  : T  94.98c W  91.31c S   3.67c (+10.9 L  +7.8) LCB   93.22c P  1.58% WF  61.6 PSV      35 N      26  --  R6 C14 F17 C17
O3  : T  95.51c W  91.63c S   3.78c (+11.0 L  +7.9) LCB   94.03c P  0.37% WF  82.5 PSV      12 N      34  --  O3 C14 F17 C17 C16

2025-09-15 23:12:56+0800: = R3
2025-09-15 23:12:58+0800: Controller: quit
2025-09-15 23:12:58+0800: Quit requested by controller
2025-09-15 23:12:58+0800: = 
2025-09-15 23:12:58+0800: GPU -1 finishing, processed 10325 rows 3445 batches
2025-09-15 23:12:58+0800: All cleaned up, quitting
